----------------------------------------
Timestamp: 5/6/2015 5:12:09 PM
Message: HandlingInstanceID: ec2c92dc-653c-4085-872c-35259a8dafcd
An exception of type 'HCMS.Business.Common.BusinessException' occurred and was caught.
--------------------------------------------------------------------------------------
05/06/2015 13:12:09
Type : HCMS.Business.Common.BusinessException, HCMS.Business, Version=14.0.0.0, Culture=neutral, PublicKeyToken=null
Message : You must set the primary key before using this business object.
Source : HCMS.Business
Help link : 
Data : System.Collections.ListDictionaryInternal
TargetSite : Boolean ValidateKeyField(Int32)
Stack Trace :    at HCMS.Business.Base.BusinessBase.ValidateKeyField(Int32 primaryKeyID) in C:\HCMS\HCMS.Business\Base\BusinessBase.cs:line 58
   at HCMS.Business.Security.User.GetRoles() in C:\HCMS\HCMS.Business\Security\User.cs:line 757
   at HCMS.Global.JumpLogin() in C:\HCMS\HCMS.OrgChart\Global.asax.cs:line 120
   at HCMS.Global.Application_AuthenticateRequest(Object sender, EventArgs e) in C:\HCMS\HCMS.OrgChart\Global.asax.cs:line 64
   at System.Web.HttpApplication.SyncEventExecutionStep.System.Web.HttpApplication.IExecutionStep.Execute()
   at System.Web.HttpApplication.ExecuteStep(IExecutionStep step, Boolean& completedSynchronously)

Additional Info:

MachineName : IFW9WO-BDBCHA1
TimeStamp : 5/6/2015 5:12:09 PM
FullName : Microsoft.Practices.EnterpriseLibrary.ExceptionHandling, Version=4.1.0.0, Culture=neutral, PublicKeyToken=31bf3856ad364e35
AppDomainName : 380fcdc2-1-130754058861505633
ThreadIdentity : 
WindowsIdentity : IFW\mshivjiani

Category: General
Priority: 0
EventId: 100
Severity: Error
Title:Enterprise Library Exception Handling
Machine: IFW9WO-BDBCHA1
Application Domain: 380fcdc2-1-130754058861505633
Process Id: 5272
Process Name: C:\Program Files (x86)\Common Files\Microsoft Shared\DevServer\10.0\WebDev.WebServer40.exe
Win32 Thread Id: 8332
Thread Name: 
Extended Properties: 
----------------------------------------
----------------------------------------
Timestamp: 5/6/2015 5:12:19 PM
Message: HandlingInstanceID: 821d05e7-4420-4817-a7d3-709e8ae78a65
An exception of type 'HCMS.Business.Common.BusinessException' occurred and was caught.
--------------------------------------------------------------------------------------
05/06/2015 13:12:19
Type : HCMS.Business.Common.BusinessException, HCMS.Business, Version=14.0.0.0, Culture=neutral, PublicKeyToken=null
Message : You must set the primary key before using this business object.
Source : HCMS.Business
Help link : 
Data : System.Collections.ListDictionaryInternal
TargetSite : Boolean ValidateKeyField(Int32)
Stack Trace :    at HCMS.Business.Base.BusinessBase.ValidateKeyField(Int32 primaryKeyID) in C:\HCMS\HCMS.Business\Base\BusinessBase.cs:line 58
   at HCMS.Business.Security.User.GetRoles() in C:\HCMS\HCMS.Business\Security\User.cs:line 757
   at HCMS.Global.JumpLogin() in C:\HCMS\HCMS.OrgChart\Global.asax.cs:line 120
   at HCMS.Global.Application_AuthenticateRequest(Object sender, EventArgs e) in C:\HCMS\HCMS.OrgChart\Global.asax.cs:line 64
   at System.Web.HttpApplication.SyncEventExecutionStep.System.Web.HttpApplication.IExecutionStep.Execute()
   at System.Web.HttpApplication.ExecuteStep(IExecutionStep step, Boolean& completedSynchronously)

Additional Info:

MachineName : IFW9WO-BDBCHA1
TimeStamp : 5/6/2015 5:12:19 PM
FullName : Microsoft.Practices.EnterpriseLibrary.ExceptionHandling, Version=4.1.0.0, Culture=neutral, PublicKeyToken=31bf3856ad364e35
AppDomainName : 380fcdc2-1-130754058861505633
ThreadIdentity : 
WindowsIdentity : IFW\mshivjiani

Category: General
Priority: 0
EventId: 100
Severity: Error
Title:Enterprise Library Exception Handling
Machine: IFW9WO-BDBCHA1
Application Domain: 380fcdc2-1-130754058861505633
Process Id: 5272
Process Name: C:\Program Files (x86)\Common Files\Microsoft Shared\DevServer\10.0\WebDev.WebServer40.exe
Win32 Thread Id: 9876
Thread Name: 
Extended Properties: 
----------------------------------------
----------------------------------------
Timestamp: 5/6/2015 5:12:53 PM
Message: HandlingInstanceID: d8c05f56-c8c0-415b-8441-22ca99008805
An exception of type 'HCMS.Business.Common.BusinessException' occurred and was caught.
--------------------------------------------------------------------------------------
05/06/2015 13:12:53
Type : HCMS.Business.Common.BusinessException, HCMS.Business, Version=14.0.0.0, Culture=neutral, PublicKeyToken=null
Message : You must set the primary key before using this business object.
Source : HCMS.Business
Help link : 
Data : System.Collections.ListDictionaryInternal
TargetSite : Boolean ValidateKeyField(Int32)
Stack Trace :    at HCMS.Business.Base.BusinessBase.ValidateKeyField(Int32 primaryKeyID) in C:\HCMS\HCMS.Business\Base\BusinessBase.cs:line 58
   at HCMS.Business.Security.User.GetRoles() in C:\HCMS\HCMS.Business\Security\User.cs:line 757
   at HCMS.Global.JumpLogin() in C:\HCMS\HCMS.OrgChart\Global.asax.cs:line 120
   at HCMS.Global.Application_AuthenticateRequest(Object sender, EventArgs e) in C:\HCMS\HCMS.OrgChart\Global.asax.cs:line 64
   at System.Web.HttpApplication.SyncEventExecutionStep.System.Web.HttpApplication.IExecutionStep.Execute()
   at System.Web.HttpApplication.ExecuteStep(IExecutionStep step, Boolean& completedSynchronously)

Additional Info:

MachineName : IFW9WO-BDBCHA1
TimeStamp : 5/6/2015 5:12:53 PM
FullName : Microsoft.Practices.EnterpriseLibrary.ExceptionHandling, Version=4.1.0.0, Culture=neutral, PublicKeyToken=31bf3856ad364e35
AppDomainName : 380fcdc2-1-130754058861505633
ThreadIdentity : 
WindowsIdentity : IFW\mshivjiani

Category: General
Priority: 0
EventId: 100
Severity: Error
Title:Enterprise Library Exception Handling
Machine: IFW9WO-BDBCHA1
Application Domain: 380fcdc2-1-130754058861505633
Process Id: 5272
Process Name: C:\Program Files (x86)\Common Files\Microsoft Shared\DevServer\10.0\WebDev.WebServer40.exe
Win32 Thread Id: 8332
Thread Name: 
Extended Properties: 
----------------------------------------
