----------------------------------------
Timestamp: 1/20/2015 8:15:34 PM
Message: HandlingInstanceID: 79dd3b1f-69fd-442e-a3b8-49ce3cf20778
An exception of type 'System.IO.FileLoadException' occurred and was caught.
---------------------------------------------------------------------------
01/20/2015 15:15:34
Type : System.IO.FileLoadException, mscorlib, Version=4.0.0.0, Culture=neutral, PublicKeyToken=b77a5c561934e089
Message : Could not load file or assembly 'Microsoft.Practices.EnterpriseLibrary.Configuration.Design, Version=4.1.0.0, Culture=neutral, PublicKeyToken=null' or one of its dependencies. The located assembly's manifest definition does not match the assembly reference. (Exception from HRESULT: 0x80131040)
Source : mscorlib
Help link : 
FileName : Microsoft.Practices.EnterpriseLibrary.Configuration.Design, Version=4.1.0.0, Culture=neutral, PublicKeyToken=null
FusionLog : WRN: Assembly binding logging is turned OFF.
To enable assembly bind failure logging, set the registry value [HKLM\Software\Microsoft\Fusion!EnableLog] (DWORD) to 1.
Note: There is some performance penalty associated with assembly bind failure logging.
To turn this feature off, remove the registry value [HKLM\Software\Microsoft\Fusion!EnableLog].

Data : System.Collections.ListDictionaryInternal
TargetSite : Void ResolveType(System.Reflection.RuntimeModule, Int32, IntPtr*, Int32, IntPtr*, Int32, System.Runtime.CompilerServices.ObjectHandleOnStack)
Stack Trace :    at System.ModuleHandle.ResolveType(RuntimeModule module, Int32 typeToken, IntPtr* typeInstArgs, Int32 typeInstCount, IntPtr* methodInstArgs, Int32 methodInstCount, ObjectHandleOnStack type)
   at System.ModuleHandle.ResolveTypeHandleInternal(RuntimeModule module, Int32 typeToken, RuntimeTypeHandle[] typeInstantiationContext, RuntimeTypeHandle[] methodInstantiationContext)
   at System.Reflection.RuntimeModule.ResolveType(Int32 metadataToken, Type[] genericTypeArguments, Type[] genericMethodArguments)
   at System.Reflection.CustomAttribute.FilterCustomAttributeRecord(CustomAttributeRecord caRecord, MetadataImport scope, Assembly& lastAptcaOkAssembly, RuntimeModule decoratedModule, MetadataToken decoratedToken, RuntimeType attributeFilterType, Boolean mustBeInheritable, Object[] attributes, IList derivedAttributes, RuntimeType& attributeType, IRuntimeMethodInfo& ctor, Boolean& ctorHasParameters, Boolean& isVarArg)
   at System.Reflection.CustomAttribute.GetCustomAttributes(RuntimeModule decoratedModule, Int32 decoratedMetadataToken, Int32 pcaCount, RuntimeType attributeFilterType, Boolean mustBeInheritable, IList derivedAttributes, Boolean isDecoratedTargetSecurityTransparent)
   at System.Reflection.CustomAttribute.GetCustomAttributes(RuntimeAssembly assembly, RuntimeType caType)
   at System.Reflection.RuntimeAssembly.GetCustomAttributes(Boolean inherit)
   at System.Web.UI.AssemblyCache.GetAjaxFrameworkAssemblyAttribute(Assembly assembly)
   at System.Web.UI.ScriptManager.get_DefaultAjaxFrameworkAssembly()
   at System.Web.UI.ScriptManager..ctor()
   at ASP.orgchartmaster_master.__BuildControlScriptManager1() in c:\HCMS\HCMS.OrgChart\OrgChartMaster.Master:line 51
   at ASP.orgchartmaster_master.__BuildControlform1() in c:\HCMS\HCMS.OrgChart\OrgChartMaster.Master:line 50
   at ASP.orgchartmaster_master.__BuildControlTree(orgchartmaster_master __ctrl) in c:\HCMS\HCMS.OrgChart\OrgChartMaster.Master:line 1
   at ASP.orgchartmaster_master.FrameworkInitialize() in c:\Users\mshivjiani\AppData\Local\Temp\1\Temporary ASP.NET Files\root\0a4a827e\73f761a\App_Web_5oh4vwkw.0.cs:line 0
   at System.Web.UI.UserControl.InitializeAsUserControlInternal()
   at System.Web.UI.MasterPage.CreateMaster(TemplateControl owner, HttpContext context, VirtualPath masterPageFile, IDictionary contentTemplateCollection)
   at System.Web.UI.Page.get_Master()
   at System.Web.UI.Page.ApplyMasterPage()
   at System.Web.UI.Page.PerformPreInit()
   at System.Web.UI.Page.ProcessRequestMain(Boolean includeStagesBeforeAsyncPoint, Boolean includeStagesAfterAsyncPoint)

Additional Info:

MachineName : IFW9WO-BDBCHA1
TimeStamp : 1/20/2015 8:15:34 PM
FullName : Microsoft.Practices.EnterpriseLibrary.ExceptionHandling, Version=4.1.0.0, Culture=neutral, PublicKeyToken=31bf3856ad364e35
AppDomainName : 380fcdc2-6-130662585323769897
ThreadIdentity : 50
WindowsIdentity : IFW\mshivjiani

Category: General
Priority: 0
EventId: 100
Severity: Error
Title:Enterprise Library Exception Handling
Machine: IFW9WO-BDBCHA1
Application Domain: 380fcdc2-6-130662585323769897
Process Id: 1552
Process Name: C:\Program Files (x86)\Common Files\Microsoft Shared\DevServer\10.0\WebDev.WebServer40.exe
Win32 Thread Id: 10764
Thread Name: 
Extended Properties: 
----------------------------------------
----------------------------------------
Timestamp: 1/20/2015 8:15:40 PM
Message: HandlingInstanceID: d46a4777-ad05-461d-8df3-f8d1fb73c80c
An exception of type 'System.Web.HttpException' occurred and was caught.
------------------------------------------------------------------------
01/20/2015 15:15:40
Type : System.Web.HttpException, System.Web, Version=4.0.0.0, Culture=neutral, PublicKeyToken=b03f5f7f11d50a3a
Message : File does not exist.
Source : System.Web
Help link : 
WebEventCode : 0
ErrorCode : -2147467259
Data : System.Collections.ListDictionaryInternal
TargetSite : System.IO.FileInfo GetFileInfo(System.String, System.String, System.Web.HttpResponse)
Stack Trace :    at System.Web.StaticFileHandler.GetFileInfo(String virtualPathWithPathInfo, String physicalPath, HttpResponse response)
   at System.Web.StaticFileHandler.ProcessRequestInternal(HttpContext context, String overrideVirtualPath)
   at System.Web.DefaultHttpHandler.BeginProcessRequest(HttpContext context, AsyncCallback callback, Object state)
   at System.Web.HttpApplication.CallHandlerExecutionStep.System.Web.HttpApplication.IExecutionStep.Execute()
   at System.Web.HttpApplication.ExecuteStep(IExecutionStep step, Boolean& completedSynchronously)

Additional Info:

MachineName : IFW9WO-BDBCHA1
TimeStamp : 1/20/2015 8:15:40 PM
FullName : Microsoft.Practices.EnterpriseLibrary.ExceptionHandling, Version=4.1.0.0, Culture=neutral, PublicKeyToken=31bf3856ad364e35
AppDomainName : 380fcdc2-6-130662585323769897
ThreadIdentity : 50
WindowsIdentity : IFW\mshivjiani

Category: General
Priority: 0
EventId: 100
Severity: Error
Title:Enterprise Library Exception Handling
Machine: IFW9WO-BDBCHA1
Application Domain: 380fcdc2-6-130662585323769897
Process Id: 1552
Process Name: C:\Program Files (x86)\Common Files\Microsoft Shared\DevServer\10.0\WebDev.WebServer40.exe
Win32 Thread Id: 4216
Thread Name: 
Extended Properties: 
----------------------------------------
----------------------------------------
Timestamp: 1/20/2015 8:15:44 PM
Message: HandlingInstanceID: 00bc6f45-a610-489d-a298-100e2c7b83bd
An exception of type 'Telerik.Web.UI.ParseException' occurred and was caught.
-----------------------------------------------------------------------------
01/20/2015 15:15:44
Type : Telerik.Web.UI.ParseException, Telerik.Web.UI, Version=2012.2.607.40, Culture=neutral, PublicKeyToken=121fae78165ba3d4
Message : No property or field 'CreateDate' exists in type 'OrgChartTrackerItem'
Source : Telerik.Web.UI
Help link : 
Position : 0
Data : System.Collections.ListDictionaryInternal
TargetSite : System.Linq.Expressions.Expression ParseMemberAccess(System.Type, System.Linq.Expressions.Expression)
Stack Trace :    at Telerik.Web.UI.ExpressionParser.ParseMemberAccess(Type type, Expression instance)
   at Telerik.Web.UI.ExpressionParser.ParseIdentifier()
   at Telerik.Web.UI.ExpressionParser.ParsePrimaryStart()
   at Telerik.Web.UI.ExpressionParser.ParsePrimary()
   at Telerik.Web.UI.ExpressionParser.ParseUnary()
   at Telerik.Web.UI.ExpressionParser.ParseMultiplicative()
   at Telerik.Web.UI.ExpressionParser.ParseAdditive()
   at Telerik.Web.UI.ExpressionParser.ParseComparison()
   at Telerik.Web.UI.ExpressionParser.ParseLogicalAnd()
   at Telerik.Web.UI.ExpressionParser.ParseLogicalOr()
   at Telerik.Web.UI.ExpressionParser.ParseExpression()
   at Telerik.Web.UI.ExpressionParser.ParseOrdering()
   at Telerik.Web.UI.GridDynamicQueryable.OrderBy(IQueryable source, String ordering, Object[] values)
   at Telerik.Web.UI.GridDataTableFromEnumerable.FillData35()
   at Telerik.Web.UI.GridDataTableFromEnumerable.FillData()
   at Telerik.Web.UI.GridResolveEnumerable.Initialize()
   at Telerik.Web.UI.GridResolveEnumerable.EnsureInitialized()
   at Telerik.Web.UI.GridEnumerableFromDataView..ctor(GridTableView owner, IEnumerable enumerable, Boolean CaseSensitive, Boolean autoGenerateColumns, GridColumnCollection presentColumns, String[] additionalField, Boolean retrieveAllFields, Boolean enableSplitHeaderText)
   at Telerik.Web.UI.GridDataSourceHelper.CreateGridEnumerable(GridTableView owner, IEnumerable enumerable, Boolean caseSensitive, Boolean autoGenerateColumns, GridColumnCollection presentColumns, String[] additionalField, Boolean retrieveAllFields, Boolean enableSplitHeaderText)
   at Telerik.Web.UI.GridDataSourceHelper.GetResolvedDataSource(GridTableView owner, Object dataSource, String dataMember, Boolean caseSensitive, Boolean autoGenerateColumns, GridColumnCollection presentColumns, String[] additionalField, Boolean retrieveAllFields, Boolean enableSplitHeaderText)
   at Telerik.Web.UI.GridTableView.get_ResolvedDataSource()
   at Telerik.Web.UI.GridTableView.CreateChildControls(IEnumerable dataSource, Boolean useDataSource)
   at System.Web.UI.WebControls.CompositeDataBoundControl.PerformDataBinding(IEnumerable data)
   at System.Web.UI.WebControls.DataBoundControl.OnDataSourceViewSelectCallback(IEnumerable data)
   at System.Web.UI.DataSourceView.Select(DataSourceSelectArguments arguments, DataSourceViewSelectCallback callback)
   at System.Web.UI.WebControls.DataBoundControl.PerformSelect()
   at Telerik.Web.UI.GridTableView.PerformSelect()
   at System.Web.UI.WebControls.BaseDataBoundControl.DataBind()
   at Telerik.Web.UI.GridTableView.DataBind()
   at Telerik.Web.UI.GridSortCommandEventArgs.ExecuteCommand(Object source)
   at Telerik.Web.UI.RadGrid.OnBubbleEvent(Object source, EventArgs e)
   at System.Web.UI.Control.RaiseBubbleEvent(Object source, EventArgs args)
   at Telerik.Web.UI.GridItem.OnBubbleEvent(Object source, EventArgs e)
   at System.Web.UI.Control.RaiseBubbleEvent(Object source, EventArgs args)
   at Telerik.Web.UI.GridItem.OnBubbleEvent(Object source, EventArgs e)
   at System.Web.UI.Control.RaiseBubbleEvent(Object source, EventArgs args)
   at System.Web.UI.WebControls.LinkButton.OnCommand(CommandEventArgs e)
   at System.Web.UI.WebControls.LinkButton.RaisePostBackEvent(String eventArgument)
   at System.Web.UI.WebControls.LinkButton.System.Web.UI.IPostBackEventHandler.RaisePostBackEvent(String eventArgument)
   at System.Web.UI.Page.RaisePostBackEvent(IPostBackEventHandler sourceControl, String eventArgument)
   at System.Web.UI.Page.RaisePostBackEvent(NameValueCollection postData)
   at System.Web.UI.Page.ProcessRequestMain(Boolean includeStagesBeforeAsyncPoint, Boolean includeStagesAfterAsyncPoint)

Additional Info:

MachineName : IFW9WO-BDBCHA1
TimeStamp : 1/20/2015 8:15:44 PM
FullName : Microsoft.Practices.EnterpriseLibrary.ExceptionHandling, Version=4.1.0.0, Culture=neutral, PublicKeyToken=31bf3856ad364e35
AppDomainName : 380fcdc2-6-130662585323769897
ThreadIdentity : 50
WindowsIdentity : IFW\mshivjiani

Category: General
Priority: 0
EventId: 100
Severity: Error
Title:Enterprise Library Exception Handling
Machine: IFW9WO-BDBCHA1
Application Domain: 380fcdc2-6-130662585323769897
Process Id: 1552
Process Name: C:\Program Files (x86)\Common Files\Microsoft Shared\DevServer\10.0\WebDev.WebServer40.exe
Win32 Thread Id: 12856
Thread Name: 
Extended Properties: 
----------------------------------------
