----------------------------------------
Timestamp: 11/11/2014 5:17:58 PM
Message: HandlingInstanceID: 7071b48c-9165-4ef3-aa28-97cad1508d87
An exception of type 'System.IO.FileLoadException' occurred and was caught.
---------------------------------------------------------------------------
11/11/2014 12:17:58
Type : System.IO.FileLoadException, mscorlib, Version=4.0.0.0, Culture=neutral, PublicKeyToken=b77a5c561934e089
Message : Could not load file or assembly 'Microsoft.Practices.EnterpriseLibrary.Configuration.Design, Version=4.1.0.0, Culture=neutral, PublicKeyToken=null' or one of its dependencies. The located assembly's manifest definition does not match the assembly reference. (Exception from HRESULT: 0x80131040)
Source : mscorlib
Help link : 
FileName : Microsoft.Practices.EnterpriseLibrary.Configuration.Design, Version=4.1.0.0, Culture=neutral, PublicKeyToken=null
FusionLog : === Pre-bind state information ===
LOG: User = IFW\mshivjiani
LOG: DisplayName = Microsoft.Practices.EnterpriseLibrary.Configuration.Design, Version=4.1.0.0, Culture=neutral, PublicKeyToken=null
 (Fully-specified)
LOG: Appbase = file:///C:/HCMS/HCMS.OrgChart/
LOG: Initial PrivatePath = C:\HCMS\HCMS.OrgChart\bin
Calling assembly : Microsoft.Practices.EnterpriseLibrary.Validation.Configuration.Design, Version=4.1.0.0, Culture=neutral, PublicKeyToken=null.
===
LOG: This bind starts in default load context.
LOG: Using application configuration file: C:\HCMS\HCMS.OrgChart\web.config
LOG: Using host configuration file: 
LOG: Using machine configuration file from C:\Windows\Microsoft.NET\Framework\v4.0.30319\config\machine.config.
LOG: Policy not being applied to reference at this time (private, custom, partial, or location-based assembly bind).
LOG: Attempting download of new URL file:///C:/Users/mshivjiani/AppData/Local/Temp/1/Temporary ASP.NET Files/root/0a4a827e/73f761a/Microsoft.Practices.EnterpriseLibrary.Configuration.Design.DLL.
LOG: Attempting download of new URL file:///C:/Users/mshivjiani/AppData/Local/Temp/1/Temporary ASP.NET Files/root/0a4a827e/73f761a/Microsoft.Practices.EnterpriseLibrary.Configuration.Design/Microsoft.Practices.EnterpriseLibrary.Configuration.Design.DLL.
LOG: Attempting download of new URL file:///C:/HCMS/HCMS.OrgChart/bin/Microsoft.Practices.EnterpriseLibrary.Configuration.Design.DLL.
WRN: Comparing the assembly name resulted in the mismatch: PUBLIC KEY TOKEN
ERR: Failed to complete setup of assembly (hr = 0x80131040). Probing terminated.

Data : System.Collections.ListDictionaryInternal
TargetSite : Void ResolveType(System.Reflection.RuntimeModule, Int32, IntPtr*, Int32, IntPtr*, Int32, System.Runtime.CompilerServices.ObjectHandleOnStack)
Stack Trace :    at System.ModuleHandle.ResolveType(RuntimeModule module, Int32 typeToken, IntPtr* typeInstArgs, Int32 typeInstCount, IntPtr* methodInstArgs, Int32 methodInstCount, ObjectHandleOnStack type)
   at System.ModuleHandle.ResolveTypeHandleInternal(RuntimeModule module, Int32 typeToken, RuntimeTypeHandle[] typeInstantiationContext, RuntimeTypeHandle[] methodInstantiationContext)
   at System.Reflection.RuntimeModule.ResolveType(Int32 metadataToken, Type[] genericTypeArguments, Type[] genericMethodArguments)
   at System.Reflection.CustomAttribute.FilterCustomAttributeRecord(CustomAttributeRecord caRecord, MetadataImport scope, Assembly& lastAptcaOkAssembly, RuntimeModule decoratedModule, MetadataToken decoratedToken, RuntimeType attributeFilterType, Boolean mustBeInheritable, Object[] attributes, IList derivedAttributes, RuntimeType& attributeType, IRuntimeMethodInfo& ctor, Boolean& ctorHasParameters, Boolean& isVarArg)
   at System.Reflection.CustomAttribute.GetCustomAttributes(RuntimeModule decoratedModule, Int32 decoratedMetadataToken, Int32 pcaCount, RuntimeType attributeFilterType, Boolean mustBeInheritable, IList derivedAttributes, Boolean isDecoratedTargetSecurityTransparent)
   at System.Reflection.CustomAttribute.GetCustomAttributes(RuntimeAssembly assembly, RuntimeType caType)
   at System.Reflection.RuntimeAssembly.GetCustomAttributes(Boolean inherit)
   at System.Web.UI.AssemblyCache.GetAjaxFrameworkAssemblyAttribute(Assembly assembly)
   at System.Web.UI.ScriptManager.get_DefaultAjaxFrameworkAssembly()
   at System.Web.UI.ScriptManager..ctor()
   at ASP.orgchart_addposition_aspx.__BuildControlScriptManager1() in c:\HCMS\HCMS.OrgChart\OrgChart\AddPosition.aspx:line 14
   at ASP.orgchart_addposition_aspx.__BuildControlform1() in c:\HCMS\HCMS.OrgChart\OrgChart\AddPosition.aspx:line 12
   at ASP.orgchart_addposition_aspx.__BuildControlTree(orgchart_addposition_aspx __ctrl) in c:\HCMS\HCMS.OrgChart\OrgChart\AddPosition.aspx:line 1
   at ASP.orgchart_addposition_aspx.FrameworkInitialize() in c:\Users\mshivjiani\AppData\Local\Temp\1\Temporary ASP.NET Files\root\0a4a827e\73f761a\App_Web_av5rhscz.0.cs:line 0
   at System.Web.UI.Page.ProcessRequest(Boolean includeStagesBeforeAsyncPoint, Boolean includeStagesAfterAsyncPoint)
   at System.Web.UI.Page.ProcessRequest()
   at System.Web.UI.Page.ProcessRequestWithNoAssert(HttpContext context)
   at System.Web.UI.Page.ProcessRequest(HttpContext context)
   at ASP.orgchart_addposition_aspx.ProcessRequest(HttpContext context) in c:\Users\mshivjiani\AppData\Local\Temp\1\Temporary ASP.NET Files\root\0a4a827e\73f761a\App_Web_av5rhscz.0.cs:line 0
   at System.Web.HttpApplication.CallHandlerExecutionStep.System.Web.HttpApplication.IExecutionStep.Execute()
   at System.Web.HttpApplication.ExecuteStep(IExecutionStep step, Boolean& completedSynchronously)

Additional Info:

MachineName : IFW9WO-BDBCHA1
TimeStamp : 11/11/2014 5:17:58 PM
FullName : Microsoft.Practices.EnterpriseLibrary.ExceptionHandling, Version=4.1.0.0, Culture=neutral, PublicKeyToken=31bf3856ad364e35
AppDomainName : 380fcdc2-1-130601998748188293
ThreadIdentity : 50
WindowsIdentity : IFW\mshivjiani

Category: General
Priority: 0
EventId: 100
Severity: Error
Title:Enterprise Library Exception Handling
Machine: IFW9WO-BDBCHA1
Application Domain: 380fcdc2-1-130601998748188293
Process Id: 15324
Process Name: C:\Program Files (x86)\Common Files\Microsoft Shared\DevServer\10.0\WebDev.WebServer40.exe
Win32 Thread Id: 12892
Thread Name: 
Extended Properties: 
----------------------------------------
----------------------------------------
Timestamp: 11/11/2014 5:18:18 PM
Message: HandlingInstanceID: 5d4237a8-71a0-43e8-be33-02e685868976
An exception of type 'System.Web.HttpException' occurred and was caught.
------------------------------------------------------------------------
11/11/2014 12:18:18
Type : System.Web.HttpException, System.Web, Version=4.0.0.0, Culture=neutral, PublicKeyToken=b03f5f7f11d50a3a
Message : File does not exist.
Source : System.Web
Help link : 
WebEventCode : 0
ErrorCode : -2147467259
Data : System.Collections.ListDictionaryInternal
TargetSite : System.IO.FileInfo GetFileInfo(System.String, System.String, System.Web.HttpResponse)
Stack Trace :    at System.Web.StaticFileHandler.GetFileInfo(String virtualPathWithPathInfo, String physicalPath, HttpResponse response)
   at System.Web.StaticFileHandler.ProcessRequestInternal(HttpContext context, String overrideVirtualPath)
   at System.Web.DefaultHttpHandler.BeginProcessRequest(HttpContext context, AsyncCallback callback, Object state)
   at System.Web.HttpApplication.CallHandlerExecutionStep.System.Web.HttpApplication.IExecutionStep.Execute()
   at System.Web.HttpApplication.ExecuteStep(IExecutionStep step, Boolean& completedSynchronously)

Additional Info:

MachineName : IFW9WO-BDBCHA1
TimeStamp : 11/11/2014 5:18:18 PM
FullName : Microsoft.Practices.EnterpriseLibrary.ExceptionHandling, Version=4.1.0.0, Culture=neutral, PublicKeyToken=31bf3856ad364e35
AppDomainName : 380fcdc2-1-130601998748188293
ThreadIdentity : 50
WindowsIdentity : IFW\mshivjiani

Category: General
Priority: 0
EventId: 100
Severity: Error
Title:Enterprise Library Exception Handling
Machine: IFW9WO-BDBCHA1
Application Domain: 380fcdc2-1-130601998748188293
Process Id: 15324
Process Name: C:\Program Files (x86)\Common Files\Microsoft Shared\DevServer\10.0\WebDev.WebServer40.exe
Win32 Thread Id: 15184
Thread Name: 
Extended Properties: 
----------------------------------------
----------------------------------------
Timestamp: 11/11/2014 5:18:24 PM
Message: HandlingInstanceID: cb1e2f1b-a5c2-4226-828f-c897e8aec716
An exception of type 'System.Web.HttpException' occurred and was caught.
------------------------------------------------------------------------
11/11/2014 12:18:24
Type : System.Web.HttpException, System.Web, Version=4.0.0.0, Culture=neutral, PublicKeyToken=b03f5f7f11d50a3a
Message : File does not exist.
Source : System.Web
Help link : 
WebEventCode : 0
ErrorCode : -2147467259
Data : System.Collections.ListDictionaryInternal
TargetSite : System.IO.FileInfo GetFileInfo(System.String, System.String, System.Web.HttpResponse)
Stack Trace :    at System.Web.StaticFileHandler.GetFileInfo(String virtualPathWithPathInfo, String physicalPath, HttpResponse response)
   at System.Web.StaticFileHandler.ProcessRequestInternal(HttpContext context, String overrideVirtualPath)
   at System.Web.DefaultHttpHandler.BeginProcessRequest(HttpContext context, AsyncCallback callback, Object state)
   at System.Web.HttpApplication.CallHandlerExecutionStep.System.Web.HttpApplication.IExecutionStep.Execute()
   at System.Web.HttpApplication.ExecuteStep(IExecutionStep step, Boolean& completedSynchronously)

Additional Info:

MachineName : IFW9WO-BDBCHA1
TimeStamp : 11/11/2014 5:18:24 PM
FullName : Microsoft.Practices.EnterpriseLibrary.ExceptionHandling, Version=4.1.0.0, Culture=neutral, PublicKeyToken=31bf3856ad364e35
AppDomainName : 380fcdc2-1-130601998748188293
ThreadIdentity : 50
WindowsIdentity : IFW\mshivjiani

Category: General
Priority: 0
EventId: 100
Severity: Error
Title:Enterprise Library Exception Handling
Machine: IFW9WO-BDBCHA1
Application Domain: 380fcdc2-1-130601998748188293
Process Id: 15324
Process Name: C:\Program Files (x86)\Common Files\Microsoft Shared\DevServer\10.0\WebDev.WebServer40.exe
Win32 Thread Id: 15184
Thread Name: 
Extended Properties: 
----------------------------------------
----------------------------------------
Timestamp: 11/11/2014 5:18:24 PM
Message: HandlingInstanceID: 250103f8-6355-4df4-b0a2-34078354a3cf
An exception of type 'System.Web.HttpException' occurred and was caught.
------------------------------------------------------------------------
11/11/2014 12:18:24
Type : System.Web.HttpException, System.Web, Version=4.0.0.0, Culture=neutral, PublicKeyToken=b03f5f7f11d50a3a
Message : File does not exist.
Source : System.Web
Help link : 
WebEventCode : 0
ErrorCode : -2147467259
Data : System.Collections.ListDictionaryInternal
TargetSite : System.IO.FileInfo GetFileInfo(System.String, System.String, System.Web.HttpResponse)
Stack Trace :    at System.Web.StaticFileHandler.GetFileInfo(String virtualPathWithPathInfo, String physicalPath, HttpResponse response)
   at System.Web.StaticFileHandler.ProcessRequestInternal(HttpContext context, String overrideVirtualPath)
   at System.Web.DefaultHttpHandler.BeginProcessRequest(HttpContext context, AsyncCallback callback, Object state)
   at System.Web.HttpApplication.CallHandlerExecutionStep.System.Web.HttpApplication.IExecutionStep.Execute()
   at System.Web.HttpApplication.ExecuteStep(IExecutionStep step, Boolean& completedSynchronously)

Additional Info:

MachineName : IFW9WO-BDBCHA1
TimeStamp : 11/11/2014 5:18:24 PM
FullName : Microsoft.Practices.EnterpriseLibrary.ExceptionHandling, Version=4.1.0.0, Culture=neutral, PublicKeyToken=31bf3856ad364e35
AppDomainName : 380fcdc2-1-130601998748188293
ThreadIdentity : 50
WindowsIdentity : IFW\mshivjiani

Category: General
Priority: 0
EventId: 100
Severity: Error
Title:Enterprise Library Exception Handling
Machine: IFW9WO-BDBCHA1
Application Domain: 380fcdc2-1-130601998748188293
Process Id: 15324
Process Name: C:\Program Files (x86)\Common Files\Microsoft Shared\DevServer\10.0\WebDev.WebServer40.exe
Win32 Thread Id: 12892
Thread Name: 
Extended Properties: 
----------------------------------------
