----------------------------------------
Timestamp: 6/11/2015 2:27:31 PM
Message: HandlingInstanceID: dd5d6119-056f-4429-84ea-69009ee3a8fc
An exception of type 'System.IO.FileLoadException' occurred and was caught.
---------------------------------------------------------------------------
06/11/2015 10:27:31
Type : System.IO.FileLoadException, mscorlib, Version=4.0.0.0, Culture=neutral, PublicKeyToken=b77a5c561934e089
Message : Could not load file or assembly 'Microsoft.Practices.EnterpriseLibrary.Configuration.Design, Version=4.1.0.0, Culture=neutral, PublicKeyToken=null' or one of its dependencies. The located assembly's manifest definition does not match the assembly reference. (Exception from HRESULT: 0x80131040)
Source : mscorlib
Help link : 
FileName : Microsoft.Practices.EnterpriseLibrary.Configuration.Design, Version=4.1.0.0, Culture=neutral, PublicKeyToken=null
FusionLog : === Pre-bind state information ===
LOG: User = IFW\mshivjiani
LOG: DisplayName = Microsoft.Practices.EnterpriseLibrary.Configuration.Design, Version=4.1.0.0, Culture=neutral, PublicKeyToken=null
 (Fully-specified)
LOG: Appbase = file:///C:/HCMS/HCMS.OrgChart/
LOG: Initial PrivatePath = C:\HCMS\HCMS.OrgChart\bin
Calling assembly : Microsoft.Practices.EnterpriseLibrary.Validation.Configuration.Design, Version=4.1.0.0, Culture=neutral, PublicKeyToken=null.
===
LOG: This bind starts in default load context.
LOG: Using application configuration file: C:\HCMS\HCMS.OrgChart\web.config
LOG: Using host configuration file: 
LOG: Using machine configuration file from C:\Windows\Microsoft.NET\Framework\v4.0.30319\config\machine.config.
LOG: Policy not being applied to reference at this time (private, custom, partial, or location-based assembly bind).
LOG: Attempting download of new URL file:///C:/Users/mshivjiani/AppData/Local/Temp/1/Temporary ASP.NET Files/root/0a4a827e/73f761a/Microsoft.Practices.EnterpriseLibrary.Configuration.Design.DLL.
LOG: Attempting download of new URL file:///C:/Users/mshivjiani/AppData/Local/Temp/1/Temporary ASP.NET Files/root/0a4a827e/73f761a/Microsoft.Practices.EnterpriseLibrary.Configuration.Design/Microsoft.Practices.EnterpriseLibrary.Configuration.Design.DLL.
LOG: Attempting download of new URL file:///C:/HCMS/HCMS.OrgChart/bin/Microsoft.Practices.EnterpriseLibrary.Configuration.Design.DLL.
WRN: Comparing the assembly name resulted in the mismatch: PUBLIC KEY TOKEN
ERR: Failed to complete setup of assembly (hr = 0x80131040). Probing terminated.

Data : System.Collections.ListDictionaryInternal
TargetSite : Void ResolveType(System.Reflection.RuntimeModule, Int32, IntPtr*, Int32, IntPtr*, Int32, System.Runtime.CompilerServices.ObjectHandleOnStack)
Stack Trace :    at System.ModuleHandle.ResolveType(RuntimeModule module, Int32 typeToken, IntPtr* typeInstArgs, Int32 typeInstCount, IntPtr* methodInstArgs, Int32 methodInstCount, ObjectHandleOnStack type)
   at System.ModuleHandle.ResolveTypeHandleInternal(RuntimeModule module, Int32 typeToken, RuntimeTypeHandle[] typeInstantiationContext, RuntimeTypeHandle[] methodInstantiationContext)
   at System.Reflection.RuntimeModule.ResolveType(Int32 metadataToken, Type[] genericTypeArguments, Type[] genericMethodArguments)
   at System.Reflection.CustomAttribute.FilterCustomAttributeRecord(CustomAttributeRecord caRecord, MetadataImport scope, Assembly& lastAptcaOkAssembly, RuntimeModule decoratedModule, MetadataToken decoratedToken, RuntimeType attributeFilterType, Boolean mustBeInheritable, Object[] attributes, IList derivedAttributes, RuntimeType& attributeType, IRuntimeMethodInfo& ctor, Boolean& ctorHasParameters, Boolean& isVarArg)
   at System.Reflection.CustomAttribute.GetCustomAttributes(RuntimeModule decoratedModule, Int32 decoratedMetadataToken, Int32 pcaCount, RuntimeType attributeFilterType, Boolean mustBeInheritable, IList derivedAttributes, Boolean isDecoratedTargetSecurityTransparent)
   at System.Reflection.CustomAttribute.GetCustomAttributes(RuntimeAssembly assembly, RuntimeType caType)
   at System.Reflection.RuntimeAssembly.GetCustomAttributes(Boolean inherit)
   at System.Web.UI.AssemblyCache.GetAjaxFrameworkAssemblyAttribute(Assembly assembly)
   at System.Web.UI.ScriptManager.get_DefaultAjaxFrameworkAssembly()
   at System.Web.UI.ScriptManager..ctor()
   at Telerik.Web.UI.RadScriptManager..ctor()
   at ASP.orgchartmaster_master.__BuildControlmainScriptManager() in c:\HCMS\HCMS.OrgChart\OrgChartMaster.Master:line 51
   at ASP.orgchartmaster_master.__BuildControlform1() in c:\HCMS\HCMS.OrgChart\OrgChartMaster.Master:line 50
   at ASP.orgchartmaster_master.__BuildControlTree(orgchartmaster_master __ctrl) in c:\HCMS\HCMS.OrgChart\OrgChartMaster.Master:line 1
   at ASP.orgchartmaster_master.FrameworkInitialize() in c:\Users\mshivjiani\AppData\Local\Temp\1\Temporary ASP.NET Files\root\0a4a827e\73f761a\App_Web_3s1j1nmt.0.cs:line 0
   at System.Web.UI.UserControl.InitializeAsUserControlInternal()
   at System.Web.UI.MasterPage.CreateMaster(TemplateControl owner, HttpContext context, VirtualPath masterPageFile, IDictionary contentTemplateCollection)
   at System.Web.UI.Page.get_Master()
   at System.Web.UI.Page.ApplyMasterPage()
   at System.Web.UI.Page.PerformPreInit()
   at System.Web.UI.Page.ProcessRequestMain(Boolean includeStagesBeforeAsyncPoint, Boolean includeStagesAfterAsyncPoint)

Additional Info:

MachineName : IFW9WO-BDBCHA1
TimeStamp : 6/11/2015 2:27:31 PM
FullName : Microsoft.Practices.EnterpriseLibrary.ExceptionHandling, Version=4.1.0.0, Culture=neutral, PublicKeyToken=31bf3856ad364e35
AppDomainName : 380fcdc2-1-130785064054839048
ThreadIdentity : 49
WindowsIdentity : IFW\mshivjiani

Category: General
Priority: 0
EventId: 100
Severity: Error
Title:Enterprise Library Exception Handling
Machine: IFW9WO-BDBCHA1
Application Domain: 380fcdc2-1-130785064054839048
Process Id: 6332
Process Name: C:\Program Files (x86)\Common Files\Microsoft Shared\DevServer\10.0\WebDev.WebServer40.exe
Win32 Thread Id: 8224
Thread Name: 
Extended Properties: 
----------------------------------------
----------------------------------------
Timestamp: 6/11/2015 2:43:02 PM
Message: HandlingInstanceID: b5d4b7b9-44e1-4a9e-ae5b-ebfe77fb71e8
An exception of type 'System.Web.HttpException' occurred and was caught.
------------------------------------------------------------------------
06/11/2015 10:43:02
Type : System.Web.HttpException, System.Web, Version=4.0.0.0, Culture=neutral, PublicKeyToken=b03f5f7f11d50a3a
Message : File does not exist.
Source : System.Web
Help link : 
WebEventCode : 0
ErrorCode : -2147467259
Data : System.Collections.ListDictionaryInternal
TargetSite : System.IO.FileInfo GetFileInfo(System.String, System.String, System.Web.HttpResponse)
Stack Trace :    at System.Web.StaticFileHandler.GetFileInfo(String virtualPathWithPathInfo, String physicalPath, HttpResponse response)
   at System.Web.StaticFileHandler.ProcessRequestInternal(HttpContext context, String overrideVirtualPath)
   at System.Web.DefaultHttpHandler.BeginProcessRequest(HttpContext context, AsyncCallback callback, Object state)
   at System.Web.HttpApplication.CallHandlerExecutionStep.System.Web.HttpApplication.IExecutionStep.Execute()
   at System.Web.HttpApplication.ExecuteStep(IExecutionStep step, Boolean& completedSynchronously)

Additional Info:

MachineName : IFW9WO-BDBCHA1
TimeStamp : 6/11/2015 2:43:02 PM
FullName : Microsoft.Practices.EnterpriseLibrary.ExceptionHandling, Version=4.1.0.0, Culture=neutral, PublicKeyToken=31bf3856ad364e35
AppDomainName : 380fcdc2-1-130785064054839048
ThreadIdentity : 49
WindowsIdentity : IFW\mshivjiani

Category: General
Priority: 0
EventId: 100
Severity: Error
Title:Enterprise Library Exception Handling
Machine: IFW9WO-BDBCHA1
Application Domain: 380fcdc2-1-130785064054839048
Process Id: 6332
Process Name: C:\Program Files (x86)\Common Files\Microsoft Shared\DevServer\10.0\WebDev.WebServer40.exe
Win32 Thread Id: 4872
Thread Name: 
Extended Properties: 
----------------------------------------
----------------------------------------
Timestamp: 6/11/2015 2:44:03 PM
Message: HandlingInstanceID: 02e3b57b-c57b-4988-b5da-c9c49fc99861
An exception of type 'System.Web.HttpException' occurred and was caught.
------------------------------------------------------------------------
06/11/2015 10:44:03
Type : System.Web.HttpException, System.Web, Version=4.0.0.0, Culture=neutral, PublicKeyToken=b03f5f7f11d50a3a
Message : File does not exist.
Source : System.Web
Help link : 
WebEventCode : 0
ErrorCode : -2147467259
Data : System.Collections.ListDictionaryInternal
TargetSite : System.IO.FileInfo GetFileInfo(System.String, System.String, System.Web.HttpResponse)
Stack Trace :    at System.Web.StaticFileHandler.GetFileInfo(String virtualPathWithPathInfo, String physicalPath, HttpResponse response)
   at System.Web.StaticFileHandler.ProcessRequestInternal(HttpContext context, String overrideVirtualPath)
   at System.Web.DefaultHttpHandler.BeginProcessRequest(HttpContext context, AsyncCallback callback, Object state)
   at System.Web.HttpApplication.CallHandlerExecutionStep.System.Web.HttpApplication.IExecutionStep.Execute()
   at System.Web.HttpApplication.ExecuteStep(IExecutionStep step, Boolean& completedSynchronously)

Additional Info:

MachineName : IFW9WO-BDBCHA1
TimeStamp : 6/11/2015 2:44:03 PM
FullName : Microsoft.Practices.EnterpriseLibrary.ExceptionHandling, Version=4.1.0.0, Culture=neutral, PublicKeyToken=31bf3856ad364e35
AppDomainName : 380fcdc2-1-130785064054839048
ThreadIdentity : 49
WindowsIdentity : IFW\mshivjiani

Category: General
Priority: 0
EventId: 100
Severity: Error
Title:Enterprise Library Exception Handling
Machine: IFW9WO-BDBCHA1
Application Domain: 380fcdc2-1-130785064054839048
Process Id: 6332
Process Name: C:\Program Files (x86)\Common Files\Microsoft Shared\DevServer\10.0\WebDev.WebServer40.exe
Win32 Thread Id: 4872
Thread Name: 
Extended Properties: 
----------------------------------------
----------------------------------------
Timestamp: 6/11/2015 2:44:18 PM
Message: HandlingInstanceID: 9d4579f9-5a85-4ac7-9132-a20f186b22ec
An exception of type 'System.Web.HttpException' occurred and was caught.
------------------------------------------------------------------------
06/11/2015 10:44:18
Type : System.Web.HttpException, System.Web, Version=4.0.0.0, Culture=neutral, PublicKeyToken=b03f5f7f11d50a3a
Message : File does not exist.
Source : System.Web
Help link : 
WebEventCode : 0
ErrorCode : -2147467259
Data : System.Collections.ListDictionaryInternal
TargetSite : System.IO.FileInfo GetFileInfo(System.String, System.String, System.Web.HttpResponse)
Stack Trace :    at System.Web.StaticFileHandler.GetFileInfo(String virtualPathWithPathInfo, String physicalPath, HttpResponse response)
   at System.Web.StaticFileHandler.ProcessRequestInternal(HttpContext context, String overrideVirtualPath)
   at System.Web.DefaultHttpHandler.BeginProcessRequest(HttpContext context, AsyncCallback callback, Object state)
   at System.Web.HttpApplication.CallHandlerExecutionStep.System.Web.HttpApplication.IExecutionStep.Execute()
   at System.Web.HttpApplication.ExecuteStep(IExecutionStep step, Boolean& completedSynchronously)

Additional Info:

MachineName : IFW9WO-BDBCHA1
TimeStamp : 6/11/2015 2:44:18 PM
FullName : Microsoft.Practices.EnterpriseLibrary.ExceptionHandling, Version=4.1.0.0, Culture=neutral, PublicKeyToken=31bf3856ad364e35
AppDomainName : 380fcdc2-1-130785064054839048
ThreadIdentity : 49
WindowsIdentity : IFW\mshivjiani

Category: General
Priority: 0
EventId: 100
Severity: Error
Title:Enterprise Library Exception Handling
Machine: IFW9WO-BDBCHA1
Application Domain: 380fcdc2-1-130785064054839048
Process Id: 6332
Process Name: C:\Program Files (x86)\Common Files\Microsoft Shared\DevServer\10.0\WebDev.WebServer40.exe
Win32 Thread Id: 4872
Thread Name: 
Extended Properties: 
----------------------------------------
----------------------------------------
Timestamp: 6/11/2015 2:44:35 PM
Message: HandlingInstanceID: f112432a-ac44-4985-b69e-c310cb33e764
An exception of type 'System.Web.HttpException' occurred and was caught.
------------------------------------------------------------------------
06/11/2015 10:44:35
Type : System.Web.HttpException, System.Web, Version=4.0.0.0, Culture=neutral, PublicKeyToken=b03f5f7f11d50a3a
Message : File does not exist.
Source : System.Web
Help link : 
WebEventCode : 0
ErrorCode : -2147467259
Data : System.Collections.ListDictionaryInternal
TargetSite : System.IO.FileInfo GetFileInfo(System.String, System.String, System.Web.HttpResponse)
Stack Trace :    at System.Web.StaticFileHandler.GetFileInfo(String virtualPathWithPathInfo, String physicalPath, HttpResponse response)
   at System.Web.StaticFileHandler.ProcessRequestInternal(HttpContext context, String overrideVirtualPath)
   at System.Web.DefaultHttpHandler.BeginProcessRequest(HttpContext context, AsyncCallback callback, Object state)
   at System.Web.HttpApplication.CallHandlerExecutionStep.System.Web.HttpApplication.IExecutionStep.Execute()
   at System.Web.HttpApplication.ExecuteStep(IExecutionStep step, Boolean& completedSynchronously)

Additional Info:

MachineName : IFW9WO-BDBCHA1
TimeStamp : 6/11/2015 2:44:35 PM
FullName : Microsoft.Practices.EnterpriseLibrary.ExceptionHandling, Version=4.1.0.0, Culture=neutral, PublicKeyToken=31bf3856ad364e35
AppDomainName : 380fcdc2-1-130785064054839048
ThreadIdentity : 49
WindowsIdentity : IFW\mshivjiani

Category: General
Priority: 0
EventId: 100
Severity: Error
Title:Enterprise Library Exception Handling
Machine: IFW9WO-BDBCHA1
Application Domain: 380fcdc2-1-130785064054839048
Process Id: 6332
Process Name: C:\Program Files (x86)\Common Files\Microsoft Shared\DevServer\10.0\WebDev.WebServer40.exe
Win32 Thread Id: 4872
Thread Name: 
Extended Properties: 
----------------------------------------
----------------------------------------
Timestamp: 6/11/2015 2:44:39 PM
Message: HandlingInstanceID: 2db235cf-0f7f-455a-b299-bb6f3a26629b
An exception of type 'System.Web.HttpException' occurred and was caught.
------------------------------------------------------------------------
06/11/2015 10:44:39
Type : System.Web.HttpException, System.Web, Version=4.0.0.0, Culture=neutral, PublicKeyToken=b03f5f7f11d50a3a
Message : File does not exist.
Source : System.Web
Help link : 
WebEventCode : 0
ErrorCode : -2147467259
Data : System.Collections.ListDictionaryInternal
TargetSite : System.IO.FileInfo GetFileInfo(System.String, System.String, System.Web.HttpResponse)
Stack Trace :    at System.Web.StaticFileHandler.GetFileInfo(String virtualPathWithPathInfo, String physicalPath, HttpResponse response)
   at System.Web.StaticFileHandler.ProcessRequestInternal(HttpContext context, String overrideVirtualPath)
   at System.Web.DefaultHttpHandler.BeginProcessRequest(HttpContext context, AsyncCallback callback, Object state)
   at System.Web.HttpApplication.CallHandlerExecutionStep.System.Web.HttpApplication.IExecutionStep.Execute()
   at System.Web.HttpApplication.ExecuteStep(IExecutionStep step, Boolean& completedSynchronously)

Additional Info:

MachineName : IFW9WO-BDBCHA1
TimeStamp : 6/11/2015 2:44:39 PM
FullName : Microsoft.Practices.EnterpriseLibrary.ExceptionHandling, Version=4.1.0.0, Culture=neutral, PublicKeyToken=31bf3856ad364e35
AppDomainName : 380fcdc2-1-130785064054839048
ThreadIdentity : 49
WindowsIdentity : IFW\mshivjiani

Category: General
Priority: 0
EventId: 100
Severity: Error
Title:Enterprise Library Exception Handling
Machine: IFW9WO-BDBCHA1
Application Domain: 380fcdc2-1-130785064054839048
Process Id: 6332
Process Name: C:\Program Files (x86)\Common Files\Microsoft Shared\DevServer\10.0\WebDev.WebServer40.exe
Win32 Thread Id: 8168
Thread Name: 
Extended Properties: 
----------------------------------------
----------------------------------------
Timestamp: 6/11/2015 2:54:57 PM
Message: HandlingInstanceID: d62dbfe1-f0b0-4225-adbb-6aa7e3c80cb8
An exception of type 'System.Web.HttpException' occurred and was caught.
------------------------------------------------------------------------
06/11/2015 10:54:57
Type : System.Web.HttpException, System.Web, Version=4.0.0.0, Culture=neutral, PublicKeyToken=b03f5f7f11d50a3a
Message : File does not exist.
Source : System.Web
Help link : 
WebEventCode : 0
ErrorCode : -2147467259
Data : System.Collections.ListDictionaryInternal
TargetSite : System.IO.FileInfo GetFileInfo(System.String, System.String, System.Web.HttpResponse)
Stack Trace :    at System.Web.StaticFileHandler.GetFileInfo(String virtualPathWithPathInfo, String physicalPath, HttpResponse response)
   at System.Web.StaticFileHandler.ProcessRequestInternal(HttpContext context, String overrideVirtualPath)
   at System.Web.DefaultHttpHandler.BeginProcessRequest(HttpContext context, AsyncCallback callback, Object state)
   at System.Web.HttpApplication.CallHandlerExecutionStep.System.Web.HttpApplication.IExecutionStep.Execute()
   at System.Web.HttpApplication.ExecuteStep(IExecutionStep step, Boolean& completedSynchronously)

Additional Info:

MachineName : IFW9WO-BDBCHA1
TimeStamp : 6/11/2015 2:54:57 PM
FullName : Microsoft.Practices.EnterpriseLibrary.ExceptionHandling, Version=4.1.0.0, Culture=neutral, PublicKeyToken=31bf3856ad364e35
AppDomainName : 380fcdc2-1-130785064054839048
ThreadIdentity : 49
WindowsIdentity : IFW\mshivjiani

Category: General
Priority: 0
EventId: 100
Severity: Error
Title:Enterprise Library Exception Handling
Machine: IFW9WO-BDBCHA1
Application Domain: 380fcdc2-1-130785064054839048
Process Id: 6332
Process Name: C:\Program Files (x86)\Common Files\Microsoft Shared\DevServer\10.0\WebDev.WebServer40.exe
Win32 Thread Id: 4536
Thread Name: 
Extended Properties: 
----------------------------------------
----------------------------------------
Timestamp: 6/11/2015 2:55:11 PM
Message: HandlingInstanceID: e45db8c9-bfc1-4d79-99b1-37a5b6ae905b
An exception of type 'System.Web.HttpException' occurred and was caught.
------------------------------------------------------------------------
06/11/2015 10:55:11
Type : System.Web.HttpException, System.Web, Version=4.0.0.0, Culture=neutral, PublicKeyToken=b03f5f7f11d50a3a
Message : File does not exist.
Source : System.Web
Help link : 
WebEventCode : 0
ErrorCode : -2147467259
Data : System.Collections.ListDictionaryInternal
TargetSite : System.IO.FileInfo GetFileInfo(System.String, System.String, System.Web.HttpResponse)
Stack Trace :    at System.Web.StaticFileHandler.GetFileInfo(String virtualPathWithPathInfo, String physicalPath, HttpResponse response)
   at System.Web.StaticFileHandler.ProcessRequestInternal(HttpContext context, String overrideVirtualPath)
   at System.Web.DefaultHttpHandler.BeginProcessRequest(HttpContext context, AsyncCallback callback, Object state)
   at System.Web.HttpApplication.CallHandlerExecutionStep.System.Web.HttpApplication.IExecutionStep.Execute()
   at System.Web.HttpApplication.ExecuteStep(IExecutionStep step, Boolean& completedSynchronously)

Additional Info:

MachineName : IFW9WO-BDBCHA1
TimeStamp : 6/11/2015 2:55:11 PM
FullName : Microsoft.Practices.EnterpriseLibrary.ExceptionHandling, Version=4.1.0.0, Culture=neutral, PublicKeyToken=31bf3856ad364e35
AppDomainName : 380fcdc2-1-130785064054839048
ThreadIdentity : 49
WindowsIdentity : IFW\mshivjiani

Category: General
Priority: 0
EventId: 100
Severity: Error
Title:Enterprise Library Exception Handling
Machine: IFW9WO-BDBCHA1
Application Domain: 380fcdc2-1-130785064054839048
Process Id: 6332
Process Name: C:\Program Files (x86)\Common Files\Microsoft Shared\DevServer\10.0\WebDev.WebServer40.exe
Win32 Thread Id: 9936
Thread Name: 
Extended Properties: 
----------------------------------------
----------------------------------------
Timestamp: 6/11/2015 2:55:26 PM
Message: HandlingInstanceID: ca5171c1-abac-4cc4-93bd-b18aa9fea1ef
An exception of type 'System.Web.HttpException' occurred and was caught.
------------------------------------------------------------------------
06/11/2015 10:55:26
Type : System.Web.HttpException, System.Web, Version=4.0.0.0, Culture=neutral, PublicKeyToken=b03f5f7f11d50a3a
Message : File does not exist.
Source : System.Web
Help link : 
WebEventCode : 0
ErrorCode : -2147467259
Data : System.Collections.ListDictionaryInternal
TargetSite : System.IO.FileInfo GetFileInfo(System.String, System.String, System.Web.HttpResponse)
Stack Trace :    at System.Web.StaticFileHandler.GetFileInfo(String virtualPathWithPathInfo, String physicalPath, HttpResponse response)
   at System.Web.StaticFileHandler.ProcessRequestInternal(HttpContext context, String overrideVirtualPath)
   at System.Web.DefaultHttpHandler.BeginProcessRequest(HttpContext context, AsyncCallback callback, Object state)
   at System.Web.HttpApplication.CallHandlerExecutionStep.System.Web.HttpApplication.IExecutionStep.Execute()
   at System.Web.HttpApplication.ExecuteStep(IExecutionStep step, Boolean& completedSynchronously)

Additional Info:

MachineName : IFW9WO-BDBCHA1
TimeStamp : 6/11/2015 2:55:26 PM
FullName : Microsoft.Practices.EnterpriseLibrary.ExceptionHandling, Version=4.1.0.0, Culture=neutral, PublicKeyToken=31bf3856ad364e35
AppDomainName : 380fcdc2-1-130785064054839048
ThreadIdentity : 49
WindowsIdentity : IFW\mshivjiani

Category: General
Priority: 0
EventId: 100
Severity: Error
Title:Enterprise Library Exception Handling
Machine: IFW9WO-BDBCHA1
Application Domain: 380fcdc2-1-130785064054839048
Process Id: 6332
Process Name: C:\Program Files (x86)\Common Files\Microsoft Shared\DevServer\10.0\WebDev.WebServer40.exe
Win32 Thread Id: 9856
Thread Name: 
Extended Properties: 
----------------------------------------
----------------------------------------
Timestamp: 6/11/2015 2:55:32 PM
Message: HandlingInstanceID: a46596ad-25ce-460a-945e-2d60846e85f4
An exception of type 'System.Web.HttpException' occurred and was caught.
------------------------------------------------------------------------
06/11/2015 10:55:32
Type : System.Web.HttpException, System.Web, Version=4.0.0.0, Culture=neutral, PublicKeyToken=b03f5f7f11d50a3a
Message : File does not exist.
Source : System.Web
Help link : 
WebEventCode : 0
ErrorCode : -2147467259
Data : System.Collections.ListDictionaryInternal
TargetSite : System.IO.FileInfo GetFileInfo(System.String, System.String, System.Web.HttpResponse)
Stack Trace :    at System.Web.StaticFileHandler.GetFileInfo(String virtualPathWithPathInfo, String physicalPath, HttpResponse response)
   at System.Web.StaticFileHandler.ProcessRequestInternal(HttpContext context, String overrideVirtualPath)
   at System.Web.DefaultHttpHandler.BeginProcessRequest(HttpContext context, AsyncCallback callback, Object state)
   at System.Web.HttpApplication.CallHandlerExecutionStep.System.Web.HttpApplication.IExecutionStep.Execute()
   at System.Web.HttpApplication.ExecuteStep(IExecutionStep step, Boolean& completedSynchronously)

Additional Info:

MachineName : IFW9WO-BDBCHA1
TimeStamp : 6/11/2015 2:55:32 PM
FullName : Microsoft.Practices.EnterpriseLibrary.ExceptionHandling, Version=4.1.0.0, Culture=neutral, PublicKeyToken=31bf3856ad364e35
AppDomainName : 380fcdc2-1-130785064054839048
ThreadIdentity : 49
WindowsIdentity : IFW\mshivjiani

Category: General
Priority: 0
EventId: 100
Severity: Error
Title:Enterprise Library Exception Handling
Machine: IFW9WO-BDBCHA1
Application Domain: 380fcdc2-1-130785064054839048
Process Id: 6332
Process Name: C:\Program Files (x86)\Common Files\Microsoft Shared\DevServer\10.0\WebDev.WebServer40.exe
Win32 Thread Id: 7188
Thread Name: 
Extended Properties: 
----------------------------------------
----------------------------------------
Timestamp: 6/11/2015 2:55:56 PM
Message: HandlingInstanceID: 1ac35d05-82f3-43fa-83bb-0392a9db36d5
An exception of type 'System.Web.HttpException' occurred and was caught.
------------------------------------------------------------------------
06/11/2015 10:55:56
Type : System.Web.HttpException, System.Web, Version=4.0.0.0, Culture=neutral, PublicKeyToken=b03f5f7f11d50a3a
Message : File does not exist.
Source : System.Web
Help link : 
WebEventCode : 0
ErrorCode : -2147467259
Data : System.Collections.ListDictionaryInternal
TargetSite : System.IO.FileInfo GetFileInfo(System.String, System.String, System.Web.HttpResponse)
Stack Trace :    at System.Web.StaticFileHandler.GetFileInfo(String virtualPathWithPathInfo, String physicalPath, HttpResponse response)
   at System.Web.StaticFileHandler.ProcessRequestInternal(HttpContext context, String overrideVirtualPath)
   at System.Web.DefaultHttpHandler.BeginProcessRequest(HttpContext context, AsyncCallback callback, Object state)
   at System.Web.HttpApplication.CallHandlerExecutionStep.System.Web.HttpApplication.IExecutionStep.Execute()
   at System.Web.HttpApplication.ExecuteStep(IExecutionStep step, Boolean& completedSynchronously)

Additional Info:

MachineName : IFW9WO-BDBCHA1
TimeStamp : 6/11/2015 2:55:56 PM
FullName : Microsoft.Practices.EnterpriseLibrary.ExceptionHandling, Version=4.1.0.0, Culture=neutral, PublicKeyToken=31bf3856ad364e35
AppDomainName : 380fcdc2-1-130785064054839048
ThreadIdentity : 49
WindowsIdentity : IFW\mshivjiani

Category: General
Priority: 0
EventId: 100
Severity: Error
Title:Enterprise Library Exception Handling
Machine: IFW9WO-BDBCHA1
Application Domain: 380fcdc2-1-130785064054839048
Process Id: 6332
Process Name: C:\Program Files (x86)\Common Files\Microsoft Shared\DevServer\10.0\WebDev.WebServer40.exe
Win32 Thread Id: 7188
Thread Name: 
Extended Properties: 
----------------------------------------
----------------------------------------
Timestamp: 6/11/2015 2:57:18 PM
Message: HandlingInstanceID: 8fe69913-14a1-4b46-919e-fecdddd0a6d8
An exception of type 'System.Web.HttpException' occurred and was caught.
------------------------------------------------------------------------
06/11/2015 10:57:18
Type : System.Web.HttpException, System.Web, Version=4.0.0.0, Culture=neutral, PublicKeyToken=b03f5f7f11d50a3a
Message : File does not exist.
Source : System.Web
Help link : 
WebEventCode : 0
ErrorCode : -2147467259
Data : System.Collections.ListDictionaryInternal
TargetSite : System.IO.FileInfo GetFileInfo(System.String, System.String, System.Web.HttpResponse)
Stack Trace :    at System.Web.StaticFileHandler.GetFileInfo(String virtualPathWithPathInfo, String physicalPath, HttpResponse response)
   at System.Web.StaticFileHandler.ProcessRequestInternal(HttpContext context, String overrideVirtualPath)
   at System.Web.DefaultHttpHandler.BeginProcessRequest(HttpContext context, AsyncCallback callback, Object state)
   at System.Web.HttpApplication.CallHandlerExecutionStep.System.Web.HttpApplication.IExecutionStep.Execute()
   at System.Web.HttpApplication.ExecuteStep(IExecutionStep step, Boolean& completedSynchronously)

Additional Info:

MachineName : IFW9WO-BDBCHA1
TimeStamp : 6/11/2015 2:57:18 PM
FullName : Microsoft.Practices.EnterpriseLibrary.ExceptionHandling, Version=4.1.0.0, Culture=neutral, PublicKeyToken=31bf3856ad364e35
AppDomainName : 380fcdc2-1-130785064054839048
ThreadIdentity : 49
WindowsIdentity : IFW\mshivjiani

Category: General
Priority: 0
EventId: 100
Severity: Error
Title:Enterprise Library Exception Handling
Machine: IFW9WO-BDBCHA1
Application Domain: 380fcdc2-1-130785064054839048
Process Id: 6332
Process Name: C:\Program Files (x86)\Common Files\Microsoft Shared\DevServer\10.0\WebDev.WebServer40.exe
Win32 Thread Id: 4536
Thread Name: 
Extended Properties: 
----------------------------------------
----------------------------------------
Timestamp: 6/11/2015 2:57:21 PM
Message: HandlingInstanceID: bdc420ec-f652-4c8b-8fdf-fa0ebcaed110
An exception of type 'System.Web.HttpException' occurred and was caught.
------------------------------------------------------------------------
06/11/2015 10:57:21
Type : System.Web.HttpException, System.Web, Version=4.0.0.0, Culture=neutral, PublicKeyToken=b03f5f7f11d50a3a
Message : File does not exist.
Source : System.Web
Help link : 
WebEventCode : 0
ErrorCode : -2147467259
Data : System.Collections.ListDictionaryInternal
TargetSite : System.IO.FileInfo GetFileInfo(System.String, System.String, System.Web.HttpResponse)
Stack Trace :    at System.Web.StaticFileHandler.GetFileInfo(String virtualPathWithPathInfo, String physicalPath, HttpResponse response)
   at System.Web.StaticFileHandler.ProcessRequestInternal(HttpContext context, String overrideVirtualPath)
   at System.Web.DefaultHttpHandler.BeginProcessRequest(HttpContext context, AsyncCallback callback, Object state)
   at System.Web.HttpApplication.CallHandlerExecutionStep.System.Web.HttpApplication.IExecutionStep.Execute()
   at System.Web.HttpApplication.ExecuteStep(IExecutionStep step, Boolean& completedSynchronously)

Additional Info:

MachineName : IFW9WO-BDBCHA1
TimeStamp : 6/11/2015 2:57:21 PM
FullName : Microsoft.Practices.EnterpriseLibrary.ExceptionHandling, Version=4.1.0.0, Culture=neutral, PublicKeyToken=31bf3856ad364e35
AppDomainName : 380fcdc2-1-130785064054839048
ThreadIdentity : 49
WindowsIdentity : IFW\mshivjiani

Category: General
Priority: 0
EventId: 100
Severity: Error
Title:Enterprise Library Exception Handling
Machine: IFW9WO-BDBCHA1
Application Domain: 380fcdc2-1-130785064054839048
Process Id: 6332
Process Name: C:\Program Files (x86)\Common Files\Microsoft Shared\DevServer\10.0\WebDev.WebServer40.exe
Win32 Thread Id: 7380
Thread Name: 
Extended Properties: 
----------------------------------------
----------------------------------------
Timestamp: 6/11/2015 2:57:27 PM
Message: HandlingInstanceID: c6ad379b-9894-4309-ad0f-d922498f508d
An exception of type 'System.Web.HttpException' occurred and was caught.
------------------------------------------------------------------------
06/11/2015 10:57:27
Type : System.Web.HttpException, System.Web, Version=4.0.0.0, Culture=neutral, PublicKeyToken=b03f5f7f11d50a3a
Message : File does not exist.
Source : System.Web
Help link : 
WebEventCode : 0
ErrorCode : -2147467259
Data : System.Collections.ListDictionaryInternal
TargetSite : System.IO.FileInfo GetFileInfo(System.String, System.String, System.Web.HttpResponse)
Stack Trace :    at System.Web.StaticFileHandler.GetFileInfo(String virtualPathWithPathInfo, String physicalPath, HttpResponse response)
   at System.Web.StaticFileHandler.ProcessRequestInternal(HttpContext context, String overrideVirtualPath)
   at System.Web.DefaultHttpHandler.BeginProcessRequest(HttpContext context, AsyncCallback callback, Object state)
   at System.Web.HttpApplication.CallHandlerExecutionStep.System.Web.HttpApplication.IExecutionStep.Execute()
   at System.Web.HttpApplication.ExecuteStep(IExecutionStep step, Boolean& completedSynchronously)

Additional Info:

MachineName : IFW9WO-BDBCHA1
TimeStamp : 6/11/2015 2:57:27 PM
FullName : Microsoft.Practices.EnterpriseLibrary.ExceptionHandling, Version=4.1.0.0, Culture=neutral, PublicKeyToken=31bf3856ad364e35
AppDomainName : 380fcdc2-1-130785064054839048
ThreadIdentity : 49
WindowsIdentity : IFW\mshivjiani

Category: General
Priority: 0
EventId: 100
Severity: Error
Title:Enterprise Library Exception Handling
Machine: IFW9WO-BDBCHA1
Application Domain: 380fcdc2-1-130785064054839048
Process Id: 6332
Process Name: C:\Program Files (x86)\Common Files\Microsoft Shared\DevServer\10.0\WebDev.WebServer40.exe
Win32 Thread Id: 4536
Thread Name: 
Extended Properties: 
----------------------------------------
----------------------------------------
Timestamp: 6/11/2015 2:57:39 PM
Message: HandlingInstanceID: a31e70a2-63d7-49d7-aa70-419c26146f5a
An exception of type 'System.Web.HttpException' occurred and was caught.
------------------------------------------------------------------------
06/11/2015 10:57:39
Type : System.Web.HttpException, System.Web, Version=4.0.0.0, Culture=neutral, PublicKeyToken=b03f5f7f11d50a3a
Message : File does not exist.
Source : System.Web
Help link : 
WebEventCode : 0
ErrorCode : -2147467259
Data : System.Collections.ListDictionaryInternal
TargetSite : System.IO.FileInfo GetFileInfo(System.String, System.String, System.Web.HttpResponse)
Stack Trace :    at System.Web.StaticFileHandler.GetFileInfo(String virtualPathWithPathInfo, String physicalPath, HttpResponse response)
   at System.Web.StaticFileHandler.ProcessRequestInternal(HttpContext context, String overrideVirtualPath)
   at System.Web.DefaultHttpHandler.BeginProcessRequest(HttpContext context, AsyncCallback callback, Object state)
   at System.Web.HttpApplication.CallHandlerExecutionStep.System.Web.HttpApplication.IExecutionStep.Execute()
   at System.Web.HttpApplication.ExecuteStep(IExecutionStep step, Boolean& completedSynchronously)

Additional Info:

MachineName : IFW9WO-BDBCHA1
TimeStamp : 6/11/2015 2:57:39 PM
FullName : Microsoft.Practices.EnterpriseLibrary.ExceptionHandling, Version=4.1.0.0, Culture=neutral, PublicKeyToken=31bf3856ad364e35
AppDomainName : 380fcdc2-1-130785064054839048
ThreadIdentity : 49
WindowsIdentity : IFW\mshivjiani

Category: General
Priority: 0
EventId: 100
Severity: Error
Title:Enterprise Library Exception Handling
Machine: IFW9WO-BDBCHA1
Application Domain: 380fcdc2-1-130785064054839048
Process Id: 6332
Process Name: C:\Program Files (x86)\Common Files\Microsoft Shared\DevServer\10.0\WebDev.WebServer40.exe
Win32 Thread Id: 7380
Thread Name: 
Extended Properties: 
----------------------------------------
