----------------------------------------
Timestamp: 12/1/2014 1:02:44 PM
Message: System.IO.FileLoadException: Could not load file or assembly 'Microsoft.Practices.EnterpriseLibrary.Configuration.Design, Version=4.1.0.0, Culture=neutral, PublicKeyToken=null' or one of its dependencies. The located assembly's manifest definition does not match the assembly reference. (Exception from HRESULT: 0x80131040)
File name: 'Microsoft.Practices.EnterpriseLibrary.Configuration.Design, Version=4.1.0.0, Culture=neutral, PublicKeyToken=null'
   at System.ModuleHandle.ResolveType(RuntimeModule module, Int32 typeToken, IntPtr* typeInstArgs, Int32 typeInstCount, IntPtr* methodInstArgs, Int32 methodInstCount, ObjectHandleOnStack type)
   at System.ModuleHandle.ResolveTypeHandleInternal(RuntimeModule module, Int32 typeToken, RuntimeTypeHandle[] typeInstantiationContext, RuntimeTypeHandle[] methodInstantiationContext)
   at System.Reflection.RuntimeModule.ResolveType(Int32 metadataToken, Type[] genericTypeArguments, Type[] genericMethodArguments)
   at System.Reflection.CustomAttribute.FilterCustomAttributeRecord(CustomAttributeRecord caRecord, MetadataImport scope, Assembly& lastAptcaOkAssembly, RuntimeModule decoratedModule, MetadataToken decoratedToken, RuntimeType attributeFilterType, Boolean mustBeInheritable, Object[] attributes, IList derivedAttributes, RuntimeType& attributeType, IRuntimeMethodInfo& ctor, Boolean& ctorHasParameters, Boolean& isVarArg)
   at System.Reflection.CustomAttribute.GetCustomAttributes(RuntimeModule decoratedModule, Int32 decoratedMetadataToken, Int32 pcaCount, RuntimeType attributeFilterType, Boolean mustBeInheritable, IList derivedAttributes, Boolean isDecoratedTargetSecurityTransparent)
   at System.Reflection.CustomAttribute.GetCustomAttributes(RuntimeAssembly assembly, RuntimeType caType)
   at System.Reflection.RuntimeAssembly.GetCustomAttributes(Boolean inherit)
   at System.Web.UI.AssemblyCache.GetAjaxFrameworkAssemblyAttribute(Assembly assembly)
   at System.Web.UI.ScriptManager.get_DefaultAjaxFrameworkAssembly()
   at System.Web.UI.ScriptManager..ctor()
   at ASP.orgchartmaster_master.__BuildControlScriptManager1() in c:\HCMS\HCMS.OrgChart\OrgChartMaster.Master:line 51
   at ASP.orgchartmaster_master.__BuildControlform1() in c:\HCMS\HCMS.OrgChart\OrgChartMaster.Master:line 50
   at ASP.orgchartmaster_master.__BuildControlTree(orgchartmaster_master __ctrl) in c:\HCMS\HCMS.OrgChart\OrgChartMaster.Master:line 1
   at ASP.orgchartmaster_master.FrameworkInitialize() in c:\Users\mshivjiani\AppData\Local\Temp\1\Temporary ASP.NET Files\root\0a4a827e\73f761a\App_Web_rb3h1sal.0.cs:line 0
   at System.Web.UI.UserControl.InitializeAsUserControlInternal()
   at System.Web.UI.MasterPage.CreateMaster(TemplateControl owner, HttpContext context, VirtualPath masterPageFile, IDictionary contentTemplateCollection)
   at System.Web.UI.Page.get_Master()
   at System.Web.UI.Page.ApplyMasterPage()
   at System.Web.UI.Page.PerformPreInit()
   at System.Web.UI.Page.ProcessRequestMain(Boolean includeStagesBeforeAsyncPoint, Boolean includeStagesAfterAsyncPoint)

=== Pre-bind state information ===
LOG: User = IFW\mshivjiani
LOG: DisplayName = Microsoft.Practices.EnterpriseLibrary.Configuration.Design, Version=4.1.0.0, Culture=neutral, PublicKeyToken=null
 (Fully-specified)
LOG: Appbase = file:///C:/HCMS/HCMS.OrgChart/
LOG: Initial PrivatePath = C:\HCMS\HCMS.OrgChart\bin
Calling assembly : Microsoft.Practices.EnterpriseLibrary.Validation.Configuration.Design, Version=4.1.0.0, Culture=neutral, PublicKeyToken=null.
===
LOG: This bind starts in default load context.
LOG: Using application configuration file: C:\HCMS\HCMS.OrgChart\web.config
LOG: Using host configuration file: 
LOG: Using machine configuration file from C:\Windows\Microsoft.NET\Framework\v4.0.30319\config\machine.config.
LOG: Policy not being applied to reference at this time (private, custom, partial, or location-based assembly bind).
LOG: Attempting download of new URL file:///C:/Users/mshivjiani/AppData/Local/Temp/1/Temporary ASP.NET Files/root/0a4a827e/73f761a/Microsoft.Practices.EnterpriseLibrary.Configuration.Design.DLL.
LOG: Attempting download of new URL file:///C:/Users/mshivjiani/AppData/Local/Temp/1/Temporary ASP.NET Files/root/0a4a827e/73f761a/Microsoft.Practices.EnterpriseLibrary.Configuration.Design/Microsoft.Practices.EnterpriseLibrary.Configuration.Design.DLL.
LOG: Attempting download of new URL file:///C:/HCMS/HCMS.OrgChart/bin/Microsoft.Practices.EnterpriseLibrary.Configuration.Design.DLL.
WRN: Comparing the assembly name resulted in the mismatch: PUBLIC KEY TOKEN
ERR: Failed to complete setup of assembly (hr = 0x80131040). Probing terminated.

Category: General
Priority: -1
EventId: 0
Severity: Information
Title:
Machine: mshivjiani/IFW9WO-BDBCHA1
Application Domain: 380fcdc2-1-130619304586803391
Process Id: 3812
Process Name: C:\Program Files (x86)\Common Files\Microsoft Shared\DevServer\10.0\WebDev.WebServer40.exe
Win32 Thread Id: 6756
Thread Name: 
Extended Properties: 
----------------------------------------
----------------------------------------
Timestamp: 12/1/2014 1:04:31 PM
Message: System.Web.HttpException (0x80004005): File does not exist.
   at System.Web.StaticFileHandler.GetFileInfo(String virtualPathWithPathInfo, String physicalPath, HttpResponse response)
   at System.Web.StaticFileHandler.ProcessRequestInternal(HttpContext context, String overrideVirtualPath)
   at System.Web.DefaultHttpHandler.BeginProcessRequest(HttpContext context, AsyncCallback callback, Object state)
   at System.Web.HttpApplication.CallHandlerExecutionStep.System.Web.HttpApplication.IExecutionStep.Execute()
   at System.Web.HttpApplication.ExecuteStep(IExecutionStep step, Boolean& completedSynchronously)
Category: General
Priority: -1
EventId: 0
Severity: Information
Title:
Machine: mshivjiani/IFW9WO-BDBCHA1
Application Domain: 380fcdc2-1-130619304586803391
Process Id: 3812
Process Name: C:\Program Files (x86)\Common Files\Microsoft Shared\DevServer\10.0\WebDev.WebServer40.exe
Win32 Thread Id: 8996
Thread Name: 
Extended Properties: 
----------------------------------------
----------------------------------------
Timestamp: 12/1/2014 1:04:55 PM
Message: System.Exception: You cannot create a ToolTipEntity from a null data table.
   at HCMS.Business.Lookups.ToolTipManager.GetToolTipByID(Int64 id) in C:\HCMS\HCMS.Business\Lookups\ToolTipManager.cs:line 25
Category: General
Priority: -1
EventId: 0
Severity: Information
Title:
Machine: mshivjiani/IFW9WO-BDBCHA1
Application Domain: 380fcdc2-1-130619304586803391
Process Id: 3812
Process Name: C:\Program Files (x86)\Common Files\Microsoft Shared\DevServer\10.0\WebDev.WebServer40.exe
Win32 Thread Id: 6756
Thread Name: 
Extended Properties: 
----------------------------------------
----------------------------------------
Timestamp: 12/1/2014 1:04:57 PM
Message: System.Web.HttpException (0x80004005): File does not exist.
   at System.Web.StaticFileHandler.GetFileInfo(String virtualPathWithPathInfo, String physicalPath, HttpResponse response)
   at System.Web.StaticFileHandler.ProcessRequestInternal(HttpContext context, String overrideVirtualPath)
   at System.Web.DefaultHttpHandler.BeginProcessRequest(HttpContext context, AsyncCallback callback, Object state)
   at System.Web.HttpApplication.CallHandlerExecutionStep.System.Web.HttpApplication.IExecutionStep.Execute()
   at System.Web.HttpApplication.ExecuteStep(IExecutionStep step, Boolean& completedSynchronously)
Category: General
Priority: -1
EventId: 0
Severity: Information
Title:
Machine: mshivjiani/IFW9WO-BDBCHA1
Application Domain: 380fcdc2-1-130619304586803391
Process Id: 3812
Process Name: C:\Program Files (x86)\Common Files\Microsoft Shared\DevServer\10.0\WebDev.WebServer40.exe
Win32 Thread Id: 9760
Thread Name: 
Extended Properties: 
----------------------------------------
----------------------------------------
Timestamp: 12/1/2014 1:07:12 PM
Message: System.Web.HttpException (0x80004005): File does not exist.
   at System.Web.StaticFileHandler.GetFileInfo(String virtualPathWithPathInfo, String physicalPath, HttpResponse response)
   at System.Web.StaticFileHandler.ProcessRequestInternal(HttpContext context, String overrideVirtualPath)
   at System.Web.DefaultHttpHandler.BeginProcessRequest(HttpContext context, AsyncCallback callback, Object state)
   at System.Web.HttpApplication.CallHandlerExecutionStep.System.Web.HttpApplication.IExecutionStep.Execute()
   at System.Web.HttpApplication.ExecuteStep(IExecutionStep step, Boolean& completedSynchronously)
Category: General
Priority: -1
EventId: 0
Severity: Information
Title:
Machine: mshivjiani/IFW9WO-BDBCHA1
Application Domain: 380fcdc2-1-130619304586803391
Process Id: 3812
Process Name: C:\Program Files (x86)\Common Files\Microsoft Shared\DevServer\10.0\WebDev.WebServer40.exe
Win32 Thread Id: 8996
Thread Name: 
Extended Properties: 
----------------------------------------
----------------------------------------
Timestamp: 12/1/2014 1:07:16 PM
Message: System.Web.HttpException (0x80004005): File does not exist.
   at System.Web.StaticFileHandler.GetFileInfo(String virtualPathWithPathInfo, String physicalPath, HttpResponse response)
   at System.Web.StaticFileHandler.ProcessRequestInternal(HttpContext context, String overrideVirtualPath)
   at System.Web.DefaultHttpHandler.BeginProcessRequest(HttpContext context, AsyncCallback callback, Object state)
   at System.Web.HttpApplication.CallHandlerExecutionStep.System.Web.HttpApplication.IExecutionStep.Execute()
   at System.Web.HttpApplication.ExecuteStep(IExecutionStep step, Boolean& completedSynchronously)
Category: General
Priority: -1
EventId: 0
Severity: Information
Title:
Machine: mshivjiani/IFW9WO-BDBCHA1
Application Domain: 380fcdc2-1-130619304586803391
Process Id: 3812
Process Name: C:\Program Files (x86)\Common Files\Microsoft Shared\DevServer\10.0\WebDev.WebServer40.exe
Win32 Thread Id: 8996
Thread Name: 
Extended Properties: 
----------------------------------------
----------------------------------------
Timestamp: 12/1/2014 1:07:17 PM
Message: System.Web.HttpException (0x80004005): File does not exist.
   at System.Web.StaticFileHandler.GetFileInfo(String virtualPathWithPathInfo, String physicalPath, HttpResponse response)
   at System.Web.StaticFileHandler.ProcessRequestInternal(HttpContext context, String overrideVirtualPath)
   at System.Web.DefaultHttpHandler.BeginProcessRequest(HttpContext context, AsyncCallback callback, Object state)
   at System.Web.HttpApplication.CallHandlerExecutionStep.System.Web.HttpApplication.IExecutionStep.Execute()
   at System.Web.HttpApplication.ExecuteStep(IExecutionStep step, Boolean& completedSynchronously)
Category: General
Priority: -1
EventId: 0
Severity: Information
Title:
Machine: mshivjiani/IFW9WO-BDBCHA1
Application Domain: 380fcdc2-1-130619304586803391
Process Id: 3812
Process Name: C:\Program Files (x86)\Common Files\Microsoft Shared\DevServer\10.0\WebDev.WebServer40.exe
Win32 Thread Id: 8664
Thread Name: 
Extended Properties: 
----------------------------------------
----------------------------------------
Timestamp: 12/1/2014 1:08:22 PM
Message: System.Web.HttpException (0x80004005): File does not exist.
   at System.Web.StaticFileHandler.GetFileInfo(String virtualPathWithPathInfo, String physicalPath, HttpResponse response)
   at System.Web.StaticFileHandler.ProcessRequestInternal(HttpContext context, String overrideVirtualPath)
   at System.Web.DefaultHttpHandler.BeginProcessRequest(HttpContext context, AsyncCallback callback, Object state)
   at System.Web.HttpApplication.CallHandlerExecutionStep.System.Web.HttpApplication.IExecutionStep.Execute()
   at System.Web.HttpApplication.ExecuteStep(IExecutionStep step, Boolean& completedSynchronously)
Category: General
Priority: -1
EventId: 0
Severity: Information
Title:
Machine: mshivjiani/IFW9WO-BDBCHA1
Application Domain: 380fcdc2-1-130619304586803391
Process Id: 3812
Process Name: C:\Program Files (x86)\Common Files\Microsoft Shared\DevServer\10.0\WebDev.WebServer40.exe
Win32 Thread Id: 8664
Thread Name: 
Extended Properties: 
----------------------------------------
----------------------------------------
Timestamp: 12/1/2014 1:08:23 PM
Message: System.Web.HttpException (0x80004005): File does not exist.
   at System.Web.StaticFileHandler.GetFileInfo(String virtualPathWithPathInfo, String physicalPath, HttpResponse response)
   at System.Web.StaticFileHandler.ProcessRequestInternal(HttpContext context, String overrideVirtualPath)
   at System.Web.DefaultHttpHandler.BeginProcessRequest(HttpContext context, AsyncCallback callback, Object state)
   at System.Web.HttpApplication.CallHandlerExecutionStep.System.Web.HttpApplication.IExecutionStep.Execute()
   at System.Web.HttpApplication.ExecuteStep(IExecutionStep step, Boolean& completedSynchronously)
Category: General
Priority: -1
EventId: 0
Severity: Information
Title:
Machine: mshivjiani/IFW9WO-BDBCHA1
Application Domain: 380fcdc2-1-130619304586803391
Process Id: 3812
Process Name: C:\Program Files (x86)\Common Files\Microsoft Shared\DevServer\10.0\WebDev.WebServer40.exe
Win32 Thread Id: 8996
Thread Name: 
Extended Properties: 
----------------------------------------
----------------------------------------
Timestamp: 12/1/2014 1:08:28 PM
Message: System.Web.HttpException (0x80004005): File does not exist.
   at System.Web.StaticFileHandler.GetFileInfo(String virtualPathWithPathInfo, String physicalPath, HttpResponse response)
   at System.Web.StaticFileHandler.ProcessRequestInternal(HttpContext context, String overrideVirtualPath)
   at System.Web.DefaultHttpHandler.BeginProcessRequest(HttpContext context, AsyncCallback callback, Object state)
   at System.Web.HttpApplication.CallHandlerExecutionStep.System.Web.HttpApplication.IExecutionStep.Execute()
   at System.Web.HttpApplication.ExecuteStep(IExecutionStep step, Boolean& completedSynchronously)
Category: General
Priority: -1
EventId: 0
Severity: Information
Title:
Machine: mshivjiani/IFW9WO-BDBCHA1
Application Domain: 380fcdc2-1-130619304586803391
Process Id: 3812
Process Name: C:\Program Files (x86)\Common Files\Microsoft Shared\DevServer\10.0\WebDev.WebServer40.exe
Win32 Thread Id: 8996
Thread Name: 
Extended Properties: 
----------------------------------------
----------------------------------------
Timestamp: 12/1/2014 1:08:28 PM
Message: System.Web.HttpException (0x80004005): File does not exist.
   at System.Web.StaticFileHandler.GetFileInfo(String virtualPathWithPathInfo, String physicalPath, HttpResponse response)
   at System.Web.StaticFileHandler.ProcessRequestInternal(HttpContext context, String overrideVirtualPath)
   at System.Web.DefaultHttpHandler.BeginProcessRequest(HttpContext context, AsyncCallback callback, Object state)
   at System.Web.HttpApplication.CallHandlerExecutionStep.System.Web.HttpApplication.IExecutionStep.Execute()
   at System.Web.HttpApplication.ExecuteStep(IExecutionStep step, Boolean& completedSynchronously)
Category: General
Priority: -1
EventId: 0
Severity: Information
Title:
Machine: mshivjiani/IFW9WO-BDBCHA1
Application Domain: 380fcdc2-1-130619304586803391
Process Id: 3812
Process Name: C:\Program Files (x86)\Common Files\Microsoft Shared\DevServer\10.0\WebDev.WebServer40.exe
Win32 Thread Id: 8664
Thread Name: 
Extended Properties: 
----------------------------------------
----------------------------------------
Timestamp: 12/1/2014 1:15:19 PM
Message: System.Web.HttpException (0x80004005): File does not exist.
   at System.Web.StaticFileHandler.GetFileInfo(String virtualPathWithPathInfo, String physicalPath, HttpResponse response)
   at System.Web.StaticFileHandler.ProcessRequestInternal(HttpContext context, String overrideVirtualPath)
   at System.Web.DefaultHttpHandler.BeginProcessRequest(HttpContext context, AsyncCallback callback, Object state)
   at System.Web.HttpApplication.CallHandlerExecutionStep.System.Web.HttpApplication.IExecutionStep.Execute()
   at System.Web.HttpApplication.ExecuteStep(IExecutionStep step, Boolean& completedSynchronously)
Category: General
Priority: -1
EventId: 0
Severity: Information
Title:
Machine: mshivjiani/IFW9WO-BDBCHA1
Application Domain: 380fcdc2-1-130619304586803391
Process Id: 3812
Process Name: C:\Program Files (x86)\Common Files\Microsoft Shared\DevServer\10.0\WebDev.WebServer40.exe
Win32 Thread Id: 12008
Thread Name: 
Extended Properties: 
----------------------------------------
----------------------------------------
Timestamp: 12/1/2014 1:15:45 PM
Message: System.Web.HttpException (0x80004005): File does not exist.
   at System.Web.StaticFileHandler.GetFileInfo(String virtualPathWithPathInfo, String physicalPath, HttpResponse response)
   at System.Web.StaticFileHandler.ProcessRequestInternal(HttpContext context, String overrideVirtualPath)
   at System.Web.DefaultHttpHandler.BeginProcessRequest(HttpContext context, AsyncCallback callback, Object state)
   at System.Web.HttpApplication.CallHandlerExecutionStep.System.Web.HttpApplication.IExecutionStep.Execute()
   at System.Web.HttpApplication.ExecuteStep(IExecutionStep step, Boolean& completedSynchronously)
Category: General
Priority: -1
EventId: 0
Severity: Information
Title:
Machine: mshivjiani/IFW9WO-BDBCHA1
Application Domain: 380fcdc2-1-130619304586803391
Process Id: 3812
Process Name: C:\Program Files (x86)\Common Files\Microsoft Shared\DevServer\10.0\WebDev.WebServer40.exe
Win32 Thread Id: 10152
Thread Name: 
Extended Properties: 
----------------------------------------
----------------------------------------
Timestamp: 12/1/2014 1:15:48 PM
Message: System.Web.HttpException (0x80004005): File does not exist.
   at System.Web.StaticFileHandler.GetFileInfo(String virtualPathWithPathInfo, String physicalPath, HttpResponse response)
   at System.Web.StaticFileHandler.ProcessRequestInternal(HttpContext context, String overrideVirtualPath)
   at System.Web.DefaultHttpHandler.BeginProcessRequest(HttpContext context, AsyncCallback callback, Object state)
   at System.Web.HttpApplication.CallHandlerExecutionStep.System.Web.HttpApplication.IExecutionStep.Execute()
   at System.Web.HttpApplication.ExecuteStep(IExecutionStep step, Boolean& completedSynchronously)
Category: General
Priority: -1
EventId: 0
Severity: Information
Title:
Machine: mshivjiani/IFW9WO-BDBCHA1
Application Domain: 380fcdc2-1-130619304586803391
Process Id: 3812
Process Name: C:\Program Files (x86)\Common Files\Microsoft Shared\DevServer\10.0\WebDev.WebServer40.exe
Win32 Thread Id: 3696
Thread Name: 
Extended Properties: 
----------------------------------------
----------------------------------------
Timestamp: 12/1/2014 1:15:53 PM
Message: System.Web.HttpException (0x80004005): File does not exist.
   at System.Web.StaticFileHandler.GetFileInfo(String virtualPathWithPathInfo, String physicalPath, HttpResponse response)
   at System.Web.StaticFileHandler.ProcessRequestInternal(HttpContext context, String overrideVirtualPath)
   at System.Web.DefaultHttpHandler.BeginProcessRequest(HttpContext context, AsyncCallback callback, Object state)
   at System.Web.HttpApplication.CallHandlerExecutionStep.System.Web.HttpApplication.IExecutionStep.Execute()
   at System.Web.HttpApplication.ExecuteStep(IExecutionStep step, Boolean& completedSynchronously)
Category: General
Priority: -1
EventId: 0
Severity: Information
Title:
Machine: mshivjiani/IFW9WO-BDBCHA1
Application Domain: 380fcdc2-1-130619304586803391
Process Id: 3812
Process Name: C:\Program Files (x86)\Common Files\Microsoft Shared\DevServer\10.0\WebDev.WebServer40.exe
Win32 Thread Id: 12008
Thread Name: 
Extended Properties: 
----------------------------------------
----------------------------------------
Timestamp: 12/1/2014 1:15:54 PM
Message: System.Web.HttpException (0x80004005): File does not exist.
   at System.Web.StaticFileHandler.GetFileInfo(String virtualPathWithPathInfo, String physicalPath, HttpResponse response)
   at System.Web.StaticFileHandler.ProcessRequestInternal(HttpContext context, String overrideVirtualPath)
   at System.Web.DefaultHttpHandler.BeginProcessRequest(HttpContext context, AsyncCallback callback, Object state)
   at System.Web.HttpApplication.CallHandlerExecutionStep.System.Web.HttpApplication.IExecutionStep.Execute()
   at System.Web.HttpApplication.ExecuteStep(IExecutionStep step, Boolean& completedSynchronously)
Category: General
Priority: -1
EventId: 0
Severity: Information
Title:
Machine: mshivjiani/IFW9WO-BDBCHA1
Application Domain: 380fcdc2-1-130619304586803391
Process Id: 3812
Process Name: C:\Program Files (x86)\Common Files\Microsoft Shared\DevServer\10.0\WebDev.WebServer40.exe
Win32 Thread Id: 10152
Thread Name: 
Extended Properties: 
----------------------------------------
----------------------------------------
Timestamp: 12/1/2014 1:16:40 PM
Message: System.Web.HttpException (0x80004005): File does not exist.
   at System.Web.StaticFileHandler.GetFileInfo(String virtualPathWithPathInfo, String physicalPath, HttpResponse response)
   at System.Web.StaticFileHandler.ProcessRequestInternal(HttpContext context, String overrideVirtualPath)
   at System.Web.DefaultHttpHandler.BeginProcessRequest(HttpContext context, AsyncCallback callback, Object state)
   at System.Web.HttpApplication.CallHandlerExecutionStep.System.Web.HttpApplication.IExecutionStep.Execute()
   at System.Web.HttpApplication.ExecuteStep(IExecutionStep step, Boolean& completedSynchronously)
Category: General
Priority: -1
EventId: 0
Severity: Information
Title:
Machine: mshivjiani/IFW9WO-BDBCHA1
Application Domain: 380fcdc2-1-130619304586803391
Process Id: 3812
Process Name: C:\Program Files (x86)\Common Files\Microsoft Shared\DevServer\10.0\WebDev.WebServer40.exe
Win32 Thread Id: 10152
Thread Name: 
Extended Properties: 
----------------------------------------
----------------------------------------
Timestamp: 12/1/2014 1:16:40 PM
Message: System.Web.HttpException (0x80004005): File does not exist.
   at System.Web.StaticFileHandler.GetFileInfo(String virtualPathWithPathInfo, String physicalPath, HttpResponse response)
   at System.Web.StaticFileHandler.ProcessRequestInternal(HttpContext context, String overrideVirtualPath)
   at System.Web.DefaultHttpHandler.BeginProcessRequest(HttpContext context, AsyncCallback callback, Object state)
   at System.Web.HttpApplication.CallHandlerExecutionStep.System.Web.HttpApplication.IExecutionStep.Execute()
   at System.Web.HttpApplication.ExecuteStep(IExecutionStep step, Boolean& completedSynchronously)
Category: General
Priority: -1
EventId: 0
Severity: Information
Title:
Machine: mshivjiani/IFW9WO-BDBCHA1
Application Domain: 380fcdc2-1-130619304586803391
Process Id: 3812
Process Name: C:\Program Files (x86)\Common Files\Microsoft Shared\DevServer\10.0\WebDev.WebServer40.exe
Win32 Thread Id: 10152
Thread Name: 
Extended Properties: 
----------------------------------------
----------------------------------------
Timestamp: 12/1/2014 1:19:07 PM
Message: System.Web.HttpException (0x80004005): File does not exist.
   at System.Web.StaticFileHandler.GetFileInfo(String virtualPathWithPathInfo, String physicalPath, HttpResponse response)
   at System.Web.StaticFileHandler.ProcessRequestInternal(HttpContext context, String overrideVirtualPath)
   at System.Web.DefaultHttpHandler.BeginProcessRequest(HttpContext context, AsyncCallback callback, Object state)
   at System.Web.HttpApplication.CallHandlerExecutionStep.System.Web.HttpApplication.IExecutionStep.Execute()
   at System.Web.HttpApplication.ExecuteStep(IExecutionStep step, Boolean& completedSynchronously)
Category: General
Priority: -1
EventId: 0
Severity: Information
Title:
Machine: mshivjiani/IFW9WO-BDBCHA1
Application Domain: 380fcdc2-1-130619304586803391
Process Id: 3812
Process Name: C:\Program Files (x86)\Common Files\Microsoft Shared\DevServer\10.0\WebDev.WebServer40.exe
Win32 Thread Id: 10152
Thread Name: 
Extended Properties: 
----------------------------------------
----------------------------------------
Timestamp: 12/1/2014 1:19:08 PM
Message: System.Web.HttpException (0x80004005): File does not exist.
   at System.Web.StaticFileHandler.GetFileInfo(String virtualPathWithPathInfo, String physicalPath, HttpResponse response)
   at System.Web.StaticFileHandler.ProcessRequestInternal(HttpContext context, String overrideVirtualPath)
   at System.Web.DefaultHttpHandler.BeginProcessRequest(HttpContext context, AsyncCallback callback, Object state)
   at System.Web.HttpApplication.CallHandlerExecutionStep.System.Web.HttpApplication.IExecutionStep.Execute()
   at System.Web.HttpApplication.ExecuteStep(IExecutionStep step, Boolean& completedSynchronously)
Category: General
Priority: -1
EventId: 0
Severity: Information
Title:
Machine: mshivjiani/IFW9WO-BDBCHA1
Application Domain: 380fcdc2-1-130619304586803391
Process Id: 3812
Process Name: C:\Program Files (x86)\Common Files\Microsoft Shared\DevServer\10.0\WebDev.WebServer40.exe
Win32 Thread Id: 11720
Thread Name: 
Extended Properties: 
----------------------------------------
----------------------------------------
Timestamp: 12/1/2014 1:20:04 PM
Message: System.Web.HttpException (0x80004005): File does not exist.
   at System.Web.StaticFileHandler.GetFileInfo(String virtualPathWithPathInfo, String physicalPath, HttpResponse response)
   at System.Web.StaticFileHandler.ProcessRequestInternal(HttpContext context, String overrideVirtualPath)
   at System.Web.DefaultHttpHandler.BeginProcessRequest(HttpContext context, AsyncCallback callback, Object state)
   at System.Web.HttpApplication.CallHandlerExecutionStep.System.Web.HttpApplication.IExecutionStep.Execute()
   at System.Web.HttpApplication.ExecuteStep(IExecutionStep step, Boolean& completedSynchronously)
Category: General
Priority: -1
EventId: 0
Severity: Information
Title:
Machine: mshivjiani/IFW9WO-BDBCHA1
Application Domain: 380fcdc2-1-130619304586803391
Process Id: 3812
Process Name: C:\Program Files (x86)\Common Files\Microsoft Shared\DevServer\10.0\WebDev.WebServer40.exe
Win32 Thread Id: 11328
Thread Name: 
Extended Properties: 
----------------------------------------
----------------------------------------
Timestamp: 12/1/2014 1:20:04 PM
Message: System.Web.HttpException (0x80004005): File does not exist.
   at System.Web.StaticFileHandler.GetFileInfo(String virtualPathWithPathInfo, String physicalPath, HttpResponse response)
   at System.Web.StaticFileHandler.ProcessRequestInternal(HttpContext context, String overrideVirtualPath)
   at System.Web.DefaultHttpHandler.BeginProcessRequest(HttpContext context, AsyncCallback callback, Object state)
   at System.Web.HttpApplication.CallHandlerExecutionStep.System.Web.HttpApplication.IExecutionStep.Execute()
   at System.Web.HttpApplication.ExecuteStep(IExecutionStep step, Boolean& completedSynchronously)
Category: General
Priority: -1
EventId: 0
Severity: Information
Title:
Machine: mshivjiani/IFW9WO-BDBCHA1
Application Domain: 380fcdc2-1-130619304586803391
Process Id: 3812
Process Name: C:\Program Files (x86)\Common Files\Microsoft Shared\DevServer\10.0\WebDev.WebServer40.exe
Win32 Thread Id: 11328
Thread Name: 
Extended Properties: 
----------------------------------------
----------------------------------------
Timestamp: 12/1/2014 1:20:23 PM
Message: System.Web.HttpException (0x80004005): File does not exist.
   at System.Web.StaticFileHandler.GetFileInfo(String virtualPathWithPathInfo, String physicalPath, HttpResponse response)
   at System.Web.StaticFileHandler.ProcessRequestInternal(HttpContext context, String overrideVirtualPath)
   at System.Web.DefaultHttpHandler.BeginProcessRequest(HttpContext context, AsyncCallback callback, Object state)
   at System.Web.HttpApplication.CallHandlerExecutionStep.System.Web.HttpApplication.IExecutionStep.Execute()
   at System.Web.HttpApplication.ExecuteStep(IExecutionStep step, Boolean& completedSynchronously)
Category: General
Priority: -1
EventId: 0
Severity: Information
Title:
Machine: mshivjiani/IFW9WO-BDBCHA1
Application Domain: 380fcdc2-1-130619304586803391
Process Id: 3812
Process Name: C:\Program Files (x86)\Common Files\Microsoft Shared\DevServer\10.0\WebDev.WebServer40.exe
Win32 Thread Id: 1840
Thread Name: 
Extended Properties: 
----------------------------------------
----------------------------------------
Timestamp: 12/1/2014 1:20:24 PM
Message: System.Web.HttpException (0x80004005): File does not exist.
   at System.Web.StaticFileHandler.GetFileInfo(String virtualPathWithPathInfo, String physicalPath, HttpResponse response)
   at System.Web.StaticFileHandler.ProcessRequestInternal(HttpContext context, String overrideVirtualPath)
   at System.Web.DefaultHttpHandler.BeginProcessRequest(HttpContext context, AsyncCallback callback, Object state)
   at System.Web.HttpApplication.CallHandlerExecutionStep.System.Web.HttpApplication.IExecutionStep.Execute()
   at System.Web.HttpApplication.ExecuteStep(IExecutionStep step, Boolean& completedSynchronously)
Category: General
Priority: -1
EventId: 0
Severity: Information
Title:
Machine: mshivjiani/IFW9WO-BDBCHA1
Application Domain: 380fcdc2-1-130619304586803391
Process Id: 3812
Process Name: C:\Program Files (x86)\Common Files\Microsoft Shared\DevServer\10.0\WebDev.WebServer40.exe
Win32 Thread Id: 11184
Thread Name: 
Extended Properties: 
----------------------------------------
----------------------------------------
Timestamp: 12/1/2014 1:22:59 PM
Message: System.Web.HttpException (0x80004005): File does not exist.
   at System.Web.StaticFileHandler.GetFileInfo(String virtualPathWithPathInfo, String physicalPath, HttpResponse response)
   at System.Web.StaticFileHandler.ProcessRequestInternal(HttpContext context, String overrideVirtualPath)
   at System.Web.DefaultHttpHandler.BeginProcessRequest(HttpContext context, AsyncCallback callback, Object state)
   at System.Web.HttpApplication.CallHandlerExecutionStep.System.Web.HttpApplication.IExecutionStep.Execute()
   at System.Web.HttpApplication.ExecuteStep(IExecutionStep step, Boolean& completedSynchronously)
Category: General
Priority: -1
EventId: 0
Severity: Information
Title:
Machine: mshivjiani/IFW9WO-BDBCHA1
Application Domain: 380fcdc2-1-130619304586803391
Process Id: 3812
Process Name: C:\Program Files (x86)\Common Files\Microsoft Shared\DevServer\10.0\WebDev.WebServer40.exe
Win32 Thread Id: 1840
Thread Name: 
Extended Properties: 
----------------------------------------
----------------------------------------
Timestamp: 12/1/2014 1:23:09 PM
Message: System.Web.HttpException (0x80004005): File does not exist.
   at System.Web.StaticFileHandler.GetFileInfo(String virtualPathWithPathInfo, String physicalPath, HttpResponse response)
   at System.Web.StaticFileHandler.ProcessRequestInternal(HttpContext context, String overrideVirtualPath)
   at System.Web.DefaultHttpHandler.BeginProcessRequest(HttpContext context, AsyncCallback callback, Object state)
   at System.Web.HttpApplication.CallHandlerExecutionStep.System.Web.HttpApplication.IExecutionStep.Execute()
   at System.Web.HttpApplication.ExecuteStep(IExecutionStep step, Boolean& completedSynchronously)
Category: General
Priority: -1
EventId: 0
Severity: Information
Title:
Machine: mshivjiani/IFW9WO-BDBCHA1
Application Domain: 380fcdc2-1-130619304586803391
Process Id: 3812
Process Name: C:\Program Files (x86)\Common Files\Microsoft Shared\DevServer\10.0\WebDev.WebServer40.exe
Win32 Thread Id: 4076
Thread Name: 
Extended Properties: 
----------------------------------------
----------------------------------------
Timestamp: 12/1/2014 1:23:11 PM
Message: System.Web.HttpException (0x80004005): File does not exist.
   at System.Web.StaticFileHandler.GetFileInfo(String virtualPathWithPathInfo, String physicalPath, HttpResponse response)
   at System.Web.StaticFileHandler.ProcessRequestInternal(HttpContext context, String overrideVirtualPath)
   at System.Web.DefaultHttpHandler.BeginProcessRequest(HttpContext context, AsyncCallback callback, Object state)
   at System.Web.HttpApplication.CallHandlerExecutionStep.System.Web.HttpApplication.IExecutionStep.Execute()
   at System.Web.HttpApplication.ExecuteStep(IExecutionStep step, Boolean& completedSynchronously)
Category: General
Priority: -1
EventId: 0
Severity: Information
Title:
Machine: mshivjiani/IFW9WO-BDBCHA1
Application Domain: 380fcdc2-1-130619304586803391
Process Id: 3812
Process Name: C:\Program Files (x86)\Common Files\Microsoft Shared\DevServer\10.0\WebDev.WebServer40.exe
Win32 Thread Id: 10384
Thread Name: 
Extended Properties: 
----------------------------------------
----------------------------------------
Timestamp: 12/1/2014 1:23:12 PM
Message: System.Web.HttpException (0x80004005): File does not exist.
   at System.Web.StaticFileHandler.GetFileInfo(String virtualPathWithPathInfo, String physicalPath, HttpResponse response)
   at System.Web.StaticFileHandler.ProcessRequestInternal(HttpContext context, String overrideVirtualPath)
   at System.Web.DefaultHttpHandler.BeginProcessRequest(HttpContext context, AsyncCallback callback, Object state)
   at System.Web.HttpApplication.CallHandlerExecutionStep.System.Web.HttpApplication.IExecutionStep.Execute()
   at System.Web.HttpApplication.ExecuteStep(IExecutionStep step, Boolean& completedSynchronously)
Category: General
Priority: -1
EventId: 0
Severity: Information
Title:
Machine: mshivjiani/IFW9WO-BDBCHA1
Application Domain: 380fcdc2-1-130619304586803391
Process Id: 3812
Process Name: C:\Program Files (x86)\Common Files\Microsoft Shared\DevServer\10.0\WebDev.WebServer40.exe
Win32 Thread Id: 9500
Thread Name: 
Extended Properties: 
----------------------------------------
----------------------------------------
Timestamp: 12/1/2014 1:23:55 PM
Message: System.Web.HttpException (0x80004005): File does not exist.
   at System.Web.StaticFileHandler.GetFileInfo(String virtualPathWithPathInfo, String physicalPath, HttpResponse response)
   at System.Web.StaticFileHandler.ProcessRequestInternal(HttpContext context, String overrideVirtualPath)
   at System.Web.DefaultHttpHandler.BeginProcessRequest(HttpContext context, AsyncCallback callback, Object state)
   at System.Web.HttpApplication.CallHandlerExecutionStep.System.Web.HttpApplication.IExecutionStep.Execute()
   at System.Web.HttpApplication.ExecuteStep(IExecutionStep step, Boolean& completedSynchronously)
Category: General
Priority: -1
EventId: 0
Severity: Information
Title:
Machine: mshivjiani/IFW9WO-BDBCHA1
Application Domain: 380fcdc2-1-130619304586803391
Process Id: 3812
Process Name: C:\Program Files (x86)\Common Files\Microsoft Shared\DevServer\10.0\WebDev.WebServer40.exe
Win32 Thread Id: 9500
Thread Name: 
Extended Properties: 
----------------------------------------
----------------------------------------
Timestamp: 12/1/2014 1:23:55 PM
Message: System.Web.HttpException (0x80004005): File does not exist.
   at System.Web.StaticFileHandler.GetFileInfo(String virtualPathWithPathInfo, String physicalPath, HttpResponse response)
   at System.Web.StaticFileHandler.ProcessRequestInternal(HttpContext context, String overrideVirtualPath)
   at System.Web.DefaultHttpHandler.BeginProcessRequest(HttpContext context, AsyncCallback callback, Object state)
   at System.Web.HttpApplication.CallHandlerExecutionStep.System.Web.HttpApplication.IExecutionStep.Execute()
   at System.Web.HttpApplication.ExecuteStep(IExecutionStep step, Boolean& completedSynchronously)
Category: General
Priority: -1
EventId: 0
Severity: Information
Title:
Machine: mshivjiani/IFW9WO-BDBCHA1
Application Domain: 380fcdc2-1-130619304586803391
Process Id: 3812
Process Name: C:\Program Files (x86)\Common Files\Microsoft Shared\DevServer\10.0\WebDev.WebServer40.exe
Win32 Thread Id: 10196
Thread Name: 
Extended Properties: 
----------------------------------------
----------------------------------------
Timestamp: 12/1/2014 1:24:35 PM
Message: System.Web.HttpException (0x80004005): File does not exist.
   at System.Web.StaticFileHandler.GetFileInfo(String virtualPathWithPathInfo, String physicalPath, HttpResponse response)
   at System.Web.StaticFileHandler.ProcessRequestInternal(HttpContext context, String overrideVirtualPath)
   at System.Web.DefaultHttpHandler.BeginProcessRequest(HttpContext context, AsyncCallback callback, Object state)
   at System.Web.HttpApplication.CallHandlerExecutionStep.System.Web.HttpApplication.IExecutionStep.Execute()
   at System.Web.HttpApplication.ExecuteStep(IExecutionStep step, Boolean& completedSynchronously)
Category: General
Priority: -1
EventId: 0
Severity: Information
Title:
Machine: mshivjiani/IFW9WO-BDBCHA1
Application Domain: 380fcdc2-1-130619304586803391
Process Id: 3812
Process Name: C:\Program Files (x86)\Common Files\Microsoft Shared\DevServer\10.0\WebDev.WebServer40.exe
Win32 Thread Id: 10384
Thread Name: 
Extended Properties: 
----------------------------------------
----------------------------------------
Timestamp: 12/1/2014 1:24:48 PM
Message: System.Web.HttpException (0x80004005): File does not exist.
   at System.Web.StaticFileHandler.GetFileInfo(String virtualPathWithPathInfo, String physicalPath, HttpResponse response)
   at System.Web.StaticFileHandler.ProcessRequestInternal(HttpContext context, String overrideVirtualPath)
   at System.Web.DefaultHttpHandler.BeginProcessRequest(HttpContext context, AsyncCallback callback, Object state)
   at System.Web.HttpApplication.CallHandlerExecutionStep.System.Web.HttpApplication.IExecutionStep.Execute()
   at System.Web.HttpApplication.ExecuteStep(IExecutionStep step, Boolean& completedSynchronously)
Category: General
Priority: -1
EventId: 0
Severity: Information
Title:
Machine: mshivjiani/IFW9WO-BDBCHA1
Application Domain: 380fcdc2-1-130619304586803391
Process Id: 3812
Process Name: C:\Program Files (x86)\Common Files\Microsoft Shared\DevServer\10.0\WebDev.WebServer40.exe
Win32 Thread Id: 452
Thread Name: 
Extended Properties: 
----------------------------------------
----------------------------------------
Timestamp: 12/1/2014 1:25:00 PM
Message: System.Web.HttpException (0x80004005): File does not exist.
   at System.Web.StaticFileHandler.GetFileInfo(String virtualPathWithPathInfo, String physicalPath, HttpResponse response)
   at System.Web.StaticFileHandler.ProcessRequestInternal(HttpContext context, String overrideVirtualPath)
   at System.Web.DefaultHttpHandler.BeginProcessRequest(HttpContext context, AsyncCallback callback, Object state)
   at System.Web.HttpApplication.CallHandlerExecutionStep.System.Web.HttpApplication.IExecutionStep.Execute()
   at System.Web.HttpApplication.ExecuteStep(IExecutionStep step, Boolean& completedSynchronously)
Category: General
Priority: -1
EventId: 0
Severity: Information
Title:
Machine: mshivjiani/IFW9WO-BDBCHA1
Application Domain: 380fcdc2-1-130619304586803391
Process Id: 3812
Process Name: C:\Program Files (x86)\Common Files\Microsoft Shared\DevServer\10.0\WebDev.WebServer40.exe
Win32 Thread Id: 1840
Thread Name: 
Extended Properties: 
----------------------------------------
----------------------------------------
Timestamp: 12/1/2014 1:25:10 PM
Message: System.Web.HttpException (0x80004005): File does not exist.
   at System.Web.StaticFileHandler.GetFileInfo(String virtualPathWithPathInfo, String physicalPath, HttpResponse response)
   at System.Web.StaticFileHandler.ProcessRequestInternal(HttpContext context, String overrideVirtualPath)
   at System.Web.DefaultHttpHandler.BeginProcessRequest(HttpContext context, AsyncCallback callback, Object state)
   at System.Web.HttpApplication.CallHandlerExecutionStep.System.Web.HttpApplication.IExecutionStep.Execute()
   at System.Web.HttpApplication.ExecuteStep(IExecutionStep step, Boolean& completedSynchronously)
Category: General
Priority: -1
EventId: 0
Severity: Information
Title:
Machine: mshivjiani/IFW9WO-BDBCHA1
Application Domain: 380fcdc2-1-130619304586803391
Process Id: 3812
Process Name: C:\Program Files (x86)\Common Files\Microsoft Shared\DevServer\10.0\WebDev.WebServer40.exe
Win32 Thread Id: 452
Thread Name: 
Extended Properties: 
----------------------------------------
----------------------------------------
Timestamp: 12/1/2014 1:25:11 PM
Message: System.Web.HttpException (0x80004005): File does not exist.
   at System.Web.StaticFileHandler.GetFileInfo(String virtualPathWithPathInfo, String physicalPath, HttpResponse response)
   at System.Web.StaticFileHandler.ProcessRequestInternal(HttpContext context, String overrideVirtualPath)
   at System.Web.DefaultHttpHandler.BeginProcessRequest(HttpContext context, AsyncCallback callback, Object state)
   at System.Web.HttpApplication.CallHandlerExecutionStep.System.Web.HttpApplication.IExecutionStep.Execute()
   at System.Web.HttpApplication.ExecuteStep(IExecutionStep step, Boolean& completedSynchronously)
Category: General
Priority: -1
EventId: 0
Severity: Information
Title:
Machine: mshivjiani/IFW9WO-BDBCHA1
Application Domain: 380fcdc2-1-130619304586803391
Process Id: 3812
Process Name: C:\Program Files (x86)\Common Files\Microsoft Shared\DevServer\10.0\WebDev.WebServer40.exe
Win32 Thread Id: 1840
Thread Name: 
Extended Properties: 
----------------------------------------
----------------------------------------
Timestamp: 12/1/2014 1:25:33 PM
Message: System.Web.HttpException (0x80004005): File does not exist.
   at System.Web.StaticFileHandler.GetFileInfo(String virtualPathWithPathInfo, String physicalPath, HttpResponse response)
   at System.Web.StaticFileHandler.ProcessRequestInternal(HttpContext context, String overrideVirtualPath)
   at System.Web.DefaultHttpHandler.BeginProcessRequest(HttpContext context, AsyncCallback callback, Object state)
   at System.Web.HttpApplication.CallHandlerExecutionStep.System.Web.HttpApplication.IExecutionStep.Execute()
   at System.Web.HttpApplication.ExecuteStep(IExecutionStep step, Boolean& completedSynchronously)
Category: General
Priority: -1
EventId: 0
Severity: Information
Title:
Machine: mshivjiani/IFW9WO-BDBCHA1
Application Domain: 380fcdc2-1-130619304586803391
Process Id: 3812
Process Name: C:\Program Files (x86)\Common Files\Microsoft Shared\DevServer\10.0\WebDev.WebServer40.exe
Win32 Thread Id: 452
Thread Name: 
Extended Properties: 
----------------------------------------
----------------------------------------
Timestamp: 12/1/2014 1:25:33 PM
Message: System.Web.HttpException (0x80004005): File does not exist.
   at System.Web.StaticFileHandler.GetFileInfo(String virtualPathWithPathInfo, String physicalPath, HttpResponse response)
   at System.Web.StaticFileHandler.ProcessRequestInternal(HttpContext context, String overrideVirtualPath)
   at System.Web.DefaultHttpHandler.BeginProcessRequest(HttpContext context, AsyncCallback callback, Object state)
   at System.Web.HttpApplication.CallHandlerExecutionStep.System.Web.HttpApplication.IExecutionStep.Execute()
   at System.Web.HttpApplication.ExecuteStep(IExecutionStep step, Boolean& completedSynchronously)
Category: General
Priority: -1
EventId: 0
Severity: Information
Title:
Machine: mshivjiani/IFW9WO-BDBCHA1
Application Domain: 380fcdc2-1-130619304586803391
Process Id: 3812
Process Name: C:\Program Files (x86)\Common Files\Microsoft Shared\DevServer\10.0\WebDev.WebServer40.exe
Win32 Thread Id: 11180
Thread Name: 
Extended Properties: 
----------------------------------------
----------------------------------------
Timestamp: 12/1/2014 1:29:35 PM
Message: System.Web.HttpException (0x80004005): File does not exist.
   at System.Web.StaticFileHandler.GetFileInfo(String virtualPathWithPathInfo, String physicalPath, HttpResponse response)
   at System.Web.StaticFileHandler.ProcessRequestInternal(HttpContext context, String overrideVirtualPath)
   at System.Web.DefaultHttpHandler.BeginProcessRequest(HttpContext context, AsyncCallback callback, Object state)
   at System.Web.HttpApplication.CallHandlerExecutionStep.System.Web.HttpApplication.IExecutionStep.Execute()
   at System.Web.HttpApplication.ExecuteStep(IExecutionStep step, Boolean& completedSynchronously)
Category: General
Priority: -1
EventId: 0
Severity: Information
Title:
Machine: mshivjiani/IFW9WO-BDBCHA1
Application Domain: 380fcdc2-1-130619304586803391
Process Id: 3812
Process Name: C:\Program Files (x86)\Common Files\Microsoft Shared\DevServer\10.0\WebDev.WebServer40.exe
Win32 Thread Id: 4388
Thread Name: 
Extended Properties: 
----------------------------------------
----------------------------------------
Timestamp: 12/1/2014 1:29:35 PM
Message: System.Web.HttpException (0x80004005): File does not exist.
   at System.Web.StaticFileHandler.GetFileInfo(String virtualPathWithPathInfo, String physicalPath, HttpResponse response)
   at System.Web.StaticFileHandler.ProcessRequestInternal(HttpContext context, String overrideVirtualPath)
   at System.Web.DefaultHttpHandler.BeginProcessRequest(HttpContext context, AsyncCallback callback, Object state)
   at System.Web.HttpApplication.CallHandlerExecutionStep.System.Web.HttpApplication.IExecutionStep.Execute()
   at System.Web.HttpApplication.ExecuteStep(IExecutionStep step, Boolean& completedSynchronously)
Category: General
Priority: -1
EventId: 0
Severity: Information
Title:
Machine: mshivjiani/IFW9WO-BDBCHA1
Application Domain: 380fcdc2-1-130619304586803391
Process Id: 3812
Process Name: C:\Program Files (x86)\Common Files\Microsoft Shared\DevServer\10.0\WebDev.WebServer40.exe
Win32 Thread Id: 11180
Thread Name: 
Extended Properties: 
----------------------------------------
----------------------------------------
Timestamp: 12/1/2014 1:29:59 PM
Message: System.Web.HttpException (0x80004005): File does not exist.
   at System.Web.StaticFileHandler.GetFileInfo(String virtualPathWithPathInfo, String physicalPath, HttpResponse response)
   at System.Web.StaticFileHandler.ProcessRequestInternal(HttpContext context, String overrideVirtualPath)
   at System.Web.DefaultHttpHandler.BeginProcessRequest(HttpContext context, AsyncCallback callback, Object state)
   at System.Web.HttpApplication.CallHandlerExecutionStep.System.Web.HttpApplication.IExecutionStep.Execute()
   at System.Web.HttpApplication.ExecuteStep(IExecutionStep step, Boolean& completedSynchronously)
Category: General
Priority: -1
EventId: 0
Severity: Information
Title:
Machine: mshivjiani/IFW9WO-BDBCHA1
Application Domain: 380fcdc2-1-130619304586803391
Process Id: 3812
Process Name: C:\Program Files (x86)\Common Files\Microsoft Shared\DevServer\10.0\WebDev.WebServer40.exe
Win32 Thread Id: 9136
Thread Name: 
Extended Properties: 
----------------------------------------
----------------------------------------
Timestamp: 12/1/2014 1:29:59 PM
Message: System.Web.HttpException (0x80004005): File does not exist.
   at System.Web.StaticFileHandler.GetFileInfo(String virtualPathWithPathInfo, String physicalPath, HttpResponse response)
   at System.Web.StaticFileHandler.ProcessRequestInternal(HttpContext context, String overrideVirtualPath)
   at System.Web.DefaultHttpHandler.BeginProcessRequest(HttpContext context, AsyncCallback callback, Object state)
   at System.Web.HttpApplication.CallHandlerExecutionStep.System.Web.HttpApplication.IExecutionStep.Execute()
   at System.Web.HttpApplication.ExecuteStep(IExecutionStep step, Boolean& completedSynchronously)
Category: General
Priority: -1
EventId: 0
Severity: Information
Title:
Machine: mshivjiani/IFW9WO-BDBCHA1
Application Domain: 380fcdc2-1-130619304586803391
Process Id: 3812
Process Name: C:\Program Files (x86)\Common Files\Microsoft Shared\DevServer\10.0\WebDev.WebServer40.exe
Win32 Thread Id: 5060
Thread Name: 
Extended Properties: 
----------------------------------------
----------------------------------------
Timestamp: 12/1/2014 1:30:06 PM
Message: System.Web.HttpException (0x80004005): File does not exist.
   at System.Web.StaticFileHandler.GetFileInfo(String virtualPathWithPathInfo, String physicalPath, HttpResponse response)
   at System.Web.StaticFileHandler.ProcessRequestInternal(HttpContext context, String overrideVirtualPath)
   at System.Web.DefaultHttpHandler.BeginProcessRequest(HttpContext context, AsyncCallback callback, Object state)
   at System.Web.HttpApplication.CallHandlerExecutionStep.System.Web.HttpApplication.IExecutionStep.Execute()
   at System.Web.HttpApplication.ExecuteStep(IExecutionStep step, Boolean& completedSynchronously)
Category: General
Priority: -1
EventId: 0
Severity: Information
Title:
Machine: mshivjiani/IFW9WO-BDBCHA1
Application Domain: 380fcdc2-1-130619304586803391
Process Id: 3812
Process Name: C:\Program Files (x86)\Common Files\Microsoft Shared\DevServer\10.0\WebDev.WebServer40.exe
Win32 Thread Id: 9136
Thread Name: 
Extended Properties: 
----------------------------------------
----------------------------------------
Timestamp: 12/1/2014 1:30:07 PM
Message: System.Web.HttpException (0x80004005): File does not exist.
   at System.Web.StaticFileHandler.GetFileInfo(String virtualPathWithPathInfo, String physicalPath, HttpResponse response)
   at System.Web.StaticFileHandler.ProcessRequestInternal(HttpContext context, String overrideVirtualPath)
   at System.Web.DefaultHttpHandler.BeginProcessRequest(HttpContext context, AsyncCallback callback, Object state)
   at System.Web.HttpApplication.CallHandlerExecutionStep.System.Web.HttpApplication.IExecutionStep.Execute()
   at System.Web.HttpApplication.ExecuteStep(IExecutionStep step, Boolean& completedSynchronously)
Category: General
Priority: -1
EventId: 0
Severity: Information
Title:
Machine: mshivjiani/IFW9WO-BDBCHA1
Application Domain: 380fcdc2-1-130619304586803391
Process Id: 3812
Process Name: C:\Program Files (x86)\Common Files\Microsoft Shared\DevServer\10.0\WebDev.WebServer40.exe
Win32 Thread Id: 10100
Thread Name: 
Extended Properties: 
----------------------------------------
----------------------------------------
Timestamp: 12/1/2014 1:30:42 PM
Message: System.Web.HttpException (0x80004005): File does not exist.
   at System.Web.StaticFileHandler.GetFileInfo(String virtualPathWithPathInfo, String physicalPath, HttpResponse response)
   at System.Web.StaticFileHandler.ProcessRequestInternal(HttpContext context, String overrideVirtualPath)
   at System.Web.DefaultHttpHandler.BeginProcessRequest(HttpContext context, AsyncCallback callback, Object state)
   at System.Web.HttpApplication.CallHandlerExecutionStep.System.Web.HttpApplication.IExecutionStep.Execute()
   at System.Web.HttpApplication.ExecuteStep(IExecutionStep step, Boolean& completedSynchronously)
Category: General
Priority: -1
EventId: 0
Severity: Information
Title:
Machine: mshivjiani/IFW9WO-BDBCHA1
Application Domain: 380fcdc2-1-130619304586803391
Process Id: 3812
Process Name: C:\Program Files (x86)\Common Files\Microsoft Shared\DevServer\10.0\WebDev.WebServer40.exe
Win32 Thread Id: 5112
Thread Name: 
Extended Properties: 
----------------------------------------
----------------------------------------
Timestamp: 12/1/2014 1:30:42 PM
Message: System.Web.HttpException (0x80004005): File does not exist.
   at System.Web.StaticFileHandler.GetFileInfo(String virtualPathWithPathInfo, String physicalPath, HttpResponse response)
   at System.Web.StaticFileHandler.ProcessRequestInternal(HttpContext context, String overrideVirtualPath)
   at System.Web.DefaultHttpHandler.BeginProcessRequest(HttpContext context, AsyncCallback callback, Object state)
   at System.Web.HttpApplication.CallHandlerExecutionStep.System.Web.HttpApplication.IExecutionStep.Execute()
   at System.Web.HttpApplication.ExecuteStep(IExecutionStep step, Boolean& completedSynchronously)
Category: General
Priority: -1
EventId: 0
Severity: Information
Title:
Machine: mshivjiani/IFW9WO-BDBCHA1
Application Domain: 380fcdc2-1-130619304586803391
Process Id: 3812
Process Name: C:\Program Files (x86)\Common Files\Microsoft Shared\DevServer\10.0\WebDev.WebServer40.exe
Win32 Thread Id: 9136
Thread Name: 
Extended Properties: 
----------------------------------------
----------------------------------------
Timestamp: 12/1/2014 1:31:52 PM
Message: System.Web.HttpException (0x80004005): File does not exist.
   at System.Web.StaticFileHandler.GetFileInfo(String virtualPathWithPathInfo, String physicalPath, HttpResponse response)
   at System.Web.StaticFileHandler.ProcessRequestInternal(HttpContext context, String overrideVirtualPath)
   at System.Web.DefaultHttpHandler.BeginProcessRequest(HttpContext context, AsyncCallback callback, Object state)
   at System.Web.HttpApplication.CallHandlerExecutionStep.System.Web.HttpApplication.IExecutionStep.Execute()
   at System.Web.HttpApplication.ExecuteStep(IExecutionStep step, Boolean& completedSynchronously)
Category: General
Priority: -1
EventId: 0
Severity: Information
Title:
Machine: mshivjiani/IFW9WO-BDBCHA1
Application Domain: 380fcdc2-1-130619304586803391
Process Id: 3812
Process Name: C:\Program Files (x86)\Common Files\Microsoft Shared\DevServer\10.0\WebDev.WebServer40.exe
Win32 Thread Id: 11180
Thread Name: 
Extended Properties: 
----------------------------------------
----------------------------------------
Timestamp: 12/1/2014 1:31:53 PM
Message: System.Web.HttpException (0x80004005): File does not exist.
   at System.Web.StaticFileHandler.GetFileInfo(String virtualPathWithPathInfo, String physicalPath, HttpResponse response)
   at System.Web.StaticFileHandler.ProcessRequestInternal(HttpContext context, String overrideVirtualPath)
   at System.Web.DefaultHttpHandler.BeginProcessRequest(HttpContext context, AsyncCallback callback, Object state)
   at System.Web.HttpApplication.CallHandlerExecutionStep.System.Web.HttpApplication.IExecutionStep.Execute()
   at System.Web.HttpApplication.ExecuteStep(IExecutionStep step, Boolean& completedSynchronously)
Category: General
Priority: -1
EventId: 0
Severity: Information
Title:
Machine: mshivjiani/IFW9WO-BDBCHA1
Application Domain: 380fcdc2-1-130619304586803391
Process Id: 3812
Process Name: C:\Program Files (x86)\Common Files\Microsoft Shared\DevServer\10.0\WebDev.WebServer40.exe
Win32 Thread Id: 11180
Thread Name: 
Extended Properties: 
----------------------------------------
----------------------------------------
Timestamp: 12/1/2014 1:32:07 PM
Message: System.Web.HttpException (0x80004005): File does not exist.
   at System.Web.StaticFileHandler.GetFileInfo(String virtualPathWithPathInfo, String physicalPath, HttpResponse response)
   at System.Web.StaticFileHandler.ProcessRequestInternal(HttpContext context, String overrideVirtualPath)
   at System.Web.DefaultHttpHandler.BeginProcessRequest(HttpContext context, AsyncCallback callback, Object state)
   at System.Web.HttpApplication.CallHandlerExecutionStep.System.Web.HttpApplication.IExecutionStep.Execute()
   at System.Web.HttpApplication.ExecuteStep(IExecutionStep step, Boolean& completedSynchronously)
Category: General
Priority: -1
EventId: 0
Severity: Information
Title:
Machine: mshivjiani/IFW9WO-BDBCHA1
Application Domain: 380fcdc2-1-130619304586803391
Process Id: 3812
Process Name: C:\Program Files (x86)\Common Files\Microsoft Shared\DevServer\10.0\WebDev.WebServer40.exe
Win32 Thread Id: 10100
Thread Name: 
Extended Properties: 
----------------------------------------
----------------------------------------
Timestamp: 12/1/2014 1:32:16 PM
Message: System.Web.HttpException (0x80004005): File does not exist.
   at System.Web.StaticFileHandler.GetFileInfo(String virtualPathWithPathInfo, String physicalPath, HttpResponse response)
   at System.Web.StaticFileHandler.ProcessRequestInternal(HttpContext context, String overrideVirtualPath)
   at System.Web.DefaultHttpHandler.BeginProcessRequest(HttpContext context, AsyncCallback callback, Object state)
   at System.Web.HttpApplication.CallHandlerExecutionStep.System.Web.HttpApplication.IExecutionStep.Execute()
   at System.Web.HttpApplication.ExecuteStep(IExecutionStep step, Boolean& completedSynchronously)
Category: General
Priority: -1
EventId: 0
Severity: Information
Title:
Machine: mshivjiani/IFW9WO-BDBCHA1
Application Domain: 380fcdc2-1-130619304586803391
Process Id: 3812
Process Name: C:\Program Files (x86)\Common Files\Microsoft Shared\DevServer\10.0\WebDev.WebServer40.exe
Win32 Thread Id: 10100
Thread Name: 
Extended Properties: 
----------------------------------------
----------------------------------------
Timestamp: 12/1/2014 1:32:49 PM
Message: System.Web.HttpException (0x80004005): File does not exist.
   at System.Web.StaticFileHandler.GetFileInfo(String virtualPathWithPathInfo, String physicalPath, HttpResponse response)
   at System.Web.StaticFileHandler.ProcessRequestInternal(HttpContext context, String overrideVirtualPath)
   at System.Web.DefaultHttpHandler.BeginProcessRequest(HttpContext context, AsyncCallback callback, Object state)
   at System.Web.HttpApplication.CallHandlerExecutionStep.System.Web.HttpApplication.IExecutionStep.Execute()
   at System.Web.HttpApplication.ExecuteStep(IExecutionStep step, Boolean& completedSynchronously)
Category: General
Priority: -1
EventId: 0
Severity: Information
Title:
Machine: mshivjiani/IFW9WO-BDBCHA1
Application Domain: 380fcdc2-1-130619304586803391
Process Id: 3812
Process Name: C:\Program Files (x86)\Common Files\Microsoft Shared\DevServer\10.0\WebDev.WebServer40.exe
Win32 Thread Id: 10100
Thread Name: 
Extended Properties: 
----------------------------------------
----------------------------------------
Timestamp: 12/1/2014 1:33:11 PM
Message: System.Web.HttpException (0x80004005): File does not exist.
   at System.Web.StaticFileHandler.GetFileInfo(String virtualPathWithPathInfo, String physicalPath, HttpResponse response)
   at System.Web.StaticFileHandler.ProcessRequestInternal(HttpContext context, String overrideVirtualPath)
   at System.Web.DefaultHttpHandler.BeginProcessRequest(HttpContext context, AsyncCallback callback, Object state)
   at System.Web.HttpApplication.CallHandlerExecutionStep.System.Web.HttpApplication.IExecutionStep.Execute()
   at System.Web.HttpApplication.ExecuteStep(IExecutionStep step, Boolean& completedSynchronously)
Category: General
Priority: -1
EventId: 0
Severity: Information
Title:
Machine: mshivjiani/IFW9WO-BDBCHA1
Application Domain: 380fcdc2-1-130619304586803391
Process Id: 3812
Process Name: C:\Program Files (x86)\Common Files\Microsoft Shared\DevServer\10.0\WebDev.WebServer40.exe
Win32 Thread Id: 9876
Thread Name: 
Extended Properties: 
----------------------------------------
----------------------------------------
Timestamp: 12/1/2014 1:34:19 PM
Message: System.Web.HttpException (0x80004005): File does not exist.
   at System.Web.StaticFileHandler.GetFileInfo(String virtualPathWithPathInfo, String physicalPath, HttpResponse response)
   at System.Web.StaticFileHandler.ProcessRequestInternal(HttpContext context, String overrideVirtualPath)
   at System.Web.DefaultHttpHandler.BeginProcessRequest(HttpContext context, AsyncCallback callback, Object state)
   at System.Web.HttpApplication.CallHandlerExecutionStep.System.Web.HttpApplication.IExecutionStep.Execute()
   at System.Web.HttpApplication.ExecuteStep(IExecutionStep step, Boolean& completedSynchronously)
Category: General
Priority: -1
EventId: 0
Severity: Information
Title:
Machine: mshivjiani/IFW9WO-BDBCHA1
Application Domain: 380fcdc2-1-130619304586803391
Process Id: 3812
Process Name: C:\Program Files (x86)\Common Files\Microsoft Shared\DevServer\10.0\WebDev.WebServer40.exe
Win32 Thread Id: 11180
Thread Name: 
Extended Properties: 
----------------------------------------
----------------------------------------
Timestamp: 12/1/2014 1:36:53 PM
Message: System.IO.FileLoadException: Could not load file or assembly 'Microsoft.Practices.EnterpriseLibrary.Configuration.Design, Version=4.1.0.0, Culture=neutral, PublicKeyToken=31bf3856ad364e35' or one of its dependencies. The located assembly's manifest definition does not match the assembly reference. (Exception from HRESULT: 0x80131040)
File name: 'Microsoft.Practices.EnterpriseLibrary.Configuration.Design, Version=4.1.0.0, Culture=neutral, PublicKeyToken=31bf3856ad364e35'
   at System.ModuleHandle.ResolveType(RuntimeModule module, Int32 typeToken, IntPtr* typeInstArgs, Int32 typeInstCount, IntPtr* methodInstArgs, Int32 methodInstCount, ObjectHandleOnStack type)
   at System.ModuleHandle.ResolveTypeHandleInternal(RuntimeModule module, Int32 typeToken, RuntimeTypeHandle[] typeInstantiationContext, RuntimeTypeHandle[] methodInstantiationContext)
   at System.Reflection.RuntimeModule.ResolveType(Int32 metadataToken, Type[] genericTypeArguments, Type[] genericMethodArguments)
   at System.Reflection.CustomAttribute.FilterCustomAttributeRecord(CustomAttributeRecord caRecord, MetadataImport scope, Assembly& lastAptcaOkAssembly, RuntimeModule decoratedModule, MetadataToken decoratedToken, RuntimeType attributeFilterType, Boolean mustBeInheritable, Object[] attributes, IList derivedAttributes, RuntimeType& attributeType, IRuntimeMethodInfo& ctor, Boolean& ctorHasParameters, Boolean& isVarArg)
   at System.Reflection.CustomAttribute.GetCustomAttributes(RuntimeModule decoratedModule, Int32 decoratedMetadataToken, Int32 pcaCount, RuntimeType attributeFilterType, Boolean mustBeInheritable, IList derivedAttributes, Boolean isDecoratedTargetSecurityTransparent)
   at System.Reflection.CustomAttribute.GetCustomAttributes(RuntimeAssembly assembly, RuntimeType caType)
   at System.Reflection.RuntimeAssembly.GetCustomAttributes(Boolean inherit)
   at System.Web.UI.AssemblyCache.GetAjaxFrameworkAssemblyAttribute(Assembly assembly)
   at System.Web.UI.ScriptManager.get_DefaultAjaxFrameworkAssembly()
   at System.Web.UI.ScriptManager..ctor()
   at ASP.orgchartmaster_master.__BuildControlScriptManager1() in c:\HCMS\HCMS.OrgChart\OrgChartMaster.Master:line 51
   at ASP.orgchartmaster_master.__BuildControlform1() in c:\HCMS\HCMS.OrgChart\OrgChartMaster.Master:line 50
   at ASP.orgchartmaster_master.__BuildControlTree(orgchartmaster_master __ctrl) in c:\HCMS\HCMS.OrgChart\OrgChartMaster.Master:line 1
   at ASP.orgchartmaster_master.FrameworkInitialize() in c:\Users\mshivjiani\AppData\Local\Temp\1\Temporary ASP.NET Files\root\0a4a827e\73f761a\App_Web_ffyw4ndc.1.cs:line 0
   at System.Web.UI.UserControl.InitializeAsUserControlInternal()
   at System.Web.UI.MasterPage.CreateMaster(TemplateControl owner, HttpContext context, VirtualPath masterPageFile, IDictionary contentTemplateCollection)
   at System.Web.UI.Page.get_Master()
   at System.Web.UI.Page.ApplyMasterPage()
   at System.Web.UI.Page.PerformPreInit()
   at System.Web.UI.Page.ProcessRequestMain(Boolean includeStagesBeforeAsyncPoint, Boolean includeStagesAfterAsyncPoint)

=== Pre-bind state information ===
LOG: User = IFW\mshivjiani
LOG: DisplayName = Microsoft.Practices.EnterpriseLibrary.Configuration.Design, Version=4.1.0.0, Culture=neutral, PublicKeyToken=31bf3856ad364e35
 (Fully-specified)
LOG: Appbase = file:///C:/HCMS/HCMS.OrgChart/
LOG: Initial PrivatePath = C:\HCMS\HCMS.OrgChart\bin
Calling assembly : Microsoft.Practices.EnterpriseLibrary.ExceptionHandling.Configuration.Design, Version=4.1.0.0, Culture=neutral, PublicKeyToken=31bf3856ad364e35.
===
LOG: This bind starts in default load context.
LOG: Using application configuration file: C:\HCMS\HCMS.OrgChart\web.config
LOG: Using host configuration file: 
LOG: Using machine configuration file from C:\Windows\Microsoft.NET\Framework\v4.0.30319\config\machine.config.
LOG: Post-policy reference: Microsoft.Practices.EnterpriseLibrary.Configuration.Design, Version=4.1.0.0, Culture=neutral, PublicKeyToken=31bf3856ad364e35
LOG: Attempting download of new URL file:///C:/Users/mshivjiani/AppData/Local/Temp/1/Temporary ASP.NET Files/root/0a4a827e/73f761a/Microsoft.Practices.EnterpriseLibrary.Configuration.Design.DLL.
LOG: Attempting download of new URL file:///C:/Users/mshivjiani/AppData/Local/Temp/1/Temporary ASP.NET Files/root/0a4a827e/73f761a/Microsoft.Practices.EnterpriseLibrary.Configuration.Design/Microsoft.Practices.EnterpriseLibrary.Configuration.Design.DLL.
LOG: Attempting download of new URL file:///C:/HCMS/HCMS.OrgChart/bin/Microsoft.Practices.EnterpriseLibrary.Configuration.Design.DLL.
WRN: Comparing the assembly name resulted in the mismatch: PUBLIC KEY TOKEN
ERR: Failed to complete setup of assembly (hr = 0x80131040). Probing terminated.

Category: General
Priority: -1
EventId: 0
Severity: Information
Title:
Machine: mshivjiani/IFW9WO-BDBCHA1
Application Domain: 380fcdc2-2-130619326004902670
Process Id: 3812
Process Name: C:\Program Files (x86)\Common Files\Microsoft Shared\DevServer\10.0\WebDev.WebServer40.exe
Win32 Thread Id: 10100
Thread Name: 
Extended Properties: 
----------------------------------------
----------------------------------------
Timestamp: 12/1/2014 1:37:03 PM
Message: System.Web.HttpException (0x80004005): File does not exist.
   at System.Web.StaticFileHandler.GetFileInfo(String virtualPathWithPathInfo, String physicalPath, HttpResponse response)
   at System.Web.StaticFileHandler.ProcessRequestInternal(HttpContext context, String overrideVirtualPath)
   at System.Web.DefaultHttpHandler.BeginProcessRequest(HttpContext context, AsyncCallback callback, Object state)
   at System.Web.HttpApplication.CallHandlerExecutionStep.System.Web.HttpApplication.IExecutionStep.Execute()
   at System.Web.HttpApplication.ExecuteStep(IExecutionStep step, Boolean& completedSynchronously)
Category: General
Priority: -1
EventId: 0
Severity: Information
Title:
Machine: mshivjiani/IFW9WO-BDBCHA1
Application Domain: 380fcdc2-2-130619326004902670
Process Id: 3812
Process Name: C:\Program Files (x86)\Common Files\Microsoft Shared\DevServer\10.0\WebDev.WebServer40.exe
Win32 Thread Id: 11204
Thread Name: 
Extended Properties: 
----------------------------------------
----------------------------------------
Timestamp: 12/1/2014 1:37:10 PM
Message: System.Web.HttpException (0x80004005): File does not exist.
   at System.Web.StaticFileHandler.GetFileInfo(String virtualPathWithPathInfo, String physicalPath, HttpResponse response)
   at System.Web.StaticFileHandler.ProcessRequestInternal(HttpContext context, String overrideVirtualPath)
   at System.Web.DefaultHttpHandler.BeginProcessRequest(HttpContext context, AsyncCallback callback, Object state)
   at System.Web.HttpApplication.CallHandlerExecutionStep.System.Web.HttpApplication.IExecutionStep.Execute()
   at System.Web.HttpApplication.ExecuteStep(IExecutionStep step, Boolean& completedSynchronously)
Category: General
Priority: -1
EventId: 0
Severity: Information
Title:
Machine: mshivjiani/IFW9WO-BDBCHA1
Application Domain: 380fcdc2-2-130619326004902670
Process Id: 3812
Process Name: C:\Program Files (x86)\Common Files\Microsoft Shared\DevServer\10.0\WebDev.WebServer40.exe
Win32 Thread Id: 9720
Thread Name: 
Extended Properties: 
----------------------------------------
----------------------------------------
Timestamp: 12/1/2014 1:46:39 PM
Message: System.IO.FileLoadException: Could not load file or assembly 'Microsoft.Practices.EnterpriseLibrary.Configuration.Design, Version=4.1.0.0, Culture=neutral, PublicKeyToken=null' or one of its dependencies. The located assembly's manifest definition does not match the assembly reference. (Exception from HRESULT: 0x80131040)
File name: 'Microsoft.Practices.EnterpriseLibrary.Configuration.Design, Version=4.1.0.0, Culture=neutral, PublicKeyToken=null'
   at System.ModuleHandle.ResolveType(RuntimeModule module, Int32 typeToken, IntPtr* typeInstArgs, Int32 typeInstCount, IntPtr* methodInstArgs, Int32 methodInstCount, ObjectHandleOnStack type)
   at System.ModuleHandle.ResolveTypeHandleInternal(RuntimeModule module, Int32 typeToken, RuntimeTypeHandle[] typeInstantiationContext, RuntimeTypeHandle[] methodInstantiationContext)
   at System.Reflection.RuntimeModule.ResolveType(Int32 metadataToken, Type[] genericTypeArguments, Type[] genericMethodArguments)
   at System.Reflection.CustomAttribute.FilterCustomAttributeRecord(CustomAttributeRecord caRecord, MetadataImport scope, Assembly& lastAptcaOkAssembly, RuntimeModule decoratedModule, MetadataToken decoratedToken, RuntimeType attributeFilterType, Boolean mustBeInheritable, Object[] attributes, IList derivedAttributes, RuntimeType& attributeType, IRuntimeMethodInfo& ctor, Boolean& ctorHasParameters, Boolean& isVarArg)
   at System.Reflection.CustomAttribute.GetCustomAttributes(RuntimeModule decoratedModule, Int32 decoratedMetadataToken, Int32 pcaCount, RuntimeType attributeFilterType, Boolean mustBeInheritable, IList derivedAttributes, Boolean isDecoratedTargetSecurityTransparent)
   at System.Reflection.CustomAttribute.GetCustomAttributes(RuntimeAssembly assembly, RuntimeType caType)
   at System.Reflection.RuntimeAssembly.GetCustomAttributes(Boolean inherit)
   at System.Web.UI.AssemblyCache.GetAjaxFrameworkAssemblyAttribute(Assembly assembly)
   at System.Web.UI.ScriptManager.get_DefaultAjaxFrameworkAssembly()
   at System.Web.UI.ScriptManager..ctor()
   at ASP.orgchartmaster_master.__BuildControlScriptManager1() in c:\HCMS\HCMS.OrgChart\OrgChartMaster.Master:line 51
   at ASP.orgchartmaster_master.__BuildControlform1() in c:\HCMS\HCMS.OrgChart\OrgChartMaster.Master:line 50
   at ASP.orgchartmaster_master.__BuildControlTree(orgchartmaster_master __ctrl) in c:\HCMS\HCMS.OrgChart\OrgChartMaster.Master:line 1
   at ASP.orgchartmaster_master.FrameworkInitialize() in c:\Users\mshivjiani\AppData\Local\Temp\1\Temporary ASP.NET Files\root\0a4a827e\73f761a\App_Web_pexledtd.1.cs:line 0
   at System.Web.UI.UserControl.InitializeAsUserControlInternal()
   at System.Web.UI.MasterPage.CreateMaster(TemplateControl owner, HttpContext context, VirtualPath masterPageFile, IDictionary contentTemplateCollection)
   at System.Web.UI.Page.get_Master()
   at System.Web.UI.Page.ApplyMasterPage()
   at System.Web.UI.Page.PerformPreInit()
   at System.Web.UI.Page.ProcessRequestMain(Boolean includeStagesBeforeAsyncPoint, Boolean includeStagesAfterAsyncPoint)

=== Pre-bind state information ===
LOG: User = IFW\mshivjiani
LOG: DisplayName = Microsoft.Practices.EnterpriseLibrary.Configuration.Design, Version=4.1.0.0, Culture=neutral, PublicKeyToken=null
 (Fully-specified)
LOG: Appbase = file:///C:/HCMS/HCMS.OrgChart/
LOG: Initial PrivatePath = C:\HCMS\HCMS.OrgChart\bin
Calling assembly : Microsoft.Practices.EnterpriseLibrary.Validation.Configuration.Design, Version=4.1.0.0, Culture=neutral, PublicKeyToken=null.
===
LOG: This bind starts in default load context.
LOG: Using application configuration file: C:\HCMS\HCMS.OrgChart\web.config
LOG: Using host configuration file: 
LOG: Using machine configuration file from C:\Windows\Microsoft.NET\Framework\v4.0.30319\config\machine.config.
LOG: Policy not being applied to reference at this time (private, custom, partial, or location-based assembly bind).
LOG: Attempting download of new URL file:///C:/Users/mshivjiani/AppData/Local/Temp/1/Temporary ASP.NET Files/root/0a4a827e/73f761a/Microsoft.Practices.EnterpriseLibrary.Configuration.Design.DLL.
LOG: Attempting download of new URL file:///C:/Users/mshivjiani/AppData/Local/Temp/1/Temporary ASP.NET Files/root/0a4a827e/73f761a/Microsoft.Practices.EnterpriseLibrary.Configuration.Design/Microsoft.Practices.EnterpriseLibrary.Configuration.Design.DLL.
LOG: Attempting download of new URL file:///C:/HCMS/HCMS.OrgChart/bin/Microsoft.Practices.EnterpriseLibrary.Configuration.Design.DLL.
WRN: Comparing the assembly name resulted in the mismatch: PUBLIC KEY TOKEN
ERR: Failed to complete setup of assembly (hr = 0x80131040). Probing terminated.

Category: General
Priority: -1
EventId: 0
Severity: Information
Title:
Machine: mshivjiani/IFW9WO-BDBCHA1
Application Domain: 380fcdc2-3-130619331876878468
Process Id: 3812
Process Name: C:\Program Files (x86)\Common Files\Microsoft Shared\DevServer\10.0\WebDev.WebServer40.exe
Win32 Thread Id: 3556
Thread Name: 
Extended Properties: 
----------------------------------------
----------------------------------------
Timestamp: 12/1/2014 1:46:44 PM
Message: System.Web.HttpException (0x80004005): File does not exist.
   at System.Web.StaticFileHandler.GetFileInfo(String virtualPathWithPathInfo, String physicalPath, HttpResponse response)
   at System.Web.StaticFileHandler.ProcessRequestInternal(HttpContext context, String overrideVirtualPath)
   at System.Web.DefaultHttpHandler.BeginProcessRequest(HttpContext context, AsyncCallback callback, Object state)
   at System.Web.HttpApplication.CallHandlerExecutionStep.System.Web.HttpApplication.IExecutionStep.Execute()
   at System.Web.HttpApplication.ExecuteStep(IExecutionStep step, Boolean& completedSynchronously)
Category: General
Priority: -1
EventId: 0
Severity: Information
Title:
Machine: mshivjiani/IFW9WO-BDBCHA1
Application Domain: 380fcdc2-3-130619331876878468
Process Id: 3812
Process Name: C:\Program Files (x86)\Common Files\Microsoft Shared\DevServer\10.0\WebDev.WebServer40.exe
Win32 Thread Id: 6064
Thread Name: 
Extended Properties: 
----------------------------------------
