----------------------------------------
Timestamp: 6/25/2015 5:13:33 PM
Message: HandlingInstanceID: ab88aa31-a029-47ca-afbc-d5d86079763f
An exception of type 'HCMS.Business.Common.BusinessException' occurred and was caught.
--------------------------------------------------------------------------------------
06/25/2015 13:13:33
Type : HCMS.Business.Common.BusinessException, HCMS.Business, Version=15.0.1.2, Culture=neutral, PublicKeyToken=null
Message : A network-related or instance-specific error occurred while establishing a connection to SQL Server. The server was not found or was not accessible. Verify that the instance name is correct and that SQL Server is configured to allow remote connections. (provider: TCP Provider, error: 0 - No connection could be made because the target machine actively refused it.)
Source : HCMS.Business
Help link : 
Data : System.Collections.ListDictionaryInternal
TargetSite : Void HandleException(System.Exception)
Stack Trace :    at HCMS.Business.Base.ExceptionBase.HandleException(Exception ex) in C:\HCMS\HCMS.Business\Base\ExceptionBase.cs:line 23
   at HCMS.Business.Security.User..ctor(Int32 loadByID) in C:\HCMS\HCMS.Business\Security\User.cs:line 359
   at HCMS.Global.JumpLogin() in C:\HCMS\HCMS.OrgChart\Global.asax.cs:line 119
   at HCMS.Global.Application_AuthenticateRequest(Object sender, EventArgs e) in C:\HCMS\HCMS.OrgChart\Global.asax.cs:line 64
   at System.Web.HttpApplication.SyncEventExecutionStep.System.Web.HttpApplication.IExecutionStep.Execute()
   at System.Web.HttpApplication.ExecuteStep(IExecutionStep step, Boolean& completedSynchronously)

Additional Info:

MachineName : IFW9WO-BDBCHA1
TimeStamp : 6/25/2015 5:13:33 PM
FullName : Microsoft.Practices.EnterpriseLibrary.ExceptionHandling, Version=4.1.0.0, Culture=neutral, PublicKeyToken=31bf3856ad364e35
AppDomainName : 380fcdc2-3-130797259798431573
ThreadIdentity : 
WindowsIdentity : IFW\mshivjiani

Category: General
Priority: 0
EventId: 100
Severity: Error
Title:Enterprise Library Exception Handling
Machine: IFW9WO-BDBCHA1
Application Domain: 380fcdc2-3-130797259798431573
Process Id: 7216
Process Name: C:\Program Files (x86)\Common Files\Microsoft Shared\DevServer\10.0\WebDev.WebServer40.exe
Win32 Thread Id: 6992
Thread Name: 
Extended Properties: 
----------------------------------------
