----------------------------------------
Timestamp: 5/14/2014 1:35:32 PM
Message: HandlingInstanceID: 2e463a19-1c64-4363-bd17-1e796b010f1c
An exception of type 'System.Web.HttpException' occurred and was caught.
------------------------------------------------------------------------
05/14/2014 09:35:32
Type : System.Web.HttpException, System.Web, Version=4.0.0.0, Culture=neutral, PublicKeyToken=b03f5f7f11d50a3a
Message : File does not exist.
Source : System.Web
Help link : 
WebEventCode : 0
ErrorCode : -2147467259
Data : System.Collections.ListDictionaryInternal
TargetSite : System.IO.FileInfo GetFileInfo(System.String, System.String, System.Web.HttpResponse)
Stack Trace :    at System.Web.StaticFileHandler.GetFileInfo(String virtualPathWithPathInfo, String physicalPath, HttpResponse response)
   at System.Web.StaticFileHandler.ProcessRequestInternal(HttpContext context, String overrideVirtualPath)
   at System.Web.DefaultHttpHandler.BeginProcessRequest(HttpContext context, AsyncCallback callback, Object state)
   at System.Web.HttpApplication.CallHandlerExecutionStep.System.Web.HttpApplication.IExecutionStep.Execute()
   at System.Web.HttpApplication.ExecuteStep(IExecutionStep step, Boolean& completedSynchronously)

Additional Info:

MachineName : IFW9WO-BDBCHA1
TimeStamp : 5/14/2014 1:35:32 PM
FullName : Microsoft.Practices.EnterpriseLibrary.ExceptionHandling, Version=4.1.0.0, Culture=neutral, PublicKeyToken=31bf3856ad364e35
AppDomainName : f5f04493-3-130445480933374615
ThreadIdentity : 1
WindowsIdentity : IFW\mshivjiani

Category: General
Priority: 0
EventId: 100
Severity: Error
Title:Enterprise Library Exception Handling
Machine: IFW9WO-BDBCHA1
Application Domain: f5f04493-3-130445480933374615
Process Id: 11956
Process Name: C:\Program Files (x86)\Common Files\Microsoft Shared\DevServer\10.0\WebDev.WebServer40.exe
Win32 Thread Id: 12060
Thread Name: 
Extended Properties: 
----------------------------------------
----------------------------------------
Timestamp: 5/14/2014 1:35:37 PM
Message: HandlingInstanceID: 14e333b4-eaea-4991-a5a7-bea8b19690ce
An exception of type 'System.Web.HttpException' occurred and was caught.
------------------------------------------------------------------------
05/14/2014 09:35:37
Type : System.Web.HttpException, System.Web, Version=4.0.0.0, Culture=neutral, PublicKeyToken=b03f5f7f11d50a3a
Message : File does not exist.
Source : System.Web
Help link : 
WebEventCode : 0
ErrorCode : -2147467259
Data : System.Collections.ListDictionaryInternal
TargetSite : System.IO.FileInfo GetFileInfo(System.String, System.String, System.Web.HttpResponse)
Stack Trace :    at System.Web.StaticFileHandler.GetFileInfo(String virtualPathWithPathInfo, String physicalPath, HttpResponse response)
   at System.Web.StaticFileHandler.ProcessRequestInternal(HttpContext context, String overrideVirtualPath)
   at System.Web.DefaultHttpHandler.BeginProcessRequest(HttpContext context, AsyncCallback callback, Object state)
   at System.Web.HttpApplication.CallHandlerExecutionStep.System.Web.HttpApplication.IExecutionStep.Execute()
   at System.Web.HttpApplication.ExecuteStep(IExecutionStep step, Boolean& completedSynchronously)

Additional Info:

MachineName : IFW9WO-BDBCHA1
TimeStamp : 5/14/2014 1:35:37 PM
FullName : Microsoft.Practices.EnterpriseLibrary.ExceptionHandling, Version=4.1.0.0, Culture=neutral, PublicKeyToken=31bf3856ad364e35
AppDomainName : f5f04493-3-130445480933374615
ThreadIdentity : 1
WindowsIdentity : IFW\mshivjiani

Category: General
Priority: 0
EventId: 100
Severity: Error
Title:Enterprise Library Exception Handling
Machine: IFW9WO-BDBCHA1
Application Domain: f5f04493-3-130445480933374615
Process Id: 11956
Process Name: C:\Program Files (x86)\Common Files\Microsoft Shared\DevServer\10.0\WebDev.WebServer40.exe
Win32 Thread Id: 5068
Thread Name: 
Extended Properties: 
----------------------------------------
----------------------------------------
Timestamp: 5/14/2014 1:36:17 PM
Message: HandlingInstanceID: 67e0a3b2-5149-49e7-82c0-49cb060efa19
An exception of type 'System.IndexOutOfRangeException' occurred and was caught.
-------------------------------------------------------------------------------
05/14/2014 09:36:17
Type : System.IndexOutOfRangeException, mscorlib, Version=4.0.0.0, Culture=neutral, PublicKeyToken=b77a5c561934e089
Message : There is no row at position 0.
Source : HCMS.Business
Help link : 
Data : System.Collections.ListDictionaryInternal
TargetSite : Void RemoveUserRoleOrgCodeAccess(System.String, System.String, System.String)
Stack Trace :    at HCMS.Business.SSAS.AnalyisServicesRoleManager.RemoveUserRoleOrgCodeAccess(String RoleName, String UserEmailAddress, String OrganizationCode) in C:\HCMS\HCMS.Business\SSAS\AnalyisServicesRoleManager.cs:line 207
   at HCMS.Portal.Controls.DashboardRole.DashboardGrid_DeleteCommand(Object sender, GridCommandEventArgs e) in C:\HCMS\HCMS.Portal\Controls\Admin\DashboardRole.ascx.cs:line 433
   at Telerik.Web.UI.RadGrid.OnDeleteCommand(GridCommandEventArgs e)
   at Telerik.Web.UI.RadGrid.CallOnDeleteCommand(GridCommandEventArgs e)
   at Telerik.Web.UI.GridCommandEventArgs.ExecuteCommand(Object source)
   at Telerik.Web.UI.RadGrid.OnBubbleEvent(Object source, EventArgs e)
   at System.Web.UI.Control.RaiseBubbleEvent(Object source, EventArgs args)
   at Telerik.Web.UI.GridItem.OnBubbleEvent(Object source, EventArgs e)
   at System.Web.UI.Control.RaiseBubbleEvent(Object source, EventArgs args)
   at System.Web.UI.WebControls.ImageButton.OnCommand(CommandEventArgs e)
   at System.Web.UI.WebControls.ImageButton.RaisePostBackEvent(String eventArgument)
   at System.Web.UI.WebControls.ImageButton.System.Web.UI.IPostBackEventHandler.RaisePostBackEvent(String eventArgument)
   at System.Web.UI.Page.RaisePostBackEvent(IPostBackEventHandler sourceControl, String eventArgument)
   at System.Web.UI.Page.RaisePostBackEvent(NameValueCollection postData)
   at System.Web.UI.Page.ProcessRequestMain(Boolean includeStagesBeforeAsyncPoint, Boolean includeStagesAfterAsyncPoint)

Additional Info:

MachineName : IFW9WO-BDBCHA1
TimeStamp : 5/14/2014 1:36:17 PM
FullName : Microsoft.Practices.EnterpriseLibrary.ExceptionHandling, Version=4.1.0.0, Culture=neutral, PublicKeyToken=31bf3856ad364e35
AppDomainName : f5f04493-3-130445480933374615
ThreadIdentity : 1
WindowsIdentity : IFW\mshivjiani

Category: General
Priority: 0
EventId: 100
Severity: Error
Title:Enterprise Library Exception Handling
Machine: IFW9WO-BDBCHA1
Application Domain: f5f04493-3-130445480933374615
Process Id: 11956
Process Name: C:\Program Files (x86)\Common Files\Microsoft Shared\DevServer\10.0\WebDev.WebServer40.exe
Win32 Thread Id: 5428
Thread Name: 
Extended Properties: 
----------------------------------------
