----------------------------------------
Timestamp: 8/24/2013 1:31:30 PM
Message: HandlingInstanceID: afd473b8-db2a-4ee6-a02a-53ba6360c582
An exception of type 'System.Runtime.InteropServices.COMException' occurred and was caught.
-------------------------------------------------------------------------------------------
08/24/2013 09:31:30
Type : System.Runtime.InteropServices.COMException, mscorlib, Version=4.0.0.0, Culture=neutral, PublicKeyToken=b77a5c561934e089
Message : The server is not operational.

Source : System.DirectoryServices
Help link : 
ErrorCode : -2147016646
Data : System.Collections.ListDictionaryInternal
TargetSite : Void Bind(Boolean)
Stack Trace :    at System.DirectoryServices.DirectoryEntry.Bind(Boolean throwIfFail)
   at System.DirectoryServices.DirectoryEntry.Bind()
   at System.DirectoryServices.DirectoryEntry.RefreshCache()
   at System.Web.Security.DirectoryInformation..ctor(String adspath, NetworkCredential credentials, String connProtection, Int32 clientSearchTimeout, Int32 serverSearchTimeout, Boolean enablePasswordReset)

Additional Info:

MachineName : IFW9WO-BDBCHA1
TimeStamp : 8/24/2013 1:31:30 PM
FullName : Microsoft.Practices.EnterpriseLibrary.ExceptionHandling, Version=4.1.0.0, Culture=neutral, PublicKeyToken=31bf3856ad364e35
AppDomainName : f5f04493-1-130218246150434502
ThreadIdentity : 
WindowsIdentity : IFW\mshivjiani

Category: General
Priority: 0
EventId: 100
Severity: Error
Title:Enterprise Library Exception Handling
Machine: IFW9WO-BDBCHA1
Application Domain: f5f04493-1-130218246150434502
Process Id: 1676
Process Name: C:\Program Files (x86)\Common Files\Microsoft Shared\DevServer\10.0\WebDev.WebServer40.exe
Win32 Thread Id: 7160
Thread Name: 
Extended Properties: 
----------------------------------------
