----------------------------------------
Timestamp: 6/13/2014 8:19:40 PM
Message: HandlingInstanceID: a3930b15-2718-417f-a846-a33fec795336
An exception of type 'System.Web.HttpException' occurred and was caught.
------------------------------------------------------------------------
06/13/2014 16:19:40
Type : System.Web.HttpException, System.Web, Version=4.0.0.0, Culture=neutral, PublicKeyToken=b03f5f7f11d50a3a
Message : File does not exist.
Source : System.Web
Help link : 
WebEventCode : 0
ErrorCode : -2147467259
Data : System.Collections.ListDictionaryInternal
TargetSite : System.IO.FileInfo GetFileInfo(System.String, System.String, System.Web.HttpResponse)
Stack Trace :    at System.Web.StaticFileHandler.GetFileInfo(String virtualPathWithPathInfo, String physicalPath, HttpResponse response)
   at System.Web.StaticFileHandler.ProcessRequestInternal(HttpContext context, String overrideVirtualPath)
   at System.Web.DefaultHttpHandler.BeginProcessRequest(HttpContext context, AsyncCallback callback, Object state)
   at System.Web.HttpApplication.CallHandlerExecutionStep.System.Web.HttpApplication.IExecutionStep.Execute()
   at System.Web.HttpApplication.ExecuteStep(IExecutionStep step, Boolean& completedSynchronously)

Additional Info:

MachineName : IFW9WO-BDBCHA1
TimeStamp : 6/13/2014 8:19:40 PM
FullName : Microsoft.Practices.EnterpriseLibrary.ExceptionHandling, Version=4.1.0.0, Culture=neutral, PublicKeyToken=31bf3856ad364e35
AppDomainName : f5f04493-1-130471643618519129
ThreadIdentity : 1
WindowsIdentity : IFW\mshivjiani

Category: General
Priority: 0
EventId: 100
Severity: Error
Title:Enterprise Library Exception Handling
Machine: IFW9WO-BDBCHA1
Application Domain: f5f04493-1-130471643618519129
Process Id: 4560
Process Name: C:\Program Files (x86)\Common Files\Microsoft Shared\DevServer\10.0\WebDev.WebServer40.exe
Win32 Thread Id: 1536
Thread Name: 
Extended Properties: 
----------------------------------------
----------------------------------------
Timestamp: 6/13/2014 8:21:16 PM
Message: HandlingInstanceID: 03077ea1-da5e-4c61-aa95-2b169ef1ad8f
An exception of type 'System.FormatException' occurred and was caught.
----------------------------------------------------------------------
06/13/2014 16:21:16
Type : System.FormatException, mscorlib, Version=4.0.0.0, Culture=neutral, PublicKeyToken=b77a5c561934e089
Message : Input string was not in a correct format.
Source : mscorlib
Help link : 
Data : System.Collections.ListDictionaryInternal
TargetSite : Void StringToNumber(System.String, System.Globalization.NumberStyles, NumberBuffer ByRef, System.Globalization.NumberFormatInfo, Boolean)
Stack Trace :    at System.Number.StringToNumber(String str, NumberStyles options, NumberBuffer& number, NumberFormatInfo info, Boolean parseDecimal)
   at System.Number.ParseInt32(String s, NumberStyles style, NumberFormatInfo info)
   at System.Convert.ToInt32(String value)
   at HCMS.Portal.Controls.DashboardRole.DashboardGrid_DeleteCommand(Object sender, GridCommandEventArgs e) in C:\HCMS\HCMS.Portal\Controls\Admin\DashboardRole.ascx.cs:line 415
   at Telerik.Web.UI.RadGrid.OnDeleteCommand(GridCommandEventArgs e)
   at Telerik.Web.UI.RadGrid.CallOnDeleteCommand(GridCommandEventArgs e)
   at Telerik.Web.UI.GridCommandEventArgs.ExecuteCommand(Object source)
   at Telerik.Web.UI.RadGrid.OnBubbleEvent(Object source, EventArgs e)
   at System.Web.UI.Control.RaiseBubbleEvent(Object source, EventArgs args)
   at Telerik.Web.UI.GridItem.OnBubbleEvent(Object source, EventArgs e)
   at System.Web.UI.Control.RaiseBubbleEvent(Object source, EventArgs args)
   at System.Web.UI.WebControls.ImageButton.OnCommand(CommandEventArgs e)
   at System.Web.UI.WebControls.ImageButton.RaisePostBackEvent(String eventArgument)
   at System.Web.UI.WebControls.ImageButton.System.Web.UI.IPostBackEventHandler.RaisePostBackEvent(String eventArgument)
   at System.Web.UI.Page.RaisePostBackEvent(IPostBackEventHandler sourceControl, String eventArgument)
   at System.Web.UI.Page.RaisePostBackEvent(NameValueCollection postData)
   at System.Web.UI.Page.ProcessRequestMain(Boolean includeStagesBeforeAsyncPoint, Boolean includeStagesAfterAsyncPoint)

Additional Info:

MachineName : IFW9WO-BDBCHA1
TimeStamp : 6/13/2014 8:21:16 PM
FullName : Microsoft.Practices.EnterpriseLibrary.ExceptionHandling, Version=4.1.0.0, Culture=neutral, PublicKeyToken=31bf3856ad364e35
AppDomainName : f5f04493-1-130471643618519129
ThreadIdentity : 1
WindowsIdentity : IFW\mshivjiani

Category: General
Priority: 0
EventId: 100
Severity: Error
Title:Enterprise Library Exception Handling
Machine: IFW9WO-BDBCHA1
Application Domain: f5f04493-1-130471643618519129
Process Id: 4560
Process Name: C:\Program Files (x86)\Common Files\Microsoft Shared\DevServer\10.0\WebDev.WebServer40.exe
Win32 Thread Id: 10608
Thread Name: 
Extended Properties: 
----------------------------------------
