----------------------------------------
Timestamp: 2/11/2014 2:52:28 PM
Message: System.Web.HttpException (0x80004005): File does not exist.
   at System.Web.StaticFileHandler.GetFileInfo(String virtualPathWithPathInfo, String physicalPath, HttpResponse response)
   at System.Web.StaticFileHandler.ProcessRequestInternal(HttpContext context, String overrideVirtualPath)
   at System.Web.DefaultHttpHandler.BeginProcessRequest(HttpContext context, AsyncCallback callback, Object state)
   at System.Web.HttpApplication.CallHandlerExecutionStep.System.Web.HttpApplication.IExecutionStep.Execute()
   at System.Web.HttpApplication.ExecuteStep(IExecutionStep step, Boolean& completedSynchronously)
Category: General
Priority: -1
EventId: 0
Severity: Information
Title:
Machine: mshivjiani/IFW9WO-BDBCHA1
Application Domain: f5f04493-3-130366216259623269
Process Id: 3656
Process Name: C:\Program Files (x86)\Common Files\Microsoft Shared\DevServer\10.0\WebDev.WebServer40.exe
Win32 Thread Id: 12344
Thread Name: 
Extended Properties: 
----------------------------------------
----------------------------------------
Timestamp: 2/11/2014 2:52:32 PM
Message: System.Web.HttpException (0x80004005): File does not exist.
   at System.Web.StaticFileHandler.GetFileInfo(String virtualPathWithPathInfo, String physicalPath, HttpResponse response)
   at System.Web.StaticFileHandler.ProcessRequestInternal(HttpContext context, String overrideVirtualPath)
   at System.Web.DefaultHttpHandler.BeginProcessRequest(HttpContext context, AsyncCallback callback, Object state)
   at System.Web.HttpApplication.CallHandlerExecutionStep.System.Web.HttpApplication.IExecutionStep.Execute()
   at System.Web.HttpApplication.ExecuteStep(IExecutionStep step, Boolean& completedSynchronously)
Category: General
Priority: -1
EventId: 0
Severity: Information
Title:
Machine: mshivjiani/IFW9WO-BDBCHA1
Application Domain: f5f04493-3-130366216259623269
Process Id: 3656
Process Name: C:\Program Files (x86)\Common Files\Microsoft Shared\DevServer\10.0\WebDev.WebServer40.exe
Win32 Thread Id: 15540
Thread Name: 
Extended Properties: 
----------------------------------------
----------------------------------------
Timestamp: 2/11/2014 2:52:37 PM
Message: System.Web.HttpException (0x80004005): File does not exist.
   at System.Web.StaticFileHandler.GetFileInfo(String virtualPathWithPathInfo, String physicalPath, HttpResponse response)
   at System.Web.StaticFileHandler.ProcessRequestInternal(HttpContext context, String overrideVirtualPath)
   at System.Web.DefaultHttpHandler.BeginProcessRequest(HttpContext context, AsyncCallback callback, Object state)
   at System.Web.HttpApplication.CallHandlerExecutionStep.System.Web.HttpApplication.IExecutionStep.Execute()
   at System.Web.HttpApplication.ExecuteStep(IExecutionStep step, Boolean& completedSynchronously)
Category: General
Priority: -1
EventId: 0
Severity: Information
Title:
Machine: mshivjiani/IFW9WO-BDBCHA1
Application Domain: f5f04493-3-130366216259623269
Process Id: 3656
Process Name: C:\Program Files (x86)\Common Files\Microsoft Shared\DevServer\10.0\WebDev.WebServer40.exe
Win32 Thread Id: 13224
Thread Name: 
Extended Properties: 
----------------------------------------
----------------------------------------
Timestamp: 2/11/2014 2:52:57 PM
Message: Procedure or function spr_SearchTaskStatement has too many arguments specified.
Category: General
Priority: -1
EventId: 80
Severity: Error
Title:
Machine: mshivjiani/IFW9WO-BDBCHA1
Application Domain: f5f04493-3-130366216259623269
Process Id: 3656
Process Name: C:\Program Files (x86)\Common Files\Microsoft Shared\DevServer\10.0\WebDev.WebServer40.exe
Win32 Thread Id: 15540
Thread Name: 
Extended Properties: 
----------------------------------------
----------------------------------------
Timestamp: 2/11/2014 2:52:59 PM
Message: Procedure or function spr_SearchTaskStatement has too many arguments specified.
Category: General
Priority: -1
EventId: 80
Severity: Error
Title:
Machine: mshivjiani/IFW9WO-BDBCHA1
Application Domain: f5f04493-3-130366216259623269
Process Id: 3656
Process Name: C:\Program Files (x86)\Common Files\Microsoft Shared\DevServer\10.0\WebDev.WebServer40.exe
Win32 Thread Id: 15540
Thread Name: 
Extended Properties: 
----------------------------------------
----------------------------------------
Timestamp: 2/11/2014 3:42:27 PM
Message: System.Web.HttpException (0x80004005): File does not exist.
   at System.Web.StaticFileHandler.GetFileInfo(String virtualPathWithPathInfo, String physicalPath, HttpResponse response)
   at System.Web.StaticFileHandler.ProcessRequestInternal(HttpContext context, String overrideVirtualPath)
   at System.Web.DefaultHttpHandler.BeginProcessRequest(HttpContext context, AsyncCallback callback, Object state)
   at System.Web.HttpApplication.CallHandlerExecutionStep.System.Web.HttpApplication.IExecutionStep.Execute()
   at System.Web.HttpApplication.ExecuteStep(IExecutionStep step, Boolean& completedSynchronously)
Category: General
Priority: -1
EventId: 0
Severity: Information
Title:
Machine: mshivjiani/IFW9WO-BDBCHA1
Application Domain: f5f04493-4-130366249228775781
Process Id: 3656
Process Name: C:\Program Files (x86)\Common Files\Microsoft Shared\DevServer\10.0\WebDev.WebServer40.exe
Win32 Thread Id: 10552
Thread Name: 
Extended Properties: 
----------------------------------------
----------------------------------------
Timestamp: 2/11/2014 3:42:32 PM
Message: System.Web.HttpException (0x80004005): File does not exist.
   at System.Web.StaticFileHandler.GetFileInfo(String virtualPathWithPathInfo, String physicalPath, HttpResponse response)
   at System.Web.StaticFileHandler.ProcessRequestInternal(HttpContext context, String overrideVirtualPath)
   at System.Web.DefaultHttpHandler.BeginProcessRequest(HttpContext context, AsyncCallback callback, Object state)
   at System.Web.HttpApplication.CallHandlerExecutionStep.System.Web.HttpApplication.IExecutionStep.Execute()
   at System.Web.HttpApplication.ExecuteStep(IExecutionStep step, Boolean& completedSynchronously)
Category: General
Priority: -1
EventId: 0
Severity: Information
Title:
Machine: mshivjiani/IFW9WO-BDBCHA1
Application Domain: f5f04493-4-130366249228775781
Process Id: 3656
Process Name: C:\Program Files (x86)\Common Files\Microsoft Shared\DevServer\10.0\WebDev.WebServer40.exe
Win32 Thread Id: 15192
Thread Name: 
Extended Properties: 
----------------------------------------
----------------------------------------
Timestamp: 2/11/2014 3:42:36 PM
Message: System.Web.HttpException (0x80004005): File does not exist.
   at System.Web.StaticFileHandler.GetFileInfo(String virtualPathWithPathInfo, String physicalPath, HttpResponse response)
   at System.Web.StaticFileHandler.ProcessRequestInternal(HttpContext context, String overrideVirtualPath)
   at System.Web.DefaultHttpHandler.BeginProcessRequest(HttpContext context, AsyncCallback callback, Object state)
   at System.Web.HttpApplication.CallHandlerExecutionStep.System.Web.HttpApplication.IExecutionStep.Execute()
   at System.Web.HttpApplication.ExecuteStep(IExecutionStep step, Boolean& completedSynchronously)
Category: General
Priority: -1
EventId: 0
Severity: Information
Title:
Machine: mshivjiani/IFW9WO-BDBCHA1
Application Domain: f5f04493-4-130366249228775781
Process Id: 3656
Process Name: C:\Program Files (x86)\Common Files\Microsoft Shared\DevServer\10.0\WebDev.WebServer40.exe
Win32 Thread Id: 15192
Thread Name: 
Extended Properties: 
----------------------------------------
----------------------------------------
Timestamp: 2/11/2014 3:45:45 PM
Message: System.Web.HttpException (0x80004005): File does not exist.
   at System.Web.StaticFileHandler.GetFileInfo(String virtualPathWithPathInfo, String physicalPath, HttpResponse response)
   at System.Web.StaticFileHandler.ProcessRequestInternal(HttpContext context, String overrideVirtualPath)
   at System.Web.DefaultHttpHandler.BeginProcessRequest(HttpContext context, AsyncCallback callback, Object state)
   at System.Web.HttpApplication.CallHandlerExecutionStep.System.Web.HttpApplication.IExecutionStep.Execute()
   at System.Web.HttpApplication.ExecuteStep(IExecutionStep step, Boolean& completedSynchronously)
Category: General
Priority: -1
EventId: 0
Severity: Information
Title:
Machine: mshivjiani/IFW9WO-BDBCHA1
Application Domain: f5f04493-5-130366251119163783
Process Id: 3656
Process Name: C:\Program Files (x86)\Common Files\Microsoft Shared\DevServer\10.0\WebDev.WebServer40.exe
Win32 Thread Id: 11656
Thread Name: 
Extended Properties: 
----------------------------------------
----------------------------------------
Timestamp: 2/11/2014 3:45:49 PM
Message: System.Web.HttpException (0x80004005): File does not exist.
   at System.Web.StaticFileHandler.GetFileInfo(String virtualPathWithPathInfo, String physicalPath, HttpResponse response)
   at System.Web.StaticFileHandler.ProcessRequestInternal(HttpContext context, String overrideVirtualPath)
   at System.Web.DefaultHttpHandler.BeginProcessRequest(HttpContext context, AsyncCallback callback, Object state)
   at System.Web.HttpApplication.CallHandlerExecutionStep.System.Web.HttpApplication.IExecutionStep.Execute()
   at System.Web.HttpApplication.ExecuteStep(IExecutionStep step, Boolean& completedSynchronously)
Category: General
Priority: -1
EventId: 0
Severity: Information
Title:
Machine: mshivjiani/IFW9WO-BDBCHA1
Application Domain: f5f04493-5-130366251119163783
Process Id: 3656
Process Name: C:\Program Files (x86)\Common Files\Microsoft Shared\DevServer\10.0\WebDev.WebServer40.exe
Win32 Thread Id: 11076
Thread Name: 
Extended Properties: 
----------------------------------------
----------------------------------------
Timestamp: 2/11/2014 3:45:53 PM
Message: System.Web.HttpException (0x80004005): File does not exist.
   at System.Web.StaticFileHandler.GetFileInfo(String virtualPathWithPathInfo, String physicalPath, HttpResponse response)
   at System.Web.StaticFileHandler.ProcessRequestInternal(HttpContext context, String overrideVirtualPath)
   at System.Web.DefaultHttpHandler.BeginProcessRequest(HttpContext context, AsyncCallback callback, Object state)
   at System.Web.HttpApplication.CallHandlerExecutionStep.System.Web.HttpApplication.IExecutionStep.Execute()
   at System.Web.HttpApplication.ExecuteStep(IExecutionStep step, Boolean& completedSynchronously)
Category: General
Priority: -1
EventId: 0
Severity: Information
Title:
Machine: mshivjiani/IFW9WO-BDBCHA1
Application Domain: f5f04493-5-130366251119163783
Process Id: 3656
Process Name: C:\Program Files (x86)\Common Files\Microsoft Shared\DevServer\10.0\WebDev.WebServer40.exe
Win32 Thread Id: 11656
Thread Name: 
Extended Properties: 
----------------------------------------
----------------------------------------
Timestamp: 2/11/2014 3:47:37 PM
Message: System.Web.HttpException (0x80004005): File does not exist.
   at System.Web.StaticFileHandler.GetFileInfo(String virtualPathWithPathInfo, String physicalPath, HttpResponse response)
   at System.Web.StaticFileHandler.ProcessRequestInternal(HttpContext context, String overrideVirtualPath)
   at System.Web.DefaultHttpHandler.BeginProcessRequest(HttpContext context, AsyncCallback callback, Object state)
   at System.Web.HttpApplication.CallHandlerExecutionStep.System.Web.HttpApplication.IExecutionStep.Execute()
   at System.Web.HttpApplication.ExecuteStep(IExecutionStep step, Boolean& completedSynchronously)
Category: General
Priority: -1
EventId: 0
Severity: Information
Title:
Machine: mshivjiani/IFW9WO-BDBCHA1
Application Domain: f5f04493-6-130366251949929903
Process Id: 3656
Process Name: C:\Program Files (x86)\Common Files\Microsoft Shared\DevServer\10.0\WebDev.WebServer40.exe
Win32 Thread Id: 11076
Thread Name: 
Extended Properties: 
----------------------------------------
----------------------------------------
Timestamp: 2/11/2014 3:47:48 PM
Message: System.Web.HttpException (0x80004005): File does not exist.
   at System.Web.StaticFileHandler.GetFileInfo(String virtualPathWithPathInfo, String physicalPath, HttpResponse response)
   at System.Web.StaticFileHandler.ProcessRequestInternal(HttpContext context, String overrideVirtualPath)
   at System.Web.DefaultHttpHandler.BeginProcessRequest(HttpContext context, AsyncCallback callback, Object state)
   at System.Web.HttpApplication.CallHandlerExecutionStep.System.Web.HttpApplication.IExecutionStep.Execute()
   at System.Web.HttpApplication.ExecuteStep(IExecutionStep step, Boolean& completedSynchronously)
Category: General
Priority: -1
EventId: 0
Severity: Information
Title:
Machine: mshivjiani/IFW9WO-BDBCHA1
Application Domain: f5f04493-6-130366251949929903
Process Id: 3656
Process Name: C:\Program Files (x86)\Common Files\Microsoft Shared\DevServer\10.0\WebDev.WebServer40.exe
Win32 Thread Id: 11656
Thread Name: 
Extended Properties: 
----------------------------------------
----------------------------------------
Timestamp: 2/11/2014 3:47:51 PM
Message: System.Web.HttpException (0x80004005): File does not exist.
   at System.Web.StaticFileHandler.GetFileInfo(String virtualPathWithPathInfo, String physicalPath, HttpResponse response)
   at System.Web.StaticFileHandler.ProcessRequestInternal(HttpContext context, String overrideVirtualPath)
   at System.Web.DefaultHttpHandler.BeginProcessRequest(HttpContext context, AsyncCallback callback, Object state)
   at System.Web.HttpApplication.CallHandlerExecutionStep.System.Web.HttpApplication.IExecutionStep.Execute()
   at System.Web.HttpApplication.ExecuteStep(IExecutionStep step, Boolean& completedSynchronously)
Category: General
Priority: -1
EventId: 0
Severity: Information
Title:
Machine: mshivjiani/IFW9WO-BDBCHA1
Application Domain: f5f04493-6-130366251949929903
Process Id: 3656
Process Name: C:\Program Files (x86)\Common Files\Microsoft Shared\DevServer\10.0\WebDev.WebServer40.exe
Win32 Thread Id: 11656
Thread Name: 
Extended Properties: 
----------------------------------------
