----------------------------------------
Timestamp: 10/22/2013 10:11:16 AM
Message: SHUTDOWN is in progress.
Login failed for user 'pdexpress_dbacct'.
A severe error occurred on the current command.  The results, if any, should be discarded.
Category: General
Priority: -1
EventId: 80
Severity: Error
Title:
Machine: mshivjiani/IFW9WO-BDBCHA1
Application Domain: f5f04493-2-130269246693152022
Process Id: 7300
Process Name: C:\Program Files (x86)\Common Files\Microsoft Shared\DevServer\10.0\WebDev.WebServer40.exe
Win32 Thread Id: 8652
Thread Name: 
Extended Properties: 
----------------------------------------
----------------------------------------
Timestamp: 10/22/2013 10:11:17 AM
Message: SHUTDOWN is in progress.
Login failed for user 'pdexpress_dbacct'.
A severe error occurred on the current command.  The results, if any, should be discarded.
Category: General
Priority: -1
EventId: 80
Severity: Error
Title:
Machine: mshivjiani/IFW9WO-BDBCHA1
Application Domain: f5f04493-2-130269246693152022
Process Id: 7300
Process Name: C:\Program Files (x86)\Common Files\Microsoft Shared\DevServer\10.0\WebDev.WebServer40.exe
Win32 Thread Id: 8652
Thread Name: 
Extended Properties: 
----------------------------------------
----------------------------------------
Timestamp: 10/22/2013 10:11:17 AM
Message: HCMS.Business.Common.BusinessException: SHUTDOWN is in progress.
Login failed for user 'pdexpress_dbacct'.
A severe error occurred on the current command.  The results, if any, should be discarded.
   at HCMS.Business.Base.ExceptionBase.HandleException(Exception ex) in C:\HCMS\HCMS.Business\Base\ExceptionBase.cs:line 23
   at HCMS.Business.Security.User..ctor(Int32 loadByID) in C:\HCMS\HCMS.Business\Security\User.cs:line 350
   at HCMS.WebFramework.BaseControls.UserControlBase.get_CurrentUser() in C:\HCMS\HCMS.WebFramework\BaseControls\UserControlBase.cs:line 275
   at HCMS.Portal.Controls.Layout.HeaderControl.OnPreRender(EventArgs e) in C:\HCMS\HCMS.Portal\Controls\Layout\HeaderControl.ascx.cs:line 23
   at System.Web.UI.Control.PreRenderRecursiveInternal()
   at System.Web.UI.Control.PreRenderRecursiveInternal()
   at System.Web.UI.Control.PreRenderRecursiveInternal()
   at System.Web.UI.Control.PreRenderRecursiveInternal()
   at System.Web.UI.Page.ProcessRequestMain(Boolean includeStagesBeforeAsyncPoint, Boolean includeStagesAfterAsyncPoint)
Category: General
Priority: -1
EventId: 0
Severity: Information
Title:
Machine: mshivjiani/IFW9WO-BDBCHA1
Application Domain: f5f04493-2-130269246693152022
Process Id: 7300
Process Name: C:\Program Files (x86)\Common Files\Microsoft Shared\DevServer\10.0\WebDev.WebServer40.exe
Win32 Thread Id: 8652
Thread Name: 
Extended Properties: 
----------------------------------------
----------------------------------------
Timestamp: 10/22/2013 10:40:12 AM
Message: System.Web.HttpException (0x80004005): File does not exist.
   at System.Web.StaticFileHandler.GetFileInfo(String virtualPathWithPathInfo, String physicalPath, HttpResponse response)
   at System.Web.StaticFileHandler.ProcessRequestInternal(HttpContext context, String overrideVirtualPath)
   at System.Web.DefaultHttpHandler.BeginProcessRequest(HttpContext context, AsyncCallback callback, Object state)
   at System.Web.HttpApplication.CallHandlerExecutionStep.System.Web.HttpApplication.IExecutionStep.Execute()
   at System.Web.HttpApplication.ExecuteStep(IExecutionStep step, Boolean& completedSynchronously)
Category: General
Priority: -1
EventId: 0
Severity: Information
Title:
Machine: mshivjiani/IFW9WO-BDBCHA1
Application Domain: f5f04493-4-130269262002324022
Process Id: 7300
Process Name: C:\Program Files (x86)\Common Files\Microsoft Shared\DevServer\10.0\WebDev.WebServer40.exe
Win32 Thread Id: 8796
Thread Name: 
Extended Properties: 
----------------------------------------
----------------------------------------
Timestamp: 10/22/2013 10:40:52 AM
Message: System.Web.HttpException (0x80004005): File does not exist.
   at System.Web.StaticFileHandler.GetFileInfo(String virtualPathWithPathInfo, String physicalPath, HttpResponse response)
   at System.Web.StaticFileHandler.ProcessRequestInternal(HttpContext context, String overrideVirtualPath)
   at System.Web.DefaultHttpHandler.BeginProcessRequest(HttpContext context, AsyncCallback callback, Object state)
   at System.Web.HttpApplication.CallHandlerExecutionStep.System.Web.HttpApplication.IExecutionStep.Execute()
   at System.Web.HttpApplication.ExecuteStep(IExecutionStep step, Boolean& completedSynchronously)
Category: General
Priority: -1
EventId: 0
Severity: Information
Title:
Machine: mshivjiani/IFW9WO-BDBCHA1
Application Domain: f5f04493-4-130269262002324022
Process Id: 7300
Process Name: C:\Program Files (x86)\Common Files\Microsoft Shared\DevServer\10.0\WebDev.WebServer40.exe
Win32 Thread Id: 8796
Thread Name: 
Extended Properties: 
----------------------------------------
----------------------------------------
Timestamp: 10/22/2013 3:04:46 PM
Message: System.Web.HttpException (0x80004005): File does not exist.
   at System.Web.StaticFileHandler.GetFileInfo(String virtualPathWithPathInfo, String physicalPath, HttpResponse response)
   at System.Web.StaticFileHandler.ProcessRequestInternal(HttpContext context, String overrideVirtualPath)
   at System.Web.DefaultHttpHandler.BeginProcessRequest(HttpContext context, AsyncCallback callback, Object state)
   at System.Web.HttpApplication.CallHandlerExecutionStep.System.Web.HttpApplication.IExecutionStep.Execute()
   at System.Web.HttpApplication.ExecuteStep(IExecutionStep step, Boolean& completedSynchronously)
Category: General
Priority: -1
EventId: 0
Severity: Information
Title:
Machine: mshivjiani/IFW9WO-BDBCHA1
Application Domain: f5f04493-2-130269404887143982
Process Id: 5512
Process Name: C:\Program Files (x86)\Common Files\Microsoft Shared\DevServer\10.0\WebDev.WebServer40.exe
Win32 Thread Id: 9724
Thread Name: 
Extended Properties: 
----------------------------------------
