----------------------------------------
Timestamp: 7/24/2013 2:49:46 PM
Message: HandlingInstanceID: d2bee156-37dc-4237-8f29-50411374b05e
An exception of type 'System.Web.HttpException' occurred and was caught.
------------------------------------------------------------------------
07/24/2013 10:49:46
Type : System.Web.HttpException, System.Web, Version=4.0.0.0, Culture=neutral, PublicKeyToken=b03f5f7f11d50a3a
Message : File does not exist.
Source : System.Web
Help link : 
WebEventCode : 0
ErrorCode : -2147467259
Data : System.Collections.ListDictionaryInternal
TargetSite : System.IO.FileInfo GetFileInfo(System.String, System.String, System.Web.HttpResponse)
Stack Trace :    at System.Web.StaticFileHandler.GetFileInfo(String virtualPathWithPathInfo, String physicalPath, HttpResponse response)
   at System.Web.StaticFileHandler.ProcessRequestInternal(HttpContext context, String overrideVirtualPath)
   at System.Web.DefaultHttpHandler.BeginProcessRequest(HttpContext context, AsyncCallback callback, Object state)
   at System.Web.HttpApplication.CallHandlerExecutionStep.System.Web.HttpApplication.IExecutionStep.Execute()
   at System.Web.HttpApplication.ExecuteStep(IExecutionStep step, Boolean& completedSynchronously)

Additional Info:

MachineName : IFW9WO-BDBCHA1
TimeStamp : 7/24/2013 2:49:46 PM
FullName : Microsoft.Practices.EnterpriseLibrary.ExceptionHandling, Version=4.1.0.0, Culture=neutral, PublicKeyToken=31bf3856ad364e35
AppDomainName : f5f04493-6-130191490487946323
ThreadIdentity : 58
WindowsIdentity : IFW\mshivjiani

Category: General
Priority: 0
EventId: 100
Severity: Error
Title:Enterprise Library Exception Handling
Machine: IFW9WO-BDBCHA1
Application Domain: f5f04493-6-130191490487946323
Process Id: 4240
Process Name: C:\Program Files (x86)\Common Files\Microsoft Shared\DevServer\10.0\WebDev.WebServer40.exe
Win32 Thread Id: 6964
Thread Name: 
Extended Properties: 
----------------------------------------
