----------------------------------------
Timestamp: 10/21/2013 2:19:26 PM
Message: HandlingInstanceID: cf18d1e7-11b5-4339-a249-9d9effc89ebb
An exception of type 'System.Web.HttpException' occurred and was caught.
------------------------------------------------------------------------
10/21/2013 10:19:26
Type : System.Web.HttpException, System.Web, Version=4.0.0.0, Culture=neutral, PublicKeyToken=b03f5f7f11d50a3a
Message : File does not exist.
Source : System.Web
Help link : 
WebEventCode : 0
ErrorCode : -2147467259
Data : System.Collections.ListDictionaryInternal
TargetSite : System.IO.FileInfo GetFileInfo(System.String, System.String, System.Web.HttpResponse)
Stack Trace :    at System.Web.StaticFileHandler.GetFileInfo(String virtualPathWithPathInfo, String physicalPath, HttpResponse response)
   at System.Web.StaticFileHandler.ProcessRequestInternal(HttpContext context, String overrideVirtualPath)
   at System.Web.DefaultHttpHandler.BeginProcessRequest(HttpContext context, AsyncCallback callback, Object state)
   at System.Web.HttpApplication.CallHandlerExecutionStep.System.Web.HttpApplication.IExecutionStep.Execute()
   at System.Web.HttpApplication.ExecuteStep(IExecutionStep step, Boolean& completedSynchronously)

Additional Info:

MachineName : IFW9WO-BDBCHA1
TimeStamp : 10/21/2013 2:19:26 PM
FullName : Microsoft.Practices.EnterpriseLibrary.ExceptionHandling, Version=4.1.0.0, Culture=neutral, PublicKeyToken=31bf3856ad364e35
AppDomainName : 61d7c3c8-5-130268386732905862
ThreadIdentity : 13
WindowsIdentity : IFW\mshivjiani

Category: General
Priority: 0
EventId: 100
Severity: Error
Title:Enterprise Library Exception Handling
Machine: IFW9WO-BDBCHA1
Application Domain: 61d7c3c8-5-130268386732905862
Process Id: 6952
Process Name: C:\Program Files (x86)\Common Files\Microsoft Shared\DevServer\10.0\WebDev.WebServer40.exe
Win32 Thread Id: 7628
Thread Name: 
Extended Properties: 
----------------------------------------
----------------------------------------
Timestamp: 10/21/2013 2:22:36 PM
Message: HandlingInstanceID: b758eae8-02e8-4798-95cb-798cc48f18d4
An exception of type 'System.Web.HttpException' occurred and was caught.
------------------------------------------------------------------------
10/21/2013 10:22:36
Type : System.Web.HttpException, System.Web, Version=4.0.0.0, Culture=neutral, PublicKeyToken=b03f5f7f11d50a3a
Message : File does not exist.
Source : System.Web
Help link : 
WebEventCode : 0
ErrorCode : -2147467259
Data : System.Collections.ListDictionaryInternal
TargetSite : System.IO.FileInfo GetFileInfo(System.String, System.String, System.Web.HttpResponse)
Stack Trace :    at System.Web.StaticFileHandler.GetFileInfo(String virtualPathWithPathInfo, String physicalPath, HttpResponse response)
   at System.Web.StaticFileHandler.ProcessRequestInternal(HttpContext context, String overrideVirtualPath)
   at System.Web.DefaultHttpHandler.BeginProcessRequest(HttpContext context, AsyncCallback callback, Object state)
   at System.Web.HttpApplication.CallHandlerExecutionStep.System.Web.HttpApplication.IExecutionStep.Execute()
   at System.Web.HttpApplication.ExecuteStep(IExecutionStep step, Boolean& completedSynchronously)

Additional Info:

MachineName : IFW9WO-BDBCHA1
TimeStamp : 10/21/2013 2:22:36 PM
FullName : Microsoft.Practices.EnterpriseLibrary.ExceptionHandling, Version=4.1.0.0, Culture=neutral, PublicKeyToken=31bf3856ad364e35
AppDomainName : 61d7c3c8-5-130268386732905862
ThreadIdentity : 13
WindowsIdentity : IFW\mshivjiani

Category: General
Priority: 0
EventId: 100
Severity: Error
Title:Enterprise Library Exception Handling
Machine: IFW9WO-BDBCHA1
Application Domain: 61d7c3c8-5-130268386732905862
Process Id: 6952
Process Name: C:\Program Files (x86)\Common Files\Microsoft Shared\DevServer\10.0\WebDev.WebServer40.exe
Win32 Thread Id: 7628
Thread Name: 
Extended Properties: 
----------------------------------------
----------------------------------------
Timestamp: 10/21/2013 2:22:47 PM
Message: HandlingInstanceID: 15c1e4d8-88cf-44be-aaf5-0493600bf09f
An exception of type 'System.Web.HttpException' occurred and was caught.
------------------------------------------------------------------------
10/21/2013 10:22:47
Type : System.Web.HttpException, System.Web, Version=4.0.0.0, Culture=neutral, PublicKeyToken=b03f5f7f11d50a3a
Message : File does not exist.
Source : System.Web
Help link : 
WebEventCode : 0
ErrorCode : -2147467259
Data : System.Collections.ListDictionaryInternal
TargetSite : System.IO.FileInfo GetFileInfo(System.String, System.String, System.Web.HttpResponse)
Stack Trace :    at System.Web.StaticFileHandler.GetFileInfo(String virtualPathWithPathInfo, String physicalPath, HttpResponse response)
   at System.Web.StaticFileHandler.ProcessRequestInternal(HttpContext context, String overrideVirtualPath)
   at System.Web.DefaultHttpHandler.BeginProcessRequest(HttpContext context, AsyncCallback callback, Object state)
   at System.Web.HttpApplication.CallHandlerExecutionStep.System.Web.HttpApplication.IExecutionStep.Execute()
   at System.Web.HttpApplication.ExecuteStep(IExecutionStep step, Boolean& completedSynchronously)

Additional Info:

MachineName : IFW9WO-BDBCHA1
TimeStamp : 10/21/2013 2:22:47 PM
FullName : Microsoft.Practices.EnterpriseLibrary.ExceptionHandling, Version=4.1.0.0, Culture=neutral, PublicKeyToken=31bf3856ad364e35
AppDomainName : 61d7c3c8-5-130268386732905862
ThreadIdentity : 13
WindowsIdentity : IFW\mshivjiani

Category: General
Priority: 0
EventId: 100
Severity: Error
Title:Enterprise Library Exception Handling
Machine: IFW9WO-BDBCHA1
Application Domain: 61d7c3c8-5-130268386732905862
Process Id: 6952
Process Name: C:\Program Files (x86)\Common Files\Microsoft Shared\DevServer\10.0\WebDev.WebServer40.exe
Win32 Thread Id: 7628
Thread Name: 
Extended Properties: 
----------------------------------------
----------------------------------------
Timestamp: 10/21/2013 2:23:39 PM
Message: HandlingInstanceID: 99c4ede6-43ef-4fff-86ca-f51c673c2a5f
An exception of type 'System.Web.HttpException' occurred and was caught.
------------------------------------------------------------------------
10/21/2013 10:23:39
Type : System.Web.HttpException, System.Web, Version=4.0.0.0, Culture=neutral, PublicKeyToken=b03f5f7f11d50a3a
Message : File does not exist.
Source : System.Web
Help link : 
WebEventCode : 0
ErrorCode : -2147467259
Data : System.Collections.ListDictionaryInternal
TargetSite : System.IO.FileInfo GetFileInfo(System.String, System.String, System.Web.HttpResponse)
Stack Trace :    at System.Web.StaticFileHandler.GetFileInfo(String virtualPathWithPathInfo, String physicalPath, HttpResponse response)
   at System.Web.StaticFileHandler.ProcessRequestInternal(HttpContext context, String overrideVirtualPath)
   at System.Web.DefaultHttpHandler.BeginProcessRequest(HttpContext context, AsyncCallback callback, Object state)
   at System.Web.HttpApplication.CallHandlerExecutionStep.System.Web.HttpApplication.IExecutionStep.Execute()
   at System.Web.HttpApplication.ExecuteStep(IExecutionStep step, Boolean& completedSynchronously)

Additional Info:

MachineName : IFW9WO-BDBCHA1
TimeStamp : 10/21/2013 2:23:39 PM
FullName : Microsoft.Practices.EnterpriseLibrary.ExceptionHandling, Version=4.1.0.0, Culture=neutral, PublicKeyToken=31bf3856ad364e35
AppDomainName : 61d7c3c8-5-130268386732905862
ThreadIdentity : 13
WindowsIdentity : IFW\mshivjiani

Category: General
Priority: 0
EventId: 100
Severity: Error
Title:Enterprise Library Exception Handling
Machine: IFW9WO-BDBCHA1
Application Domain: 61d7c3c8-5-130268386732905862
Process Id: 6952
Process Name: C:\Program Files (x86)\Common Files\Microsoft Shared\DevServer\10.0\WebDev.WebServer40.exe
Win32 Thread Id: 10752
Thread Name: 
Extended Properties: 
----------------------------------------
----------------------------------------
Timestamp: 10/21/2013 2:23:50 PM
Message: HandlingInstanceID: 4895d0d1-5ee7-48be-a57b-b550e4a2c12b
An exception of type 'System.Web.HttpException' occurred and was caught.
------------------------------------------------------------------------
10/21/2013 10:23:50
Type : System.Web.HttpException, System.Web, Version=4.0.0.0, Culture=neutral, PublicKeyToken=b03f5f7f11d50a3a
Message : File does not exist.
Source : System.Web
Help link : 
WebEventCode : 0
ErrorCode : -2147467259
Data : System.Collections.ListDictionaryInternal
TargetSite : System.IO.FileInfo GetFileInfo(System.String, System.String, System.Web.HttpResponse)
Stack Trace :    at System.Web.StaticFileHandler.GetFileInfo(String virtualPathWithPathInfo, String physicalPath, HttpResponse response)
   at System.Web.StaticFileHandler.ProcessRequestInternal(HttpContext context, String overrideVirtualPath)
   at System.Web.DefaultHttpHandler.BeginProcessRequest(HttpContext context, AsyncCallback callback, Object state)
   at System.Web.HttpApplication.CallHandlerExecutionStep.System.Web.HttpApplication.IExecutionStep.Execute()
   at System.Web.HttpApplication.ExecuteStep(IExecutionStep step, Boolean& completedSynchronously)

Additional Info:

MachineName : IFW9WO-BDBCHA1
TimeStamp : 10/21/2013 2:23:50 PM
FullName : Microsoft.Practices.EnterpriseLibrary.ExceptionHandling, Version=4.1.0.0, Culture=neutral, PublicKeyToken=31bf3856ad364e35
AppDomainName : 61d7c3c8-5-130268386732905862
ThreadIdentity : 13
WindowsIdentity : IFW\mshivjiani

Category: General
Priority: 0
EventId: 100
Severity: Error
Title:Enterprise Library Exception Handling
Machine: IFW9WO-BDBCHA1
Application Domain: 61d7c3c8-5-130268386732905862
Process Id: 6952
Process Name: C:\Program Files (x86)\Common Files\Microsoft Shared\DevServer\10.0\WebDev.WebServer40.exe
Win32 Thread Id: 7628
Thread Name: 
Extended Properties: 
----------------------------------------
----------------------------------------
Timestamp: 10/21/2013 2:23:58 PM
Message: HandlingInstanceID: 59bbb840-6132-488b-b555-10f4eb201884
An exception of type 'System.Web.HttpException' occurred and was caught.
------------------------------------------------------------------------
10/21/2013 10:23:58
Type : System.Web.HttpException, System.Web, Version=4.0.0.0, Culture=neutral, PublicKeyToken=b03f5f7f11d50a3a
Message : File does not exist.
Source : System.Web
Help link : 
WebEventCode : 0
ErrorCode : -2147467259
Data : System.Collections.ListDictionaryInternal
TargetSite : System.IO.FileInfo GetFileInfo(System.String, System.String, System.Web.HttpResponse)
Stack Trace :    at System.Web.StaticFileHandler.GetFileInfo(String virtualPathWithPathInfo, String physicalPath, HttpResponse response)
   at System.Web.StaticFileHandler.ProcessRequestInternal(HttpContext context, String overrideVirtualPath)
   at System.Web.DefaultHttpHandler.BeginProcessRequest(HttpContext context, AsyncCallback callback, Object state)
   at System.Web.HttpApplication.CallHandlerExecutionStep.System.Web.HttpApplication.IExecutionStep.Execute()
   at System.Web.HttpApplication.ExecuteStep(IExecutionStep step, Boolean& completedSynchronously)

Additional Info:

MachineName : IFW9WO-BDBCHA1
TimeStamp : 10/21/2013 2:23:58 PM
FullName : Microsoft.Practices.EnterpriseLibrary.ExceptionHandling, Version=4.1.0.0, Culture=neutral, PublicKeyToken=31bf3856ad364e35
AppDomainName : 61d7c3c8-5-130268386732905862
ThreadIdentity : 13
WindowsIdentity : IFW\mshivjiani

Category: General
Priority: 0
EventId: 100
Severity: Error
Title:Enterprise Library Exception Handling
Machine: IFW9WO-BDBCHA1
Application Domain: 61d7c3c8-5-130268386732905862
Process Id: 6952
Process Name: C:\Program Files (x86)\Common Files\Microsoft Shared\DevServer\10.0\WebDev.WebServer40.exe
Win32 Thread Id: 6848
Thread Name: 
Extended Properties: 
----------------------------------------
----------------------------------------
Timestamp: 10/21/2013 2:24:02 PM
Message: HandlingInstanceID: c1259e7f-a95e-4fbe-ac86-810cb903dd3a
An exception of type 'System.Web.HttpException' occurred and was caught.
------------------------------------------------------------------------
10/21/2013 10:24:02
Type : System.Web.HttpException, System.Web, Version=4.0.0.0, Culture=neutral, PublicKeyToken=b03f5f7f11d50a3a
Message : File does not exist.
Source : System.Web
Help link : 
WebEventCode : 0
ErrorCode : -2147467259
Data : System.Collections.ListDictionaryInternal
TargetSite : System.IO.FileInfo GetFileInfo(System.String, System.String, System.Web.HttpResponse)
Stack Trace :    at System.Web.StaticFileHandler.GetFileInfo(String virtualPathWithPathInfo, String physicalPath, HttpResponse response)
   at System.Web.StaticFileHandler.ProcessRequestInternal(HttpContext context, String overrideVirtualPath)
   at System.Web.DefaultHttpHandler.BeginProcessRequest(HttpContext context, AsyncCallback callback, Object state)
   at System.Web.HttpApplication.CallHandlerExecutionStep.System.Web.HttpApplication.IExecutionStep.Execute()
   at System.Web.HttpApplication.ExecuteStep(IExecutionStep step, Boolean& completedSynchronously)

Additional Info:

MachineName : IFW9WO-BDBCHA1
TimeStamp : 10/21/2013 2:24:02 PM
FullName : Microsoft.Practices.EnterpriseLibrary.ExceptionHandling, Version=4.1.0.0, Culture=neutral, PublicKeyToken=31bf3856ad364e35
AppDomainName : 61d7c3c8-5-130268386732905862
ThreadIdentity : 13
WindowsIdentity : IFW\mshivjiani

Category: General
Priority: 0
EventId: 100
Severity: Error
Title:Enterprise Library Exception Handling
Machine: IFW9WO-BDBCHA1
Application Domain: 61d7c3c8-5-130268386732905862
Process Id: 6952
Process Name: C:\Program Files (x86)\Common Files\Microsoft Shared\DevServer\10.0\WebDev.WebServer40.exe
Win32 Thread Id: 8440
Thread Name: 
Extended Properties: 
----------------------------------------
----------------------------------------
Timestamp: 10/21/2013 2:24:34 PM
Message: HandlingInstanceID: 6cbc5e58-1efd-48f6-bd51-ed139dd6d947
An exception of type 'System.Web.HttpException' occurred and was caught.
------------------------------------------------------------------------
10/21/2013 10:24:34
Type : System.Web.HttpException, System.Web, Version=4.0.0.0, Culture=neutral, PublicKeyToken=b03f5f7f11d50a3a
Message : File does not exist.
Source : System.Web
Help link : 
WebEventCode : 0
ErrorCode : -2147467259
Data : System.Collections.ListDictionaryInternal
TargetSite : System.IO.FileInfo GetFileInfo(System.String, System.String, System.Web.HttpResponse)
Stack Trace :    at System.Web.StaticFileHandler.GetFileInfo(String virtualPathWithPathInfo, String physicalPath, HttpResponse response)
   at System.Web.StaticFileHandler.ProcessRequestInternal(HttpContext context, String overrideVirtualPath)
   at System.Web.DefaultHttpHandler.BeginProcessRequest(HttpContext context, AsyncCallback callback, Object state)
   at System.Web.HttpApplication.CallHandlerExecutionStep.System.Web.HttpApplication.IExecutionStep.Execute()
   at System.Web.HttpApplication.ExecuteStep(IExecutionStep step, Boolean& completedSynchronously)

Additional Info:

MachineName : IFW9WO-BDBCHA1
TimeStamp : 10/21/2013 2:24:34 PM
FullName : Microsoft.Practices.EnterpriseLibrary.ExceptionHandling, Version=4.1.0.0, Culture=neutral, PublicKeyToken=31bf3856ad364e35
AppDomainName : 61d7c3c8-5-130268386732905862
ThreadIdentity : 13
WindowsIdentity : IFW\mshivjiani

Category: General
Priority: 0
EventId: 100
Severity: Error
Title:Enterprise Library Exception Handling
Machine: IFW9WO-BDBCHA1
Application Domain: 61d7c3c8-5-130268386732905862
Process Id: 6952
Process Name: C:\Program Files (x86)\Common Files\Microsoft Shared\DevServer\10.0\WebDev.WebServer40.exe
Win32 Thread Id: 6848
Thread Name: 
Extended Properties: 
----------------------------------------
----------------------------------------
Timestamp: 10/21/2013 2:24:40 PM
Message: HandlingInstanceID: d4dd3c14-1bc2-4c86-b143-94678c07e698
An exception of type 'System.Web.HttpException' occurred and was caught.
------------------------------------------------------------------------
10/21/2013 10:24:40
Type : System.Web.HttpException, System.Web, Version=4.0.0.0, Culture=neutral, PublicKeyToken=b03f5f7f11d50a3a
Message : File does not exist.
Source : System.Web
Help link : 
WebEventCode : 0
ErrorCode : -2147467259
Data : System.Collections.ListDictionaryInternal
TargetSite : System.IO.FileInfo GetFileInfo(System.String, System.String, System.Web.HttpResponse)
Stack Trace :    at System.Web.StaticFileHandler.GetFileInfo(String virtualPathWithPathInfo, String physicalPath, HttpResponse response)
   at System.Web.StaticFileHandler.ProcessRequestInternal(HttpContext context, String overrideVirtualPath)
   at System.Web.DefaultHttpHandler.BeginProcessRequest(HttpContext context, AsyncCallback callback, Object state)
   at System.Web.HttpApplication.CallHandlerExecutionStep.System.Web.HttpApplication.IExecutionStep.Execute()
   at System.Web.HttpApplication.ExecuteStep(IExecutionStep step, Boolean& completedSynchronously)

Additional Info:

MachineName : IFW9WO-BDBCHA1
TimeStamp : 10/21/2013 2:24:40 PM
FullName : Microsoft.Practices.EnterpriseLibrary.ExceptionHandling, Version=4.1.0.0, Culture=neutral, PublicKeyToken=31bf3856ad364e35
AppDomainName : 61d7c3c8-5-130268386732905862
ThreadIdentity : 13
WindowsIdentity : IFW\mshivjiani

Category: General
Priority: 0
EventId: 100
Severity: Error
Title:Enterprise Library Exception Handling
Machine: IFW9WO-BDBCHA1
Application Domain: 61d7c3c8-5-130268386732905862
Process Id: 6952
Process Name: C:\Program Files (x86)\Common Files\Microsoft Shared\DevServer\10.0\WebDev.WebServer40.exe
Win32 Thread Id: 7628
Thread Name: 
Extended Properties: 
----------------------------------------
----------------------------------------
Timestamp: 10/21/2013 2:24:54 PM
Message: HandlingInstanceID: db972079-9919-404d-954e-2c574f032e5c
An exception of type 'System.Web.HttpException' occurred and was caught.
------------------------------------------------------------------------
10/21/2013 10:24:54
Type : System.Web.HttpException, System.Web, Version=4.0.0.0, Culture=neutral, PublicKeyToken=b03f5f7f11d50a3a
Message : File does not exist.
Source : System.Web
Help link : 
WebEventCode : 0
ErrorCode : -2147467259
Data : System.Collections.ListDictionaryInternal
TargetSite : System.IO.FileInfo GetFileInfo(System.String, System.String, System.Web.HttpResponse)
Stack Trace :    at System.Web.StaticFileHandler.GetFileInfo(String virtualPathWithPathInfo, String physicalPath, HttpResponse response)
   at System.Web.StaticFileHandler.ProcessRequestInternal(HttpContext context, String overrideVirtualPath)
   at System.Web.DefaultHttpHandler.BeginProcessRequest(HttpContext context, AsyncCallback callback, Object state)
   at System.Web.HttpApplication.CallHandlerExecutionStep.System.Web.HttpApplication.IExecutionStep.Execute()
   at System.Web.HttpApplication.ExecuteStep(IExecutionStep step, Boolean& completedSynchronously)

Additional Info:

MachineName : IFW9WO-BDBCHA1
TimeStamp : 10/21/2013 2:24:54 PM
FullName : Microsoft.Practices.EnterpriseLibrary.ExceptionHandling, Version=4.1.0.0, Culture=neutral, PublicKeyToken=31bf3856ad364e35
AppDomainName : 61d7c3c8-5-130268386732905862
ThreadIdentity : 13
WindowsIdentity : IFW\mshivjiani

Category: General
Priority: 0
EventId: 100
Severity: Error
Title:Enterprise Library Exception Handling
Machine: IFW9WO-BDBCHA1
Application Domain: 61d7c3c8-5-130268386732905862
Process Id: 6952
Process Name: C:\Program Files (x86)\Common Files\Microsoft Shared\DevServer\10.0\WebDev.WebServer40.exe
Win32 Thread Id: 8440
Thread Name: 
Extended Properties: 
----------------------------------------
----------------------------------------
Timestamp: 10/21/2013 2:25:16 PM
Message: HandlingInstanceID: b9531f21-789f-4fdb-94d7-4c6f6a53ff8b
An exception of type 'System.Web.HttpException' occurred and was caught.
------------------------------------------------------------------------
10/21/2013 10:25:16
Type : System.Web.HttpException, System.Web, Version=4.0.0.0, Culture=neutral, PublicKeyToken=b03f5f7f11d50a3a
Message : File does not exist.
Source : System.Web
Help link : 
WebEventCode : 0
ErrorCode : -2147467259
Data : System.Collections.ListDictionaryInternal
TargetSite : System.IO.FileInfo GetFileInfo(System.String, System.String, System.Web.HttpResponse)
Stack Trace :    at System.Web.StaticFileHandler.GetFileInfo(String virtualPathWithPathInfo, String physicalPath, HttpResponse response)
   at System.Web.StaticFileHandler.ProcessRequestInternal(HttpContext context, String overrideVirtualPath)
   at System.Web.DefaultHttpHandler.BeginProcessRequest(HttpContext context, AsyncCallback callback, Object state)
   at System.Web.HttpApplication.CallHandlerExecutionStep.System.Web.HttpApplication.IExecutionStep.Execute()
   at System.Web.HttpApplication.ExecuteStep(IExecutionStep step, Boolean& completedSynchronously)

Additional Info:

MachineName : IFW9WO-BDBCHA1
TimeStamp : 10/21/2013 2:25:16 PM
FullName : Microsoft.Practices.EnterpriseLibrary.ExceptionHandling, Version=4.1.0.0, Culture=neutral, PublicKeyToken=31bf3856ad364e35
AppDomainName : 61d7c3c8-5-130268386732905862
ThreadIdentity : 13
WindowsIdentity : IFW\mshivjiani

Category: General
Priority: 0
EventId: 100
Severity: Error
Title:Enterprise Library Exception Handling
Machine: IFW9WO-BDBCHA1
Application Domain: 61d7c3c8-5-130268386732905862
Process Id: 6952
Process Name: C:\Program Files (x86)\Common Files\Microsoft Shared\DevServer\10.0\WebDev.WebServer40.exe
Win32 Thread Id: 8440
Thread Name: 
Extended Properties: 
----------------------------------------
----------------------------------------
Timestamp: 10/21/2013 2:25:22 PM
Message: HandlingInstanceID: a77e4297-23ae-4245-b912-2162f391374c
An exception of type 'System.Web.HttpException' occurred and was caught.
------------------------------------------------------------------------
10/21/2013 10:25:22
Type : System.Web.HttpException, System.Web, Version=4.0.0.0, Culture=neutral, PublicKeyToken=b03f5f7f11d50a3a
Message : File does not exist.
Source : System.Web
Help link : 
WebEventCode : 0
ErrorCode : -2147467259
Data : System.Collections.ListDictionaryInternal
TargetSite : System.IO.FileInfo GetFileInfo(System.String, System.String, System.Web.HttpResponse)
Stack Trace :    at System.Web.StaticFileHandler.GetFileInfo(String virtualPathWithPathInfo, String physicalPath, HttpResponse response)
   at System.Web.StaticFileHandler.ProcessRequestInternal(HttpContext context, String overrideVirtualPath)
   at System.Web.DefaultHttpHandler.BeginProcessRequest(HttpContext context, AsyncCallback callback, Object state)
   at System.Web.HttpApplication.CallHandlerExecutionStep.System.Web.HttpApplication.IExecutionStep.Execute()
   at System.Web.HttpApplication.ExecuteStep(IExecutionStep step, Boolean& completedSynchronously)

Additional Info:

MachineName : IFW9WO-BDBCHA1
TimeStamp : 10/21/2013 2:25:22 PM
FullName : Microsoft.Practices.EnterpriseLibrary.ExceptionHandling, Version=4.1.0.0, Culture=neutral, PublicKeyToken=31bf3856ad364e35
AppDomainName : 61d7c3c8-5-130268386732905862
ThreadIdentity : 13
WindowsIdentity : IFW\mshivjiani

Category: General
Priority: 0
EventId: 100
Severity: Error
Title:Enterprise Library Exception Handling
Machine: IFW9WO-BDBCHA1
Application Domain: 61d7c3c8-5-130268386732905862
Process Id: 6952
Process Name: C:\Program Files (x86)\Common Files\Microsoft Shared\DevServer\10.0\WebDev.WebServer40.exe
Win32 Thread Id: 6304
Thread Name: 
Extended Properties: 
----------------------------------------
----------------------------------------
Timestamp: 10/21/2013 2:25:33 PM
Message: HandlingInstanceID: b5aec9f3-1714-4217-9bf6-42ae4aec0512
An exception of type 'System.Web.HttpException' occurred and was caught.
------------------------------------------------------------------------
10/21/2013 10:25:33
Type : System.Web.HttpException, System.Web, Version=4.0.0.0, Culture=neutral, PublicKeyToken=b03f5f7f11d50a3a
Message : File does not exist.
Source : System.Web
Help link : 
WebEventCode : 0
ErrorCode : -2147467259
Data : System.Collections.ListDictionaryInternal
TargetSite : System.IO.FileInfo GetFileInfo(System.String, System.String, System.Web.HttpResponse)
Stack Trace :    at System.Web.StaticFileHandler.GetFileInfo(String virtualPathWithPathInfo, String physicalPath, HttpResponse response)
   at System.Web.StaticFileHandler.ProcessRequestInternal(HttpContext context, String overrideVirtualPath)
   at System.Web.DefaultHttpHandler.BeginProcessRequest(HttpContext context, AsyncCallback callback, Object state)
   at System.Web.HttpApplication.CallHandlerExecutionStep.System.Web.HttpApplication.IExecutionStep.Execute()
   at System.Web.HttpApplication.ExecuteStep(IExecutionStep step, Boolean& completedSynchronously)

Additional Info:

MachineName : IFW9WO-BDBCHA1
TimeStamp : 10/21/2013 2:25:33 PM
FullName : Microsoft.Practices.EnterpriseLibrary.ExceptionHandling, Version=4.1.0.0, Culture=neutral, PublicKeyToken=31bf3856ad364e35
AppDomainName : 61d7c3c8-5-130268386732905862
ThreadIdentity : 13
WindowsIdentity : IFW\mshivjiani

Category: General
Priority: 0
EventId: 100
Severity: Error
Title:Enterprise Library Exception Handling
Machine: IFW9WO-BDBCHA1
Application Domain: 61d7c3c8-5-130268386732905862
Process Id: 6952
Process Name: C:\Program Files (x86)\Common Files\Microsoft Shared\DevServer\10.0\WebDev.WebServer40.exe
Win32 Thread Id: 6304
Thread Name: 
Extended Properties: 
----------------------------------------
----------------------------------------
Timestamp: 10/21/2013 2:25:38 PM
Message: HandlingInstanceID: c9f27210-28e5-43cf-ae95-895c95f1f01e
An exception of type 'System.Web.HttpException' occurred and was caught.
------------------------------------------------------------------------
10/21/2013 10:25:38
Type : System.Web.HttpException, System.Web, Version=4.0.0.0, Culture=neutral, PublicKeyToken=b03f5f7f11d50a3a
Message : File does not exist.
Source : System.Web
Help link : 
WebEventCode : 0
ErrorCode : -2147467259
Data : System.Collections.ListDictionaryInternal
TargetSite : System.IO.FileInfo GetFileInfo(System.String, System.String, System.Web.HttpResponse)
Stack Trace :    at System.Web.StaticFileHandler.GetFileInfo(String virtualPathWithPathInfo, String physicalPath, HttpResponse response)
   at System.Web.StaticFileHandler.ProcessRequestInternal(HttpContext context, String overrideVirtualPath)
   at System.Web.DefaultHttpHandler.BeginProcessRequest(HttpContext context, AsyncCallback callback, Object state)
   at System.Web.HttpApplication.CallHandlerExecutionStep.System.Web.HttpApplication.IExecutionStep.Execute()
   at System.Web.HttpApplication.ExecuteStep(IExecutionStep step, Boolean& completedSynchronously)

Additional Info:

MachineName : IFW9WO-BDBCHA1
TimeStamp : 10/21/2013 2:25:38 PM
FullName : Microsoft.Practices.EnterpriseLibrary.ExceptionHandling, Version=4.1.0.0, Culture=neutral, PublicKeyToken=31bf3856ad364e35
AppDomainName : 61d7c3c8-5-130268386732905862
ThreadIdentity : 13
WindowsIdentity : IFW\mshivjiani

Category: General
Priority: 0
EventId: 100
Severity: Error
Title:Enterprise Library Exception Handling
Machine: IFW9WO-BDBCHA1
Application Domain: 61d7c3c8-5-130268386732905862
Process Id: 6952
Process Name: C:\Program Files (x86)\Common Files\Microsoft Shared\DevServer\10.0\WebDev.WebServer40.exe
Win32 Thread Id: 6304
Thread Name: 
Extended Properties: 
----------------------------------------
----------------------------------------
Timestamp: 10/21/2013 2:25:42 PM
Message: HandlingInstanceID: 49cc18d9-97ec-4970-930c-20a6f42c0071
An exception of type 'System.Web.HttpException' occurred and was caught.
------------------------------------------------------------------------
10/21/2013 10:25:42
Type : System.Web.HttpException, System.Web, Version=4.0.0.0, Culture=neutral, PublicKeyToken=b03f5f7f11d50a3a
Message : File does not exist.
Source : System.Web
Help link : 
WebEventCode : 0
ErrorCode : -2147467259
Data : System.Collections.ListDictionaryInternal
TargetSite : System.IO.FileInfo GetFileInfo(System.String, System.String, System.Web.HttpResponse)
Stack Trace :    at System.Web.StaticFileHandler.GetFileInfo(String virtualPathWithPathInfo, String physicalPath, HttpResponse response)
   at System.Web.StaticFileHandler.ProcessRequestInternal(HttpContext context, String overrideVirtualPath)
   at System.Web.DefaultHttpHandler.BeginProcessRequest(HttpContext context, AsyncCallback callback, Object state)
   at System.Web.HttpApplication.CallHandlerExecutionStep.System.Web.HttpApplication.IExecutionStep.Execute()
   at System.Web.HttpApplication.ExecuteStep(IExecutionStep step, Boolean& completedSynchronously)

Additional Info:

MachineName : IFW9WO-BDBCHA1
TimeStamp : 10/21/2013 2:25:42 PM
FullName : Microsoft.Practices.EnterpriseLibrary.ExceptionHandling, Version=4.1.0.0, Culture=neutral, PublicKeyToken=31bf3856ad364e35
AppDomainName : 61d7c3c8-5-130268386732905862
ThreadIdentity : 13
WindowsIdentity : IFW\mshivjiani

Category: General
Priority: 0
EventId: 100
Severity: Error
Title:Enterprise Library Exception Handling
Machine: IFW9WO-BDBCHA1
Application Domain: 61d7c3c8-5-130268386732905862
Process Id: 6952
Process Name: C:\Program Files (x86)\Common Files\Microsoft Shared\DevServer\10.0\WebDev.WebServer40.exe
Win32 Thread Id: 10432
Thread Name: 
Extended Properties: 
----------------------------------------
----------------------------------------
Timestamp: 10/21/2013 2:27:30 PM
Message: HandlingInstanceID: f80c0aa2-9e58-4641-a4e9-b169e1abeda1
An exception of type 'System.Web.HttpException' occurred and was caught.
------------------------------------------------------------------------
10/21/2013 10:27:30
Type : System.Web.HttpException, System.Web, Version=4.0.0.0, Culture=neutral, PublicKeyToken=b03f5f7f11d50a3a
Message : File does not exist.
Source : System.Web
Help link : 
WebEventCode : 0
ErrorCode : -2147467259
Data : System.Collections.ListDictionaryInternal
TargetSite : System.IO.FileInfo GetFileInfo(System.String, System.String, System.Web.HttpResponse)
Stack Trace :    at System.Web.StaticFileHandler.GetFileInfo(String virtualPathWithPathInfo, String physicalPath, HttpResponse response)
   at System.Web.StaticFileHandler.ProcessRequestInternal(HttpContext context, String overrideVirtualPath)
   at System.Web.DefaultHttpHandler.BeginProcessRequest(HttpContext context, AsyncCallback callback, Object state)
   at System.Web.HttpApplication.CallHandlerExecutionStep.System.Web.HttpApplication.IExecutionStep.Execute()
   at System.Web.HttpApplication.ExecuteStep(IExecutionStep step, Boolean& completedSynchronously)

Additional Info:

MachineName : IFW9WO-BDBCHA1
TimeStamp : 10/21/2013 2:27:30 PM
FullName : Microsoft.Practices.EnterpriseLibrary.ExceptionHandling, Version=4.1.0.0, Culture=neutral, PublicKeyToken=31bf3856ad364e35
AppDomainName : 61d7c3c8-5-130268386732905862
ThreadIdentity : 13
WindowsIdentity : IFW\mshivjiani

Category: General
Priority: 0
EventId: 100
Severity: Error
Title:Enterprise Library Exception Handling
Machine: IFW9WO-BDBCHA1
Application Domain: 61d7c3c8-5-130268386732905862
Process Id: 6952
Process Name: C:\Program Files (x86)\Common Files\Microsoft Shared\DevServer\10.0\WebDev.WebServer40.exe
Win32 Thread Id: 10152
Thread Name: 
Extended Properties: 
----------------------------------------
----------------------------------------
Timestamp: 10/21/2013 2:27:34 PM
Message: HandlingInstanceID: 570e6839-c456-4249-97b4-d1057ed81c89
An exception of type 'System.Web.HttpException' occurred and was caught.
------------------------------------------------------------------------
10/21/2013 10:27:34
Type : System.Web.HttpException, System.Web, Version=4.0.0.0, Culture=neutral, PublicKeyToken=b03f5f7f11d50a3a
Message : File does not exist.
Source : System.Web
Help link : 
WebEventCode : 0
ErrorCode : -2147467259
Data : System.Collections.ListDictionaryInternal
TargetSite : System.IO.FileInfo GetFileInfo(System.String, System.String, System.Web.HttpResponse)
Stack Trace :    at System.Web.StaticFileHandler.GetFileInfo(String virtualPathWithPathInfo, String physicalPath, HttpResponse response)
   at System.Web.StaticFileHandler.ProcessRequestInternal(HttpContext context, String overrideVirtualPath)
   at System.Web.DefaultHttpHandler.BeginProcessRequest(HttpContext context, AsyncCallback callback, Object state)
   at System.Web.HttpApplication.CallHandlerExecutionStep.System.Web.HttpApplication.IExecutionStep.Execute()
   at System.Web.HttpApplication.ExecuteStep(IExecutionStep step, Boolean& completedSynchronously)

Additional Info:

MachineName : IFW9WO-BDBCHA1
TimeStamp : 10/21/2013 2:27:34 PM
FullName : Microsoft.Practices.EnterpriseLibrary.ExceptionHandling, Version=4.1.0.0, Culture=neutral, PublicKeyToken=31bf3856ad364e35
AppDomainName : 61d7c3c8-5-130268386732905862
ThreadIdentity : 13
WindowsIdentity : IFW\mshivjiani

Category: General
Priority: 0
EventId: 100
Severity: Error
Title:Enterprise Library Exception Handling
Machine: IFW9WO-BDBCHA1
Application Domain: 61d7c3c8-5-130268386732905862
Process Id: 6952
Process Name: C:\Program Files (x86)\Common Files\Microsoft Shared\DevServer\10.0\WebDev.WebServer40.exe
Win32 Thread Id: 8440
Thread Name: 
Extended Properties: 
----------------------------------------
----------------------------------------
Timestamp: 10/21/2013 2:29:37 PM
Message: HandlingInstanceID: 80465c13-95fa-4661-8374-c5ad130f4b0a
An exception of type 'System.Web.HttpException' occurred and was caught.
------------------------------------------------------------------------
10/21/2013 10:29:37
Type : System.Web.HttpException, System.Web, Version=4.0.0.0, Culture=neutral, PublicKeyToken=b03f5f7f11d50a3a
Message : File does not exist.
Source : System.Web
Help link : 
WebEventCode : 0
ErrorCode : -2147467259
Data : System.Collections.ListDictionaryInternal
TargetSite : System.IO.FileInfo GetFileInfo(System.String, System.String, System.Web.HttpResponse)
Stack Trace :    at System.Web.StaticFileHandler.GetFileInfo(String virtualPathWithPathInfo, String physicalPath, HttpResponse response)
   at System.Web.StaticFileHandler.ProcessRequestInternal(HttpContext context, String overrideVirtualPath)
   at System.Web.DefaultHttpHandler.BeginProcessRequest(HttpContext context, AsyncCallback callback, Object state)
   at System.Web.HttpApplication.CallHandlerExecutionStep.System.Web.HttpApplication.IExecutionStep.Execute()
   at System.Web.HttpApplication.ExecuteStep(IExecutionStep step, Boolean& completedSynchronously)

Additional Info:

MachineName : IFW9WO-BDBCHA1
TimeStamp : 10/21/2013 2:29:37 PM
FullName : Microsoft.Practices.EnterpriseLibrary.ExceptionHandling, Version=4.1.0.0, Culture=neutral, PublicKeyToken=31bf3856ad364e35
AppDomainName : 61d7c3c8-5-130268386732905862
ThreadIdentity : 13
WindowsIdentity : IFW\mshivjiani

Category: General
Priority: 0
EventId: 100
Severity: Error
Title:Enterprise Library Exception Handling
Machine: IFW9WO-BDBCHA1
Application Domain: 61d7c3c8-5-130268386732905862
Process Id: 6952
Process Name: C:\Program Files (x86)\Common Files\Microsoft Shared\DevServer\10.0\WebDev.WebServer40.exe
Win32 Thread Id: 8440
Thread Name: 
Extended Properties: 
----------------------------------------
----------------------------------------
Timestamp: 10/21/2013 2:29:41 PM
Message: HandlingInstanceID: a3d47c90-7c34-4d97-bd14-809b438cfa2c
An exception of type 'System.Web.HttpException' occurred and was caught.
------------------------------------------------------------------------
10/21/2013 10:29:41
Type : System.Web.HttpException, System.Web, Version=4.0.0.0, Culture=neutral, PublicKeyToken=b03f5f7f11d50a3a
Message : File does not exist.
Source : System.Web
Help link : 
WebEventCode : 0
ErrorCode : -2147467259
Data : System.Collections.ListDictionaryInternal
TargetSite : System.IO.FileInfo GetFileInfo(System.String, System.String, System.Web.HttpResponse)
Stack Trace :    at System.Web.StaticFileHandler.GetFileInfo(String virtualPathWithPathInfo, String physicalPath, HttpResponse response)
   at System.Web.StaticFileHandler.ProcessRequestInternal(HttpContext context, String overrideVirtualPath)
   at System.Web.DefaultHttpHandler.BeginProcessRequest(HttpContext context, AsyncCallback callback, Object state)
   at System.Web.HttpApplication.CallHandlerExecutionStep.System.Web.HttpApplication.IExecutionStep.Execute()
   at System.Web.HttpApplication.ExecuteStep(IExecutionStep step, Boolean& completedSynchronously)

Additional Info:

MachineName : IFW9WO-BDBCHA1
TimeStamp : 10/21/2013 2:29:41 PM
FullName : Microsoft.Practices.EnterpriseLibrary.ExceptionHandling, Version=4.1.0.0, Culture=neutral, PublicKeyToken=31bf3856ad364e35
AppDomainName : 61d7c3c8-5-130268386732905862
ThreadIdentity : 13
WindowsIdentity : IFW\mshivjiani

Category: General
Priority: 0
EventId: 100
Severity: Error
Title:Enterprise Library Exception Handling
Machine: IFW9WO-BDBCHA1
Application Domain: 61d7c3c8-5-130268386732905862
Process Id: 6952
Process Name: C:\Program Files (x86)\Common Files\Microsoft Shared\DevServer\10.0\WebDev.WebServer40.exe
Win32 Thread Id: 10152
Thread Name: 
Extended Properties: 
----------------------------------------
----------------------------------------
Timestamp: 10/21/2013 2:30:28 PM
Message: HandlingInstanceID: 74e455e3-aadd-48e4-9357-d82e74efd8cd
An exception of type 'System.Web.HttpException' occurred and was caught.
------------------------------------------------------------------------
10/21/2013 10:30:28
Type : System.Web.HttpException, System.Web, Version=4.0.0.0, Culture=neutral, PublicKeyToken=b03f5f7f11d50a3a
Message : File does not exist.
Source : System.Web
Help link : 
WebEventCode : 0
ErrorCode : -2147467259
Data : System.Collections.ListDictionaryInternal
TargetSite : System.IO.FileInfo GetFileInfo(System.String, System.String, System.Web.HttpResponse)
Stack Trace :    at System.Web.StaticFileHandler.GetFileInfo(String virtualPathWithPathInfo, String physicalPath, HttpResponse response)
   at System.Web.StaticFileHandler.ProcessRequestInternal(HttpContext context, String overrideVirtualPath)
   at System.Web.DefaultHttpHandler.BeginProcessRequest(HttpContext context, AsyncCallback callback, Object state)
   at System.Web.HttpApplication.CallHandlerExecutionStep.System.Web.HttpApplication.IExecutionStep.Execute()
   at System.Web.HttpApplication.ExecuteStep(IExecutionStep step, Boolean& completedSynchronously)

Additional Info:

MachineName : IFW9WO-BDBCHA1
TimeStamp : 10/21/2013 2:30:28 PM
FullName : Microsoft.Practices.EnterpriseLibrary.ExceptionHandling, Version=4.1.0.0, Culture=neutral, PublicKeyToken=31bf3856ad364e35
AppDomainName : 61d7c3c8-5-130268386732905862
ThreadIdentity : 13
WindowsIdentity : IFW\mshivjiani

Category: General
Priority: 0
EventId: 100
Severity: Error
Title:Enterprise Library Exception Handling
Machine: IFW9WO-BDBCHA1
Application Domain: 61d7c3c8-5-130268386732905862
Process Id: 6952
Process Name: C:\Program Files (x86)\Common Files\Microsoft Shared\DevServer\10.0\WebDev.WebServer40.exe
Win32 Thread Id: 2880
Thread Name: 
Extended Properties: 
----------------------------------------
----------------------------------------
Timestamp: 10/21/2013 2:30:32 PM
Message: HandlingInstanceID: bf72da1f-a98e-4721-9456-a597e6e3537f
An exception of type 'System.Web.HttpException' occurred and was caught.
------------------------------------------------------------------------
10/21/2013 10:30:32
Type : System.Web.HttpException, System.Web, Version=4.0.0.0, Culture=neutral, PublicKeyToken=b03f5f7f11d50a3a
Message : File does not exist.
Source : System.Web
Help link : 
WebEventCode : 0
ErrorCode : -2147467259
Data : System.Collections.ListDictionaryInternal
TargetSite : System.IO.FileInfo GetFileInfo(System.String, System.String, System.Web.HttpResponse)
Stack Trace :    at System.Web.StaticFileHandler.GetFileInfo(String virtualPathWithPathInfo, String physicalPath, HttpResponse response)
   at System.Web.StaticFileHandler.ProcessRequestInternal(HttpContext context, String overrideVirtualPath)
   at System.Web.DefaultHttpHandler.BeginProcessRequest(HttpContext context, AsyncCallback callback, Object state)
   at System.Web.HttpApplication.CallHandlerExecutionStep.System.Web.HttpApplication.IExecutionStep.Execute()
   at System.Web.HttpApplication.ExecuteStep(IExecutionStep step, Boolean& completedSynchronously)

Additional Info:

MachineName : IFW9WO-BDBCHA1
TimeStamp : 10/21/2013 2:30:32 PM
FullName : Microsoft.Practices.EnterpriseLibrary.ExceptionHandling, Version=4.1.0.0, Culture=neutral, PublicKeyToken=31bf3856ad364e35
AppDomainName : 61d7c3c8-5-130268386732905862
ThreadIdentity : 13
WindowsIdentity : IFW\mshivjiani

Category: General
Priority: 0
EventId: 100
Severity: Error
Title:Enterprise Library Exception Handling
Machine: IFW9WO-BDBCHA1
Application Domain: 61d7c3c8-5-130268386732905862
Process Id: 6952
Process Name: C:\Program Files (x86)\Common Files\Microsoft Shared\DevServer\10.0\WebDev.WebServer40.exe
Win32 Thread Id: 2880
Thread Name: 
Extended Properties: 
----------------------------------------
----------------------------------------
Timestamp: 10/21/2013 2:30:36 PM
Message: HandlingInstanceID: 91eea73a-cf77-4337-a4cd-3c776ed81db9
An exception of type 'System.Web.HttpException' occurred and was caught.
------------------------------------------------------------------------
10/21/2013 10:30:36
Type : System.Web.HttpException, System.Web, Version=4.0.0.0, Culture=neutral, PublicKeyToken=b03f5f7f11d50a3a
Message : File does not exist.
Source : System.Web
Help link : 
WebEventCode : 0
ErrorCode : -2147467259
Data : System.Collections.ListDictionaryInternal
TargetSite : System.IO.FileInfo GetFileInfo(System.String, System.String, System.Web.HttpResponse)
Stack Trace :    at System.Web.StaticFileHandler.GetFileInfo(String virtualPathWithPathInfo, String physicalPath, HttpResponse response)
   at System.Web.StaticFileHandler.ProcessRequestInternal(HttpContext context, String overrideVirtualPath)
   at System.Web.DefaultHttpHandler.BeginProcessRequest(HttpContext context, AsyncCallback callback, Object state)
   at System.Web.HttpApplication.CallHandlerExecutionStep.System.Web.HttpApplication.IExecutionStep.Execute()
   at System.Web.HttpApplication.ExecuteStep(IExecutionStep step, Boolean& completedSynchronously)

Additional Info:

MachineName : IFW9WO-BDBCHA1
TimeStamp : 10/21/2013 2:30:36 PM
FullName : Microsoft.Practices.EnterpriseLibrary.ExceptionHandling, Version=4.1.0.0, Culture=neutral, PublicKeyToken=31bf3856ad364e35
AppDomainName : 61d7c3c8-5-130268386732905862
ThreadIdentity : 13
WindowsIdentity : IFW\mshivjiani

Category: General
Priority: 0
EventId: 100
Severity: Error
Title:Enterprise Library Exception Handling
Machine: IFW9WO-BDBCHA1
Application Domain: 61d7c3c8-5-130268386732905862
Process Id: 6952
Process Name: C:\Program Files (x86)\Common Files\Microsoft Shared\DevServer\10.0\WebDev.WebServer40.exe
Win32 Thread Id: 2880
Thread Name: 
Extended Properties: 
----------------------------------------
----------------------------------------
Timestamp: 10/21/2013 2:30:49 PM
Message: HandlingInstanceID: 367773ed-3ae9-4b36-a853-d76963f92ceb
An exception of type 'System.Web.HttpException' occurred and was caught.
------------------------------------------------------------------------
10/21/2013 10:30:49
Type : System.Web.HttpException, System.Web, Version=4.0.0.0, Culture=neutral, PublicKeyToken=b03f5f7f11d50a3a
Message : File does not exist.
Source : System.Web
Help link : 
WebEventCode : 0
ErrorCode : -2147467259
Data : System.Collections.ListDictionaryInternal
TargetSite : System.IO.FileInfo GetFileInfo(System.String, System.String, System.Web.HttpResponse)
Stack Trace :    at System.Web.StaticFileHandler.GetFileInfo(String virtualPathWithPathInfo, String physicalPath, HttpResponse response)
   at System.Web.StaticFileHandler.ProcessRequestInternal(HttpContext context, String overrideVirtualPath)
   at System.Web.DefaultHttpHandler.BeginProcessRequest(HttpContext context, AsyncCallback callback, Object state)
   at System.Web.HttpApplication.CallHandlerExecutionStep.System.Web.HttpApplication.IExecutionStep.Execute()
   at System.Web.HttpApplication.ExecuteStep(IExecutionStep step, Boolean& completedSynchronously)

Additional Info:

MachineName : IFW9WO-BDBCHA1
TimeStamp : 10/21/2013 2:30:49 PM
FullName : Microsoft.Practices.EnterpriseLibrary.ExceptionHandling, Version=4.1.0.0, Culture=neutral, PublicKeyToken=31bf3856ad364e35
AppDomainName : 61d7c3c8-5-130268386732905862
ThreadIdentity : 13
WindowsIdentity : IFW\mshivjiani

Category: General
Priority: 0
EventId: 100
Severity: Error
Title:Enterprise Library Exception Handling
Machine: IFW9WO-BDBCHA1
Application Domain: 61d7c3c8-5-130268386732905862
Process Id: 6952
Process Name: C:\Program Files (x86)\Common Files\Microsoft Shared\DevServer\10.0\WebDev.WebServer40.exe
Win32 Thread Id: 9076
Thread Name: 
Extended Properties: 
----------------------------------------
----------------------------------------
Timestamp: 10/21/2013 2:30:59 PM
Message: HandlingInstanceID: f9c2ca1f-e653-48d2-bf6f-c9fe4db81a99
An exception of type 'System.Web.HttpException' occurred and was caught.
------------------------------------------------------------------------
10/21/2013 10:30:59
Type : System.Web.HttpException, System.Web, Version=4.0.0.0, Culture=neutral, PublicKeyToken=b03f5f7f11d50a3a
Message : File does not exist.
Source : System.Web
Help link : 
WebEventCode : 0
ErrorCode : -2147467259
Data : System.Collections.ListDictionaryInternal
TargetSite : System.IO.FileInfo GetFileInfo(System.String, System.String, System.Web.HttpResponse)
Stack Trace :    at System.Web.StaticFileHandler.GetFileInfo(String virtualPathWithPathInfo, String physicalPath, HttpResponse response)
   at System.Web.StaticFileHandler.ProcessRequestInternal(HttpContext context, String overrideVirtualPath)
   at System.Web.DefaultHttpHandler.BeginProcessRequest(HttpContext context, AsyncCallback callback, Object state)
   at System.Web.HttpApplication.CallHandlerExecutionStep.System.Web.HttpApplication.IExecutionStep.Execute()
   at System.Web.HttpApplication.ExecuteStep(IExecutionStep step, Boolean& completedSynchronously)

Additional Info:

MachineName : IFW9WO-BDBCHA1
TimeStamp : 10/21/2013 2:30:59 PM
FullName : Microsoft.Practices.EnterpriseLibrary.ExceptionHandling, Version=4.1.0.0, Culture=neutral, PublicKeyToken=31bf3856ad364e35
AppDomainName : 61d7c3c8-5-130268386732905862
ThreadIdentity : 13
WindowsIdentity : IFW\mshivjiani

Category: General
Priority: 0
EventId: 100
Severity: Error
Title:Enterprise Library Exception Handling
Machine: IFW9WO-BDBCHA1
Application Domain: 61d7c3c8-5-130268386732905862
Process Id: 6952
Process Name: C:\Program Files (x86)\Common Files\Microsoft Shared\DevServer\10.0\WebDev.WebServer40.exe
Win32 Thread Id: 10480
Thread Name: 
Extended Properties: 
----------------------------------------
----------------------------------------
Timestamp: 10/21/2013 2:31:32 PM
Message: HandlingInstanceID: 06919fdf-a493-480b-ad66-bea30b5b3ccf
An exception of type 'System.Web.HttpException' occurred and was caught.
------------------------------------------------------------------------
10/21/2013 10:31:32
Type : System.Web.HttpException, System.Web, Version=4.0.0.0, Culture=neutral, PublicKeyToken=b03f5f7f11d50a3a
Message : File does not exist.
Source : System.Web
Help link : 
WebEventCode : 0
ErrorCode : -2147467259
Data : System.Collections.ListDictionaryInternal
TargetSite : System.IO.FileInfo GetFileInfo(System.String, System.String, System.Web.HttpResponse)
Stack Trace :    at System.Web.StaticFileHandler.GetFileInfo(String virtualPathWithPathInfo, String physicalPath, HttpResponse response)
   at System.Web.StaticFileHandler.ProcessRequestInternal(HttpContext context, String overrideVirtualPath)
   at System.Web.DefaultHttpHandler.BeginProcessRequest(HttpContext context, AsyncCallback callback, Object state)
   at System.Web.HttpApplication.CallHandlerExecutionStep.System.Web.HttpApplication.IExecutionStep.Execute()
   at System.Web.HttpApplication.ExecuteStep(IExecutionStep step, Boolean& completedSynchronously)

Additional Info:

MachineName : IFW9WO-BDBCHA1
TimeStamp : 10/21/2013 2:31:32 PM
FullName : Microsoft.Practices.EnterpriseLibrary.ExceptionHandling, Version=4.1.0.0, Culture=neutral, PublicKeyToken=31bf3856ad364e35
AppDomainName : 61d7c3c8-5-130268386732905862
ThreadIdentity : 16
WindowsIdentity : IFW\mshivjiani

Category: General
Priority: 0
EventId: 100
Severity: Error
Title:Enterprise Library Exception Handling
Machine: IFW9WO-BDBCHA1
Application Domain: 61d7c3c8-5-130268386732905862
Process Id: 6952
Process Name: C:\Program Files (x86)\Common Files\Microsoft Shared\DevServer\10.0\WebDev.WebServer40.exe
Win32 Thread Id: 3144
Thread Name: 
Extended Properties: 
----------------------------------------
----------------------------------------
Timestamp: 10/21/2013 2:31:37 PM
Message: HandlingInstanceID: 973961d2-4dc1-4a36-919e-77632268077e
An exception of type 'System.Web.HttpException' occurred and was caught.
------------------------------------------------------------------------
10/21/2013 10:31:37
Type : System.Web.HttpException, System.Web, Version=4.0.0.0, Culture=neutral, PublicKeyToken=b03f5f7f11d50a3a
Message : File does not exist.
Source : System.Web
Help link : 
WebEventCode : 0
ErrorCode : -2147467259
Data : System.Collections.ListDictionaryInternal
TargetSite : System.IO.FileInfo GetFileInfo(System.String, System.String, System.Web.HttpResponse)
Stack Trace :    at System.Web.StaticFileHandler.GetFileInfo(String virtualPathWithPathInfo, String physicalPath, HttpResponse response)
   at System.Web.StaticFileHandler.ProcessRequestInternal(HttpContext context, String overrideVirtualPath)
   at System.Web.DefaultHttpHandler.BeginProcessRequest(HttpContext context, AsyncCallback callback, Object state)
   at System.Web.HttpApplication.CallHandlerExecutionStep.System.Web.HttpApplication.IExecutionStep.Execute()
   at System.Web.HttpApplication.ExecuteStep(IExecutionStep step, Boolean& completedSynchronously)

Additional Info:

MachineName : IFW9WO-BDBCHA1
TimeStamp : 10/21/2013 2:31:37 PM
FullName : Microsoft.Practices.EnterpriseLibrary.ExceptionHandling, Version=4.1.0.0, Culture=neutral, PublicKeyToken=31bf3856ad364e35
AppDomainName : 61d7c3c8-5-130268386732905862
ThreadIdentity : 16
WindowsIdentity : IFW\mshivjiani

Category: General
Priority: 0
EventId: 100
Severity: Error
Title:Enterprise Library Exception Handling
Machine: IFW9WO-BDBCHA1
Application Domain: 61d7c3c8-5-130268386732905862
Process Id: 6952
Process Name: C:\Program Files (x86)\Common Files\Microsoft Shared\DevServer\10.0\WebDev.WebServer40.exe
Win32 Thread Id: 8440
Thread Name: 
Extended Properties: 
----------------------------------------
----------------------------------------
Timestamp: 10/21/2013 2:31:41 PM
Message: HandlingInstanceID: 35d9d4c3-222c-44ca-ab90-9aee638a8f0e
An exception of type 'System.Web.HttpException' occurred and was caught.
------------------------------------------------------------------------
10/21/2013 10:31:41
Type : System.Web.HttpException, System.Web, Version=4.0.0.0, Culture=neutral, PublicKeyToken=b03f5f7f11d50a3a
Message : File does not exist.
Source : System.Web
Help link : 
WebEventCode : 0
ErrorCode : -2147467259
Data : System.Collections.ListDictionaryInternal
TargetSite : System.IO.FileInfo GetFileInfo(System.String, System.String, System.Web.HttpResponse)
Stack Trace :    at System.Web.StaticFileHandler.GetFileInfo(String virtualPathWithPathInfo, String physicalPath, HttpResponse response)
   at System.Web.StaticFileHandler.ProcessRequestInternal(HttpContext context, String overrideVirtualPath)
   at System.Web.DefaultHttpHandler.BeginProcessRequest(HttpContext context, AsyncCallback callback, Object state)
   at System.Web.HttpApplication.CallHandlerExecutionStep.System.Web.HttpApplication.IExecutionStep.Execute()
   at System.Web.HttpApplication.ExecuteStep(IExecutionStep step, Boolean& completedSynchronously)

Additional Info:

MachineName : IFW9WO-BDBCHA1
TimeStamp : 10/21/2013 2:31:41 PM
FullName : Microsoft.Practices.EnterpriseLibrary.ExceptionHandling, Version=4.1.0.0, Culture=neutral, PublicKeyToken=31bf3856ad364e35
AppDomainName : 61d7c3c8-5-130268386732905862
ThreadIdentity : 16
WindowsIdentity : IFW\mshivjiani

Category: General
Priority: 0
EventId: 100
Severity: Error
Title:Enterprise Library Exception Handling
Machine: IFW9WO-BDBCHA1
Application Domain: 61d7c3c8-5-130268386732905862
Process Id: 6952
Process Name: C:\Program Files (x86)\Common Files\Microsoft Shared\DevServer\10.0\WebDev.WebServer40.exe
Win32 Thread Id: 9076
Thread Name: 
Extended Properties: 
----------------------------------------
----------------------------------------
Timestamp: 10/21/2013 2:32:04 PM
Message: HandlingInstanceID: deb9d978-26e5-4715-8004-b91626b59c33
An exception of type 'System.Web.HttpException' occurred and was caught.
------------------------------------------------------------------------
10/21/2013 10:32:04
Type : System.Web.HttpException, System.Web, Version=4.0.0.0, Culture=neutral, PublicKeyToken=b03f5f7f11d50a3a
Message : File does not exist.
Source : System.Web
Help link : 
WebEventCode : 0
ErrorCode : -2147467259
Data : System.Collections.ListDictionaryInternal
TargetSite : System.IO.FileInfo GetFileInfo(System.String, System.String, System.Web.HttpResponse)
Stack Trace :    at System.Web.StaticFileHandler.GetFileInfo(String virtualPathWithPathInfo, String physicalPath, HttpResponse response)
   at System.Web.StaticFileHandler.ProcessRequestInternal(HttpContext context, String overrideVirtualPath)
   at System.Web.DefaultHttpHandler.BeginProcessRequest(HttpContext context, AsyncCallback callback, Object state)
   at System.Web.HttpApplication.CallHandlerExecutionStep.System.Web.HttpApplication.IExecutionStep.Execute()
   at System.Web.HttpApplication.ExecuteStep(IExecutionStep step, Boolean& completedSynchronously)

Additional Info:

MachineName : IFW9WO-BDBCHA1
TimeStamp : 10/21/2013 2:32:04 PM
FullName : Microsoft.Practices.EnterpriseLibrary.ExceptionHandling, Version=4.1.0.0, Culture=neutral, PublicKeyToken=31bf3856ad364e35
AppDomainName : 61d7c3c8-5-130268386732905862
ThreadIdentity : 16
WindowsIdentity : IFW\mshivjiani

Category: General
Priority: 0
EventId: 100
Severity: Error
Title:Enterprise Library Exception Handling
Machine: IFW9WO-BDBCHA1
Application Domain: 61d7c3c8-5-130268386732905862
Process Id: 6952
Process Name: C:\Program Files (x86)\Common Files\Microsoft Shared\DevServer\10.0\WebDev.WebServer40.exe
Win32 Thread Id: 3144
Thread Name: 
Extended Properties: 
----------------------------------------
----------------------------------------
Timestamp: 10/21/2013 2:32:09 PM
Message: HandlingInstanceID: b5ad52d1-01ed-4527-9291-1e078021080e
An exception of type 'System.Web.HttpException' occurred and was caught.
------------------------------------------------------------------------
10/21/2013 10:32:09
Type : System.Web.HttpException, System.Web, Version=4.0.0.0, Culture=neutral, PublicKeyToken=b03f5f7f11d50a3a
Message : File does not exist.
Source : System.Web
Help link : 
WebEventCode : 0
ErrorCode : -2147467259
Data : System.Collections.ListDictionaryInternal
TargetSite : System.IO.FileInfo GetFileInfo(System.String, System.String, System.Web.HttpResponse)
Stack Trace :    at System.Web.StaticFileHandler.GetFileInfo(String virtualPathWithPathInfo, String physicalPath, HttpResponse response)
   at System.Web.StaticFileHandler.ProcessRequestInternal(HttpContext context, String overrideVirtualPath)
   at System.Web.DefaultHttpHandler.BeginProcessRequest(HttpContext context, AsyncCallback callback, Object state)
   at System.Web.HttpApplication.CallHandlerExecutionStep.System.Web.HttpApplication.IExecutionStep.Execute()
   at System.Web.HttpApplication.ExecuteStep(IExecutionStep step, Boolean& completedSynchronously)

Additional Info:

MachineName : IFW9WO-BDBCHA1
TimeStamp : 10/21/2013 2:32:09 PM
FullName : Microsoft.Practices.EnterpriseLibrary.ExceptionHandling, Version=4.1.0.0, Culture=neutral, PublicKeyToken=31bf3856ad364e35
AppDomainName : 61d7c3c8-5-130268386732905862
ThreadIdentity : 16
WindowsIdentity : IFW\mshivjiani

Category: General
Priority: 0
EventId: 100
Severity: Error
Title:Enterprise Library Exception Handling
Machine: IFW9WO-BDBCHA1
Application Domain: 61d7c3c8-5-130268386732905862
Process Id: 6952
Process Name: C:\Program Files (x86)\Common Files\Microsoft Shared\DevServer\10.0\WebDev.WebServer40.exe
Win32 Thread Id: 3144
Thread Name: 
Extended Properties: 
----------------------------------------
----------------------------------------
Timestamp: 10/21/2013 2:32:13 PM
Message: HandlingInstanceID: 9394239a-0740-46a3-bb61-bc2c100b6689
An exception of type 'System.Web.HttpException' occurred and was caught.
------------------------------------------------------------------------
10/21/2013 10:32:13
Type : System.Web.HttpException, System.Web, Version=4.0.0.0, Culture=neutral, PublicKeyToken=b03f5f7f11d50a3a
Message : File does not exist.
Source : System.Web
Help link : 
WebEventCode : 0
ErrorCode : -2147467259
Data : System.Collections.ListDictionaryInternal
TargetSite : System.IO.FileInfo GetFileInfo(System.String, System.String, System.Web.HttpResponse)
Stack Trace :    at System.Web.StaticFileHandler.GetFileInfo(String virtualPathWithPathInfo, String physicalPath, HttpResponse response)
   at System.Web.StaticFileHandler.ProcessRequestInternal(HttpContext context, String overrideVirtualPath)
   at System.Web.DefaultHttpHandler.BeginProcessRequest(HttpContext context, AsyncCallback callback, Object state)
   at System.Web.HttpApplication.CallHandlerExecutionStep.System.Web.HttpApplication.IExecutionStep.Execute()
   at System.Web.HttpApplication.ExecuteStep(IExecutionStep step, Boolean& completedSynchronously)

Additional Info:

MachineName : IFW9WO-BDBCHA1
TimeStamp : 10/21/2013 2:32:13 PM
FullName : Microsoft.Practices.EnterpriseLibrary.ExceptionHandling, Version=4.1.0.0, Culture=neutral, PublicKeyToken=31bf3856ad364e35
AppDomainName : 61d7c3c8-5-130268386732905862
ThreadIdentity : 16
WindowsIdentity : IFW\mshivjiani

Category: General
Priority: 0
EventId: 100
Severity: Error
Title:Enterprise Library Exception Handling
Machine: IFW9WO-BDBCHA1
Application Domain: 61d7c3c8-5-130268386732905862
Process Id: 6952
Process Name: C:\Program Files (x86)\Common Files\Microsoft Shared\DevServer\10.0\WebDev.WebServer40.exe
Win32 Thread Id: 3144
Thread Name: 
Extended Properties: 
----------------------------------------
----------------------------------------
Timestamp: 10/21/2013 2:33:19 PM
Message: HandlingInstanceID: 7427dd84-5f41-4a47-b6aa-ac93e140294f
An exception of type 'System.Web.HttpException' occurred and was caught.
------------------------------------------------------------------------
10/21/2013 10:33:19
Type : System.Web.HttpException, System.Web, Version=4.0.0.0, Culture=neutral, PublicKeyToken=b03f5f7f11d50a3a
Message : File does not exist.
Source : System.Web
Help link : 
WebEventCode : 0
ErrorCode : -2147467259
Data : System.Collections.ListDictionaryInternal
TargetSite : System.IO.FileInfo GetFileInfo(System.String, System.String, System.Web.HttpResponse)
Stack Trace :    at System.Web.StaticFileHandler.GetFileInfo(String virtualPathWithPathInfo, String physicalPath, HttpResponse response)
   at System.Web.StaticFileHandler.ProcessRequestInternal(HttpContext context, String overrideVirtualPath)
   at System.Web.DefaultHttpHandler.BeginProcessRequest(HttpContext context, AsyncCallback callback, Object state)
   at System.Web.HttpApplication.CallHandlerExecutionStep.System.Web.HttpApplication.IExecutionStep.Execute()
   at System.Web.HttpApplication.ExecuteStep(IExecutionStep step, Boolean& completedSynchronously)

Additional Info:

MachineName : IFW9WO-BDBCHA1
TimeStamp : 10/21/2013 2:33:19 PM
FullName : Microsoft.Practices.EnterpriseLibrary.ExceptionHandling, Version=4.1.0.0, Culture=neutral, PublicKeyToken=31bf3856ad364e35
AppDomainName : 61d7c3c8-5-130268386732905862
ThreadIdentity : 16
WindowsIdentity : IFW\mshivjiani

Category: General
Priority: 0
EventId: 100
Severity: Error
Title:Enterprise Library Exception Handling
Machine: IFW9WO-BDBCHA1
Application Domain: 61d7c3c8-5-130268386732905862
Process Id: 6952
Process Name: C:\Program Files (x86)\Common Files\Microsoft Shared\DevServer\10.0\WebDev.WebServer40.exe
Win32 Thread Id: 9456
Thread Name: 
Extended Properties: 
----------------------------------------
----------------------------------------
Timestamp: 10/21/2013 2:33:24 PM
Message: HandlingInstanceID: 3569a491-7fc1-478c-9047-c2b053df893d
An exception of type 'System.Web.HttpException' occurred and was caught.
------------------------------------------------------------------------
10/21/2013 10:33:24
Type : System.Web.HttpException, System.Web, Version=4.0.0.0, Culture=neutral, PublicKeyToken=b03f5f7f11d50a3a
Message : File does not exist.
Source : System.Web
Help link : 
WebEventCode : 0
ErrorCode : -2147467259
Data : System.Collections.ListDictionaryInternal
TargetSite : System.IO.FileInfo GetFileInfo(System.String, System.String, System.Web.HttpResponse)
Stack Trace :    at System.Web.StaticFileHandler.GetFileInfo(String virtualPathWithPathInfo, String physicalPath, HttpResponse response)
   at System.Web.StaticFileHandler.ProcessRequestInternal(HttpContext context, String overrideVirtualPath)
   at System.Web.DefaultHttpHandler.BeginProcessRequest(HttpContext context, AsyncCallback callback, Object state)
   at System.Web.HttpApplication.CallHandlerExecutionStep.System.Web.HttpApplication.IExecutionStep.Execute()
   at System.Web.HttpApplication.ExecuteStep(IExecutionStep step, Boolean& completedSynchronously)

Additional Info:

MachineName : IFW9WO-BDBCHA1
TimeStamp : 10/21/2013 2:33:24 PM
FullName : Microsoft.Practices.EnterpriseLibrary.ExceptionHandling, Version=4.1.0.0, Culture=neutral, PublicKeyToken=31bf3856ad364e35
AppDomainName : 61d7c3c8-5-130268386732905862
ThreadIdentity : 16
WindowsIdentity : IFW\mshivjiani

Category: General
Priority: 0
EventId: 100
Severity: Error
Title:Enterprise Library Exception Handling
Machine: IFW9WO-BDBCHA1
Application Domain: 61d7c3c8-5-130268386732905862
Process Id: 6952
Process Name: C:\Program Files (x86)\Common Files\Microsoft Shared\DevServer\10.0\WebDev.WebServer40.exe
Win32 Thread Id: 6368
Thread Name: 
Extended Properties: 
----------------------------------------
----------------------------------------
Timestamp: 10/21/2013 2:33:28 PM
Message: HandlingInstanceID: 8258b2cd-0ed9-401b-b113-1ce69991edae
An exception of type 'System.Web.HttpException' occurred and was caught.
------------------------------------------------------------------------
10/21/2013 10:33:28
Type : System.Web.HttpException, System.Web, Version=4.0.0.0, Culture=neutral, PublicKeyToken=b03f5f7f11d50a3a
Message : File does not exist.
Source : System.Web
Help link : 
WebEventCode : 0
ErrorCode : -2147467259
Data : System.Collections.ListDictionaryInternal
TargetSite : System.IO.FileInfo GetFileInfo(System.String, System.String, System.Web.HttpResponse)
Stack Trace :    at System.Web.StaticFileHandler.GetFileInfo(String virtualPathWithPathInfo, String physicalPath, HttpResponse response)
   at System.Web.StaticFileHandler.ProcessRequestInternal(HttpContext context, String overrideVirtualPath)
   at System.Web.DefaultHttpHandler.BeginProcessRequest(HttpContext context, AsyncCallback callback, Object state)
   at System.Web.HttpApplication.CallHandlerExecutionStep.System.Web.HttpApplication.IExecutionStep.Execute()
   at System.Web.HttpApplication.ExecuteStep(IExecutionStep step, Boolean& completedSynchronously)

Additional Info:

MachineName : IFW9WO-BDBCHA1
TimeStamp : 10/21/2013 2:33:28 PM
FullName : Microsoft.Practices.EnterpriseLibrary.ExceptionHandling, Version=4.1.0.0, Culture=neutral, PublicKeyToken=31bf3856ad364e35
AppDomainName : 61d7c3c8-5-130268386732905862
ThreadIdentity : 16
WindowsIdentity : IFW\mshivjiani

Category: General
Priority: 0
EventId: 100
Severity: Error
Title:Enterprise Library Exception Handling
Machine: IFW9WO-BDBCHA1
Application Domain: 61d7c3c8-5-130268386732905862
Process Id: 6952
Process Name: C:\Program Files (x86)\Common Files\Microsoft Shared\DevServer\10.0\WebDev.WebServer40.exe
Win32 Thread Id: 7940
Thread Name: 
Extended Properties: 
----------------------------------------
----------------------------------------
Timestamp: 10/21/2013 2:33:53 PM
Message: HandlingInstanceID: 074f4777-729e-47bf-8b38-ae172cf0d3c5
An exception of type 'System.Web.HttpException' occurred and was caught.
------------------------------------------------------------------------
10/21/2013 10:33:53
Type : System.Web.HttpException, System.Web, Version=4.0.0.0, Culture=neutral, PublicKeyToken=b03f5f7f11d50a3a
Message : File does not exist.
Source : System.Web
Help link : 
WebEventCode : 0
ErrorCode : -2147467259
Data : System.Collections.ListDictionaryInternal
TargetSite : System.IO.FileInfo GetFileInfo(System.String, System.String, System.Web.HttpResponse)
Stack Trace :    at System.Web.StaticFileHandler.GetFileInfo(String virtualPathWithPathInfo, String physicalPath, HttpResponse response)
   at System.Web.StaticFileHandler.ProcessRequestInternal(HttpContext context, String overrideVirtualPath)
   at System.Web.DefaultHttpHandler.BeginProcessRequest(HttpContext context, AsyncCallback callback, Object state)
   at System.Web.HttpApplication.CallHandlerExecutionStep.System.Web.HttpApplication.IExecutionStep.Execute()
   at System.Web.HttpApplication.ExecuteStep(IExecutionStep step, Boolean& completedSynchronously)

Additional Info:

MachineName : IFW9WO-BDBCHA1
TimeStamp : 10/21/2013 2:33:53 PM
FullName : Microsoft.Practices.EnterpriseLibrary.ExceptionHandling, Version=4.1.0.0, Culture=neutral, PublicKeyToken=31bf3856ad364e35
AppDomainName : 61d7c3c8-5-130268386732905862
ThreadIdentity : 16
WindowsIdentity : IFW\mshivjiani

Category: General
Priority: 0
EventId: 100
Severity: Error
Title:Enterprise Library Exception Handling
Machine: IFW9WO-BDBCHA1
Application Domain: 61d7c3c8-5-130268386732905862
Process Id: 6952
Process Name: C:\Program Files (x86)\Common Files\Microsoft Shared\DevServer\10.0\WebDev.WebServer40.exe
Win32 Thread Id: 9456
Thread Name: 
Extended Properties: 
----------------------------------------
----------------------------------------
Timestamp: 10/21/2013 2:33:57 PM
Message: HandlingInstanceID: 7de52260-00d4-4a17-8b8c-071aa998946e
An exception of type 'System.Web.HttpException' occurred and was caught.
------------------------------------------------------------------------
10/21/2013 10:33:57
Type : System.Web.HttpException, System.Web, Version=4.0.0.0, Culture=neutral, PublicKeyToken=b03f5f7f11d50a3a
Message : File does not exist.
Source : System.Web
Help link : 
WebEventCode : 0
ErrorCode : -2147467259
Data : System.Collections.ListDictionaryInternal
TargetSite : System.IO.FileInfo GetFileInfo(System.String, System.String, System.Web.HttpResponse)
Stack Trace :    at System.Web.StaticFileHandler.GetFileInfo(String virtualPathWithPathInfo, String physicalPath, HttpResponse response)
   at System.Web.StaticFileHandler.ProcessRequestInternal(HttpContext context, String overrideVirtualPath)
   at System.Web.DefaultHttpHandler.BeginProcessRequest(HttpContext context, AsyncCallback callback, Object state)
   at System.Web.HttpApplication.CallHandlerExecutionStep.System.Web.HttpApplication.IExecutionStep.Execute()
   at System.Web.HttpApplication.ExecuteStep(IExecutionStep step, Boolean& completedSynchronously)

Additional Info:

MachineName : IFW9WO-BDBCHA1
TimeStamp : 10/21/2013 2:33:57 PM
FullName : Microsoft.Practices.EnterpriseLibrary.ExceptionHandling, Version=4.1.0.0, Culture=neutral, PublicKeyToken=31bf3856ad364e35
AppDomainName : 61d7c3c8-5-130268386732905862
ThreadIdentity : 16
WindowsIdentity : IFW\mshivjiani

Category: General
Priority: 0
EventId: 100
Severity: Error
Title:Enterprise Library Exception Handling
Machine: IFW9WO-BDBCHA1
Application Domain: 61d7c3c8-5-130268386732905862
Process Id: 6952
Process Name: C:\Program Files (x86)\Common Files\Microsoft Shared\DevServer\10.0\WebDev.WebServer40.exe
Win32 Thread Id: 6368
Thread Name: 
Extended Properties: 
----------------------------------------
----------------------------------------
Timestamp: 10/21/2013 2:34:35 PM
Message: HandlingInstanceID: b61bf0fc-c5b4-4918-b38f-ca4a429a715d
An exception of type 'System.Web.HttpException' occurred and was caught.
------------------------------------------------------------------------
10/21/2013 10:34:35
Type : System.Web.HttpException, System.Web, Version=4.0.0.0, Culture=neutral, PublicKeyToken=b03f5f7f11d50a3a
Message : File does not exist.
Source : System.Web
Help link : 
WebEventCode : 0
ErrorCode : -2147467259
Data : System.Collections.ListDictionaryInternal
TargetSite : System.IO.FileInfo GetFileInfo(System.String, System.String, System.Web.HttpResponse)
Stack Trace :    at System.Web.StaticFileHandler.GetFileInfo(String virtualPathWithPathInfo, String physicalPath, HttpResponse response)
   at System.Web.StaticFileHandler.ProcessRequestInternal(HttpContext context, String overrideVirtualPath)
   at System.Web.DefaultHttpHandler.BeginProcessRequest(HttpContext context, AsyncCallback callback, Object state)
   at System.Web.HttpApplication.CallHandlerExecutionStep.System.Web.HttpApplication.IExecutionStep.Execute()
   at System.Web.HttpApplication.ExecuteStep(IExecutionStep step, Boolean& completedSynchronously)

Additional Info:

MachineName : IFW9WO-BDBCHA1
TimeStamp : 10/21/2013 2:34:35 PM
FullName : Microsoft.Practices.EnterpriseLibrary.ExceptionHandling, Version=4.1.0.0, Culture=neutral, PublicKeyToken=31bf3856ad364e35
AppDomainName : 61d7c3c8-5-130268386732905862
ThreadIdentity : 16
WindowsIdentity : IFW\mshivjiani

Category: General
Priority: 0
EventId: 100
Severity: Error
Title:Enterprise Library Exception Handling
Machine: IFW9WO-BDBCHA1
Application Domain: 61d7c3c8-5-130268386732905862
Process Id: 6952
Process Name: C:\Program Files (x86)\Common Files\Microsoft Shared\DevServer\10.0\WebDev.WebServer40.exe
Win32 Thread Id: 3920
Thread Name: 
Extended Properties: 
----------------------------------------
----------------------------------------
Timestamp: 10/21/2013 2:34:38 PM
Message: HandlingInstanceID: 0012b2f1-10cd-4fb0-a10f-636fd493f0e3
An exception of type 'System.Web.HttpException' occurred and was caught.
------------------------------------------------------------------------
10/21/2013 10:34:38
Type : System.Web.HttpException, System.Web, Version=4.0.0.0, Culture=neutral, PublicKeyToken=b03f5f7f11d50a3a
Message : File does not exist.
Source : System.Web
Help link : 
WebEventCode : 0
ErrorCode : -2147467259
Data : System.Collections.ListDictionaryInternal
TargetSite : System.IO.FileInfo GetFileInfo(System.String, System.String, System.Web.HttpResponse)
Stack Trace :    at System.Web.StaticFileHandler.GetFileInfo(String virtualPathWithPathInfo, String physicalPath, HttpResponse response)
   at System.Web.StaticFileHandler.ProcessRequestInternal(HttpContext context, String overrideVirtualPath)
   at System.Web.DefaultHttpHandler.BeginProcessRequest(HttpContext context, AsyncCallback callback, Object state)
   at System.Web.HttpApplication.CallHandlerExecutionStep.System.Web.HttpApplication.IExecutionStep.Execute()
   at System.Web.HttpApplication.ExecuteStep(IExecutionStep step, Boolean& completedSynchronously)

Additional Info:

MachineName : IFW9WO-BDBCHA1
TimeStamp : 10/21/2013 2:34:38 PM
FullName : Microsoft.Practices.EnterpriseLibrary.ExceptionHandling, Version=4.1.0.0, Culture=neutral, PublicKeyToken=31bf3856ad364e35
AppDomainName : 61d7c3c8-5-130268386732905862
ThreadIdentity : 16
WindowsIdentity : IFW\mshivjiani

Category: General
Priority: 0
EventId: 100
Severity: Error
Title:Enterprise Library Exception Handling
Machine: IFW9WO-BDBCHA1
Application Domain: 61d7c3c8-5-130268386732905862
Process Id: 6952
Process Name: C:\Program Files (x86)\Common Files\Microsoft Shared\DevServer\10.0\WebDev.WebServer40.exe
Win32 Thread Id: 9456
Thread Name: 
Extended Properties: 
----------------------------------------
----------------------------------------
Timestamp: 10/21/2013 2:34:49 PM
Message: HandlingInstanceID: 7ee91e0d-d4bd-4af1-8941-c42eed018d11
An exception of type 'System.Web.HttpException' occurred and was caught.
------------------------------------------------------------------------
10/21/2013 10:34:49
Type : System.Web.HttpException, System.Web, Version=4.0.0.0, Culture=neutral, PublicKeyToken=b03f5f7f11d50a3a
Message : File does not exist.
Source : System.Web
Help link : 
WebEventCode : 0
ErrorCode : -2147467259
Data : System.Collections.ListDictionaryInternal
TargetSite : System.IO.FileInfo GetFileInfo(System.String, System.String, System.Web.HttpResponse)
Stack Trace :    at System.Web.StaticFileHandler.GetFileInfo(String virtualPathWithPathInfo, String physicalPath, HttpResponse response)
   at System.Web.StaticFileHandler.ProcessRequestInternal(HttpContext context, String overrideVirtualPath)
   at System.Web.DefaultHttpHandler.BeginProcessRequest(HttpContext context, AsyncCallback callback, Object state)
   at System.Web.HttpApplication.CallHandlerExecutionStep.System.Web.HttpApplication.IExecutionStep.Execute()
   at System.Web.HttpApplication.ExecuteStep(IExecutionStep step, Boolean& completedSynchronously)

Additional Info:

MachineName : IFW9WO-BDBCHA1
TimeStamp : 10/21/2013 2:34:49 PM
FullName : Microsoft.Practices.EnterpriseLibrary.ExceptionHandling, Version=4.1.0.0, Culture=neutral, PublicKeyToken=31bf3856ad364e35
AppDomainName : 61d7c3c8-5-130268386732905862
ThreadIdentity : 16
WindowsIdentity : IFW\mshivjiani

Category: General
Priority: 0
EventId: 100
Severity: Error
Title:Enterprise Library Exception Handling
Machine: IFW9WO-BDBCHA1
Application Domain: 61d7c3c8-5-130268386732905862
Process Id: 6952
Process Name: C:\Program Files (x86)\Common Files\Microsoft Shared\DevServer\10.0\WebDev.WebServer40.exe
Win32 Thread Id: 3920
Thread Name: 
Extended Properties: 
----------------------------------------
----------------------------------------
Timestamp: 10/21/2013 2:38:29 PM
Message: HandlingInstanceID: aac6f217-70fb-495d-b84b-c192877cdf57
An exception of type 'System.Web.HttpException' occurred and was caught.
------------------------------------------------------------------------
10/21/2013 10:38:29
Type : System.Web.HttpException, System.Web, Version=4.0.0.0, Culture=neutral, PublicKeyToken=b03f5f7f11d50a3a
Message : File does not exist.
Source : System.Web
Help link : 
WebEventCode : 0
ErrorCode : -2147467259
Data : System.Collections.ListDictionaryInternal
TargetSite : System.IO.FileInfo GetFileInfo(System.String, System.String, System.Web.HttpResponse)
Stack Trace :    at System.Web.StaticFileHandler.GetFileInfo(String virtualPathWithPathInfo, String physicalPath, HttpResponse response)
   at System.Web.StaticFileHandler.ProcessRequestInternal(HttpContext context, String overrideVirtualPath)
   at System.Web.DefaultHttpHandler.BeginProcessRequest(HttpContext context, AsyncCallback callback, Object state)
   at System.Web.HttpApplication.CallHandlerExecutionStep.System.Web.HttpApplication.IExecutionStep.Execute()
   at System.Web.HttpApplication.ExecuteStep(IExecutionStep step, Boolean& completedSynchronously)

Additional Info:

MachineName : IFW9WO-BDBCHA1
TimeStamp : 10/21/2013 2:38:29 PM
FullName : Microsoft.Practices.EnterpriseLibrary.ExceptionHandling, Version=4.1.0.0, Culture=neutral, PublicKeyToken=31bf3856ad364e35
AppDomainName : 61d7c3c8-5-130268386732905862
ThreadIdentity : 16
WindowsIdentity : IFW\mshivjiani

Category: General
Priority: 0
EventId: 100
Severity: Error
Title:Enterprise Library Exception Handling
Machine: IFW9WO-BDBCHA1
Application Domain: 61d7c3c8-5-130268386732905862
Process Id: 6952
Process Name: C:\Program Files (x86)\Common Files\Microsoft Shared\DevServer\10.0\WebDev.WebServer40.exe
Win32 Thread Id: 3624
Thread Name: 
Extended Properties: 
----------------------------------------
----------------------------------------
Timestamp: 10/21/2013 2:39:25 PM
Message: HandlingInstanceID: 0410d1e8-0b25-4c1a-b35b-e930e3343093
An exception of type 'System.Web.HttpException' occurred and was caught.
------------------------------------------------------------------------
10/21/2013 10:39:25
Type : System.Web.HttpException, System.Web, Version=4.0.0.0, Culture=neutral, PublicKeyToken=b03f5f7f11d50a3a
Message : File does not exist.
Source : System.Web
Help link : 
WebEventCode : 0
ErrorCode : -2147467259
Data : System.Collections.ListDictionaryInternal
TargetSite : System.IO.FileInfo GetFileInfo(System.String, System.String, System.Web.HttpResponse)
Stack Trace :    at System.Web.StaticFileHandler.GetFileInfo(String virtualPathWithPathInfo, String physicalPath, HttpResponse response)
   at System.Web.StaticFileHandler.ProcessRequestInternal(HttpContext context, String overrideVirtualPath)
   at System.Web.DefaultHttpHandler.BeginProcessRequest(HttpContext context, AsyncCallback callback, Object state)
   at System.Web.HttpApplication.CallHandlerExecutionStep.System.Web.HttpApplication.IExecutionStep.Execute()
   at System.Web.HttpApplication.ExecuteStep(IExecutionStep step, Boolean& completedSynchronously)

Additional Info:

MachineName : IFW9WO-BDBCHA1
TimeStamp : 10/21/2013 2:39:25 PM
FullName : Microsoft.Practices.EnterpriseLibrary.ExceptionHandling, Version=4.1.0.0, Culture=neutral, PublicKeyToken=31bf3856ad364e35
AppDomainName : 61d7c3c8-5-130268386732905862
ThreadIdentity : 16
WindowsIdentity : IFW\mshivjiani

Category: General
Priority: 0
EventId: 100
Severity: Error
Title:Enterprise Library Exception Handling
Machine: IFW9WO-BDBCHA1
Application Domain: 61d7c3c8-5-130268386732905862
Process Id: 6952
Process Name: C:\Program Files (x86)\Common Files\Microsoft Shared\DevServer\10.0\WebDev.WebServer40.exe
Win32 Thread Id: 7388
Thread Name: 
Extended Properties: 
----------------------------------------
----------------------------------------
Timestamp: 10/21/2013 2:39:31 PM
Message: HandlingInstanceID: ab0314d2-c35f-4f84-8745-813c0f665287
An exception of type 'System.Web.HttpException' occurred and was caught.
------------------------------------------------------------------------
10/21/2013 10:39:31
Type : System.Web.HttpException, System.Web, Version=4.0.0.0, Culture=neutral, PublicKeyToken=b03f5f7f11d50a3a
Message : File does not exist.
Source : System.Web
Help link : 
WebEventCode : 0
ErrorCode : -2147467259
Data : System.Collections.ListDictionaryInternal
TargetSite : System.IO.FileInfo GetFileInfo(System.String, System.String, System.Web.HttpResponse)
Stack Trace :    at System.Web.StaticFileHandler.GetFileInfo(String virtualPathWithPathInfo, String physicalPath, HttpResponse response)
   at System.Web.StaticFileHandler.ProcessRequestInternal(HttpContext context, String overrideVirtualPath)
   at System.Web.DefaultHttpHandler.BeginProcessRequest(HttpContext context, AsyncCallback callback, Object state)
   at System.Web.HttpApplication.CallHandlerExecutionStep.System.Web.HttpApplication.IExecutionStep.Execute()
   at System.Web.HttpApplication.ExecuteStep(IExecutionStep step, Boolean& completedSynchronously)

Additional Info:

MachineName : IFW9WO-BDBCHA1
TimeStamp : 10/21/2013 2:39:31 PM
FullName : Microsoft.Practices.EnterpriseLibrary.ExceptionHandling, Version=4.1.0.0, Culture=neutral, PublicKeyToken=31bf3856ad364e35
AppDomainName : 61d7c3c8-5-130268386732905862
ThreadIdentity : 16
WindowsIdentity : IFW\mshivjiani

Category: General
Priority: 0
EventId: 100
Severity: Error
Title:Enterprise Library Exception Handling
Machine: IFW9WO-BDBCHA1
Application Domain: 61d7c3c8-5-130268386732905862
Process Id: 6952
Process Name: C:\Program Files (x86)\Common Files\Microsoft Shared\DevServer\10.0\WebDev.WebServer40.exe
Win32 Thread Id: 7388
Thread Name: 
Extended Properties: 
----------------------------------------
----------------------------------------
Timestamp: 10/21/2013 2:39:38 PM
Message: HandlingInstanceID: 7a9bdeb5-21ff-4b0e-85e0-6f115e9172d6
An exception of type 'System.NullReferenceException' occurred and was caught.
-----------------------------------------------------------------------------
10/21/2013 10:39:38
Type : System.NullReferenceException, mscorlib, Version=4.0.0.0, Culture=neutral, PublicKeyToken=b77a5c561934e089
Message : Object reference not set to an instance of an object.
Source : Telerik.Web.UI
Help link : 
Data : System.Collections.ListDictionaryInternal
TargetSite : Void OnPageRender(System.Web.UI.HtmlTextWriter, System.Web.UI.Control)
Stack Trace :    at Telerik.Web.UI.RadAjaxControl.OnPageRender(HtmlTextWriter writer, Control page)
   at Telerik.Web.UI.RadAjaxControl.RenderPageInAjaxMode(HtmlTextWriter writer, Control page)
   at System.Web.UI.Control.RenderChildrenInternal(HtmlTextWriter writer, ICollection children)
   at System.Web.UI.Control.RenderChildren(HtmlTextWriter writer)
   at System.Web.UI.Page.Render(HtmlTextWriter writer)
   at System.Web.UI.Control.RenderControlInternal(HtmlTextWriter writer, ControlAdapter adapter)
   at System.Web.UI.Control.RenderControl(HtmlTextWriter writer, ControlAdapter adapter)
   at System.Web.UI.Control.RenderControl(HtmlTextWriter writer)
   at System.Web.UI.Page.ProcessRequestMain(Boolean includeStagesBeforeAsyncPoint, Boolean includeStagesAfterAsyncPoint)

Additional Info:

MachineName : IFW9WO-BDBCHA1
TimeStamp : 10/21/2013 2:39:38 PM
FullName : Microsoft.Practices.EnterpriseLibrary.ExceptionHandling, Version=4.1.0.0, Culture=neutral, PublicKeyToken=31bf3856ad364e35
AppDomainName : 61d7c3c8-5-130268386732905862
ThreadIdentity : 16
WindowsIdentity : IFW\mshivjiani

Category: General
Priority: 0
EventId: 100
Severity: Error
Title:Enterprise Library Exception Handling
Machine: IFW9WO-BDBCHA1
Application Domain: 61d7c3c8-5-130268386732905862
Process Id: 6952
Process Name: C:\Program Files (x86)\Common Files\Microsoft Shared\DevServer\10.0\WebDev.WebServer40.exe
Win32 Thread Id: 8188
Thread Name: 
Extended Properties: 
----------------------------------------
----------------------------------------
Timestamp: 10/21/2013 2:39:47 PM
Message: HandlingInstanceID: 1fa8a9e2-59e2-44fe-969e-8fe99842dbd2
An exception of type 'System.Web.HttpException' occurred and was caught.
------------------------------------------------------------------------
10/21/2013 10:39:47
Type : System.Web.HttpException, System.Web, Version=4.0.0.0, Culture=neutral, PublicKeyToken=b03f5f7f11d50a3a
Message : File does not exist.
Source : System.Web
Help link : 
WebEventCode : 0
ErrorCode : -2147467259
Data : System.Collections.ListDictionaryInternal
TargetSite : System.IO.FileInfo GetFileInfo(System.String, System.String, System.Web.HttpResponse)
Stack Trace :    at System.Web.StaticFileHandler.GetFileInfo(String virtualPathWithPathInfo, String physicalPath, HttpResponse response)
   at System.Web.StaticFileHandler.ProcessRequestInternal(HttpContext context, String overrideVirtualPath)
   at System.Web.DefaultHttpHandler.BeginProcessRequest(HttpContext context, AsyncCallback callback, Object state)
   at System.Web.HttpApplication.CallHandlerExecutionStep.System.Web.HttpApplication.IExecutionStep.Execute()
   at System.Web.HttpApplication.ExecuteStep(IExecutionStep step, Boolean& completedSynchronously)

Additional Info:

MachineName : IFW9WO-BDBCHA1
TimeStamp : 10/21/2013 2:39:47 PM
FullName : Microsoft.Practices.EnterpriseLibrary.ExceptionHandling, Version=4.1.0.0, Culture=neutral, PublicKeyToken=31bf3856ad364e35
AppDomainName : 61d7c3c8-5-130268386732905862
ThreadIdentity : 16
WindowsIdentity : IFW\mshivjiani

Category: General
Priority: 0
EventId: 100
Severity: Error
Title:Enterprise Library Exception Handling
Machine: IFW9WO-BDBCHA1
Application Domain: 61d7c3c8-5-130268386732905862
Process Id: 6952
Process Name: C:\Program Files (x86)\Common Files\Microsoft Shared\DevServer\10.0\WebDev.WebServer40.exe
Win32 Thread Id: 8188
Thread Name: 
Extended Properties: 
----------------------------------------
----------------------------------------
Timestamp: 10/21/2013 2:40:11 PM
Message: HandlingInstanceID: 8f2efcb4-dbbc-48b7-bb81-07bfab786155
An exception of type 'System.Web.HttpException' occurred and was caught.
------------------------------------------------------------------------
10/21/2013 10:40:11
Type : System.Web.HttpException, System.Web, Version=4.0.0.0, Culture=neutral, PublicKeyToken=b03f5f7f11d50a3a
Message : File does not exist.
Source : System.Web
Help link : 
WebEventCode : 0
ErrorCode : -2147467259
Data : System.Collections.ListDictionaryInternal
TargetSite : System.IO.FileInfo GetFileInfo(System.String, System.String, System.Web.HttpResponse)
Stack Trace :    at System.Web.StaticFileHandler.GetFileInfo(String virtualPathWithPathInfo, String physicalPath, HttpResponse response)
   at System.Web.StaticFileHandler.ProcessRequestInternal(HttpContext context, String overrideVirtualPath)
   at System.Web.DefaultHttpHandler.BeginProcessRequest(HttpContext context, AsyncCallback callback, Object state)
   at System.Web.HttpApplication.CallHandlerExecutionStep.System.Web.HttpApplication.IExecutionStep.Execute()
   at System.Web.HttpApplication.ExecuteStep(IExecutionStep step, Boolean& completedSynchronously)

Additional Info:

MachineName : IFW9WO-BDBCHA1
TimeStamp : 10/21/2013 2:40:11 PM
FullName : Microsoft.Practices.EnterpriseLibrary.ExceptionHandling, Version=4.1.0.0, Culture=neutral, PublicKeyToken=31bf3856ad364e35
AppDomainName : 61d7c3c8-5-130268386732905862
ThreadIdentity : 16
WindowsIdentity : IFW\mshivjiani

Category: General
Priority: 0
EventId: 100
Severity: Error
Title:Enterprise Library Exception Handling
Machine: IFW9WO-BDBCHA1
Application Domain: 61d7c3c8-5-130268386732905862
Process Id: 6952
Process Name: C:\Program Files (x86)\Common Files\Microsoft Shared\DevServer\10.0\WebDev.WebServer40.exe
Win32 Thread Id: 8188
Thread Name: 
Extended Properties: 
----------------------------------------
----------------------------------------
Timestamp: 10/21/2013 2:50:20 PM
Message: HandlingInstanceID: 86e62a09-4711-4f64-a043-f734a4a4f090
An exception of type 'System.Web.HttpException' occurred and was caught.
------------------------------------------------------------------------
10/21/2013 10:50:20
Type : System.Web.HttpException, System.Web, Version=4.0.0.0, Culture=neutral, PublicKeyToken=b03f5f7f11d50a3a
Message : File does not exist.
Source : System.Web
Help link : 
WebEventCode : 0
ErrorCode : -2147467259
Data : System.Collections.ListDictionaryInternal
TargetSite : System.IO.FileInfo GetFileInfo(System.String, System.String, System.Web.HttpResponse)
Stack Trace :    at System.Web.StaticFileHandler.GetFileInfo(String virtualPathWithPathInfo, String physicalPath, HttpResponse response)
   at System.Web.StaticFileHandler.ProcessRequestInternal(HttpContext context, String overrideVirtualPath)
   at System.Web.DefaultHttpHandler.BeginProcessRequest(HttpContext context, AsyncCallback callback, Object state)
   at System.Web.HttpApplication.CallHandlerExecutionStep.System.Web.HttpApplication.IExecutionStep.Execute()
   at System.Web.HttpApplication.ExecuteStep(IExecutionStep step, Boolean& completedSynchronously)

Additional Info:

MachineName : IFW9WO-BDBCHA1
TimeStamp : 10/21/2013 2:50:20 PM
FullName : Microsoft.Practices.EnterpriseLibrary.ExceptionHandling, Version=4.1.0.0, Culture=neutral, PublicKeyToken=31bf3856ad364e35
AppDomainName : 61d7c3c8-5-130268386732905862
ThreadIdentity : 16
WindowsIdentity : IFW\mshivjiani

Category: General
Priority: 0
EventId: 100
Severity: Error
Title:Enterprise Library Exception Handling
Machine: IFW9WO-BDBCHA1
Application Domain: 61d7c3c8-5-130268386732905862
Process Id: 6952
Process Name: C:\Program Files (x86)\Common Files\Microsoft Shared\DevServer\10.0\WebDev.WebServer40.exe
Win32 Thread Id: 7976
Thread Name: 
Extended Properties: 
----------------------------------------
----------------------------------------
Timestamp: 10/21/2013 2:50:24 PM
Message: HandlingInstanceID: c3ae801c-0bdb-40b1-8864-6208af6ed106
An exception of type 'System.Web.HttpException' occurred and was caught.
------------------------------------------------------------------------
10/21/2013 10:50:24
Type : System.Web.HttpException, System.Web, Version=4.0.0.0, Culture=neutral, PublicKeyToken=b03f5f7f11d50a3a
Message : File does not exist.
Source : System.Web
Help link : 
WebEventCode : 0
ErrorCode : -2147467259
Data : System.Collections.ListDictionaryInternal
TargetSite : System.IO.FileInfo GetFileInfo(System.String, System.String, System.Web.HttpResponse)
Stack Trace :    at System.Web.StaticFileHandler.GetFileInfo(String virtualPathWithPathInfo, String physicalPath, HttpResponse response)
   at System.Web.StaticFileHandler.ProcessRequestInternal(HttpContext context, String overrideVirtualPath)
   at System.Web.DefaultHttpHandler.BeginProcessRequest(HttpContext context, AsyncCallback callback, Object state)
   at System.Web.HttpApplication.CallHandlerExecutionStep.System.Web.HttpApplication.IExecutionStep.Execute()
   at System.Web.HttpApplication.ExecuteStep(IExecutionStep step, Boolean& completedSynchronously)

Additional Info:

MachineName : IFW9WO-BDBCHA1
TimeStamp : 10/21/2013 2:50:24 PM
FullName : Microsoft.Practices.EnterpriseLibrary.ExceptionHandling, Version=4.1.0.0, Culture=neutral, PublicKeyToken=31bf3856ad364e35
AppDomainName : 61d7c3c8-5-130268386732905862
ThreadIdentity : 16
WindowsIdentity : IFW\mshivjiani

Category: General
Priority: 0
EventId: 100
Severity: Error
Title:Enterprise Library Exception Handling
Machine: IFW9WO-BDBCHA1
Application Domain: 61d7c3c8-5-130268386732905862
Process Id: 6952
Process Name: C:\Program Files (x86)\Common Files\Microsoft Shared\DevServer\10.0\WebDev.WebServer40.exe
Win32 Thread Id: 7948
Thread Name: 
Extended Properties: 
----------------------------------------
----------------------------------------
Timestamp: 10/21/2013 2:50:29 PM
Message: HandlingInstanceID: fe8ac1b2-cd13-4437-abe1-f09f12d7312a
An exception of type 'System.Web.HttpException' occurred and was caught.
------------------------------------------------------------------------
10/21/2013 10:50:29
Type : System.Web.HttpException, System.Web, Version=4.0.0.0, Culture=neutral, PublicKeyToken=b03f5f7f11d50a3a
Message : File does not exist.
Source : System.Web
Help link : 
WebEventCode : 0
ErrorCode : -2147467259
Data : System.Collections.ListDictionaryInternal
TargetSite : System.IO.FileInfo GetFileInfo(System.String, System.String, System.Web.HttpResponse)
Stack Trace :    at System.Web.StaticFileHandler.GetFileInfo(String virtualPathWithPathInfo, String physicalPath, HttpResponse response)
   at System.Web.StaticFileHandler.ProcessRequestInternal(HttpContext context, String overrideVirtualPath)
   at System.Web.DefaultHttpHandler.BeginProcessRequest(HttpContext context, AsyncCallback callback, Object state)
   at System.Web.HttpApplication.CallHandlerExecutionStep.System.Web.HttpApplication.IExecutionStep.Execute()
   at System.Web.HttpApplication.ExecuteStep(IExecutionStep step, Boolean& completedSynchronously)

Additional Info:

MachineName : IFW9WO-BDBCHA1
TimeStamp : 10/21/2013 2:50:29 PM
FullName : Microsoft.Practices.EnterpriseLibrary.ExceptionHandling, Version=4.1.0.0, Culture=neutral, PublicKeyToken=31bf3856ad364e35
AppDomainName : 61d7c3c8-5-130268386732905862
ThreadIdentity : 16
WindowsIdentity : IFW\mshivjiani

Category: General
Priority: 0
EventId: 100
Severity: Error
Title:Enterprise Library Exception Handling
Machine: IFW9WO-BDBCHA1
Application Domain: 61d7c3c8-5-130268386732905862
Process Id: 6952
Process Name: C:\Program Files (x86)\Common Files\Microsoft Shared\DevServer\10.0\WebDev.WebServer40.exe
Win32 Thread Id: 7976
Thread Name: 
Extended Properties: 
----------------------------------------
----------------------------------------
Timestamp: 10/21/2013 2:50:33 PM
Message: HandlingInstanceID: e6b5e44d-1b5e-4da1-b361-d866003dee14
An exception of type 'System.Web.HttpException' occurred and was caught.
------------------------------------------------------------------------
10/21/2013 10:50:33
Type : System.Web.HttpException, System.Web, Version=4.0.0.0, Culture=neutral, PublicKeyToken=b03f5f7f11d50a3a
Message : File does not exist.
Source : System.Web
Help link : 
WebEventCode : 0
ErrorCode : -2147467259
Data : System.Collections.ListDictionaryInternal
TargetSite : System.IO.FileInfo GetFileInfo(System.String, System.String, System.Web.HttpResponse)
Stack Trace :    at System.Web.StaticFileHandler.GetFileInfo(String virtualPathWithPathInfo, String physicalPath, HttpResponse response)
   at System.Web.StaticFileHandler.ProcessRequestInternal(HttpContext context, String overrideVirtualPath)
   at System.Web.DefaultHttpHandler.BeginProcessRequest(HttpContext context, AsyncCallback callback, Object state)
   at System.Web.HttpApplication.CallHandlerExecutionStep.System.Web.HttpApplication.IExecutionStep.Execute()
   at System.Web.HttpApplication.ExecuteStep(IExecutionStep step, Boolean& completedSynchronously)

Additional Info:

MachineName : IFW9WO-BDBCHA1
TimeStamp : 10/21/2013 2:50:33 PM
FullName : Microsoft.Practices.EnterpriseLibrary.ExceptionHandling, Version=4.1.0.0, Culture=neutral, PublicKeyToken=31bf3856ad364e35
AppDomainName : 61d7c3c8-5-130268386732905862
ThreadIdentity : 16
WindowsIdentity : IFW\mshivjiani

Category: General
Priority: 0
EventId: 100
Severity: Error
Title:Enterprise Library Exception Handling
Machine: IFW9WO-BDBCHA1
Application Domain: 61d7c3c8-5-130268386732905862
Process Id: 6952
Process Name: C:\Program Files (x86)\Common Files\Microsoft Shared\DevServer\10.0\WebDev.WebServer40.exe
Win32 Thread Id: 9608
Thread Name: 
Extended Properties: 
----------------------------------------
----------------------------------------
Timestamp: 10/21/2013 2:50:39 PM
Message: HandlingInstanceID: 8d07770a-7556-4447-b953-ae64c9fb832e
An exception of type 'System.Web.HttpException' occurred and was caught.
------------------------------------------------------------------------
10/21/2013 10:50:39
Type : System.Web.HttpException, System.Web, Version=4.0.0.0, Culture=neutral, PublicKeyToken=b03f5f7f11d50a3a
Message : File does not exist.
Source : System.Web
Help link : 
WebEventCode : 0
ErrorCode : -2147467259
Data : System.Collections.ListDictionaryInternal
TargetSite : System.IO.FileInfo GetFileInfo(System.String, System.String, System.Web.HttpResponse)
Stack Trace :    at System.Web.StaticFileHandler.GetFileInfo(String virtualPathWithPathInfo, String physicalPath, HttpResponse response)
   at System.Web.StaticFileHandler.ProcessRequestInternal(HttpContext context, String overrideVirtualPath)
   at System.Web.DefaultHttpHandler.BeginProcessRequest(HttpContext context, AsyncCallback callback, Object state)
   at System.Web.HttpApplication.CallHandlerExecutionStep.System.Web.HttpApplication.IExecutionStep.Execute()
   at System.Web.HttpApplication.ExecuteStep(IExecutionStep step, Boolean& completedSynchronously)

Additional Info:

MachineName : IFW9WO-BDBCHA1
TimeStamp : 10/21/2013 2:50:39 PM
FullName : Microsoft.Practices.EnterpriseLibrary.ExceptionHandling, Version=4.1.0.0, Culture=neutral, PublicKeyToken=31bf3856ad364e35
AppDomainName : 61d7c3c8-5-130268386732905862
ThreadIdentity : 16
WindowsIdentity : IFW\mshivjiani

Category: General
Priority: 0
EventId: 100
Severity: Error
Title:Enterprise Library Exception Handling
Machine: IFW9WO-BDBCHA1
Application Domain: 61d7c3c8-5-130268386732905862
Process Id: 6952
Process Name: C:\Program Files (x86)\Common Files\Microsoft Shared\DevServer\10.0\WebDev.WebServer40.exe
Win32 Thread Id: 7948
Thread Name: 
Extended Properties: 
----------------------------------------
----------------------------------------
Timestamp: 10/21/2013 2:52:14 PM
Message: HandlingInstanceID: f0e83a41-c9e5-4282-ac6b-477e288dd4f7
An exception of type 'System.NullReferenceException' occurred and was caught.
-----------------------------------------------------------------------------
10/21/2013 10:52:14
Type : System.NullReferenceException, mscorlib, Version=4.0.0.0, Culture=neutral, PublicKeyToken=b77a5c561934e089
Message : Object reference not set to an instance of an object.
Source : Telerik.Web.UI
Help link : 
Data : System.Collections.ListDictionaryInternal
TargetSite : Void OnPageRender(System.Web.UI.HtmlTextWriter, System.Web.UI.Control)
Stack Trace :    at Telerik.Web.UI.RadAjaxControl.OnPageRender(HtmlTextWriter writer, Control page)
   at Telerik.Web.UI.RadAjaxControl.RenderPageInAjaxMode(HtmlTextWriter writer, Control page)
   at System.Web.UI.Control.RenderChildrenInternal(HtmlTextWriter writer, ICollection children)
   at System.Web.UI.Control.RenderChildren(HtmlTextWriter writer)
   at System.Web.UI.Page.Render(HtmlTextWriter writer)
   at System.Web.UI.Control.RenderControlInternal(HtmlTextWriter writer, ControlAdapter adapter)
   at System.Web.UI.Control.RenderControl(HtmlTextWriter writer, ControlAdapter adapter)
   at System.Web.UI.Control.RenderControl(HtmlTextWriter writer)
   at System.Web.UI.Page.ProcessRequestMain(Boolean includeStagesBeforeAsyncPoint, Boolean includeStagesAfterAsyncPoint)

Additional Info:

MachineName : IFW9WO-BDBCHA1
TimeStamp : 10/21/2013 2:52:14 PM
FullName : Microsoft.Practices.EnterpriseLibrary.ExceptionHandling, Version=4.1.0.0, Culture=neutral, PublicKeyToken=31bf3856ad364e35
AppDomainName : 61d7c3c8-5-130268386732905862
ThreadIdentity : 16
WindowsIdentity : IFW\mshivjiani

Category: General
Priority: 0
EventId: 100
Severity: Error
Title:Enterprise Library Exception Handling
Machine: IFW9WO-BDBCHA1
Application Domain: 61d7c3c8-5-130268386732905862
Process Id: 6952
Process Name: C:\Program Files (x86)\Common Files\Microsoft Shared\DevServer\10.0\WebDev.WebServer40.exe
Win32 Thread Id: 7948
Thread Name: 
Extended Properties: 
----------------------------------------
