----------------------------------------
Timestamp: 9/5/2013 5:01:52 PM
Message: HandlingInstanceID: 60bdce3b-860e-40be-b2e8-af4fbeb212fc
An exception of type 'System.Web.HttpException' occurred and was caught.
------------------------------------------------------------------------
09/05/2013 13:01:52
Type : System.Web.HttpException, System.Web, Version=4.0.0.0, Culture=neutral, PublicKeyToken=b03f5f7f11d50a3a
Message : File does not exist.
Source : System.Web
Help link : 
WebEventCode : 0
ErrorCode : -2147467259
Data : System.Collections.ListDictionaryInternal
TargetSite : System.IO.FileInfo GetFileInfo(System.String, System.String, System.Web.HttpResponse)
Stack Trace :    at System.Web.StaticFileHandler.GetFileInfo(String virtualPathWithPathInfo, String physicalPath, HttpResponse response)
   at System.Web.StaticFileHandler.ProcessRequestInternal(HttpContext context, String overrideVirtualPath)
   at System.Web.DefaultHttpHandler.BeginProcessRequest(HttpContext context, AsyncCallback callback, Object state)
   at System.Web.HttpApplication.CallHandlerExecutionStep.System.Web.HttpApplication.IExecutionStep.Execute()
   at System.Web.HttpApplication.ExecuteStep(IExecutionStep step, Boolean& completedSynchronously)

Additional Info:

MachineName : IFW9WO-BDBCHA1
TimeStamp : 9/5/2013 5:01:52 PM
FullName : Microsoft.Practices.EnterpriseLibrary.ExceptionHandling, Version=4.1.0.0, Culture=neutral, PublicKeyToken=31bf3856ad364e35
AppDomainName : 61d7c3c8-6-130228739594762866
ThreadIdentity : 1
WindowsIdentity : IFW\mshivjiani

Category: General
Priority: 0
EventId: 100
Severity: Error
Title:Enterprise Library Exception Handling
Machine: IFW9WO-BDBCHA1
Application Domain: 61d7c3c8-6-130228739594762866
Process Id: 1908
Process Name: C:\Program Files (x86)\Common Files\Microsoft Shared\DevServer\10.0\WebDev.WebServer40.exe
Win32 Thread Id: 6196
Thread Name: 
Extended Properties: 
----------------------------------------
----------------------------------------
Timestamp: 9/5/2013 5:01:57 PM
Message: HandlingInstanceID: d8b85b0d-67e3-4307-a8bc-ce71b0acb222
An exception of type 'System.Web.HttpException' occurred and was caught.
------------------------------------------------------------------------
09/05/2013 13:01:57
Type : System.Web.HttpException, System.Web, Version=4.0.0.0, Culture=neutral, PublicKeyToken=b03f5f7f11d50a3a
Message : File does not exist.
Source : System.Web
Help link : 
WebEventCode : 0
ErrorCode : -2147467259
Data : System.Collections.ListDictionaryInternal
TargetSite : System.IO.FileInfo GetFileInfo(System.String, System.String, System.Web.HttpResponse)
Stack Trace :    at System.Web.StaticFileHandler.GetFileInfo(String virtualPathWithPathInfo, String physicalPath, HttpResponse response)
   at System.Web.StaticFileHandler.ProcessRequestInternal(HttpContext context, String overrideVirtualPath)
   at System.Web.DefaultHttpHandler.BeginProcessRequest(HttpContext context, AsyncCallback callback, Object state)
   at System.Web.HttpApplication.CallHandlerExecutionStep.System.Web.HttpApplication.IExecutionStep.Execute()
   at System.Web.HttpApplication.ExecuteStep(IExecutionStep step, Boolean& completedSynchronously)

Additional Info:

MachineName : IFW9WO-BDBCHA1
TimeStamp : 9/5/2013 5:01:57 PM
FullName : Microsoft.Practices.EnterpriseLibrary.ExceptionHandling, Version=4.1.0.0, Culture=neutral, PublicKeyToken=31bf3856ad364e35
AppDomainName : 61d7c3c8-6-130228739594762866
ThreadIdentity : 1
WindowsIdentity : IFW\mshivjiani

Category: General
Priority: 0
EventId: 100
Severity: Error
Title:Enterprise Library Exception Handling
Machine: IFW9WO-BDBCHA1
Application Domain: 61d7c3c8-6-130228739594762866
Process Id: 1908
Process Name: C:\Program Files (x86)\Common Files\Microsoft Shared\DevServer\10.0\WebDev.WebServer40.exe
Win32 Thread Id: 6196
Thread Name: 
Extended Properties: 
----------------------------------------
----------------------------------------
Timestamp: 9/5/2013 5:02:09 PM
Message: HandlingInstanceID: 352e3a5d-07a0-4f7b-ba4f-1de7fc570bac
An exception of type 'System.Web.HttpException' occurred and was caught.
------------------------------------------------------------------------
09/05/2013 13:02:09
Type : System.Web.HttpException, System.Web, Version=4.0.0.0, Culture=neutral, PublicKeyToken=b03f5f7f11d50a3a
Message : File does not exist.
Source : System.Web
Help link : 
WebEventCode : 0
ErrorCode : -2147467259
Data : System.Collections.ListDictionaryInternal
TargetSite : System.IO.FileInfo GetFileInfo(System.String, System.String, System.Web.HttpResponse)
Stack Trace :    at System.Web.StaticFileHandler.GetFileInfo(String virtualPathWithPathInfo, String physicalPath, HttpResponse response)
   at System.Web.StaticFileHandler.ProcessRequestInternal(HttpContext context, String overrideVirtualPath)
   at System.Web.DefaultHttpHandler.BeginProcessRequest(HttpContext context, AsyncCallback callback, Object state)
   at System.Web.HttpApplication.CallHandlerExecutionStep.System.Web.HttpApplication.IExecutionStep.Execute()
   at System.Web.HttpApplication.ExecuteStep(IExecutionStep step, Boolean& completedSynchronously)

Additional Info:

MachineName : IFW9WO-BDBCHA1
TimeStamp : 9/5/2013 5:02:09 PM
FullName : Microsoft.Practices.EnterpriseLibrary.ExceptionHandling, Version=4.1.0.0, Culture=neutral, PublicKeyToken=31bf3856ad364e35
AppDomainName : 61d7c3c8-6-130228739594762866
ThreadIdentity : 1
WindowsIdentity : IFW\mshivjiani

Category: General
Priority: 0
EventId: 100
Severity: Error
Title:Enterprise Library Exception Handling
Machine: IFW9WO-BDBCHA1
Application Domain: 61d7c3c8-6-130228739594762866
Process Id: 1908
Process Name: C:\Program Files (x86)\Common Files\Microsoft Shared\DevServer\10.0\WebDev.WebServer40.exe
Win32 Thread Id: 4752
Thread Name: 
Extended Properties: 
----------------------------------------
----------------------------------------
Timestamp: 9/5/2013 5:02:39 PM
Message: HandlingInstanceID: 7a9aa539-67bd-4bef-bfcb-91f677394bf2
An exception of type 'System.Web.HttpException' occurred and was caught.
------------------------------------------------------------------------
09/05/2013 13:02:39
Type : System.Web.HttpException, System.Web, Version=4.0.0.0, Culture=neutral, PublicKeyToken=b03f5f7f11d50a3a
Message : File does not exist.
Source : System.Web
Help link : 
WebEventCode : 0
ErrorCode : -2147467259
Data : System.Collections.ListDictionaryInternal
TargetSite : System.IO.FileInfo GetFileInfo(System.String, System.String, System.Web.HttpResponse)
Stack Trace :    at System.Web.StaticFileHandler.GetFileInfo(String virtualPathWithPathInfo, String physicalPath, HttpResponse response)
   at System.Web.StaticFileHandler.ProcessRequestInternal(HttpContext context, String overrideVirtualPath)
   at System.Web.DefaultHttpHandler.BeginProcessRequest(HttpContext context, AsyncCallback callback, Object state)
   at System.Web.HttpApplication.CallHandlerExecutionStep.System.Web.HttpApplication.IExecutionStep.Execute()
   at System.Web.HttpApplication.ExecuteStep(IExecutionStep step, Boolean& completedSynchronously)

Additional Info:

MachineName : IFW9WO-BDBCHA1
TimeStamp : 9/5/2013 5:02:39 PM
FullName : Microsoft.Practices.EnterpriseLibrary.ExceptionHandling, Version=4.1.0.0, Culture=neutral, PublicKeyToken=31bf3856ad364e35
AppDomainName : 61d7c3c8-6-130228739594762866
ThreadIdentity : 1
WindowsIdentity : IFW\mshivjiani

Category: General
Priority: 0
EventId: 100
Severity: Error
Title:Enterprise Library Exception Handling
Machine: IFW9WO-BDBCHA1
Application Domain: 61d7c3c8-6-130228739594762866
Process Id: 1908
Process Name: C:\Program Files (x86)\Common Files\Microsoft Shared\DevServer\10.0\WebDev.WebServer40.exe
Win32 Thread Id: 6196
Thread Name: 
Extended Properties: 
----------------------------------------
----------------------------------------
Timestamp: 9/5/2013 5:02:46 PM
Message: HandlingInstanceID: 68879aa6-87e9-4a34-8b1d-c83a64be21f0
An exception of type 'System.Web.HttpException' occurred and was caught.
------------------------------------------------------------------------
09/05/2013 13:02:46
Type : System.Web.HttpException, System.Web, Version=4.0.0.0, Culture=neutral, PublicKeyToken=b03f5f7f11d50a3a
Message : File does not exist.
Source : System.Web
Help link : 
WebEventCode : 0
ErrorCode : -2147467259
Data : System.Collections.ListDictionaryInternal
TargetSite : System.IO.FileInfo GetFileInfo(System.String, System.String, System.Web.HttpResponse)
Stack Trace :    at System.Web.StaticFileHandler.GetFileInfo(String virtualPathWithPathInfo, String physicalPath, HttpResponse response)
   at System.Web.StaticFileHandler.ProcessRequestInternal(HttpContext context, String overrideVirtualPath)
   at System.Web.DefaultHttpHandler.BeginProcessRequest(HttpContext context, AsyncCallback callback, Object state)
   at System.Web.HttpApplication.CallHandlerExecutionStep.System.Web.HttpApplication.IExecutionStep.Execute()
   at System.Web.HttpApplication.ExecuteStep(IExecutionStep step, Boolean& completedSynchronously)

Additional Info:

MachineName : IFW9WO-BDBCHA1
TimeStamp : 9/5/2013 5:02:46 PM
FullName : Microsoft.Practices.EnterpriseLibrary.ExceptionHandling, Version=4.1.0.0, Culture=neutral, PublicKeyToken=31bf3856ad364e35
AppDomainName : 61d7c3c8-6-130228739594762866
ThreadIdentity : 1
WindowsIdentity : IFW\mshivjiani

Category: General
Priority: 0
EventId: 100
Severity: Error
Title:Enterprise Library Exception Handling
Machine: IFW9WO-BDBCHA1
Application Domain: 61d7c3c8-6-130228739594762866
Process Id: 1908
Process Name: C:\Program Files (x86)\Common Files\Microsoft Shared\DevServer\10.0\WebDev.WebServer40.exe
Win32 Thread Id: 4752
Thread Name: 
Extended Properties: 
----------------------------------------
