----------------------------------------
Timestamp: 8/14/2013 8:30:16 PM
Message: HandlingInstanceID: d2bb61bf-3d22-42c8-8d89-e7830d0d87d8
An exception of type 'System.NullReferenceException' occurred and was caught.
-----------------------------------------------------------------------------
08/14/2013 16:30:16
Type : System.NullReferenceException, mscorlib, Version=4.0.0.0, Culture=neutral, PublicKeyToken=b77a5c561934e089
Message : Object reference not set to an instance of an object.
Source : HCMS.JNP
Help link : 
Data : System.Collections.ListDictionaryInternal
TargetSite : Void SetEditForm(System.Object, Telerik.Web.UI.GridItemEventArgs)
Stack Trace :    at HCMS.JNP.Controls.JQ.ctrlAddEditKSA.SetEditForm(Object sender, GridItemEventArgs e) in C:\HCMS\HCMS.JNP\Controls\JQ\ctrlAddEditKSA.ascx.cs:line 552
   at HCMS.JNP.Controls.JQ.ctrlAddEditKSA.gridQuestions_ItemDataBound(Object sender, GridItemEventArgs e) in C:\HCMS\HCMS.JNP\Controls\JQ\ctrlAddEditKSA.ascx.cs:line 763
   at Telerik.Web.UI.RadGrid.OnItemDataBound(GridItemEventArgs e)
   at Telerik.Web.UI.RadGrid.CallOnItemDataBound(GridItemEventArgs e)
   at Telerik.Web.UI.GridEditFormItem.SetupItem(Boolean dataBind, Object dataItem, GridColumn[] columns, ControlCollection rows)
   at Telerik.Web.UI.GridTableView.CreateInsertItem(Boolean useDataSource, GridEnumerableBase resolvedDataSource, ControlCollection rows)
   at Telerik.Web.UI.GridTableView.CreateTopInsertItem(Boolean useDataSource, GridEnumerableBase resolvedDataSource, GridTHead tHead)
   at Telerik.Web.UI.GridTableView.CreateControlHierarchy(Boolean useDataSource)
   at Telerik.Web.UI.GridTableView.CreateChildControls(IEnumerable dataSource, Boolean useDataSource)
   at System.Web.UI.WebControls.CompositeDataBoundControl.PerformDataBinding(IEnumerable data)
   at System.Web.UI.WebControls.DataBoundControl.OnDataSourceViewSelectCallback(IEnumerable data)
   at System.Web.UI.DataSourceView.Select(DataSourceSelectArguments arguments, DataSourceViewSelectCallback callback)
   at System.Web.UI.WebControls.DataBoundControl.PerformSelect()
   at Telerik.Web.UI.GridTableView.PerformSelect()
   at System.Web.UI.WebControls.BaseDataBoundControl.DataBind()
   at Telerik.Web.UI.GridTableView.DataBind()
   at Telerik.Web.UI.GridTableView.Rebind()
   at Telerik.Web.UI.GridTableView.InsertItem(IDictionary newValues)
   at Telerik.Web.UI.GridTableView.InsertItem()
   at Telerik.Web.UI.GridCommandEventArgs.ExecuteCommand(Object source)
   at Telerik.Web.UI.RadGrid.OnBubbleEvent(Object source, EventArgs e)
   at System.Web.UI.Control.RaiseBubbleEvent(Object source, EventArgs args)
   at Telerik.Web.UI.GridItem.OnBubbleEvent(Object source, EventArgs e)
   at System.Web.UI.Control.RaiseBubbleEvent(Object source, EventArgs args)
   at Telerik.Web.UI.GridItem.OnBubbleEvent(Object source, EventArgs e)
   at System.Web.UI.Control.RaiseBubbleEvent(Object source, EventArgs args)
   at System.Web.UI.WebControls.LinkButton.OnCommand(CommandEventArgs e)
   at System.Web.UI.WebControls.LinkButton.RaisePostBackEvent(String eventArgument)
   at System.Web.UI.WebControls.LinkButton.System.Web.UI.IPostBackEventHandler.RaisePostBackEvent(String eventArgument)
   at System.Web.UI.Page.RaisePostBackEvent(IPostBackEventHandler sourceControl, String eventArgument)
   at System.Web.UI.Page.RaisePostBackEvent(NameValueCollection postData)
   at System.Web.UI.Page.ProcessRequestMain(Boolean includeStagesBeforeAsyncPoint, Boolean includeStagesAfterAsyncPoint)

Additional Info:

MachineName : IFW9WO-BDBCHA1
TimeStamp : 8/14/2013 8:30:16 PM
FullName : Microsoft.Practices.EnterpriseLibrary.ExceptionHandling, Version=4.1.0.0, Culture=neutral, PublicKeyToken=31bf3856ad364e35
AppDomainName : 61d7c3c8-10-130209857057849230
ThreadIdentity : 1
WindowsIdentity : IFW\mshivjiani

Category: General
Priority: 0
EventId: 100
Severity: Error
Title:Enterprise Library Exception Handling
Machine: IFW9WO-BDBCHA1
Application Domain: 61d7c3c8-10-130209857057849230
Process Id: 272
Process Name: C:\Program Files (x86)\Common Files\Microsoft Shared\DevServer\10.0\WebDev.WebServer40.exe
Win32 Thread Id: 7648
Thread Name: 
Extended Properties: 
----------------------------------------
