----------------------------------------
Timestamp: 8/16/2013 2:21:21 PM
Message: HandlingInstanceID: 57842a4d-946e-43b4-b753-c050f7dbaedd
An exception of type 'System.Web.HttpException' occurred and was caught.
------------------------------------------------------------------------
08/16/2013 10:21:21
Type : System.Web.HttpException, System.Web, Version=4.0.0.0, Culture=neutral, PublicKeyToken=b03f5f7f11d50a3a
Message : File does not exist.
Source : System.Web
Help link : 
WebEventCode : 0
ErrorCode : -2147467259
Data : System.Collections.ListDictionaryInternal
TargetSite : System.IO.FileInfo GetFileInfo(System.String, System.String, System.Web.HttpResponse)
Stack Trace :    at System.Web.StaticFileHandler.GetFileInfo(String virtualPathWithPathInfo, String physicalPath, HttpResponse response)
   at System.Web.StaticFileHandler.ProcessRequestInternal(HttpContext context, String overrideVirtualPath)
   at System.Web.DefaultHttpHandler.BeginProcessRequest(HttpContext context, AsyncCallback callback, Object state)
   at System.Web.HttpApplication.CallHandlerExecutionStep.System.Web.HttpApplication.IExecutionStep.Execute()
   at System.Web.HttpApplication.ExecuteStep(IExecutionStep step, Boolean& completedSynchronously)

Additional Info:

MachineName : IFW9WO-BDBCHA1
TimeStamp : 8/16/2013 2:21:21 PM
FullName : Microsoft.Practices.EnterpriseLibrary.ExceptionHandling, Version=4.1.0.0, Culture=neutral, PublicKeyToken=31bf3856ad364e35
AppDomainName : 61d7c3c8-33-130211364342845171
ThreadIdentity : 1
WindowsIdentity : IFW\mshivjiani

Category: General
Priority: 0
EventId: 100
Severity: Error
Title:Enterprise Library Exception Handling
Machine: IFW9WO-BDBCHA1
Application Domain: 61d7c3c8-33-130211364342845171
Process Id: 272
Process Name: C:\Program Files (x86)\Common Files\Microsoft Shared\DevServer\10.0\WebDev.WebServer40.exe
Win32 Thread Id: 1040
Thread Name: 
Extended Properties: 
----------------------------------------
----------------------------------------
Timestamp: 8/16/2013 2:21:31 PM
Message: HandlingInstanceID: 15369633-0df8-494b-a3f6-05aff07c3ded
An exception of type 'System.Web.HttpException' occurred and was caught.
------------------------------------------------------------------------
08/16/2013 10:21:31
Type : System.Web.HttpException, System.Web, Version=4.0.0.0, Culture=neutral, PublicKeyToken=b03f5f7f11d50a3a
Message : File does not exist.
Source : System.Web
Help link : 
WebEventCode : 0
ErrorCode : -2147467259
Data : System.Collections.ListDictionaryInternal
TargetSite : System.IO.FileInfo GetFileInfo(System.String, System.String, System.Web.HttpResponse)
Stack Trace :    at System.Web.StaticFileHandler.GetFileInfo(String virtualPathWithPathInfo, String physicalPath, HttpResponse response)
   at System.Web.StaticFileHandler.ProcessRequestInternal(HttpContext context, String overrideVirtualPath)
   at System.Web.DefaultHttpHandler.BeginProcessRequest(HttpContext context, AsyncCallback callback, Object state)
   at System.Web.HttpApplication.CallHandlerExecutionStep.System.Web.HttpApplication.IExecutionStep.Execute()
   at System.Web.HttpApplication.ExecuteStep(IExecutionStep step, Boolean& completedSynchronously)

Additional Info:

MachineName : IFW9WO-BDBCHA1
TimeStamp : 8/16/2013 2:21:31 PM
FullName : Microsoft.Practices.EnterpriseLibrary.ExceptionHandling, Version=4.1.0.0, Culture=neutral, PublicKeyToken=31bf3856ad364e35
AppDomainName : 61d7c3c8-33-130211364342845171
ThreadIdentity : 1
WindowsIdentity : IFW\mshivjiani

Category: General
Priority: 0
EventId: 100
Severity: Error
Title:Enterprise Library Exception Handling
Machine: IFW9WO-BDBCHA1
Application Domain: 61d7c3c8-33-130211364342845171
Process Id: 272
Process Name: C:\Program Files (x86)\Common Files\Microsoft Shared\DevServer\10.0\WebDev.WebServer40.exe
Win32 Thread Id: 6044
Thread Name: 
Extended Properties: 
----------------------------------------
----------------------------------------
Timestamp: 8/16/2013 2:24:31 PM
Message: HandlingInstanceID: a1377943-167f-4a02-a05f-93ad20ed9b74
An exception of type 'System.Web.HttpException' occurred and was caught.
------------------------------------------------------------------------
08/16/2013 10:24:31
Type : System.Web.HttpException, System.Web, Version=4.0.0.0, Culture=neutral, PublicKeyToken=b03f5f7f11d50a3a
Message : DataBinding: 'HCMS.Business.JQ.JQFactor' does not contain a property with the name 'JAKSADescription'.
Source : System.Web
Help link : 
WebEventCode : 0
ErrorCode : -2147467259
Data : System.Collections.ListDictionaryInternal
TargetSite : System.Object GetPropertyValue(System.Object, System.String)
Stack Trace :    at System.Web.UI.DataBinder.GetPropertyValue(Object container, String propName)
   at System.Web.UI.DataBinder.Eval(Object container, String[] expressionParts)
   at System.Web.UI.DataBinder.Eval(Object container, String expression)
   at System.Web.UI.TemplateControl.Eval(String expression)
   at ASP.controls_ja_ctrljafinalksa_ascx.__DataBinding__control20(Object sender, EventArgs e) in c:\HCMS\HCMS.JNP\Controls\JA\ctrlJAFinalKSA.ascx:line 76
   at System.Web.UI.Control.OnDataBinding(EventArgs e)
   at System.Web.UI.Control.DataBind(Boolean raiseOnDataBinding)
   at System.Web.UI.Control.DataBind()
   at System.Web.UI.Control.DataBindChildren()
   at System.Web.UI.Control.DataBind(Boolean raiseOnDataBinding)
   at System.Web.UI.Control.DataBind()
   at System.Web.UI.Control.DataBindChildren()
   at System.Web.UI.Control.DataBind(Boolean raiseOnDataBinding)
   at System.Web.UI.Control.DataBind()
   at Telerik.Web.UI.GridItem.SetupItem(Boolean dataBind, Object dataItem, GridColumn[] columns, ControlCollection rows)
   at Telerik.Web.UI.GridItemBuilder.InitializeItem(Int32 dataSourceIndex, String& nextItemHierarchicalIndex, Boolean& itemIsInEditMode)
   at Telerik.Web.UI.GridItemBuilder.CreateItems(GridGroupingContext group)
   at Telerik.Web.UI.GridTableView.CreateItems(IEnumerator enumerator, GridColumn[] columns, ControlCollection controls)
   at Telerik.Web.UI.GridTableView.CreateControlHierarchy(Boolean useDataSource)
   at Telerik.Web.UI.GridTableView.CreateChildControls(IEnumerable dataSource, Boolean useDataSource)
   at System.Web.UI.WebControls.CompositeDataBoundControl.PerformDataBinding(IEnumerable data)
   at System.Web.UI.WebControls.DataBoundControl.OnDataSourceViewSelectCallback(IEnumerable data)
   at System.Web.UI.DataSourceView.Select(DataSourceSelectArguments arguments, DataSourceViewSelectCallback callback)
   at System.Web.UI.WebControls.DataBoundControl.PerformSelect()
   at Telerik.Web.UI.GridTableView.PerformSelect()
   at System.Web.UI.WebControls.BaseDataBoundControl.DataBind()
   at Telerik.Web.UI.GridTableView.DataBind()
   at Telerik.Web.UI.RadGrid.DataBind()
   at Telerik.Web.UI.RadGrid.AutoDataBind(GridRebindReason rebindReason)
   at Telerik.Web.UI.RadGrid.Rebind()
   at HCMS.JNP.Controls.JA.ctrlJAFinalKSA.OnLoad(EventArgs e) in C:\HCMS\HCMS.JNP\Controls\JA\ctrlJAFinalKSA.ascx.cs:line 136
   at System.Web.UI.Control.LoadRecursive()
   at System.Web.UI.Control.LoadRecursive()
   at System.Web.UI.Control.LoadRecursive()
   at System.Web.UI.Control.LoadRecursive()
   at System.Web.UI.Control.LoadRecursive()
   at System.Web.UI.Control.LoadRecursive()
   at System.Web.UI.Page.ProcessRequestMain(Boolean includeStagesBeforeAsyncPoint, Boolean includeStagesAfterAsyncPoint)

Additional Info:

MachineName : IFW9WO-BDBCHA1
TimeStamp : 8/16/2013 2:24:31 PM
FullName : Microsoft.Practices.EnterpriseLibrary.ExceptionHandling, Version=4.1.0.0, Culture=neutral, PublicKeyToken=31bf3856ad364e35
AppDomainName : 61d7c3c8-33-130211364342845171
ThreadIdentity : 1
WindowsIdentity : IFW\mshivjiani

Category: General
Priority: 0
EventId: 100
Severity: Error
Title:Enterprise Library Exception Handling
Machine: IFW9WO-BDBCHA1
Application Domain: 61d7c3c8-33-130211364342845171
Process Id: 272
Process Name: C:\Program Files (x86)\Common Files\Microsoft Shared\DevServer\10.0\WebDev.WebServer40.exe
Win32 Thread Id: 6044
Thread Name: 
Extended Properties: 
----------------------------------------
