----------------------------------------
Timestamp: 10/10/2013 11:55:02 AM
Message: HandlingInstanceID: 3fcf7596-68e0-4e0c-b597-ed9742dc912c
An exception of type 'System.Web.HttpException' occurred and was caught.
------------------------------------------------------------------------
10/10/2013 07:55:02
Type : System.Web.HttpException, System.Web, Version=4.0.0.0, Culture=neutral, PublicKeyToken=b03f5f7f11d50a3a
Message : File does not exist.
Source : System.Web
Help link : 
WebEventCode : 0
ErrorCode : -2147467259
Data : System.Collections.ListDictionaryInternal
TargetSite : System.IO.FileInfo GetFileInfo(System.String, System.String, System.Web.HttpResponse)
Stack Trace :    at System.Web.StaticFileHandler.GetFileInfo(String virtualPathWithPathInfo, String physicalPath, HttpResponse response)
   at System.Web.StaticFileHandler.ProcessRequestInternal(HttpContext context, String overrideVirtualPath)
   at System.Web.DefaultHttpHandler.BeginProcessRequest(HttpContext context, AsyncCallback callback, Object state)
   at System.Web.HttpApplication.CallHandlerExecutionStep.System.Web.HttpApplication.IExecutionStep.Execute()
   at System.Web.HttpApplication.ExecuteStep(IExecutionStep step, Boolean& completedSynchronously)

Additional Info:

MachineName : IFW9WO-BDBCHA1
TimeStamp : 10/10/2013 11:55:02 AM
FullName : Microsoft.Practices.EnterpriseLibrary.ExceptionHandling, Version=4.1.0.0, Culture=neutral, PublicKeyToken=31bf3856ad364e35
AppDomainName : 61d7c3c8-4-130258794197085497
ThreadIdentity : 1
WindowsIdentity : IFW\mshivjiani

Category: General
Priority: 0
EventId: 100
Severity: Error
Title:Enterprise Library Exception Handling
Machine: IFW9WO-BDBCHA1
Application Domain: 61d7c3c8-4-130258794197085497
Process Id: 4016
Process Name: C:\Program Files (x86)\Common Files\Microsoft Shared\DevServer\10.0\WebDev.WebServer40.exe
Win32 Thread Id: 7812
Thread Name: 
Extended Properties: 
----------------------------------------
----------------------------------------
Timestamp: 10/10/2013 11:55:10 AM
Message: HandlingInstanceID: 100f9d33-6c91-4854-a785-c5fbaf2c93a0
An exception of type 'System.Web.HttpException' occurred and was caught.
------------------------------------------------------------------------
10/10/2013 07:55:10
Type : System.Web.HttpException, System.Web, Version=4.0.0.0, Culture=neutral, PublicKeyToken=b03f5f7f11d50a3a
Message : File does not exist.
Source : System.Web
Help link : 
WebEventCode : 0
ErrorCode : -2147467259
Data : System.Collections.ListDictionaryInternal
TargetSite : System.IO.FileInfo GetFileInfo(System.String, System.String, System.Web.HttpResponse)
Stack Trace :    at System.Web.StaticFileHandler.GetFileInfo(String virtualPathWithPathInfo, String physicalPath, HttpResponse response)
   at System.Web.StaticFileHandler.ProcessRequestInternal(HttpContext context, String overrideVirtualPath)
   at System.Web.DefaultHttpHandler.BeginProcessRequest(HttpContext context, AsyncCallback callback, Object state)
   at System.Web.HttpApplication.CallHandlerExecutionStep.System.Web.HttpApplication.IExecutionStep.Execute()
   at System.Web.HttpApplication.ExecuteStep(IExecutionStep step, Boolean& completedSynchronously)

Additional Info:

MachineName : IFW9WO-BDBCHA1
TimeStamp : 10/10/2013 11:55:10 AM
FullName : Microsoft.Practices.EnterpriseLibrary.ExceptionHandling, Version=4.1.0.0, Culture=neutral, PublicKeyToken=31bf3856ad364e35
AppDomainName : 61d7c3c8-4-130258794197085497
ThreadIdentity : 1
WindowsIdentity : IFW\mshivjiani

Category: General
Priority: 0
EventId: 100
Severity: Error
Title:Enterprise Library Exception Handling
Machine: IFW9WO-BDBCHA1
Application Domain: 61d7c3c8-4-130258794197085497
Process Id: 4016
Process Name: C:\Program Files (x86)\Common Files\Microsoft Shared\DevServer\10.0\WebDev.WebServer40.exe
Win32 Thread Id: 7812
Thread Name: 
Extended Properties: 
----------------------------------------
----------------------------------------
Timestamp: 10/10/2013 11:55:17 AM
Message: HandlingInstanceID: 0ce20323-c837-4cd6-a141-794053f8028e
An exception of type 'System.Web.HttpException' occurred and was caught.
------------------------------------------------------------------------
10/10/2013 07:55:17
Type : System.Web.HttpException, System.Web, Version=4.0.0.0, Culture=neutral, PublicKeyToken=b03f5f7f11d50a3a
Message : File does not exist.
Source : System.Web
Help link : 
WebEventCode : 0
ErrorCode : -2147467259
Data : System.Collections.ListDictionaryInternal
TargetSite : System.IO.FileInfo GetFileInfo(System.String, System.String, System.Web.HttpResponse)
Stack Trace :    at System.Web.StaticFileHandler.GetFileInfo(String virtualPathWithPathInfo, String physicalPath, HttpResponse response)
   at System.Web.StaticFileHandler.ProcessRequestInternal(HttpContext context, String overrideVirtualPath)
   at System.Web.DefaultHttpHandler.BeginProcessRequest(HttpContext context, AsyncCallback callback, Object state)
   at System.Web.HttpApplication.CallHandlerExecutionStep.System.Web.HttpApplication.IExecutionStep.Execute()
   at System.Web.HttpApplication.ExecuteStep(IExecutionStep step, Boolean& completedSynchronously)

Additional Info:

MachineName : IFW9WO-BDBCHA1
TimeStamp : 10/10/2013 11:55:17 AM
FullName : Microsoft.Practices.EnterpriseLibrary.ExceptionHandling, Version=4.1.0.0, Culture=neutral, PublicKeyToken=31bf3856ad364e35
AppDomainName : 61d7c3c8-4-130258794197085497
ThreadIdentity : 1
WindowsIdentity : IFW\mshivjiani

Category: General
Priority: 0
EventId: 100
Severity: Error
Title:Enterprise Library Exception Handling
Machine: IFW9WO-BDBCHA1
Application Domain: 61d7c3c8-4-130258794197085497
Process Id: 4016
Process Name: C:\Program Files (x86)\Common Files\Microsoft Shared\DevServer\10.0\WebDev.WebServer40.exe
Win32 Thread Id: 6612
Thread Name: 
Extended Properties: 
----------------------------------------
----------------------------------------
Timestamp: 10/10/2013 11:55:24 AM
Message: HandlingInstanceID: f092f019-2cd4-4617-aaf4-8196d93db530
An exception of type 'System.Web.HttpException' occurred and was caught.
------------------------------------------------------------------------
10/10/2013 07:55:24
Type : System.Web.HttpException, System.Web, Version=4.0.0.0, Culture=neutral, PublicKeyToken=b03f5f7f11d50a3a
Message : File does not exist.
Source : System.Web
Help link : 
WebEventCode : 0
ErrorCode : -2147467259
Data : System.Collections.ListDictionaryInternal
TargetSite : System.IO.FileInfo GetFileInfo(System.String, System.String, System.Web.HttpResponse)
Stack Trace :    at System.Web.StaticFileHandler.GetFileInfo(String virtualPathWithPathInfo, String physicalPath, HttpResponse response)
   at System.Web.StaticFileHandler.ProcessRequestInternal(HttpContext context, String overrideVirtualPath)
   at System.Web.DefaultHttpHandler.BeginProcessRequest(HttpContext context, AsyncCallback callback, Object state)
   at System.Web.HttpApplication.CallHandlerExecutionStep.System.Web.HttpApplication.IExecutionStep.Execute()
   at System.Web.HttpApplication.ExecuteStep(IExecutionStep step, Boolean& completedSynchronously)

Additional Info:

MachineName : IFW9WO-BDBCHA1
TimeStamp : 10/10/2013 11:55:24 AM
FullName : Microsoft.Practices.EnterpriseLibrary.ExceptionHandling, Version=4.1.0.0, Culture=neutral, PublicKeyToken=31bf3856ad364e35
AppDomainName : 61d7c3c8-4-130258794197085497
ThreadIdentity : 1
WindowsIdentity : IFW\mshivjiani

Category: General
Priority: 0
EventId: 100
Severity: Error
Title:Enterprise Library Exception Handling
Machine: IFW9WO-BDBCHA1
Application Domain: 61d7c3c8-4-130258794197085497
Process Id: 4016
Process Name: C:\Program Files (x86)\Common Files\Microsoft Shared\DevServer\10.0\WebDev.WebServer40.exe
Win32 Thread Id: 7936
Thread Name: 
Extended Properties: 
----------------------------------------
----------------------------------------
Timestamp: 10/10/2013 11:59:00 AM
Message: HandlingInstanceID: 622d5fba-cc96-4516-947d-0d4ee782a139
An exception of type 'System.Web.HttpException' occurred and was caught.
------------------------------------------------------------------------
10/10/2013 07:59:00
Type : System.Web.HttpException, System.Web, Version=4.0.0.0, Culture=neutral, PublicKeyToken=b03f5f7f11d50a3a
Message : File does not exist.
Source : System.Web
Help link : 
WebEventCode : 0
ErrorCode : -2147467259
Data : System.Collections.ListDictionaryInternal
TargetSite : System.IO.FileInfo GetFileInfo(System.String, System.String, System.Web.HttpResponse)
Stack Trace :    at System.Web.StaticFileHandler.GetFileInfo(String virtualPathWithPathInfo, String physicalPath, HttpResponse response)
   at System.Web.StaticFileHandler.ProcessRequestInternal(HttpContext context, String overrideVirtualPath)
   at System.Web.DefaultHttpHandler.BeginProcessRequest(HttpContext context, AsyncCallback callback, Object state)
   at System.Web.HttpApplication.CallHandlerExecutionStep.System.Web.HttpApplication.IExecutionStep.Execute()
   at System.Web.HttpApplication.ExecuteStep(IExecutionStep step, Boolean& completedSynchronously)

Additional Info:

MachineName : IFW9WO-BDBCHA1
TimeStamp : 10/10/2013 11:59:00 AM
FullName : Microsoft.Practices.EnterpriseLibrary.ExceptionHandling, Version=4.1.0.0, Culture=neutral, PublicKeyToken=31bf3856ad364e35
AppDomainName : 61d7c3c8-4-130258794197085497
ThreadIdentity : 1
WindowsIdentity : IFW\mshivjiani

Category: General
Priority: 0
EventId: 100
Severity: Error
Title:Enterprise Library Exception Handling
Machine: IFW9WO-BDBCHA1
Application Domain: 61d7c3c8-4-130258794197085497
Process Id: 4016
Process Name: C:\Program Files (x86)\Common Files\Microsoft Shared\DevServer\10.0\WebDev.WebServer40.exe
Win32 Thread Id: 1848
Thread Name: 
Extended Properties: 
----------------------------------------
----------------------------------------
Timestamp: 10/10/2013 11:59:04 AM
Message: HandlingInstanceID: ba66f3a8-7195-4685-ad43-e712611437fe
An exception of type 'System.Web.HttpException' occurred and was caught.
------------------------------------------------------------------------
10/10/2013 07:59:04
Type : System.Web.HttpException, System.Web, Version=4.0.0.0, Culture=neutral, PublicKeyToken=b03f5f7f11d50a3a
Message : File does not exist.
Source : System.Web
Help link : 
WebEventCode : 0
ErrorCode : -2147467259
Data : System.Collections.ListDictionaryInternal
TargetSite : System.IO.FileInfo GetFileInfo(System.String, System.String, System.Web.HttpResponse)
Stack Trace :    at System.Web.StaticFileHandler.GetFileInfo(String virtualPathWithPathInfo, String physicalPath, HttpResponse response)
   at System.Web.StaticFileHandler.ProcessRequestInternal(HttpContext context, String overrideVirtualPath)
   at System.Web.DefaultHttpHandler.BeginProcessRequest(HttpContext context, AsyncCallback callback, Object state)
   at System.Web.HttpApplication.CallHandlerExecutionStep.System.Web.HttpApplication.IExecutionStep.Execute()
   at System.Web.HttpApplication.ExecuteStep(IExecutionStep step, Boolean& completedSynchronously)

Additional Info:

MachineName : IFW9WO-BDBCHA1
TimeStamp : 10/10/2013 11:59:04 AM
FullName : Microsoft.Practices.EnterpriseLibrary.ExceptionHandling, Version=4.1.0.0, Culture=neutral, PublicKeyToken=31bf3856ad364e35
AppDomainName : 61d7c3c8-4-130258794197085497
ThreadIdentity : 1
WindowsIdentity : IFW\mshivjiani

Category: General
Priority: 0
EventId: 100
Severity: Error
Title:Enterprise Library Exception Handling
Machine: IFW9WO-BDBCHA1
Application Domain: 61d7c3c8-4-130258794197085497
Process Id: 4016
Process Name: C:\Program Files (x86)\Common Files\Microsoft Shared\DevServer\10.0\WebDev.WebServer40.exe
Win32 Thread Id: 7812
Thread Name: 
Extended Properties: 
----------------------------------------
----------------------------------------
Timestamp: 10/10/2013 12:01:31 PM
Message: HandlingInstanceID: ca772f74-b215-44a0-ac96-cf67c317f758
An exception of type 'System.ArgumentOutOfRangeException' occurred and was caught.
----------------------------------------------------------------------------------
10/10/2013 08:01:31
Type : System.ArgumentOutOfRangeException, mscorlib, Version=4.0.0.0, Culture=neutral, PublicKeyToken=b77a5c561934e089
Message : Index was out of range. Must be non-negative and less than the size of the collection.
Parameter name: index
Source : mscorlib
Help link : 
ActualValue : 
ParamName : index
Data : System.Collections.ListDictionaryInternal
TargetSite : System.Object get_Item(Int32)
Stack Trace :    at System.Collections.ArrayList.get_Item(Int32 index)
   at Telerik.Web.UI.GridDataKeyArray.get_Item(Int32 index)
   at Telerik.Web.UI.GridEditableItem.GetDataKeyValue(String keyName)
   at HCMS.JNP.Controls.JQ.ctrlAddEditQualification.UpdateQuestion(Object sender, GridEditFormItem editform) in C:\HCMS\HCMS.JNP\Controls\JQ\ctrlAddEditQualification.ascx.cs:line 783
   at HCMS.JNP.Controls.JQ.ctrlAddEditQualification.rcbRatingScaleType_SelectedIndexChanged(Object sender, RadComboBoxSelectedIndexChangedEventArgs e) in C:\HCMS\HCMS.JNP\Controls\JQ\ctrlAddEditQualification.ascx.cs:line 913
   at Telerik.Web.UI.RadComboBox.OnSelectedIndexChanged()
   at Telerik.Web.UI.RadComboBox.RaisePostDataChangedEvent()
   at Telerik.Web.UI.RadDataBoundControl.System.Web.UI.IPostBackDataHandler.RaisePostDataChangedEvent()
   at System.Web.UI.Page.RaiseChangedEvents()
   at System.Web.UI.Page.ProcessRequestMain(Boolean includeStagesBeforeAsyncPoint, Boolean includeStagesAfterAsyncPoint)

Additional Info:

MachineName : IFW9WO-BDBCHA1
TimeStamp : 10/10/2013 12:01:31 PM
FullName : Microsoft.Practices.EnterpriseLibrary.ExceptionHandling, Version=4.1.0.0, Culture=neutral, PublicKeyToken=31bf3856ad364e35
AppDomainName : 61d7c3c8-4-130258794197085497
ThreadIdentity : 1
WindowsIdentity : IFW\mshivjiani

Category: General
Priority: 0
EventId: 100
Severity: Error
Title:Enterprise Library Exception Handling
Machine: IFW9WO-BDBCHA1
Application Domain: 61d7c3c8-4-130258794197085497
Process Id: 4016
Process Name: C:\Program Files (x86)\Common Files\Microsoft Shared\DevServer\10.0\WebDev.WebServer40.exe
Win32 Thread Id: 5164
Thread Name: 
Extended Properties: 
----------------------------------------
----------------------------------------
Timestamp: 10/10/2013 12:01:41 PM
Message: HandlingInstanceID: 6fd19083-35f4-4993-969b-405b6e5cc745
An exception of type 'System.ArgumentOutOfRangeException' occurred and was caught.
----------------------------------------------------------------------------------
10/10/2013 08:01:41
Type : System.ArgumentOutOfRangeException, mscorlib, Version=4.0.0.0, Culture=neutral, PublicKeyToken=b77a5c561934e089
Message : Index was out of range. Must be non-negative and less than the size of the collection.
Parameter name: index
Source : mscorlib
Help link : 
ActualValue : 
ParamName : index
Data : System.Collections.ListDictionaryInternal
TargetSite : System.Object get_Item(Int32)
Stack Trace :    at System.Collections.ArrayList.get_Item(Int32 index)
   at Telerik.Web.UI.GridDataKeyArray.get_Item(Int32 index)
   at Telerik.Web.UI.GridEditableItem.GetDataKeyValue(String keyName)
   at HCMS.JNP.Controls.JQ.ctrlAddEditQualification.UpdateQuestion(Object sender, GridEditFormItem editform) in C:\HCMS\HCMS.JNP\Controls\JQ\ctrlAddEditQualification.ascx.cs:line 783
   at HCMS.JNP.Controls.JQ.ctrlAddEditQualification.rcbRatingScaleType_SelectedIndexChanged(Object sender, RadComboBoxSelectedIndexChangedEventArgs e) in C:\HCMS\HCMS.JNP\Controls\JQ\ctrlAddEditQualification.ascx.cs:line 913
   at Telerik.Web.UI.RadComboBox.OnSelectedIndexChanged()
   at Telerik.Web.UI.RadComboBox.RaisePostDataChangedEvent()
   at Telerik.Web.UI.RadDataBoundControl.System.Web.UI.IPostBackDataHandler.RaisePostDataChangedEvent()
   at System.Web.UI.Page.RaiseChangedEvents()
   at System.Web.UI.Page.ProcessRequestMain(Boolean includeStagesBeforeAsyncPoint, Boolean includeStagesAfterAsyncPoint)

Additional Info:

MachineName : IFW9WO-BDBCHA1
TimeStamp : 10/10/2013 12:01:41 PM
FullName : Microsoft.Practices.EnterpriseLibrary.ExceptionHandling, Version=4.1.0.0, Culture=neutral, PublicKeyToken=31bf3856ad364e35
AppDomainName : 61d7c3c8-4-130258794197085497
ThreadIdentity : 1
WindowsIdentity : IFW\mshivjiani

Category: General
Priority: 0
EventId: 100
Severity: Error
Title:Enterprise Library Exception Handling
Machine: IFW9WO-BDBCHA1
Application Domain: 61d7c3c8-4-130258794197085497
Process Id: 4016
Process Name: C:\Program Files (x86)\Common Files\Microsoft Shared\DevServer\10.0\WebDev.WebServer40.exe
Win32 Thread Id: 7812
Thread Name: 
Extended Properties: 
----------------------------------------
----------------------------------------
Timestamp: 10/10/2013 12:01:53 PM
Message: HandlingInstanceID: 5aa2a1cb-132b-4a11-b1bd-1b1eebd2a953
An exception of type 'System.Web.HttpException' occurred and was caught.
------------------------------------------------------------------------
10/10/2013 08:01:53
Type : System.Web.HttpException, System.Web, Version=4.0.0.0, Culture=neutral, PublicKeyToken=b03f5f7f11d50a3a
Message : File does not exist.
Source : System.Web
Help link : 
WebEventCode : 0
ErrorCode : -2147467259
Data : System.Collections.ListDictionaryInternal
TargetSite : System.IO.FileInfo GetFileInfo(System.String, System.String, System.Web.HttpResponse)
Stack Trace :    at System.Web.StaticFileHandler.GetFileInfo(String virtualPathWithPathInfo, String physicalPath, HttpResponse response)
   at System.Web.StaticFileHandler.ProcessRequestInternal(HttpContext context, String overrideVirtualPath)
   at System.Web.DefaultHttpHandler.BeginProcessRequest(HttpContext context, AsyncCallback callback, Object state)
   at System.Web.HttpApplication.CallHandlerExecutionStep.System.Web.HttpApplication.IExecutionStep.Execute()
   at System.Web.HttpApplication.ExecuteStep(IExecutionStep step, Boolean& completedSynchronously)

Additional Info:

MachineName : IFW9WO-BDBCHA1
TimeStamp : 10/10/2013 12:01:53 PM
FullName : Microsoft.Practices.EnterpriseLibrary.ExceptionHandling, Version=4.1.0.0, Culture=neutral, PublicKeyToken=31bf3856ad364e35
AppDomainName : 61d7c3c8-4-130258794197085497
ThreadIdentity : 1
WindowsIdentity : IFW\mshivjiani

Category: General
Priority: 0
EventId: 100
Severity: Error
Title:Enterprise Library Exception Handling
Machine: IFW9WO-BDBCHA1
Application Domain: 61d7c3c8-4-130258794197085497
Process Id: 4016
Process Name: C:\Program Files (x86)\Common Files\Microsoft Shared\DevServer\10.0\WebDev.WebServer40.exe
Win32 Thread Id: 1356
Thread Name: 
Extended Properties: 
----------------------------------------
----------------------------------------
Timestamp: 10/10/2013 12:02:02 PM
Message: HandlingInstanceID: 42438b79-7bd1-4ac2-a90a-1b1b4d643a6e
An exception of type 'System.Web.HttpException' occurred and was caught.
------------------------------------------------------------------------
10/10/2013 08:02:01
Type : System.Web.HttpException, System.Web, Version=4.0.0.0, Culture=neutral, PublicKeyToken=b03f5f7f11d50a3a
Message : File does not exist.
Source : System.Web
Help link : 
WebEventCode : 0
ErrorCode : -2147467259
Data : System.Collections.ListDictionaryInternal
TargetSite : System.IO.FileInfo GetFileInfo(System.String, System.String, System.Web.HttpResponse)
Stack Trace :    at System.Web.StaticFileHandler.GetFileInfo(String virtualPathWithPathInfo, String physicalPath, HttpResponse response)
   at System.Web.StaticFileHandler.ProcessRequestInternal(HttpContext context, String overrideVirtualPath)
   at System.Web.DefaultHttpHandler.BeginProcessRequest(HttpContext context, AsyncCallback callback, Object state)
   at System.Web.HttpApplication.CallHandlerExecutionStep.System.Web.HttpApplication.IExecutionStep.Execute()
   at System.Web.HttpApplication.ExecuteStep(IExecutionStep step, Boolean& completedSynchronously)

Additional Info:

MachineName : IFW9WO-BDBCHA1
TimeStamp : 10/10/2013 12:02:01 PM
FullName : Microsoft.Practices.EnterpriseLibrary.ExceptionHandling, Version=4.1.0.0, Culture=neutral, PublicKeyToken=31bf3856ad364e35
AppDomainName : 61d7c3c8-4-130258794197085497
ThreadIdentity : 1
WindowsIdentity : IFW\mshivjiani

Category: General
Priority: 0
EventId: 100
Severity: Error
Title:Enterprise Library Exception Handling
Machine: IFW9WO-BDBCHA1
Application Domain: 61d7c3c8-4-130258794197085497
Process Id: 4016
Process Name: C:\Program Files (x86)\Common Files\Microsoft Shared\DevServer\10.0\WebDev.WebServer40.exe
Win32 Thread Id: 5164
Thread Name: 
Extended Properties: 
----------------------------------------
----------------------------------------
Timestamp: 10/10/2013 12:02:04 PM
Message: HandlingInstanceID: 902e9a49-7c0a-4c9a-a5ec-137769b20f13
An exception of type 'System.Web.HttpException' occurred and was caught.
------------------------------------------------------------------------
10/10/2013 08:02:04
Type : System.Web.HttpException, System.Web, Version=4.0.0.0, Culture=neutral, PublicKeyToken=b03f5f7f11d50a3a
Message : File does not exist.
Source : System.Web
Help link : 
WebEventCode : 0
ErrorCode : -2147467259
Data : System.Collections.ListDictionaryInternal
TargetSite : System.IO.FileInfo GetFileInfo(System.String, System.String, System.Web.HttpResponse)
Stack Trace :    at System.Web.StaticFileHandler.GetFileInfo(String virtualPathWithPathInfo, String physicalPath, HttpResponse response)
   at System.Web.StaticFileHandler.ProcessRequestInternal(HttpContext context, String overrideVirtualPath)
   at System.Web.DefaultHttpHandler.BeginProcessRequest(HttpContext context, AsyncCallback callback, Object state)
   at System.Web.HttpApplication.CallHandlerExecutionStep.System.Web.HttpApplication.IExecutionStep.Execute()
   at System.Web.HttpApplication.ExecuteStep(IExecutionStep step, Boolean& completedSynchronously)

Additional Info:

MachineName : IFW9WO-BDBCHA1
TimeStamp : 10/10/2013 12:02:04 PM
FullName : Microsoft.Practices.EnterpriseLibrary.ExceptionHandling, Version=4.1.0.0, Culture=neutral, PublicKeyToken=31bf3856ad364e35
AppDomainName : 61d7c3c8-4-130258794197085497
ThreadIdentity : 1
WindowsIdentity : IFW\mshivjiani

Category: General
Priority: 0
EventId: 100
Severity: Error
Title:Enterprise Library Exception Handling
Machine: IFW9WO-BDBCHA1
Application Domain: 61d7c3c8-4-130258794197085497
Process Id: 4016
Process Name: C:\Program Files (x86)\Common Files\Microsoft Shared\DevServer\10.0\WebDev.WebServer40.exe
Win32 Thread Id: 1356
Thread Name: 
Extended Properties: 
----------------------------------------
----------------------------------------
Timestamp: 10/10/2013 12:02:10 PM
Message: HandlingInstanceID: 17cc9d62-788b-45e6-af24-5bb94467fefb
An exception of type 'System.Web.HttpException' occurred and was caught.
------------------------------------------------------------------------
10/10/2013 08:02:10
Type : System.Web.HttpException, System.Web, Version=4.0.0.0, Culture=neutral, PublicKeyToken=b03f5f7f11d50a3a
Message : File does not exist.
Source : System.Web
Help link : 
WebEventCode : 0
ErrorCode : -2147467259
Data : System.Collections.ListDictionaryInternal
TargetSite : System.IO.FileInfo GetFileInfo(System.String, System.String, System.Web.HttpResponse)
Stack Trace :    at System.Web.StaticFileHandler.GetFileInfo(String virtualPathWithPathInfo, String physicalPath, HttpResponse response)
   at System.Web.StaticFileHandler.ProcessRequestInternal(HttpContext context, String overrideVirtualPath)
   at System.Web.DefaultHttpHandler.BeginProcessRequest(HttpContext context, AsyncCallback callback, Object state)
   at System.Web.HttpApplication.CallHandlerExecutionStep.System.Web.HttpApplication.IExecutionStep.Execute()
   at System.Web.HttpApplication.ExecuteStep(IExecutionStep step, Boolean& completedSynchronously)

Additional Info:

MachineName : IFW9WO-BDBCHA1
TimeStamp : 10/10/2013 12:02:10 PM
FullName : Microsoft.Practices.EnterpriseLibrary.ExceptionHandling, Version=4.1.0.0, Culture=neutral, PublicKeyToken=31bf3856ad364e35
AppDomainName : 61d7c3c8-4-130258794197085497
ThreadIdentity : 1
WindowsIdentity : IFW\mshivjiani

Category: General
Priority: 0
EventId: 100
Severity: Error
Title:Enterprise Library Exception Handling
Machine: IFW9WO-BDBCHA1
Application Domain: 61d7c3c8-4-130258794197085497
Process Id: 4016
Process Name: C:\Program Files (x86)\Common Files\Microsoft Shared\DevServer\10.0\WebDev.WebServer40.exe
Win32 Thread Id: 7812
Thread Name: 
Extended Properties: 
----------------------------------------
