----------------------------------------
Timestamp: 10/15/2013 1:36:46 PM
Message: HandlingInstanceID: 8a9fe35c-4f02-4b8a-a6cd-01819ea7fc89
An exception of type 'System.ApplicationException' occurred and was caught.
---------------------------------------------------------------------------
10/15/2013 09:36:46
Type : System.ApplicationException, mscorlib, Version=4.0.0.0, Culture=neutral, PublicKeyToken=b77a5c561934e089
Message : Jump login ID not provided
Source : HCMS.JNP
Help link : 
Data : System.Collections.ListDictionaryInternal
TargetSite : Void JumpLogin()
Stack Trace :    at HCMS.Global.JumpLogin() in C:\HCMS\HCMS.JNP\Global.asax.cs:line 126
   at HCMS.Global.Application_AuthenticateRequest(Object sender, EventArgs e) in C:\HCMS\HCMS.JNP\Global.asax.cs:line 64
   at System.Web.HttpApplication.SyncEventExecutionStep.System.Web.HttpApplication.IExecutionStep.Execute()
   at System.Web.HttpApplication.ExecuteStep(IExecutionStep step, Boolean& completedSynchronously)

Additional Info:

MachineName : IFW9WO-BDBCHA1
TimeStamp : 10/15/2013 1:36:46 PM
FullName : Microsoft.Practices.EnterpriseLibrary.ExceptionHandling, Version=4.1.0.0, Culture=neutral, PublicKeyToken=31bf3856ad364e35
AppDomainName : 61d7c3c8-4-130263177976182885
ThreadIdentity : 
WindowsIdentity : IFW\mshivjiani

Category: General
Priority: 0
EventId: 100
Severity: Error
Title:Enterprise Library Exception Handling
Machine: IFW9WO-BDBCHA1
Application Domain: 61d7c3c8-4-130263177976182885
Process Id: 8160
Process Name: C:\Program Files (x86)\Common Files\Microsoft Shared\DevServer\10.0\WebDev.WebServer40.exe
Win32 Thread Id: 7052
Thread Name: 
Extended Properties: 
----------------------------------------
