----------------------------------------
Timestamp: 10/1/2013 4:32:39 PM
Message: HandlingInstanceID: 919fd88a-9520-4de4-af95-3dc7eb58f8de
An exception of type 'System.Web.HttpException' occurred and was caught.
------------------------------------------------------------------------
10/01/2013 12:32:39
Type : System.Web.HttpException, System.Web, Version=4.0.0.0, Culture=neutral, PublicKeyToken=b03f5f7f11d50a3a
Message : File does not exist.
Source : System.Web
Help link : 
WebEventCode : 0
ErrorCode : -2147467259
Data : System.Collections.ListDictionaryInternal
TargetSite : System.IO.FileInfo GetFileInfo(System.String, System.String, System.Web.HttpResponse)
Stack Trace :    at System.Web.StaticFileHandler.GetFileInfo(String virtualPathWithPathInfo, String physicalPath, HttpResponse response)
   at System.Web.StaticFileHandler.ProcessRequestInternal(HttpContext context, String overrideVirtualPath)
   at System.Web.DefaultHttpHandler.BeginProcessRequest(HttpContext context, AsyncCallback callback, Object state)
   at System.Web.HttpApplication.CallHandlerExecutionStep.System.Web.HttpApplication.IExecutionStep.Execute()
   at System.Web.HttpApplication.ExecuteStep(IExecutionStep step, Boolean& completedSynchronously)

Additional Info:

MachineName : IFW9WO-BDBCHA1
TimeStamp : 10/1/2013 4:32:39 PM
FullName : Microsoft.Practices.EnterpriseLibrary.ExceptionHandling, Version=4.1.0.0, Culture=neutral, PublicKeyToken=31bf3856ad364e35
AppDomainName : b4579cf2-6-130251187183693989
ThreadIdentity : 1
WindowsIdentity : IFW\mshivjiani

Category: General
Priority: 0
EventId: 100
Severity: Error
Title:Enterprise Library Exception Handling
Machine: IFW9WO-BDBCHA1
Application Domain: b4579cf2-6-130251187183693989
Process Id: 3668
Process Name: C:\Program Files (x86)\Common Files\Microsoft Shared\DevServer\10.0\WebDev.WebServer40.exe
Win32 Thread Id: 7016
Thread Name: 
Extended Properties: 
----------------------------------------
----------------------------------------
Timestamp: 10/1/2013 4:32:57 PM
Message: HandlingInstanceID: f9212d6e-71d0-49d0-a56f-02c9ca797af4
An exception of type 'System.Web.HttpException' occurred and was caught.
------------------------------------------------------------------------
10/01/2013 12:32:57
Type : System.Web.HttpException, System.Web, Version=4.0.0.0, Culture=neutral, PublicKeyToken=b03f5f7f11d50a3a
Message : File does not exist.
Source : System.Web
Help link : 
WebEventCode : 0
ErrorCode : -2147467259
Data : System.Collections.ListDictionaryInternal
TargetSite : System.IO.FileInfo GetFileInfo(System.String, System.String, System.Web.HttpResponse)
Stack Trace :    at System.Web.StaticFileHandler.GetFileInfo(String virtualPathWithPathInfo, String physicalPath, HttpResponse response)
   at System.Web.StaticFileHandler.ProcessRequestInternal(HttpContext context, String overrideVirtualPath)
   at System.Web.DefaultHttpHandler.BeginProcessRequest(HttpContext context, AsyncCallback callback, Object state)
   at System.Web.HttpApplication.CallHandlerExecutionStep.System.Web.HttpApplication.IExecutionStep.Execute()
   at System.Web.HttpApplication.ExecuteStep(IExecutionStep step, Boolean& completedSynchronously)

Additional Info:

MachineName : IFW9WO-BDBCHA1
TimeStamp : 10/1/2013 4:32:57 PM
FullName : Microsoft.Practices.EnterpriseLibrary.ExceptionHandling, Version=4.1.0.0, Culture=neutral, PublicKeyToken=31bf3856ad364e35
AppDomainName : b4579cf2-6-130251187183693989
ThreadIdentity : 1
WindowsIdentity : IFW\mshivjiani

Category: General
Priority: 0
EventId: 100
Severity: Error
Title:Enterprise Library Exception Handling
Machine: IFW9WO-BDBCHA1
Application Domain: b4579cf2-6-130251187183693989
Process Id: 3668
Process Name: C:\Program Files (x86)\Common Files\Microsoft Shared\DevServer\10.0\WebDev.WebServer40.exe
Win32 Thread Id: 7016
Thread Name: 
Extended Properties: 
----------------------------------------
----------------------------------------
Timestamp: 10/1/2013 4:33:51 PM
Message: HandlingInstanceID: 34d0e5d6-219b-404c-b7e9-3826707a7dfa
An exception of type 'System.Data.SqlClient.SqlException' occurred and was caught.
----------------------------------------------------------------------------------
10/01/2013 12:33:51
Type : System.Data.SqlClient.SqlException, System.Data, Version=4.0.0.0, Culture=neutral, PublicKeyToken=b77a5c561934e089
Message : Timeout expired.  The timeout period elapsed prior to completion of the operation or the server is not responding.
Source : .Net SqlClient Data Provider
Help link : 
Errors : System.Data.SqlClient.SqlErrorCollection
Class : 11
LineNumber : 0
Number : -2
Procedure : 
Server : IFW9WO-BDBCHA1\SQLDEV,4177
State : 0
ErrorCode : -2146232060
Data : System.Collections.ListDictionaryInternal
TargetSite : Void OnError(System.Data.SqlClient.SqlException, Boolean)
Stack Trace :    at System.Data.SqlClient.SqlConnection.OnError(SqlException exception, Boolean breakConnection)
   at System.Data.SqlClient.SqlInternalConnection.OnError(SqlException exception, Boolean breakConnection)
   at System.Data.SqlClient.TdsParser.ThrowExceptionAndWarning()
   at System.Data.SqlClient.TdsParser.Run(RunBehavior runBehavior, SqlCommand cmdHandler, SqlDataReader dataStream, BulkCopySimpleResultSet bulkCopyHandler, TdsParserStateObject stateObj)
   at System.Data.SqlClient.SqlDataReader.ConsumeMetaData()
   at System.Data.SqlClient.SqlDataReader.get_MetaData()
   at System.Data.SqlClient.SqlCommand.FinishExecuteReader(SqlDataReader ds, RunBehavior runBehavior, String resetOptionsString)
   at System.Data.SqlClient.SqlCommand.RunExecuteReaderTds(CommandBehavior cmdBehavior, RunBehavior runBehavior, Boolean returnStream, Boolean async)
   at System.Data.SqlClient.SqlCommand.RunExecuteReader(CommandBehavior cmdBehavior, RunBehavior runBehavior, Boolean returnStream, String method, DbAsyncResult result)
   at System.Data.SqlClient.SqlCommand.RunExecuteReader(CommandBehavior cmdBehavior, RunBehavior runBehavior, Boolean returnStream, String method)
   at System.Data.SqlClient.SqlCommand.ExecuteReader(CommandBehavior behavior, String method)
   at System.Data.SqlClient.SqlCommand.ExecuteDbDataReader(CommandBehavior behavior)
   at System.Data.Common.DbCommand.System.Data.IDbCommand.ExecuteReader(CommandBehavior behavior)
   at System.Data.Common.DbDataAdapter.FillInternal(DataSet dataset, DataTable[] datatables, Int32 startRecord, Int32 maxRecords, String srcTable, IDbCommand command, CommandBehavior behavior)
   at System.Data.Common.DbDataAdapter.Fill(DataSet dataSet, Int32 startRecord, Int32 maxRecords, String srcTable, IDbCommand command, CommandBehavior behavior)
   at System.Data.Common.DbDataAdapter.Fill(DataSet dataSet)
   at Microsoft.Practices.EnterpriseLibrary.Data.Database.DoLoadDataSet(IDbCommand command, DataSet dataSet, String[] tableNames)
   at Microsoft.Practices.EnterpriseLibrary.Data.Database.LoadDataSet(DbCommand command, DataSet dataSet, String[] tableNames)
   at Microsoft.Practices.EnterpriseLibrary.Data.Database.LoadDataSet(DbCommand command, DataSet dataSet, String tableName)
   at Microsoft.Practices.EnterpriseLibrary.Data.Database.ExecuteDataSet(DbCommand command)
   at Microsoft.Practices.EnterpriseLibrary.Data.Database.ExecuteDataSet(String storedProcedureName, Object[] parameterValues)
   at HCMS.Business.Base.BusinessBase.ExecuteDataSet(String storedProcedureName, Object[] parameterValues) in C:\HCMS\HCMS.Business\Base\BusinessBase.cs:line 280
   at HCMS.Business.Search.Search.SearchPositionDescription(Int32 userID, Int32 searchType, Nullable`1 positionDescriptionID, Nullable`1 isStandardPD, Nullable`1 PositionDescriptionTypeID, Nullable`1 jobSeries, Nullable`1 workflowStatusID, Nullable`1 proposedGrade, String opmPositionTitle, String agencyPositionTitle, Nullable`1 organizationCodeID, String pdCreator, Nullable`1 pdNumberType, String fppsPDID, String keyword) in C:\HCMS\HCMS.Business\Search\Search.cs:line 60
   at HCMS.Business.Search.Search.SearchPositionDescription(Int32 userID, Int32 searchType, Nullable`1 positionDescriptionID, Nullable`1 isStandardPD, Nullable`1 PositionDescriptionTypeID, Nullable`1 jobSeries, Nullable`1 workflowStatusID, Nullable`1 proposedGrade, String opmPositionTitle, String agencyPositionTitle, Nullable`1 organizationCodeID, String pdCreator, Nullable`1 pdNumberType, String fppsPDID) in C:\HCMS\HCMS.Business\Search\Search.cs:line 25
   at HCMS.PDExpress.Controls.Search.SearchReports.rgPositionDescription_NeedDataSource(Object source, GridNeedDataSourceEventArgs e) in C:\HCMS\HCMS.PDExpress\Controls\Search\SearchReports.ascx.cs:line 199
   at Telerik.Web.UI.RadGrid.OnNeedDataSource(GridNeedDataSourceEventArgs e)
   at Telerik.Web.UI.RadGrid.ObtainDataSource(GridRebindReason rebindReason, Boolean IsBoundUsingDataSourceId)
   at Telerik.Web.UI.RadGrid.AutoDataBind(GridRebindReason rebindReason)
   at Telerik.Web.UI.RadGrid.Rebind()
   at HCMS.PDExpress.Controls.Search.SearchReports.btnSearch1_Click(Object sender, EventArgs e) in C:\HCMS\HCMS.PDExpress\Controls\Search\SearchReports.ascx.cs:line 129
   at System.Web.UI.WebControls.Button.OnClick(EventArgs e)
   at System.Web.UI.WebControls.Button.RaisePostBackEvent(String eventArgument)
   at System.Web.UI.WebControls.Button.System.Web.UI.IPostBackEventHandler.RaisePostBackEvent(String eventArgument)
   at System.Web.UI.Page.RaisePostBackEvent(IPostBackEventHandler sourceControl, String eventArgument)
   at System.Web.UI.Page.RaisePostBackEvent(NameValueCollection postData)
   at System.Web.UI.Page.ProcessRequestMain(Boolean includeStagesBeforeAsyncPoint, Boolean includeStagesAfterAsyncPoint)

Additional Info:

MachineName : IFW9WO-BDBCHA1
TimeStamp : 10/1/2013 4:33:51 PM
FullName : Microsoft.Practices.EnterpriseLibrary.ExceptionHandling, Version=4.1.0.0, Culture=neutral, PublicKeyToken=31bf3856ad364e35
AppDomainName : b4579cf2-6-130251187183693989
ThreadIdentity : 1
WindowsIdentity : IFW\mshivjiani

Category: General
Priority: 0
EventId: 100
Severity: Error
Title:Enterprise Library Exception Handling
Machine: IFW9WO-BDBCHA1
Application Domain: b4579cf2-6-130251187183693989
Process Id: 3668
Process Name: C:\Program Files (x86)\Common Files\Microsoft Shared\DevServer\10.0\WebDev.WebServer40.exe
Win32 Thread Id: 2448
Thread Name: 
Extended Properties: HelpLink.ProdName - Microsoft SQL Server
HelpLink.ProdVer - 10.50.2500
HelpLink.EvtSrc - MSSQLServer
HelpLink.EvtID - -2
HelpLink.BaseHelpUrl - http://go.microsoft.com/fwlink
HelpLink.LinkId - 20476

----------------------------------------
