----------------------------------------
Timestamp: 9/8/2013 3:26:08 AM
Message: HandlingInstanceID: 37040e61-ace8-4010-8729-12df006e4f06
An exception of type 'System.Web.HttpException' occurred and was caught.
------------------------------------------------------------------------
09/07/2013 23:26:08
Type : System.Web.HttpException, System.Web, Version=4.0.0.0, Culture=neutral, PublicKeyToken=b03f5f7f11d50a3a
Message : File does not exist.
Source : System.Web
Help link : 
WebEventCode : 0
ErrorCode : -2147467259
Data : System.Collections.ListDictionaryInternal
TargetSite : System.IO.FileInfo GetFileInfo(System.String, System.String, System.Web.HttpResponse)
Stack Trace :    at System.Web.StaticFileHandler.GetFileInfo(String virtualPathWithPathInfo, String physicalPath, HttpResponse response)
   at System.Web.StaticFileHandler.ProcessRequestInternal(HttpContext context, String overrideVirtualPath)
   at System.Web.DefaultHttpHandler.BeginProcessRequest(HttpContext context, AsyncCallback callback, Object state)
   at System.Web.HttpApplication.CallHandlerExecutionStep.System.Web.HttpApplication.IExecutionStep.Execute()
   at System.Web.HttpApplication.ExecuteStep(IExecutionStep step, Boolean& completedSynchronously)

Additional Info:

MachineName : IFW9WO-BDBCHA1
TimeStamp : 9/8/2013 3:26:08 AM
FullName : Microsoft.Practices.EnterpriseLibrary.ExceptionHandling, Version=4.1.0.0, Culture=neutral, PublicKeyToken=31bf3856ad364e35
AppDomainName : b4579cf2-10-130230843352028841
ThreadIdentity : 54
WindowsIdentity : IFW\mshivjiani

Category: General
Priority: 0
EventId: 100
Severity: Error
Title:Enterprise Library Exception Handling
Machine: IFW9WO-BDBCHA1
Application Domain: b4579cf2-10-130230843352028841
Process Id: 5248
Process Name: C:\Program Files (x86)\Common Files\Microsoft Shared\DevServer\10.0\WebDev.WebServer40.exe
Win32 Thread Id: 3312
Thread Name: 
Extended Properties: 
----------------------------------------
----------------------------------------
Timestamp: 9/8/2013 3:26:26 AM
Message: HandlingInstanceID: f62cfcb3-76af-4f96-a035-2451914f607b
An exception of type 'System.Web.HttpException' occurred and was caught.
------------------------------------------------------------------------
09/07/2013 23:26:26
Type : System.Web.HttpException, System.Web, Version=4.0.0.0, Culture=neutral, PublicKeyToken=b03f5f7f11d50a3a
Message : File does not exist.
Source : System.Web
Help link : 
WebEventCode : 0
ErrorCode : -2147467259
Data : System.Collections.ListDictionaryInternal
TargetSite : System.IO.FileInfo GetFileInfo(System.String, System.String, System.Web.HttpResponse)
Stack Trace :    at System.Web.StaticFileHandler.GetFileInfo(String virtualPathWithPathInfo, String physicalPath, HttpResponse response)
   at System.Web.StaticFileHandler.ProcessRequestInternal(HttpContext context, String overrideVirtualPath)
   at System.Web.DefaultHttpHandler.BeginProcessRequest(HttpContext context, AsyncCallback callback, Object state)
   at System.Web.HttpApplication.CallHandlerExecutionStep.System.Web.HttpApplication.IExecutionStep.Execute()
   at System.Web.HttpApplication.ExecuteStep(IExecutionStep step, Boolean& completedSynchronously)

Additional Info:

MachineName : IFW9WO-BDBCHA1
TimeStamp : 9/8/2013 3:26:26 AM
FullName : Microsoft.Practices.EnterpriseLibrary.ExceptionHandling, Version=4.1.0.0, Culture=neutral, PublicKeyToken=31bf3856ad364e35
AppDomainName : b4579cf2-10-130230843352028841
ThreadIdentity : 54
WindowsIdentity : IFW\mshivjiani

Category: General
Priority: 0
EventId: 100
Severity: Error
Title:Enterprise Library Exception Handling
Machine: IFW9WO-BDBCHA1
Application Domain: b4579cf2-10-130230843352028841
Process Id: 5248
Process Name: C:\Program Files (x86)\Common Files\Microsoft Shared\DevServer\10.0\WebDev.WebServer40.exe
Win32 Thread Id: 6548
Thread Name: 
Extended Properties: 
----------------------------------------
----------------------------------------
Timestamp: 9/8/2013 3:26:29 AM
Message: HandlingInstanceID: c9e28bf2-222f-4b70-9fa8-263f042f7d35
An exception of type 'System.Web.HttpException' occurred and was caught.
------------------------------------------------------------------------
09/07/2013 23:26:29
Type : System.Web.HttpException, System.Web, Version=4.0.0.0, Culture=neutral, PublicKeyToken=b03f5f7f11d50a3a
Message : File does not exist.
Source : System.Web
Help link : 
WebEventCode : 0
ErrorCode : -2147467259
Data : System.Collections.ListDictionaryInternal
TargetSite : System.IO.FileInfo GetFileInfo(System.String, System.String, System.Web.HttpResponse)
Stack Trace :    at System.Web.StaticFileHandler.GetFileInfo(String virtualPathWithPathInfo, String physicalPath, HttpResponse response)
   at System.Web.StaticFileHandler.ProcessRequestInternal(HttpContext context, String overrideVirtualPath)
   at System.Web.DefaultHttpHandler.BeginProcessRequest(HttpContext context, AsyncCallback callback, Object state)
   at System.Web.HttpApplication.CallHandlerExecutionStep.System.Web.HttpApplication.IExecutionStep.Execute()
   at System.Web.HttpApplication.ExecuteStep(IExecutionStep step, Boolean& completedSynchronously)

Additional Info:

MachineName : IFW9WO-BDBCHA1
TimeStamp : 9/8/2013 3:26:29 AM
FullName : Microsoft.Practices.EnterpriseLibrary.ExceptionHandling, Version=4.1.0.0, Culture=neutral, PublicKeyToken=31bf3856ad364e35
AppDomainName : b4579cf2-10-130230843352028841
ThreadIdentity : 54
WindowsIdentity : IFW\mshivjiani

Category: General
Priority: 0
EventId: 100
Severity: Error
Title:Enterprise Library Exception Handling
Machine: IFW9WO-BDBCHA1
Application Domain: b4579cf2-10-130230843352028841
Process Id: 5248
Process Name: C:\Program Files (x86)\Common Files\Microsoft Shared\DevServer\10.0\WebDev.WebServer40.exe
Win32 Thread Id: 6548
Thread Name: 
Extended Properties: 
----------------------------------------
----------------------------------------
Timestamp: 9/8/2013 3:26:34 AM
Message: HandlingInstanceID: a14019cb-b273-4bad-873d-8eac3d457064
An exception of type 'System.Web.HttpException' occurred and was caught.
------------------------------------------------------------------------
09/07/2013 23:26:34
Type : System.Web.HttpException, System.Web, Version=4.0.0.0, Culture=neutral, PublicKeyToken=b03f5f7f11d50a3a
Message : File does not exist.
Source : System.Web
Help link : 
WebEventCode : 0
ErrorCode : -2147467259
Data : System.Collections.ListDictionaryInternal
TargetSite : System.IO.FileInfo GetFileInfo(System.String, System.String, System.Web.HttpResponse)
Stack Trace :    at System.Web.StaticFileHandler.GetFileInfo(String virtualPathWithPathInfo, String physicalPath, HttpResponse response)
   at System.Web.StaticFileHandler.ProcessRequestInternal(HttpContext context, String overrideVirtualPath)
   at System.Web.DefaultHttpHandler.BeginProcessRequest(HttpContext context, AsyncCallback callback, Object state)
   at System.Web.HttpApplication.CallHandlerExecutionStep.System.Web.HttpApplication.IExecutionStep.Execute()
   at System.Web.HttpApplication.ExecuteStep(IExecutionStep step, Boolean& completedSynchronously)

Additional Info:

MachineName : IFW9WO-BDBCHA1
TimeStamp : 9/8/2013 3:26:34 AM
FullName : Microsoft.Practices.EnterpriseLibrary.ExceptionHandling, Version=4.1.0.0, Culture=neutral, PublicKeyToken=31bf3856ad364e35
AppDomainName : b4579cf2-10-130230843352028841
ThreadIdentity : 54
WindowsIdentity : IFW\mshivjiani

Category: General
Priority: 0
EventId: 100
Severity: Error
Title:Enterprise Library Exception Handling
Machine: IFW9WO-BDBCHA1
Application Domain: b4579cf2-10-130230843352028841
Process Id: 5248
Process Name: C:\Program Files (x86)\Common Files\Microsoft Shared\DevServer\10.0\WebDev.WebServer40.exe
Win32 Thread Id: 3312
Thread Name: 
Extended Properties: 
----------------------------------------
----------------------------------------
Timestamp: 9/8/2013 3:28:06 AM
Message: HandlingInstanceID: bc5720d4-9b35-425e-9e7e-21e8555c5720
An exception of type 'System.NullReferenceException' occurred and was caught.
-----------------------------------------------------------------------------
09/07/2013 23:28:06
Type : System.NullReferenceException, mscorlib, Version=4.0.0.0, Culture=neutral, PublicKeyToken=b77a5c561934e089
Message : Object reference not set to an instance of an object.
Source : HCMS.PDExpress
Help link : 
Data : System.Collections.ListDictionaryInternal
TargetSite : Void BindKSACombo(Telerik.Web.UI.RadComboBox)
Stack Trace :    at HCMS.PDExpress.Controls.CreatePD.Duties.EditDuty.BindKSACombo(RadComboBox radcomboKSA) in C:\HCMS\HCMS.PDExpress\Controls\CreatePD\Duties\EditDuty.ascx.cs:line 178
   at HCMS.PDExpress.Controls.CreatePD.Duties.EditDuty.searchKSA_KSASearchCompleted(Object sender, EventArgs e) in C:\HCMS\HCMS.PDExpress\Controls\CreatePD\Duties\EditDuty.ascx.cs:line 143
   at HCMS.PDExpress.Controls.Search.ctrlSearchKSA.btnSearch_Click(Object sender, EventArgs e) in C:\HCMS\HCMS.PDExpress\Controls\Search\ctrlSearchKSA.ascx.cs:line 106
   at HCMS.PDExpress.Controls.Search.ctrlSearchKSA.chkAllGrades_OnCheckedChanged(Object sender, EventArgs e) in C:\HCMS\HCMS.PDExpress\Controls\Search\ctrlSearchKSA.ascx.cs:line 100
   at System.Web.UI.WebControls.CheckBox.OnCheckedChanged(EventArgs e)
   at System.Web.UI.WebControls.CheckBox.RaisePostDataChangedEvent()
   at System.Web.UI.WebControls.CheckBox.System.Web.UI.IPostBackDataHandler.RaisePostDataChangedEvent()
   at System.Web.UI.Page.RaiseChangedEvents()
   at System.Web.UI.Page.ProcessRequestMain(Boolean includeStagesBeforeAsyncPoint, Boolean includeStagesAfterAsyncPoint)

Additional Info:

MachineName : IFW9WO-BDBCHA1
TimeStamp : 9/8/2013 3:28:06 AM
FullName : Microsoft.Practices.EnterpriseLibrary.ExceptionHandling, Version=4.1.0.0, Culture=neutral, PublicKeyToken=31bf3856ad364e35
AppDomainName : b4579cf2-10-130230843352028841
ThreadIdentity : 54
WindowsIdentity : IFW\mshivjiani

Category: General
Priority: 0
EventId: 100
Severity: Error
Title:Enterprise Library Exception Handling
Machine: IFW9WO-BDBCHA1
Application Domain: b4579cf2-10-130230843352028841
Process Id: 5248
Process Name: C:\Program Files (x86)\Common Files\Microsoft Shared\DevServer\10.0\WebDev.WebServer40.exe
Win32 Thread Id: 2032
Thread Name: 
Extended Properties: 
----------------------------------------
