----------------------------------------
Timestamp: 5/28/2014 1:18:50 PM
Message: System.Web.HttpException (0x80004005): File does not exist.
   at System.Web.StaticFileHandler.GetFileInfo(String virtualPathWithPathInfo, String physicalPath, HttpResponse response)
   at System.Web.StaticFileHandler.ProcessRequestInternal(HttpContext context, String overrideVirtualPath)
   at System.Web.DefaultHttpHandler.BeginProcessRequest(HttpContext context, AsyncCallback callback, Object state)
   at System.Web.HttpApplication.CallHandlerExecutionStep.System.Web.HttpApplication.IExecutionStep.Execute()
   at System.Web.HttpApplication.ExecuteStep(IExecutionStep step, Boolean& completedSynchronously)
Category: General
Priority: -1
EventId: 0
Severity: Information
Title:
Machine: mshivjiani/IFW9WO-BDBCHA1
Application Domain: b4579cf2-1-130457711008674345
Process Id: 13956
Process Name: C:\Program Files (x86)\Common Files\Microsoft Shared\DevServer\10.0\WebDev.WebServer40.exe
Win32 Thread Id: 11668
Thread Name: 
Extended Properties: 
----------------------------------------
----------------------------------------
Timestamp: 5/28/2014 1:27:29 PM
Message: System.Web.HttpException (0x80004005): File does not exist.
   at System.Web.StaticFileHandler.GetFileInfo(String virtualPathWithPathInfo, String physicalPath, HttpResponse response)
   at System.Web.StaticFileHandler.ProcessRequestInternal(HttpContext context, String overrideVirtualPath)
   at System.Web.DefaultHttpHandler.BeginProcessRequest(HttpContext context, AsyncCallback callback, Object state)
   at System.Web.HttpApplication.CallHandlerExecutionStep.System.Web.HttpApplication.IExecutionStep.Execute()
   at System.Web.HttpApplication.ExecuteStep(IExecutionStep step, Boolean& completedSynchronously)
Category: General
Priority: -1
EventId: 0
Severity: Information
Title:
Machine: mshivjiani/IFW9WO-BDBCHA1
Application Domain: b4579cf2-1-130457715076001037
Process Id: 8104
Process Name: C:\Program Files (x86)\Common Files\Microsoft Shared\DevServer\10.0\WebDev.WebServer40.exe
Win32 Thread Id: 6720
Thread Name: 
Extended Properties: 
----------------------------------------
----------------------------------------
Timestamp: 5/28/2014 1:29:28 PM
Message: Timeout expired.  The timeout period elapsed prior to completion of the operation or the server is not responding.
Category: General
Priority: -1
EventId: 80
Severity: Error
Title:
Machine: mshivjiani/IFW9WO-BDBCHA1
Application Domain: b4579cf2-1-130457715076001037
Process Id: 8104
Process Name: C:\Program Files (x86)\Common Files\Microsoft Shared\DevServer\10.0\WebDev.WebServer40.exe
Win32 Thread Id: 4468
Thread Name: 
Extended Properties: 
----------------------------------------
----------------------------------------
Timestamp: 5/28/2014 1:30:04 PM
Message: [controls_createpd_approvals_approvals_ascx]: Timeout expired.  The timeout period elapsed prior to completion of the operation or the server is not responding. -----    at HCMS.Business.Base.ExceptionBase.HandleException(Exception ex) in C:\HCMS\HCMS.Business\Base\ExceptionBase.cs:line 23
   at HCMS.Business.PD.PositionDescription.HasDutyDifferences(Boolean blnForBundle) in C:\HCMS\HCMS.Business\PD\PositionDescription.cs:line 1216
   at HCMS.PDExpress.Controls.CreatePD.Approvals.Approvals.IsPDReviewed() in C:\HCMS\HCMS.PDExpress\Controls\CreatePD\Approvals\Approvals.ascx.cs:line 68
   at HCMS.PDExpress.Controls.CreatePD.Approvals.Approvals.setPageAppropriateView() in C:\HCMS\HCMS.PDExpress\Controls\CreatePD\Approvals\Approvals.ascx.cs:line 231
Category: General
Priority: -1
EventId: 80
Severity: Information
Title:
Machine: mshivjiani/IFW9WO-BDBCHA1
Application Domain: b4579cf2-1-130457715076001037
Process Id: 8104
Process Name: C:\Program Files (x86)\Common Files\Microsoft Shared\DevServer\10.0\WebDev.WebServer40.exe
Win32 Thread Id: 4468
Thread Name: 
Extended Properties: 
----------------------------------------
----------------------------------------
Timestamp: 5/28/2014 2:02:40 PM
Message: System.Web.HttpException (0x80004005): File does not exist.
   at System.Web.StaticFileHandler.GetFileInfo(String virtualPathWithPathInfo, String physicalPath, HttpResponse response)
   at System.Web.StaticFileHandler.ProcessRequestInternal(HttpContext context, String overrideVirtualPath)
   at System.Web.DefaultHttpHandler.BeginProcessRequest(HttpContext context, AsyncCallback callback, Object state)
   at System.Web.HttpApplication.CallHandlerExecutionStep.System.Web.HttpApplication.IExecutionStep.Execute()
   at System.Web.HttpApplication.ExecuteStep(IExecutionStep step, Boolean& completedSynchronously)
Category: General
Priority: -1
EventId: 0
Severity: Information
Title:
Machine: mshivjiani/IFW9WO-BDBCHA1
Application Domain: b4579cf2-1-130457715076001037
Process Id: 8104
Process Name: C:\Program Files (x86)\Common Files\Microsoft Shared\DevServer\10.0\WebDev.WebServer40.exe
Win32 Thread Id: 7696
Thread Name: 
Extended Properties: 
----------------------------------------
----------------------------------------
Timestamp: 5/28/2014 3:54:41 PM
Message: System.Web.HttpException (0x80004005): File does not exist.
   at System.Web.StaticFileHandler.GetFileInfo(String virtualPathWithPathInfo, String physicalPath, HttpResponse response)
   at System.Web.StaticFileHandler.ProcessRequestInternal(HttpContext context, String overrideVirtualPath)
   at System.Web.DefaultHttpHandler.BeginProcessRequest(HttpContext context, AsyncCallback callback, Object state)
   at System.Web.HttpApplication.CallHandlerExecutionStep.System.Web.HttpApplication.IExecutionStep.Execute()
   at System.Web.HttpApplication.ExecuteStep(IExecutionStep step, Boolean& completedSynchronously)
Category: General
Priority: -1
EventId: 0
Severity: Information
Title:
Machine: mshivjiani/IFW9WO-BDBCHA1
Application Domain: b4579cf2-1-130457715076001037
Process Id: 8104
Process Name: C:\Program Files (x86)\Common Files\Microsoft Shared\DevServer\10.0\WebDev.WebServer40.exe
Win32 Thread Id: 12844
Thread Name: 
Extended Properties: 
----------------------------------------
----------------------------------------
Timestamp: 5/28/2014 4:10:11 PM
Message: System.Web.HttpException (0x80004005): File does not exist.
   at System.Web.StaticFileHandler.GetFileInfo(String virtualPathWithPathInfo, String physicalPath, HttpResponse response)
   at System.Web.StaticFileHandler.ProcessRequestInternal(HttpContext context, String overrideVirtualPath)
   at System.Web.DefaultHttpHandler.BeginProcessRequest(HttpContext context, AsyncCallback callback, Object state)
   at System.Web.HttpApplication.CallHandlerExecutionStep.System.Web.HttpApplication.IExecutionStep.Execute()
   at System.Web.HttpApplication.ExecuteStep(IExecutionStep step, Boolean& completedSynchronously)
Category: General
Priority: -1
EventId: 0
Severity: Information
Title:
Machine: mshivjiani/IFW9WO-BDBCHA1
Application Domain: b4579cf2-1-130457715076001037
Process Id: 8104
Process Name: C:\Program Files (x86)\Common Files\Microsoft Shared\DevServer\10.0\WebDev.WebServer40.exe
Win32 Thread Id: 12760
Thread Name: 
Extended Properties: 
----------------------------------------
