----------------------------------------
Timestamp: 7/22/2013 12:48:06 PM
Message: System.IO.FileLoadException: Could not load file or assembly 'Microsoft.Practices.EnterpriseLibrary.Configuration.Design, Version=4.1.0.0, Culture=neutral, PublicKeyToken=31bf3856ad364e35' or one of its dependencies. The located assembly's manifest definition does not match the assembly reference. (Exception from HRESULT: 0x80131040)
File name: 'Microsoft.Practices.EnterpriseLibrary.Configuration.Design, Version=4.1.0.0, Culture=neutral, PublicKeyToken=31bf3856ad364e35'
   at System.ModuleHandle.ResolveType(RuntimeModule module, Int32 typeToken, IntPtr* typeInstArgs, Int32 typeInstCount, IntPtr* methodInstArgs, Int32 methodInstCount, ObjectHandleOnStack type)
   at System.ModuleHandle.ResolveTypeHandleInternal(RuntimeModule module, Int32 typeToken, RuntimeTypeHandle[] typeInstantiationContext, RuntimeTypeHandle[] methodInstantiationContext)
   at System.Reflection.RuntimeModule.ResolveType(Int32 metadataToken, Type[] genericTypeArguments, Type[] genericMethodArguments)
   at System.Reflection.CustomAttribute.FilterCustomAttributeRecord(CustomAttributeRecord caRecord, MetadataImport scope, Assembly& lastAptcaOkAssembly, RuntimeModule decoratedModule, MetadataToken decoratedToken, RuntimeType attributeFilterType, Boolean mustBeInheritable, Object[] attributes, IList derivedAttributes, RuntimeType& attributeType, IRuntimeMethodInfo& ctor, Boolean& ctorHasParameters, Boolean& isVarArg)
   at System.Reflection.CustomAttribute.GetCustomAttributes(RuntimeModule decoratedModule, Int32 decoratedMetadataToken, Int32 pcaCount, RuntimeType attributeFilterType, Boolean mustBeInheritable, IList derivedAttributes, Boolean isDecoratedTargetSecurityTransparent)
   at System.Reflection.CustomAttribute.GetCustomAttributes(RuntimeAssembly assembly, RuntimeType caType)
   at System.Reflection.RuntimeAssembly.GetCustomAttributes(Boolean inherit)
   at System.Web.UI.AssemblyCache.GetAjaxFrameworkAssemblyAttribute(Assembly assembly)
   at System.Web.UI.ScriptManager.get_DefaultAjaxFrameworkAssembly()
   at System.Web.UI.ScriptManager..ctor()
   at ASP.pdmaster_master.__BuildControlScriptManager1() in c:\HCMS\HCMS.PDExpress\PDMaster.master:line 55
   at ASP.pdmaster_master.__BuildControl_theForm() in c:\HCMS\HCMS.PDExpress\PDMaster.master:line 54
   at ASP.pdmaster_master.__BuildControlTree(pdmaster_master __ctrl) in c:\HCMS\HCMS.PDExpress\PDMaster.master:line 1
   at ASP.pdmaster_master.FrameworkInitialize() in c:\Users\mshivjiani\AppData\Local\Temp\1\Temporary ASP.NET Files\root\5c032f77\5e25b9b3\App_Web_utrzsony.0.cs:line 0
   at System.Web.UI.UserControl.InitializeAsUserControlInternal()
   at System.Web.UI.MasterPage.CreateMaster(TemplateControl owner, HttpContext context, VirtualPath masterPageFile, IDictionary contentTemplateCollection)
   at System.Web.UI.Page.get_Master()
   at System.Web.UI.Page.ApplyMasterPage()
   at System.Web.UI.Page.PerformPreInit()
   at System.Web.UI.Page.ProcessRequestMain(Boolean includeStagesBeforeAsyncPoint, Boolean includeStagesAfterAsyncPoint)

WRN: Assembly binding logging is turned OFF.
To enable assembly bind failure logging, set the registry value [HKLM\Software\Microsoft\Fusion!EnableLog] (DWORD) to 1.
Note: There is some performance penalty associated with assembly bind failure logging.
To turn this feature off, remove the registry value [HKLM\Software\Microsoft\Fusion!EnableLog].

Category: General
Priority: -1
EventId: 0
Severity: Information
Title:
Machine: mshivjiani/IFW9WO-BDBCHA1
Application Domain: b4579cf2-1-130189852728224023
Process Id: 6260
Process Name: C:\Program Files (x86)\Common Files\Microsoft Shared\DevServer\10.0\WebDev.WebServer40.exe
Win32 Thread Id: 8036
Thread Name: 
Extended Properties: 
----------------------------------------
----------------------------------------
Timestamp: 7/22/2013 12:48:18 PM
Message: System.Web.HttpException (0x80004005): File does not exist.
   at System.Web.StaticFileHandler.GetFileInfo(String virtualPathWithPathInfo, String physicalPath, HttpResponse response)
   at System.Web.StaticFileHandler.ProcessRequestInternal(HttpContext context, String overrideVirtualPath)
   at System.Web.DefaultHttpHandler.BeginProcessRequest(HttpContext context, AsyncCallback callback, Object state)
   at System.Web.HttpApplication.CallHandlerExecutionStep.System.Web.HttpApplication.IExecutionStep.Execute()
   at System.Web.HttpApplication.ExecuteStep(IExecutionStep step, Boolean& completedSynchronously)
Category: General
Priority: -1
EventId: 0
Severity: Information
Title:
Machine: mshivjiani/IFW9WO-BDBCHA1
Application Domain: b4579cf2-1-130189852728224023
Process Id: 6260
Process Name: C:\Program Files (x86)\Common Files\Microsoft Shared\DevServer\10.0\WebDev.WebServer40.exe
Win32 Thread Id: 3960
Thread Name: 
Extended Properties: 
----------------------------------------
----------------------------------------
Timestamp: 7/22/2013 12:48:35 PM
Message: System.Web.HttpException (0x80004005): File does not exist.
   at System.Web.StaticFileHandler.GetFileInfo(String virtualPathWithPathInfo, String physicalPath, HttpResponse response)
   at System.Web.StaticFileHandler.ProcessRequestInternal(HttpContext context, String overrideVirtualPath)
   at System.Web.DefaultHttpHandler.BeginProcessRequest(HttpContext context, AsyncCallback callback, Object state)
   at System.Web.HttpApplication.CallHandlerExecutionStep.System.Web.HttpApplication.IExecutionStep.Execute()
   at System.Web.HttpApplication.ExecuteStep(IExecutionStep step, Boolean& completedSynchronously)
Category: General
Priority: -1
EventId: 0
Severity: Information
Title:
Machine: mshivjiani/IFW9WO-BDBCHA1
Application Domain: b4579cf2-1-130189852728224023
Process Id: 6260
Process Name: C:\Program Files (x86)\Common Files\Microsoft Shared\DevServer\10.0\WebDev.WebServer40.exe
Win32 Thread Id: 3960
Thread Name: 
Extended Properties: 
----------------------------------------
----------------------------------------
Timestamp: 7/22/2013 12:48:41 PM
Message: System.Web.HttpException (0x80004005): File does not exist.
   at System.Web.StaticFileHandler.GetFileInfo(String virtualPathWithPathInfo, String physicalPath, HttpResponse response)
   at System.Web.StaticFileHandler.ProcessRequestInternal(HttpContext context, String overrideVirtualPath)
   at System.Web.DefaultHttpHandler.BeginProcessRequest(HttpContext context, AsyncCallback callback, Object state)
   at System.Web.HttpApplication.CallHandlerExecutionStep.System.Web.HttpApplication.IExecutionStep.Execute()
   at System.Web.HttpApplication.ExecuteStep(IExecutionStep step, Boolean& completedSynchronously)
Category: General
Priority: -1
EventId: 0
Severity: Information
Title:
Machine: mshivjiani/IFW9WO-BDBCHA1
Application Domain: b4579cf2-1-130189852728224023
Process Id: 6260
Process Name: C:\Program Files (x86)\Common Files\Microsoft Shared\DevServer\10.0\WebDev.WebServer40.exe
Win32 Thread Id: 7028
Thread Name: 
Extended Properties: 
----------------------------------------
----------------------------------------
Timestamp: 7/22/2013 12:49:15 PM
Message: [controls_createpd_occupation_occupation_ascx]: Could not load file or assembly 'Microsoft.Practices.EnterpriseLibrary.Validation, Version=4.1.0.0, Culture=neutral, PublicKeyToken=31bf3856ad364e35' or one of its dependencies. The located assembly's manifest definition does not match the assembly reference. (Exception from HRESULT: 0x80131040) -----    at HCMS.PDExpress.Controls.CreatePD.Occupation.Occupation.isPDValid()
   at HCMS.PDExpress.Controls.CreatePD.Occupation.Occupation.btnContinue_Click(Object sender, EventArgs e) in C:\HCMS\HCMS.PDExpress\Controls\CreatePD\Occupation\Occupation.ascx.cs:line 1375
Category: General
Priority: -1
EventId: 80
Severity: Information
Title:
Machine: mshivjiani/IFW9WO-BDBCHA1
Application Domain: b4579cf2-1-130189852728224023
Process Id: 6260
Process Name: C:\Program Files (x86)\Common Files\Microsoft Shared\DevServer\10.0\WebDev.WebServer40.exe
Win32 Thread Id: 5056
Thread Name: 
Extended Properties: 
----------------------------------------
----------------------------------------
Timestamp: 7/22/2013 12:49:29 PM
Message: [controls_createpd_occupation_occupation_ascx]: Could not load file or assembly 'Microsoft.Practices.EnterpriseLibrary.Validation, Version=4.1.0.0, Culture=neutral, PublicKeyToken=31bf3856ad364e35' or one of its dependencies. The located assembly's manifest definition does not match the assembly reference. (Exception from HRESULT: 0x80131040) -----    at HCMS.PDExpress.Controls.CreatePD.Occupation.Occupation.isPDValid()
   at HCMS.PDExpress.Controls.CreatePD.Occupation.Occupation.btnContinue_Click(Object sender, EventArgs e) in C:\HCMS\HCMS.PDExpress\Controls\CreatePD\Occupation\Occupation.ascx.cs:line 1375
Category: General
Priority: -1
EventId: 80
Severity: Information
Title:
Machine: mshivjiani/IFW9WO-BDBCHA1
Application Domain: b4579cf2-1-130189852728224023
Process Id: 6260
Process Name: C:\Program Files (x86)\Common Files\Microsoft Shared\DevServer\10.0\WebDev.WebServer40.exe
Win32 Thread Id: 7028
Thread Name: 
Extended Properties: 
----------------------------------------
----------------------------------------
Timestamp: 7/22/2013 12:49:30 PM
Message: System.Web.HttpException (0x80004005): File does not exist.
   at System.Web.StaticFileHandler.GetFileInfo(String virtualPathWithPathInfo, String physicalPath, HttpResponse response)
   at System.Web.StaticFileHandler.ProcessRequestInternal(HttpContext context, String overrideVirtualPath)
   at System.Web.DefaultHttpHandler.BeginProcessRequest(HttpContext context, AsyncCallback callback, Object state)
   at System.Web.HttpApplication.CallHandlerExecutionStep.System.Web.HttpApplication.IExecutionStep.Execute()
   at System.Web.HttpApplication.ExecuteStep(IExecutionStep step, Boolean& completedSynchronously)
Category: General
Priority: -1
EventId: 0
Severity: Information
Title:
Machine: mshivjiani/IFW9WO-BDBCHA1
Application Domain: b4579cf2-1-130189852728224023
Process Id: 6260
Process Name: C:\Program Files (x86)\Common Files\Microsoft Shared\DevServer\10.0\WebDev.WebServer40.exe
Win32 Thread Id: 3960
Thread Name: 
Extended Properties: 
----------------------------------------
----------------------------------------
Timestamp: 7/22/2013 12:51:53 PM
Message: System.Web.HttpException (0x80004005): File does not exist.
   at System.Web.StaticFileHandler.GetFileInfo(String virtualPathWithPathInfo, String physicalPath, HttpResponse response)
   at System.Web.StaticFileHandler.ProcessRequestInternal(HttpContext context, String overrideVirtualPath)
   at System.Web.DefaultHttpHandler.BeginProcessRequest(HttpContext context, AsyncCallback callback, Object state)
   at System.Web.HttpApplication.CallHandlerExecutionStep.System.Web.HttpApplication.IExecutionStep.Execute()
   at System.Web.HttpApplication.ExecuteStep(IExecutionStep step, Boolean& completedSynchronously)
Category: General
Priority: -1
EventId: 0
Severity: Information
Title:
Machine: mshivjiani/IFW9WO-BDBCHA1
Application Domain: b4579cf2-2-130189854968841534
Process Id: 6260
Process Name: C:\Program Files (x86)\Common Files\Microsoft Shared\DevServer\10.0\WebDev.WebServer40.exe
Win32 Thread Id: 7776
Thread Name: 
Extended Properties: 
----------------------------------------
----------------------------------------
Timestamp: 7/22/2013 12:52:13 PM
Message: System.Web.HttpException (0x80004005): File does not exist.
   at System.Web.StaticFileHandler.GetFileInfo(String virtualPathWithPathInfo, String physicalPath, HttpResponse response)
   at System.Web.StaticFileHandler.ProcessRequestInternal(HttpContext context, String overrideVirtualPath)
   at System.Web.DefaultHttpHandler.BeginProcessRequest(HttpContext context, AsyncCallback callback, Object state)
   at System.Web.HttpApplication.CallHandlerExecutionStep.System.Web.HttpApplication.IExecutionStep.Execute()
   at System.Web.HttpApplication.ExecuteStep(IExecutionStep step, Boolean& completedSynchronously)
Category: General
Priority: -1
EventId: 0
Severity: Information
Title:
Machine: mshivjiani/IFW9WO-BDBCHA1
Application Domain: b4579cf2-2-130189854968841534
Process Id: 6260
Process Name: C:\Program Files (x86)\Common Files\Microsoft Shared\DevServer\10.0\WebDev.WebServer40.exe
Win32 Thread Id: 8036
Thread Name: 
Extended Properties: 
----------------------------------------
----------------------------------------
Timestamp: 7/22/2013 12:52:51 PM
Message: System.Web.HttpException (0x80004005): File does not exist.
   at System.Web.StaticFileHandler.GetFileInfo(String virtualPathWithPathInfo, String physicalPath, HttpResponse response)
   at System.Web.StaticFileHandler.ProcessRequestInternal(HttpContext context, String overrideVirtualPath)
   at System.Web.DefaultHttpHandler.BeginProcessRequest(HttpContext context, AsyncCallback callback, Object state)
   at System.Web.HttpApplication.CallHandlerExecutionStep.System.Web.HttpApplication.IExecutionStep.Execute()
   at System.Web.HttpApplication.ExecuteStep(IExecutionStep step, Boolean& completedSynchronously)
Category: General
Priority: -1
EventId: 0
Severity: Information
Title:
Machine: mshivjiani/IFW9WO-BDBCHA1
Application Domain: b4579cf2-2-130189854968841534
Process Id: 6260
Process Name: C:\Program Files (x86)\Common Files\Microsoft Shared\DevServer\10.0\WebDev.WebServer40.exe
Win32 Thread Id: 8036
Thread Name: 
Extended Properties: 
----------------------------------------
----------------------------------------
Timestamp: 7/22/2013 12:53:19 PM
Message: System.Web.HttpException (0x80004005): File does not exist.
   at System.Web.StaticFileHandler.GetFileInfo(String virtualPathWithPathInfo, String physicalPath, HttpResponse response)
   at System.Web.StaticFileHandler.ProcessRequestInternal(HttpContext context, String overrideVirtualPath)
   at System.Web.DefaultHttpHandler.BeginProcessRequest(HttpContext context, AsyncCallback callback, Object state)
   at System.Web.HttpApplication.CallHandlerExecutionStep.System.Web.HttpApplication.IExecutionStep.Execute()
   at System.Web.HttpApplication.ExecuteStep(IExecutionStep step, Boolean& completedSynchronously)
Category: General
Priority: -1
EventId: 0
Severity: Information
Title:
Machine: mshivjiani/IFW9WO-BDBCHA1
Application Domain: b4579cf2-2-130189854968841534
Process Id: 6260
Process Name: C:\Program Files (x86)\Common Files\Microsoft Shared\DevServer\10.0\WebDev.WebServer40.exe
Win32 Thread Id: 4472
Thread Name: 
Extended Properties: 
----------------------------------------
----------------------------------------
Timestamp: 7/22/2013 12:53:32 PM
Message: System.Web.HttpException (0x80004005): File does not exist.
   at System.Web.StaticFileHandler.GetFileInfo(String virtualPathWithPathInfo, String physicalPath, HttpResponse response)
   at System.Web.StaticFileHandler.ProcessRequestInternal(HttpContext context, String overrideVirtualPath)
   at System.Web.DefaultHttpHandler.BeginProcessRequest(HttpContext context, AsyncCallback callback, Object state)
   at System.Web.HttpApplication.CallHandlerExecutionStep.System.Web.HttpApplication.IExecutionStep.Execute()
   at System.Web.HttpApplication.ExecuteStep(IExecutionStep step, Boolean& completedSynchronously)
Category: General
Priority: -1
EventId: 0
Severity: Information
Title:
Machine: mshivjiani/IFW9WO-BDBCHA1
Application Domain: b4579cf2-2-130189854968841534
Process Id: 6260
Process Name: C:\Program Files (x86)\Common Files\Microsoft Shared\DevServer\10.0\WebDev.WebServer40.exe
Win32 Thread Id: 944
Thread Name: 
Extended Properties: 
----------------------------------------
----------------------------------------
Timestamp: 7/22/2013 12:53:37 PM
Message: System.Web.HttpException (0x80004005): File does not exist.
   at System.Web.StaticFileHandler.GetFileInfo(String virtualPathWithPathInfo, String physicalPath, HttpResponse response)
   at System.Web.StaticFileHandler.ProcessRequestInternal(HttpContext context, String overrideVirtualPath)
   at System.Web.DefaultHttpHandler.BeginProcessRequest(HttpContext context, AsyncCallback callback, Object state)
   at System.Web.HttpApplication.CallHandlerExecutionStep.System.Web.HttpApplication.IExecutionStep.Execute()
   at System.Web.HttpApplication.ExecuteStep(IExecutionStep step, Boolean& completedSynchronously)
Category: General
Priority: -1
EventId: 0
Severity: Information
Title:
Machine: mshivjiani/IFW9WO-BDBCHA1
Application Domain: b4579cf2-2-130189854968841534
Process Id: 6260
Process Name: C:\Program Files (x86)\Common Files\Microsoft Shared\DevServer\10.0\WebDev.WebServer40.exe
Win32 Thread Id: 6724
Thread Name: 
Extended Properties: 
----------------------------------------
----------------------------------------
Timestamp: 7/22/2013 12:53:41 PM
Message: System.Web.HttpException (0x80004005): File does not exist.
   at System.Web.StaticFileHandler.GetFileInfo(String virtualPathWithPathInfo, String physicalPath, HttpResponse response)
   at System.Web.StaticFileHandler.ProcessRequestInternal(HttpContext context, String overrideVirtualPath)
   at System.Web.DefaultHttpHandler.BeginProcessRequest(HttpContext context, AsyncCallback callback, Object state)
   at System.Web.HttpApplication.CallHandlerExecutionStep.System.Web.HttpApplication.IExecutionStep.Execute()
   at System.Web.HttpApplication.ExecuteStep(IExecutionStep step, Boolean& completedSynchronously)
Category: General
Priority: -1
EventId: 0
Severity: Information
Title:
Machine: mshivjiani/IFW9WO-BDBCHA1
Application Domain: b4579cf2-2-130189854968841534
Process Id: 6260
Process Name: C:\Program Files (x86)\Common Files\Microsoft Shared\DevServer\10.0\WebDev.WebServer40.exe
Win32 Thread Id: 8036
Thread Name: 
Extended Properties: 
----------------------------------------
----------------------------------------
Timestamp: 7/22/2013 12:55:11 PM
Message: System.Web.HttpException (0x80004005): File does not exist.
   at System.Web.StaticFileHandler.GetFileInfo(String virtualPathWithPathInfo, String physicalPath, HttpResponse response)
   at System.Web.StaticFileHandler.ProcessRequestInternal(HttpContext context, String overrideVirtualPath)
   at System.Web.DefaultHttpHandler.BeginProcessRequest(HttpContext context, AsyncCallback callback, Object state)
   at System.Web.HttpApplication.CallHandlerExecutionStep.System.Web.HttpApplication.IExecutionStep.Execute()
   at System.Web.HttpApplication.ExecuteStep(IExecutionStep step, Boolean& completedSynchronously)
Category: General
Priority: -1
EventId: 0
Severity: Information
Title:
Machine: mshivjiani/IFW9WO-BDBCHA1
Application Domain: b4579cf2-2-130189854968841534
Process Id: 6260
Process Name: C:\Program Files (x86)\Common Files\Microsoft Shared\DevServer\10.0\WebDev.WebServer40.exe
Win32 Thread Id: 5340
Thread Name: 
Extended Properties: 
----------------------------------------
----------------------------------------
Timestamp: 7/22/2013 12:56:01 PM
Message: System.Web.HttpException (0x80004005): File does not exist.
   at System.Web.StaticFileHandler.GetFileInfo(String virtualPathWithPathInfo, String physicalPath, HttpResponse response)
   at System.Web.StaticFileHandler.ProcessRequestInternal(HttpContext context, String overrideVirtualPath)
   at System.Web.DefaultHttpHandler.BeginProcessRequest(HttpContext context, AsyncCallback callback, Object state)
   at System.Web.HttpApplication.CallHandlerExecutionStep.System.Web.HttpApplication.IExecutionStep.Execute()
   at System.Web.HttpApplication.ExecuteStep(IExecutionStep step, Boolean& completedSynchronously)
Category: General
Priority: -1
EventId: 0
Severity: Information
Title:
Machine: mshivjiani/IFW9WO-BDBCHA1
Application Domain: b4579cf2-2-130189854968841534
Process Id: 6260
Process Name: C:\Program Files (x86)\Common Files\Microsoft Shared\DevServer\10.0\WebDev.WebServer40.exe
Win32 Thread Id: 5340
Thread Name: 
Extended Properties: 
----------------------------------------
----------------------------------------
Timestamp: 7/22/2013 12:56:12 PM
Message: System.Web.HttpException (0x80004005): File does not exist.
   at System.Web.StaticFileHandler.GetFileInfo(String virtualPathWithPathInfo, String physicalPath, HttpResponse response)
   at System.Web.StaticFileHandler.ProcessRequestInternal(HttpContext context, String overrideVirtualPath)
   at System.Web.DefaultHttpHandler.BeginProcessRequest(HttpContext context, AsyncCallback callback, Object state)
   at System.Web.HttpApplication.CallHandlerExecutionStep.System.Web.HttpApplication.IExecutionStep.Execute()
   at System.Web.HttpApplication.ExecuteStep(IExecutionStep step, Boolean& completedSynchronously)
Category: General
Priority: -1
EventId: 0
Severity: Information
Title:
Machine: mshivjiani/IFW9WO-BDBCHA1
Application Domain: b4579cf2-2-130189854968841534
Process Id: 6260
Process Name: C:\Program Files (x86)\Common Files\Microsoft Shared\DevServer\10.0\WebDev.WebServer40.exe
Win32 Thread Id: 7776
Thread Name: 
Extended Properties: 
----------------------------------------
----------------------------------------
Timestamp: 7/22/2013 12:56:42 PM
Message: System.Web.HttpException (0x80004005): File does not exist.
   at System.Web.StaticFileHandler.GetFileInfo(String virtualPathWithPathInfo, String physicalPath, HttpResponse response)
   at System.Web.StaticFileHandler.ProcessRequestInternal(HttpContext context, String overrideVirtualPath)
   at System.Web.DefaultHttpHandler.BeginProcessRequest(HttpContext context, AsyncCallback callback, Object state)
   at System.Web.HttpApplication.CallHandlerExecutionStep.System.Web.HttpApplication.IExecutionStep.Execute()
   at System.Web.HttpApplication.ExecuteStep(IExecutionStep step, Boolean& completedSynchronously)
Category: General
Priority: -1
EventId: 0
Severity: Information
Title:
Machine: mshivjiani/IFW9WO-BDBCHA1
Application Domain: b4579cf2-2-130189854968841534
Process Id: 6260
Process Name: C:\Program Files (x86)\Common Files\Microsoft Shared\DevServer\10.0\WebDev.WebServer40.exe
Win32 Thread Id: 8036
Thread Name: 
Extended Properties: 
----------------------------------------
----------------------------------------
Timestamp: 7/22/2013 12:57:04 PM
Message: System.Web.HttpException (0x80004005): File does not exist.
   at System.Web.StaticFileHandler.GetFileInfo(String virtualPathWithPathInfo, String physicalPath, HttpResponse response)
   at System.Web.StaticFileHandler.ProcessRequestInternal(HttpContext context, String overrideVirtualPath)
   at System.Web.DefaultHttpHandler.BeginProcessRequest(HttpContext context, AsyncCallback callback, Object state)
   at System.Web.HttpApplication.CallHandlerExecutionStep.System.Web.HttpApplication.IExecutionStep.Execute()
   at System.Web.HttpApplication.ExecuteStep(IExecutionStep step, Boolean& completedSynchronously)
Category: General
Priority: -1
EventId: 0
Severity: Information
Title:
Machine: mshivjiani/IFW9WO-BDBCHA1
Application Domain: b4579cf2-2-130189854968841534
Process Id: 6260
Process Name: C:\Program Files (x86)\Common Files\Microsoft Shared\DevServer\10.0\WebDev.WebServer40.exe
Win32 Thread Id: 5056
Thread Name: 
Extended Properties: 
----------------------------------------
----------------------------------------
Timestamp: 7/22/2013 12:57:20 PM
Message: System.Web.HttpException (0x80004005): File does not exist.
   at System.Web.StaticFileHandler.GetFileInfo(String virtualPathWithPathInfo, String physicalPath, HttpResponse response)
   at System.Web.StaticFileHandler.ProcessRequestInternal(HttpContext context, String overrideVirtualPath)
   at System.Web.DefaultHttpHandler.BeginProcessRequest(HttpContext context, AsyncCallback callback, Object state)
   at System.Web.HttpApplication.CallHandlerExecutionStep.System.Web.HttpApplication.IExecutionStep.Execute()
   at System.Web.HttpApplication.ExecuteStep(IExecutionStep step, Boolean& completedSynchronously)
Category: General
Priority: -1
EventId: 0
Severity: Information
Title:
Machine: mshivjiani/IFW9WO-BDBCHA1
Application Domain: b4579cf2-2-130189854968841534
Process Id: 6260
Process Name: C:\Program Files (x86)\Common Files\Microsoft Shared\DevServer\10.0\WebDev.WebServer40.exe
Win32 Thread Id: 8036
Thread Name: 
Extended Properties: 
----------------------------------------
----------------------------------------
Timestamp: 7/22/2013 12:57:46 PM
Message: System.Web.HttpException (0x80004005): File does not exist.
   at System.Web.StaticFileHandler.GetFileInfo(String virtualPathWithPathInfo, String physicalPath, HttpResponse response)
   at System.Web.StaticFileHandler.ProcessRequestInternal(HttpContext context, String overrideVirtualPath)
   at System.Web.DefaultHttpHandler.BeginProcessRequest(HttpContext context, AsyncCallback callback, Object state)
   at System.Web.HttpApplication.CallHandlerExecutionStep.System.Web.HttpApplication.IExecutionStep.Execute()
   at System.Web.HttpApplication.ExecuteStep(IExecutionStep step, Boolean& completedSynchronously)
Category: General
Priority: -1
EventId: 0
Severity: Information
Title:
Machine: mshivjiani/IFW9WO-BDBCHA1
Application Domain: b4579cf2-2-130189854968841534
Process Id: 6260
Process Name: C:\Program Files (x86)\Common Files\Microsoft Shared\DevServer\10.0\WebDev.WebServer40.exe
Win32 Thread Id: 8036
Thread Name: 
Extended Properties: 
----------------------------------------
----------------------------------------
Timestamp: 7/22/2013 12:57:56 PM
Message: System.Web.HttpException (0x80004005): File does not exist.
   at System.Web.StaticFileHandler.GetFileInfo(String virtualPathWithPathInfo, String physicalPath, HttpResponse response)
   at System.Web.StaticFileHandler.ProcessRequestInternal(HttpContext context, String overrideVirtualPath)
   at System.Web.DefaultHttpHandler.BeginProcessRequest(HttpContext context, AsyncCallback callback, Object state)
   at System.Web.HttpApplication.CallHandlerExecutionStep.System.Web.HttpApplication.IExecutionStep.Execute()
   at System.Web.HttpApplication.ExecuteStep(IExecutionStep step, Boolean& completedSynchronously)
Category: General
Priority: -1
EventId: 0
Severity: Information
Title:
Machine: mshivjiani/IFW9WO-BDBCHA1
Application Domain: b4579cf2-2-130189854968841534
Process Id: 6260
Process Name: C:\Program Files (x86)\Common Files\Microsoft Shared\DevServer\10.0\WebDev.WebServer40.exe
Win32 Thread Id: 5056
Thread Name: 
Extended Properties: 
----------------------------------------
----------------------------------------
Timestamp: 7/22/2013 12:58:53 PM
Message: System.Web.HttpException (0x80004005): File does not exist.
   at System.Web.StaticFileHandler.GetFileInfo(String virtualPathWithPathInfo, String physicalPath, HttpResponse response)
   at System.Web.StaticFileHandler.ProcessRequestInternal(HttpContext context, String overrideVirtualPath)
   at System.Web.DefaultHttpHandler.BeginProcessRequest(HttpContext context, AsyncCallback callback, Object state)
   at System.Web.HttpApplication.CallHandlerExecutionStep.System.Web.HttpApplication.IExecutionStep.Execute()
   at System.Web.HttpApplication.ExecuteStep(IExecutionStep step, Boolean& completedSynchronously)
Category: General
Priority: -1
EventId: 0
Severity: Information
Title:
Machine: mshivjiani/IFW9WO-BDBCHA1
Application Domain: b4579cf2-2-130189854968841534
Process Id: 6260
Process Name: C:\Program Files (x86)\Common Files\Microsoft Shared\DevServer\10.0\WebDev.WebServer40.exe
Win32 Thread Id: 5056
Thread Name: 
Extended Properties: 
----------------------------------------
----------------------------------------
Timestamp: 7/22/2013 12:58:57 PM
Message: System.Web.HttpException (0x80004005): File does not exist.
   at System.Web.StaticFileHandler.GetFileInfo(String virtualPathWithPathInfo, String physicalPath, HttpResponse response)
   at System.Web.StaticFileHandler.ProcessRequestInternal(HttpContext context, String overrideVirtualPath)
   at System.Web.DefaultHttpHandler.BeginProcessRequest(HttpContext context, AsyncCallback callback, Object state)
   at System.Web.HttpApplication.CallHandlerExecutionStep.System.Web.HttpApplication.IExecutionStep.Execute()
   at System.Web.HttpApplication.ExecuteStep(IExecutionStep step, Boolean& completedSynchronously)
Category: General
Priority: -1
EventId: 0
Severity: Information
Title:
Machine: mshivjiani/IFW9WO-BDBCHA1
Application Domain: b4579cf2-2-130189854968841534
Process Id: 6260
Process Name: C:\Program Files (x86)\Common Files\Microsoft Shared\DevServer\10.0\WebDev.WebServer40.exe
Win32 Thread Id: 5056
Thread Name: 
Extended Properties: 
----------------------------------------
----------------------------------------
Timestamp: 7/22/2013 12:59:27 PM
Message: System.Web.HttpException (0x80004005): File does not exist.
   at System.Web.StaticFileHandler.GetFileInfo(String virtualPathWithPathInfo, String physicalPath, HttpResponse response)
   at System.Web.StaticFileHandler.ProcessRequestInternal(HttpContext context, String overrideVirtualPath)
   at System.Web.DefaultHttpHandler.BeginProcessRequest(HttpContext context, AsyncCallback callback, Object state)
   at System.Web.HttpApplication.CallHandlerExecutionStep.System.Web.HttpApplication.IExecutionStep.Execute()
   at System.Web.HttpApplication.ExecuteStep(IExecutionStep step, Boolean& completedSynchronously)
Category: General
Priority: -1
EventId: 0
Severity: Information
Title:
Machine: mshivjiani/IFW9WO-BDBCHA1
Application Domain: b4579cf2-2-130189854968841534
Process Id: 6260
Process Name: C:\Program Files (x86)\Common Files\Microsoft Shared\DevServer\10.0\WebDev.WebServer40.exe
Win32 Thread Id: 8036
Thread Name: 
Extended Properties: 
----------------------------------------
----------------------------------------
Timestamp: 7/22/2013 12:59:30 PM
Message: System.Web.HttpException (0x80004005): File does not exist.
   at System.Web.StaticFileHandler.GetFileInfo(String virtualPathWithPathInfo, String physicalPath, HttpResponse response)
   at System.Web.StaticFileHandler.ProcessRequestInternal(HttpContext context, String overrideVirtualPath)
   at System.Web.DefaultHttpHandler.BeginProcessRequest(HttpContext context, AsyncCallback callback, Object state)
   at System.Web.HttpApplication.CallHandlerExecutionStep.System.Web.HttpApplication.IExecutionStep.Execute()
   at System.Web.HttpApplication.ExecuteStep(IExecutionStep step, Boolean& completedSynchronously)
Category: General
Priority: -1
EventId: 0
Severity: Information
Title:
Machine: mshivjiani/IFW9WO-BDBCHA1
Application Domain: b4579cf2-2-130189854968841534
Process Id: 6260
Process Name: C:\Program Files (x86)\Common Files\Microsoft Shared\DevServer\10.0\WebDev.WebServer40.exe
Win32 Thread Id: 7164
Thread Name: 
Extended Properties: 
----------------------------------------
----------------------------------------
Timestamp: 7/22/2013 12:59:35 PM
Message: System.Web.HttpException (0x80004005): File does not exist.
   at System.Web.StaticFileHandler.GetFileInfo(String virtualPathWithPathInfo, String physicalPath, HttpResponse response)
   at System.Web.StaticFileHandler.ProcessRequestInternal(HttpContext context, String overrideVirtualPath)
   at System.Web.DefaultHttpHandler.BeginProcessRequest(HttpContext context, AsyncCallback callback, Object state)
   at System.Web.HttpApplication.CallHandlerExecutionStep.System.Web.HttpApplication.IExecutionStep.Execute()
   at System.Web.HttpApplication.ExecuteStep(IExecutionStep step, Boolean& completedSynchronously)
Category: General
Priority: -1
EventId: 0
Severity: Information
Title:
Machine: mshivjiani/IFW9WO-BDBCHA1
Application Domain: b4579cf2-2-130189854968841534
Process Id: 6260
Process Name: C:\Program Files (x86)\Common Files\Microsoft Shared\DevServer\10.0\WebDev.WebServer40.exe
Win32 Thread Id: 6952
Thread Name: 
Extended Properties: 
----------------------------------------
----------------------------------------
Timestamp: 7/22/2013 12:59:52 PM
Message: System.Web.HttpException (0x80004005): File does not exist.
   at System.Web.StaticFileHandler.GetFileInfo(String virtualPathWithPathInfo, String physicalPath, HttpResponse response)
   at System.Web.StaticFileHandler.ProcessRequestInternal(HttpContext context, String overrideVirtualPath)
   at System.Web.DefaultHttpHandler.BeginProcessRequest(HttpContext context, AsyncCallback callback, Object state)
   at System.Web.HttpApplication.CallHandlerExecutionStep.System.Web.HttpApplication.IExecutionStep.Execute()
   at System.Web.HttpApplication.ExecuteStep(IExecutionStep step, Boolean& completedSynchronously)
Category: General
Priority: -1
EventId: 0
Severity: Information
Title:
Machine: mshivjiani/IFW9WO-BDBCHA1
Application Domain: b4579cf2-2-130189854968841534
Process Id: 6260
Process Name: C:\Program Files (x86)\Common Files\Microsoft Shared\DevServer\10.0\WebDev.WebServer40.exe
Win32 Thread Id: 6376
Thread Name: 
Extended Properties: 
----------------------------------------
----------------------------------------
Timestamp: 7/22/2013 1:00:33 PM
Message: System.Web.HttpException (0x80004005): File does not exist.
   at System.Web.StaticFileHandler.GetFileInfo(String virtualPathWithPathInfo, String physicalPath, HttpResponse response)
   at System.Web.StaticFileHandler.ProcessRequestInternal(HttpContext context, String overrideVirtualPath)
   at System.Web.DefaultHttpHandler.BeginProcessRequest(HttpContext context, AsyncCallback callback, Object state)
   at System.Web.HttpApplication.CallHandlerExecutionStep.System.Web.HttpApplication.IExecutionStep.Execute()
   at System.Web.HttpApplication.ExecuteStep(IExecutionStep step, Boolean& completedSynchronously)
Category: General
Priority: -1
EventId: 0
Severity: Information
Title:
Machine: mshivjiani/IFW9WO-BDBCHA1
Application Domain: b4579cf2-2-130189854968841534
Process Id: 6260
Process Name: C:\Program Files (x86)\Common Files\Microsoft Shared\DevServer\10.0\WebDev.WebServer40.exe
Win32 Thread Id: 7164
Thread Name: 
Extended Properties: 
----------------------------------------
----------------------------------------
Timestamp: 7/22/2013 1:00:41 PM
Message: System.Web.HttpException (0x80004005): File does not exist.
   at System.Web.StaticFileHandler.GetFileInfo(String virtualPathWithPathInfo, String physicalPath, HttpResponse response)
   at System.Web.StaticFileHandler.ProcessRequestInternal(HttpContext context, String overrideVirtualPath)
   at System.Web.DefaultHttpHandler.BeginProcessRequest(HttpContext context, AsyncCallback callback, Object state)
   at System.Web.HttpApplication.CallHandlerExecutionStep.System.Web.HttpApplication.IExecutionStep.Execute()
   at System.Web.HttpApplication.ExecuteStep(IExecutionStep step, Boolean& completedSynchronously)
Category: General
Priority: -1
EventId: 0
Severity: Information
Title:
Machine: mshivjiani/IFW9WO-BDBCHA1
Application Domain: b4579cf2-2-130189854968841534
Process Id: 6260
Process Name: C:\Program Files (x86)\Common Files\Microsoft Shared\DevServer\10.0\WebDev.WebServer40.exe
Win32 Thread Id: 944
Thread Name: 
Extended Properties: 
----------------------------------------
----------------------------------------
Timestamp: 7/22/2013 1:01:02 PM
Message: System.Web.HttpException (0x80004005): File does not exist.
   at System.Web.StaticFileHandler.GetFileInfo(String virtualPathWithPathInfo, String physicalPath, HttpResponse response)
   at System.Web.StaticFileHandler.ProcessRequestInternal(HttpContext context, String overrideVirtualPath)
   at System.Web.DefaultHttpHandler.BeginProcessRequest(HttpContext context, AsyncCallback callback, Object state)
   at System.Web.HttpApplication.CallHandlerExecutionStep.System.Web.HttpApplication.IExecutionStep.Execute()
   at System.Web.HttpApplication.ExecuteStep(IExecutionStep step, Boolean& completedSynchronously)
Category: General
Priority: -1
EventId: 0
Severity: Information
Title:
Machine: mshivjiani/IFW9WO-BDBCHA1
Application Domain: b4579cf2-2-130189854968841534
Process Id: 6260
Process Name: C:\Program Files (x86)\Common Files\Microsoft Shared\DevServer\10.0\WebDev.WebServer40.exe
Win32 Thread Id: 8036
Thread Name: 
Extended Properties: 
----------------------------------------
----------------------------------------
Timestamp: 7/22/2013 1:01:10 PM
Message: System.Web.HttpException (0x80004005): File does not exist.
   at System.Web.StaticFileHandler.GetFileInfo(String virtualPathWithPathInfo, String physicalPath, HttpResponse response)
   at System.Web.StaticFileHandler.ProcessRequestInternal(HttpContext context, String overrideVirtualPath)
   at System.Web.DefaultHttpHandler.BeginProcessRequest(HttpContext context, AsyncCallback callback, Object state)
   at System.Web.HttpApplication.CallHandlerExecutionStep.System.Web.HttpApplication.IExecutionStep.Execute()
   at System.Web.HttpApplication.ExecuteStep(IExecutionStep step, Boolean& completedSynchronously)
Category: General
Priority: -1
EventId: 0
Severity: Information
Title:
Machine: mshivjiani/IFW9WO-BDBCHA1
Application Domain: b4579cf2-2-130189854968841534
Process Id: 6260
Process Name: C:\Program Files (x86)\Common Files\Microsoft Shared\DevServer\10.0\WebDev.WebServer40.exe
Win32 Thread Id: 8036
Thread Name: 
Extended Properties: 
----------------------------------------
----------------------------------------
Timestamp: 7/22/2013 1:01:15 PM
Message: System.Web.HttpException (0x80004005): File does not exist.
   at System.Web.StaticFileHandler.GetFileInfo(String virtualPathWithPathInfo, String physicalPath, HttpResponse response)
   at System.Web.StaticFileHandler.ProcessRequestInternal(HttpContext context, String overrideVirtualPath)
   at System.Web.DefaultHttpHandler.BeginProcessRequest(HttpContext context, AsyncCallback callback, Object state)
   at System.Web.HttpApplication.CallHandlerExecutionStep.System.Web.HttpApplication.IExecutionStep.Execute()
   at System.Web.HttpApplication.ExecuteStep(IExecutionStep step, Boolean& completedSynchronously)
Category: General
Priority: -1
EventId: 0
Severity: Information
Title:
Machine: mshivjiani/IFW9WO-BDBCHA1
Application Domain: b4579cf2-2-130189854968841534
Process Id: 6260
Process Name: C:\Program Files (x86)\Common Files\Microsoft Shared\DevServer\10.0\WebDev.WebServer40.exe
Win32 Thread Id: 8036
Thread Name: 
Extended Properties: 
----------------------------------------
----------------------------------------
Timestamp: 7/23/2013 9:38:56 AM
Message: System.Web.HttpException (0x80004005): File does not exist.
   at System.Web.StaticFileHandler.GetFileInfo(String virtualPathWithPathInfo, String physicalPath, HttpResponse response)
   at System.Web.StaticFileHandler.ProcessRequestInternal(HttpContext context, String overrideVirtualPath)
   at System.Web.DefaultHttpHandler.BeginProcessRequest(HttpContext context, AsyncCallback callback, Object state)
   at System.Web.HttpApplication.CallHandlerExecutionStep.System.Web.HttpApplication.IExecutionStep.Execute()
   at System.Web.HttpApplication.ExecuteStep(IExecutionStep step, Boolean& completedSynchronously)
Category: General
Priority: -1
EventId: 0
Severity: Information
Title:
Machine: mshivjiani/IFW9WO-BDBCHA1
Application Domain: b4579cf2-1-130190603106041424
Process Id: 6012
Process Name: C:\Program Files (x86)\Common Files\Microsoft Shared\DevServer\10.0\WebDev.WebServer40.exe
Win32 Thread Id: 3084
Thread Name: 
Extended Properties: 
----------------------------------------
----------------------------------------
Timestamp: 7/23/2013 9:39:52 AM
Message: System.Web.HttpException (0x80004005): File does not exist.
   at System.Web.StaticFileHandler.GetFileInfo(String virtualPathWithPathInfo, String physicalPath, HttpResponse response)
   at System.Web.StaticFileHandler.ProcessRequestInternal(HttpContext context, String overrideVirtualPath)
   at System.Web.DefaultHttpHandler.BeginProcessRequest(HttpContext context, AsyncCallback callback, Object state)
   at System.Web.HttpApplication.CallHandlerExecutionStep.System.Web.HttpApplication.IExecutionStep.Execute()
   at System.Web.HttpApplication.ExecuteStep(IExecutionStep step, Boolean& completedSynchronously)
Category: General
Priority: -1
EventId: 0
Severity: Information
Title:
Machine: mshivjiani/IFW9WO-BDBCHA1
Application Domain: b4579cf2-1-130190603106041424
Process Id: 6012
Process Name: C:\Program Files (x86)\Common Files\Microsoft Shared\DevServer\10.0\WebDev.WebServer40.exe
Win32 Thread Id: 6560
Thread Name: 
Extended Properties: 
----------------------------------------
----------------------------------------
Timestamp: 7/23/2013 9:39:56 AM
Message: System.Web.HttpException (0x80004005): File does not exist.
   at System.Web.StaticFileHandler.GetFileInfo(String virtualPathWithPathInfo, String physicalPath, HttpResponse response)
   at System.Web.StaticFileHandler.ProcessRequestInternal(HttpContext context, String overrideVirtualPath)
   at System.Web.DefaultHttpHandler.BeginProcessRequest(HttpContext context, AsyncCallback callback, Object state)
   at System.Web.HttpApplication.CallHandlerExecutionStep.System.Web.HttpApplication.IExecutionStep.Execute()
   at System.Web.HttpApplication.ExecuteStep(IExecutionStep step, Boolean& completedSynchronously)
Category: General
Priority: -1
EventId: 0
Severity: Information
Title:
Machine: mshivjiani/IFW9WO-BDBCHA1
Application Domain: b4579cf2-1-130190603106041424
Process Id: 6012
Process Name: C:\Program Files (x86)\Common Files\Microsoft Shared\DevServer\10.0\WebDev.WebServer40.exe
Win32 Thread Id: 6560
Thread Name: 
Extended Properties: 
----------------------------------------
----------------------------------------
Timestamp: 7/23/2013 9:39:59 AM
Message: System.Web.HttpException (0x80004005): File does not exist.
   at System.Web.StaticFileHandler.GetFileInfo(String virtualPathWithPathInfo, String physicalPath, HttpResponse response)
   at System.Web.StaticFileHandler.ProcessRequestInternal(HttpContext context, String overrideVirtualPath)
   at System.Web.DefaultHttpHandler.BeginProcessRequest(HttpContext context, AsyncCallback callback, Object state)
   at System.Web.HttpApplication.CallHandlerExecutionStep.System.Web.HttpApplication.IExecutionStep.Execute()
   at System.Web.HttpApplication.ExecuteStep(IExecutionStep step, Boolean& completedSynchronously)
Category: General
Priority: -1
EventId: 0
Severity: Information
Title:
Machine: mshivjiani/IFW9WO-BDBCHA1
Application Domain: b4579cf2-1-130190603106041424
Process Id: 6012
Process Name: C:\Program Files (x86)\Common Files\Microsoft Shared\DevServer\10.0\WebDev.WebServer40.exe
Win32 Thread Id: 6560
Thread Name: 
Extended Properties: 
----------------------------------------
----------------------------------------
Timestamp: 7/23/2013 9:45:18 AM
Message: System.Web.HttpException (0x80004005): File does not exist.
   at System.Web.StaticFileHandler.GetFileInfo(String virtualPathWithPathInfo, String physicalPath, HttpResponse response)
   at System.Web.StaticFileHandler.ProcessRequestInternal(HttpContext context, String overrideVirtualPath)
   at System.Web.DefaultHttpHandler.BeginProcessRequest(HttpContext context, AsyncCallback callback, Object state)
   at System.Web.HttpApplication.CallHandlerExecutionStep.System.Web.HttpApplication.IExecutionStep.Execute()
   at System.Web.HttpApplication.ExecuteStep(IExecutionStep step, Boolean& completedSynchronously)
Category: General
Priority: -1
EventId: 0
Severity: Information
Title:
Machine: mshivjiani/IFW9WO-BDBCHA1
Application Domain: b4579cf2-1-130190603106041424
Process Id: 6012
Process Name: C:\Program Files (x86)\Common Files\Microsoft Shared\DevServer\10.0\WebDev.WebServer40.exe
Win32 Thread Id: 4700
Thread Name: 
Extended Properties: 
----------------------------------------
----------------------------------------
Timestamp: 7/23/2013 9:46:41 AM
Message: System.NullReferenceException: Object reference not set to an instance of an object.
   at HCMS.PDExpress.CreatePD.ShowDutyDiff.Page_Load(Object sender, EventArgs e) in C:\HCMS\HCMS.PDExpress\CreatePD\ShowDutyDiff.aspx.cs:line 22
   at System.Web.Util.CalliHelper.EventArgFunctionCaller(IntPtr fp, Object o, Object t, EventArgs e)
   at System.Web.Util.CalliEventHandlerDelegateProxy.Callback(Object sender, EventArgs e)
   at System.Web.UI.Control.OnLoad(EventArgs e)
   at HCMS.WebFramework.BasePages.PageBase.OnLoad(EventArgs e) in C:\HCMS\HCMS.WebFramework\BasePages\PageBase.cs:line 124
   at System.Web.UI.Control.LoadRecursive()
   at System.Web.UI.Page.ProcessRequestMain(Boolean includeStagesBeforeAsyncPoint, Boolean includeStagesAfterAsyncPoint)
Category: General
Priority: -1
EventId: 0
Severity: Information
Title:
Machine: mshivjiani/IFW9WO-BDBCHA1
Application Domain: b4579cf2-1-130190603106041424
Process Id: 6012
Process Name: C:\Program Files (x86)\Common Files\Microsoft Shared\DevServer\10.0\WebDev.WebServer40.exe
Win32 Thread Id: 6612
Thread Name: 
Extended Properties: 
----------------------------------------
----------------------------------------
Timestamp: 7/23/2013 9:46:45 AM
Message: You must set the primary key before using this business object.
Category: General
Priority: -1
EventId: 80
Severity: Error
Title:
Machine: mshivjiani/IFW9WO-BDBCHA1
Application Domain: b4579cf2-1-130190603106041424
Process Id: 6012
Process Name: C:\Program Files (x86)\Common Files\Microsoft Shared\DevServer\10.0\WebDev.WebServer40.exe
Win32 Thread Id: 6240
Thread Name: 
Extended Properties: 
----------------------------------------
----------------------------------------
Timestamp: 7/23/2013 9:46:45 AM
Message: [controls_createpd_factors_factors_ascx]: You must set the primary key before using this business object. -----    at HCMS.Business.Base.BusinessBase.ValidateKeyField(Int64 primaryKeyID) in C:\HCMS\HCMS.Business\Base\BusinessBase.cs:line 66
   at HCMS.Business.PD.PositionDescription.GetCurrentPDStatus() in C:\HCMS\HCMS.Business\PD\PositionDescription.cs:line 3844
   at HCMS.PDExpress.Controls.CreatePD.Factors.Factors.Page_Load(Object sender, EventArgs e) in C:\HCMS\HCMS.PDExpress\Controls\CreatePD\Factors\Factors.ascx.cs:line 78
Category: General
Priority: -1
EventId: 80
Severity: Information
Title:
Machine: mshivjiani/IFW9WO-BDBCHA1
Application Domain: b4579cf2-1-130190603106041424
Process Id: 6012
Process Name: C:\Program Files (x86)\Common Files\Microsoft Shared\DevServer\10.0\WebDev.WebServer40.exe
Win32 Thread Id: 6240
Thread Name: 
Extended Properties: 
----------------------------------------
----------------------------------------
Timestamp: 7/23/2013 9:46:45 AM
Message: You must set the primary key before using this business object.
Category: General
Priority: -1
EventId: 80
Severity: Error
Title:
Machine: mshivjiani/IFW9WO-BDBCHA1
Application Domain: b4579cf2-1-130190603106041424
Process Id: 6012
Process Name: C:\Program Files (x86)\Common Files\Microsoft Shared\DevServer\10.0\WebDev.WebServer40.exe
Win32 Thread Id: 6240
Thread Name: 
Extended Properties: 
----------------------------------------
----------------------------------------
Timestamp: 7/23/2013 9:46:45 AM
Message: HCMS.Business.Common.BusinessException: You must set the primary key before using this business object.
   at HCMS.Business.Base.BusinessBase.ValidateKeyField(Int64 primaryKeyID) in C:\HCMS\HCMS.Business\Base\BusinessBase.cs:line 66
   at HCMS.Business.PD.PositionDescription.GetCurrentPDStatus() in C:\HCMS\HCMS.Business\PD\PositionDescription.cs:line 3844
   at HCMS.PDExpress.Controls.CreatePD.Factors.Evaluation.Page_Load(Object sender, EventArgs e) in C:\HCMS\HCMS.PDExpress\Controls\CreatePD\Factors\Evaluation.ascx.cs:line 31
   at System.Web.Util.CalliHelper.EventArgFunctionCaller(IntPtr fp, Object o, Object t, EventArgs e)
   at System.Web.Util.CalliEventHandlerDelegateProxy.Callback(Object sender, EventArgs e)
   at System.Web.UI.Control.OnLoad(EventArgs e)
   at System.Web.UI.Control.LoadRecursive()
   at System.Web.UI.Control.LoadRecursive()
   at System.Web.UI.Control.LoadRecursive()
   at System.Web.UI.Control.LoadRecursive()
   at System.Web.UI.Control.LoadRecursive()
   at System.Web.UI.Control.LoadRecursive()
   at System.Web.UI.Control.LoadRecursive()
   at System.Web.UI.Page.ProcessRequestMain(Boolean includeStagesBeforeAsyncPoint, Boolean includeStagesAfterAsyncPoint)
Category: General
Priority: -1
EventId: 0
Severity: Information
Title:
Machine: mshivjiani/IFW9WO-BDBCHA1
Application Domain: b4579cf2-1-130190603106041424
Process Id: 6012
Process Name: C:\Program Files (x86)\Common Files\Microsoft Shared\DevServer\10.0\WebDev.WebServer40.exe
Win32 Thread Id: 6240
Thread Name: 
Extended Properties: 
----------------------------------------
----------------------------------------
Timestamp: 7/23/2013 9:46:55 AM
Message: System.Web.HttpException (0x80004005): File does not exist.
   at System.Web.StaticFileHandler.GetFileInfo(String virtualPathWithPathInfo, String physicalPath, HttpResponse response)
   at System.Web.StaticFileHandler.ProcessRequestInternal(HttpContext context, String overrideVirtualPath)
   at System.Web.DefaultHttpHandler.BeginProcessRequest(HttpContext context, AsyncCallback callback, Object state)
   at System.Web.HttpApplication.CallHandlerExecutionStep.System.Web.HttpApplication.IExecutionStep.Execute()
   at System.Web.HttpApplication.ExecuteStep(IExecutionStep step, Boolean& completedSynchronously)
Category: General
Priority: -1
EventId: 0
Severity: Information
Title:
Machine: mshivjiani/IFW9WO-BDBCHA1
Application Domain: b4579cf2-1-130190603106041424
Process Id: 6012
Process Name: C:\Program Files (x86)\Common Files\Microsoft Shared\DevServer\10.0\WebDev.WebServer40.exe
Win32 Thread Id: 4480
Thread Name: 
Extended Properties: 
----------------------------------------
----------------------------------------
Timestamp: 7/23/2013 9:47:21 AM
Message: System.Web.HttpException (0x80004005): File does not exist.
   at System.Web.StaticFileHandler.GetFileInfo(String virtualPathWithPathInfo, String physicalPath, HttpResponse response)
   at System.Web.StaticFileHandler.ProcessRequestInternal(HttpContext context, String overrideVirtualPath)
   at System.Web.DefaultHttpHandler.BeginProcessRequest(HttpContext context, AsyncCallback callback, Object state)
   at System.Web.HttpApplication.CallHandlerExecutionStep.System.Web.HttpApplication.IExecutionStep.Execute()
   at System.Web.HttpApplication.ExecuteStep(IExecutionStep step, Boolean& completedSynchronously)
Category: General
Priority: -1
EventId: 0
Severity: Information
Title:
Machine: mshivjiani/IFW9WO-BDBCHA1
Application Domain: b4579cf2-1-130190603106041424
Process Id: 6012
Process Name: C:\Program Files (x86)\Common Files\Microsoft Shared\DevServer\10.0\WebDev.WebServer40.exe
Win32 Thread Id: 4480
Thread Name: 
Extended Properties: 
----------------------------------------
----------------------------------------
Timestamp: 7/23/2013 9:47:28 AM
Message: System.Web.HttpException (0x80004005): File does not exist.
   at System.Web.StaticFileHandler.GetFileInfo(String virtualPathWithPathInfo, String physicalPath, HttpResponse response)
   at System.Web.StaticFileHandler.ProcessRequestInternal(HttpContext context, String overrideVirtualPath)
   at System.Web.DefaultHttpHandler.BeginProcessRequest(HttpContext context, AsyncCallback callback, Object state)
   at System.Web.HttpApplication.CallHandlerExecutionStep.System.Web.HttpApplication.IExecutionStep.Execute()
   at System.Web.HttpApplication.ExecuteStep(IExecutionStep step, Boolean& completedSynchronously)
Category: General
Priority: -1
EventId: 0
Severity: Information
Title:
Machine: mshivjiani/IFW9WO-BDBCHA1
Application Domain: b4579cf2-1-130190603106041424
Process Id: 6012
Process Name: C:\Program Files (x86)\Common Files\Microsoft Shared\DevServer\10.0\WebDev.WebServer40.exe
Win32 Thread Id: 4480
Thread Name: 
Extended Properties: 
----------------------------------------
----------------------------------------
Timestamp: 7/23/2013 9:48:34 AM
Message: System.Web.HttpException (0x80004005): File does not exist.
   at System.Web.StaticFileHandler.GetFileInfo(String virtualPathWithPathInfo, String physicalPath, HttpResponse response)
   at System.Web.StaticFileHandler.ProcessRequestInternal(HttpContext context, String overrideVirtualPath)
   at System.Web.DefaultHttpHandler.BeginProcessRequest(HttpContext context, AsyncCallback callback, Object state)
   at System.Web.HttpApplication.CallHandlerExecutionStep.System.Web.HttpApplication.IExecutionStep.Execute()
   at System.Web.HttpApplication.ExecuteStep(IExecutionStep step, Boolean& completedSynchronously)
Category: General
Priority: -1
EventId: 0
Severity: Information
Title:
Machine: mshivjiani/IFW9WO-BDBCHA1
Application Domain: b4579cf2-1-130190603106041424
Process Id: 6012
Process Name: C:\Program Files (x86)\Common Files\Microsoft Shared\DevServer\10.0\WebDev.WebServer40.exe
Win32 Thread Id: 6108
Thread Name: 
Extended Properties: 
----------------------------------------
