----------------------------------------
Timestamp: 6/24/2014 12:10:20 PM
Message: System.Web.HttpException (0x80004005): File does not exist.
   at System.Web.StaticFileHandler.GetFileInfo(String virtualPathWithPathInfo, String physicalPath, HttpResponse response)
   at System.Web.StaticFileHandler.ProcessRequestInternal(HttpContext context, String overrideVirtualPath)
   at System.Web.DefaultHttpHandler.BeginProcessRequest(HttpContext context, AsyncCallback callback, Object state)
   at System.Web.HttpApplication.CallHandlerExecutionStep.System.Web.HttpApplication.IExecutionStep.Execute()
   at System.Web.HttpApplication.ExecuteStep(IExecutionStep step, Boolean& completedSynchronously)
Category: General
Priority: -1
EventId: 0
Severity: Information
Title:
Machine: mshivjiani/IFW9WO-BDBCHA1
Application Domain: b4579cf2-1-130480997880762428
Process Id: 7856
Process Name: C:\Program Files (x86)\Common Files\Microsoft Shared\DevServer\10.0\WebDev.WebServer40.exe
Win32 Thread Id: 5700
Thread Name: 
Extended Properties: 
----------------------------------------
----------------------------------------
Timestamp: 6/24/2014 12:22:28 PM
Message: System.Web.HttpException (0x80004005): File does not exist.
   at System.Web.StaticFileHandler.GetFileInfo(String virtualPathWithPathInfo, String physicalPath, HttpResponse response)
   at System.Web.StaticFileHandler.ProcessRequestInternal(HttpContext context, String overrideVirtualPath)
   at System.Web.DefaultHttpHandler.BeginProcessRequest(HttpContext context, AsyncCallback callback, Object state)
   at System.Web.HttpApplication.CallHandlerExecutionStep.System.Web.HttpApplication.IExecutionStep.Execute()
   at System.Web.HttpApplication.ExecuteStep(IExecutionStep step, Boolean& completedSynchronously)
Category: General
Priority: -1
EventId: 0
Severity: Information
Title:
Machine: mshivjiani/IFW9WO-BDBCHA1
Application Domain: b4579cf2-1-130480997880762428
Process Id: 7856
Process Name: C:\Program Files (x86)\Common Files\Microsoft Shared\DevServer\10.0\WebDev.WebServer40.exe
Win32 Thread Id: 18672
Thread Name: 
Extended Properties: 
----------------------------------------
----------------------------------------
Timestamp: 6/24/2014 12:24:06 PM
Message: System.Web.HttpException (0x80004005): File does not exist.
   at System.Web.StaticFileHandler.GetFileInfo(String virtualPathWithPathInfo, String physicalPath, HttpResponse response)
   at System.Web.StaticFileHandler.ProcessRequestInternal(HttpContext context, String overrideVirtualPath)
   at System.Web.DefaultHttpHandler.BeginProcessRequest(HttpContext context, AsyncCallback callback, Object state)
   at System.Web.HttpApplication.CallHandlerExecutionStep.System.Web.HttpApplication.IExecutionStep.Execute()
   at System.Web.HttpApplication.ExecuteStep(IExecutionStep step, Boolean& completedSynchronously)
Category: General
Priority: -1
EventId: 0
Severity: Information
Title:
Machine: mshivjiani/IFW9WO-BDBCHA1
Application Domain: b4579cf2-1-130480997880762428
Process Id: 7856
Process Name: C:\Program Files (x86)\Common Files\Microsoft Shared\DevServer\10.0\WebDev.WebServer40.exe
Win32 Thread Id: 18672
Thread Name: 
Extended Properties: 
----------------------------------------
----------------------------------------
Timestamp: 6/24/2014 12:24:33 PM
Message: System.Web.HttpException (0x80004005): File does not exist.
   at System.Web.StaticFileHandler.GetFileInfo(String virtualPathWithPathInfo, String physicalPath, HttpResponse response)
   at System.Web.StaticFileHandler.ProcessRequestInternal(HttpContext context, String overrideVirtualPath)
   at System.Web.DefaultHttpHandler.BeginProcessRequest(HttpContext context, AsyncCallback callback, Object state)
   at System.Web.HttpApplication.CallHandlerExecutionStep.System.Web.HttpApplication.IExecutionStep.Execute()
   at System.Web.HttpApplication.ExecuteStep(IExecutionStep step, Boolean& completedSynchronously)
Category: General
Priority: -1
EventId: 0
Severity: Information
Title:
Machine: mshivjiani/IFW9WO-BDBCHA1
Application Domain: b4579cf2-1-130480997880762428
Process Id: 7856
Process Name: C:\Program Files (x86)\Common Files\Microsoft Shared\DevServer\10.0\WebDev.WebServer40.exe
Win32 Thread Id: 1468
Thread Name: 
Extended Properties: 
----------------------------------------
----------------------------------------
Timestamp: 6/24/2014 12:26:17 PM
Message: System.Web.HttpException (0x80004005): File does not exist.
   at System.Web.StaticFileHandler.GetFileInfo(String virtualPathWithPathInfo, String physicalPath, HttpResponse response)
   at System.Web.StaticFileHandler.ProcessRequestInternal(HttpContext context, String overrideVirtualPath)
   at System.Web.DefaultHttpHandler.BeginProcessRequest(HttpContext context, AsyncCallback callback, Object state)
   at System.Web.HttpApplication.CallHandlerExecutionStep.System.Web.HttpApplication.IExecutionStep.Execute()
   at System.Web.HttpApplication.ExecuteStep(IExecutionStep step, Boolean& completedSynchronously)
Category: General
Priority: -1
EventId: 0
Severity: Information
Title:
Machine: mshivjiani/IFW9WO-BDBCHA1
Application Domain: b4579cf2-1-130480997880762428
Process Id: 7856
Process Name: C:\Program Files (x86)\Common Files\Microsoft Shared\DevServer\10.0\WebDev.WebServer40.exe
Win32 Thread Id: 18672
Thread Name: 
Extended Properties: 
----------------------------------------
----------------------------------------
Timestamp: 6/24/2014 12:29:54 PM
Message: You must set the primary key before using this business object.
Category: General
Priority: -1
EventId: 80
Severity: Error
Title:
Machine: mshivjiani/IFW9WO-BDBCHA1
Application Domain: b4579cf2-2-130481009905288250
Process Id: 7856
Process Name: C:\Program Files (x86)\Common Files\Microsoft Shared\DevServer\10.0\WebDev.WebServer40.exe
Win32 Thread Id: 12908
Thread Name: 
Extended Properties: 
----------------------------------------
----------------------------------------
Timestamp: 6/24/2014 12:29:54 PM
Message: You must set the primary key before using this business object.
Category: General
Priority: -1
EventId: 80
Severity: Error
Title:
Machine: mshivjiani/IFW9WO-BDBCHA1
Application Domain: b4579cf2-2-130481009905288250
Process Id: 7856
Process Name: C:\Program Files (x86)\Common Files\Microsoft Shared\DevServer\10.0\WebDev.WebServer40.exe
Win32 Thread Id: 12908
Thread Name: 
Extended Properties: 
----------------------------------------
----------------------------------------
Timestamp: 6/24/2014 12:29:54 PM
Message: HCMS.Business.Common.BusinessException: You must set the primary key before using this business object.
   at HCMS.Business.Base.ExceptionBase.HandleException(Exception ex) in C:\HCMS\HCMS.Business\Base\ExceptionBase.cs:line 23
   at HCMS.Business.Security.User.IsPDCreatorSupervisor(Int64 positionDescriptionID) in C:\HCMS\HCMS.Business\Security\User.cs:line 650
   at HCMS.WebFramework.BasePages.PageBase.isPDCreatorSupervisor(Boolean refresh) in C:\HCMS\HCMS.WebFramework\BasePages\PageBase.cs:line 340
   at HCMS.PDExpress.CreatePD.Approvals.OnLoad(EventArgs e) in C:\HCMS\HCMS.PDExpress\CreatePD\Approvals.aspx.cs:line 20
   at System.Web.UI.Control.LoadRecursive()
   at System.Web.UI.Page.ProcessRequestMain(Boolean includeStagesBeforeAsyncPoint, Boolean includeStagesAfterAsyncPoint)
Category: General
Priority: -1
EventId: 0
Severity: Information
Title:
Machine: mshivjiani/IFW9WO-BDBCHA1
Application Domain: b4579cf2-2-130481009905288250
Process Id: 7856
Process Name: C:\Program Files (x86)\Common Files\Microsoft Shared\DevServer\10.0\WebDev.WebServer40.exe
Win32 Thread Id: 12908
Thread Name: 
Extended Properties: 
----------------------------------------
----------------------------------------
Timestamp: 6/24/2014 12:32:10 PM
Message: System.Web.HttpException (0x80004005): File does not exist.
   at System.Web.StaticFileHandler.GetFileInfo(String virtualPathWithPathInfo, String physicalPath, HttpResponse response)
   at System.Web.StaticFileHandler.ProcessRequestInternal(HttpContext context, String overrideVirtualPath)
   at System.Web.DefaultHttpHandler.BeginProcessRequest(HttpContext context, AsyncCallback callback, Object state)
   at System.Web.HttpApplication.CallHandlerExecutionStep.System.Web.HttpApplication.IExecutionStep.Execute()
   at System.Web.HttpApplication.ExecuteStep(IExecutionStep step, Boolean& completedSynchronously)
Category: General
Priority: -1
EventId: 0
Severity: Information
Title:
Machine: mshivjiani/IFW9WO-BDBCHA1
Application Domain: b4579cf2-3-130481010429018250
Process Id: 7856
Process Name: C:\Program Files (x86)\Common Files\Microsoft Shared\DevServer\10.0\WebDev.WebServer40.exe
Win32 Thread Id: 11360
Thread Name: 
Extended Properties: 
----------------------------------------
----------------------------------------
Timestamp: 6/24/2014 1:44:57 PM
Message: System.Web.HttpException (0x80004005): File does not exist.
   at System.Web.StaticFileHandler.GetFileInfo(String virtualPathWithPathInfo, String physicalPath, HttpResponse response)
   at System.Web.StaticFileHandler.ProcessRequestInternal(HttpContext context, String overrideVirtualPath)
   at System.Web.DefaultHttpHandler.BeginProcessRequest(HttpContext context, AsyncCallback callback, Object state)
   at System.Web.HttpApplication.CallHandlerExecutionStep.System.Web.HttpApplication.IExecutionStep.Execute()
   at System.Web.HttpApplication.ExecuteStep(IExecutionStep step, Boolean& completedSynchronously)
Category: General
Priority: -1
EventId: 0
Severity: Information
Title:
Machine: mshivjiani/IFW9WO-BDBCHA1
Application Domain: b4579cf2-4-130481047509973154
Process Id: 7856
Process Name: C:\Program Files (x86)\Common Files\Microsoft Shared\DevServer\10.0\WebDev.WebServer40.exe
Win32 Thread Id: 21556
Thread Name: 
Extended Properties: 
----------------------------------------
----------------------------------------
Timestamp: 6/24/2014 1:46:46 PM
Message: System.Web.HttpException (0x80004005): File does not exist.
   at System.Web.StaticFileHandler.GetFileInfo(String virtualPathWithPathInfo, String physicalPath, HttpResponse response)
   at System.Web.StaticFileHandler.ProcessRequestInternal(HttpContext context, String overrideVirtualPath)
   at System.Web.DefaultHttpHandler.BeginProcessRequest(HttpContext context, AsyncCallback callback, Object state)
   at System.Web.HttpApplication.CallHandlerExecutionStep.System.Web.HttpApplication.IExecutionStep.Execute()
   at System.Web.HttpApplication.ExecuteStep(IExecutionStep step, Boolean& completedSynchronously)
Category: General
Priority: -1
EventId: 0
Severity: Information
Title:
Machine: mshivjiani/IFW9WO-BDBCHA1
Application Domain: b4579cf2-4-130481047509973154
Process Id: 7856
Process Name: C:\Program Files (x86)\Common Files\Microsoft Shared\DevServer\10.0\WebDev.WebServer40.exe
Win32 Thread Id: 25784
Thread Name: 
Extended Properties: 
----------------------------------------
----------------------------------------
Timestamp: 6/24/2014 1:48:12 PM
Message: System.Web.HttpException (0x80004005): File does not exist.
   at System.Web.StaticFileHandler.GetFileInfo(String virtualPathWithPathInfo, String physicalPath, HttpResponse response)
   at System.Web.StaticFileHandler.ProcessRequestInternal(HttpContext context, String overrideVirtualPath)
   at System.Web.DefaultHttpHandler.BeginProcessRequest(HttpContext context, AsyncCallback callback, Object state)
   at System.Web.HttpApplication.CallHandlerExecutionStep.System.Web.HttpApplication.IExecutionStep.Execute()
   at System.Web.HttpApplication.ExecuteStep(IExecutionStep step, Boolean& completedSynchronously)
Category: General
Priority: -1
EventId: 0
Severity: Information
Title:
Machine: mshivjiani/IFW9WO-BDBCHA1
Application Domain: b4579cf2-4-130481047509973154
Process Id: 7856
Process Name: C:\Program Files (x86)\Common Files\Microsoft Shared\DevServer\10.0\WebDev.WebServer40.exe
Win32 Thread Id: 26584
Thread Name: 
Extended Properties: 
----------------------------------------
----------------------------------------
Timestamp: 6/24/2014 1:48:17 PM
Message: System.Web.HttpException (0x80004005): File does not exist.
   at System.Web.StaticFileHandler.GetFileInfo(String virtualPathWithPathInfo, String physicalPath, HttpResponse response)
   at System.Web.StaticFileHandler.ProcessRequestInternal(HttpContext context, String overrideVirtualPath)
   at System.Web.DefaultHttpHandler.BeginProcessRequest(HttpContext context, AsyncCallback callback, Object state)
   at System.Web.HttpApplication.CallHandlerExecutionStep.System.Web.HttpApplication.IExecutionStep.Execute()
   at System.Web.HttpApplication.ExecuteStep(IExecutionStep step, Boolean& completedSynchronously)
Category: General
Priority: -1
EventId: 0
Severity: Information
Title:
Machine: mshivjiani/IFW9WO-BDBCHA1
Application Domain: b4579cf2-4-130481047509973154
Process Id: 7856
Process Name: C:\Program Files (x86)\Common Files\Microsoft Shared\DevServer\10.0\WebDev.WebServer40.exe
Win32 Thread Id: 26580
Thread Name: 
Extended Properties: 
----------------------------------------
----------------------------------------
Timestamp: 6/24/2014 2:03:51 PM
Message: System.Web.HttpException (0x80004005): File does not exist.
   at System.Web.StaticFileHandler.GetFileInfo(String virtualPathWithPathInfo, String physicalPath, HttpResponse response)
   at System.Web.StaticFileHandler.ProcessRequestInternal(HttpContext context, String overrideVirtualPath)
   at System.Web.DefaultHttpHandler.BeginProcessRequest(HttpContext context, AsyncCallback callback, Object state)
   at System.Web.HttpApplication.CallHandlerExecutionStep.System.Web.HttpApplication.IExecutionStep.Execute()
   at System.Web.HttpApplication.ExecuteStep(IExecutionStep step, Boolean& completedSynchronously)
Category: General
Priority: -1
EventId: 0
Severity: Information
Title:
Machine: mshivjiani/IFW9WO-BDBCHA1
Application Domain: b4579cf2-4-130481047509973154
Process Id: 7856
Process Name: C:\Program Files (x86)\Common Files\Microsoft Shared\DevServer\10.0\WebDev.WebServer40.exe
Win32 Thread Id: 35632
Thread Name: 
Extended Properties: 
----------------------------------------
----------------------------------------
Timestamp: 6/24/2014 2:06:29 PM
Message: System.Web.HttpException (0x80004005): File does not exist.
   at System.Web.StaticFileHandler.GetFileInfo(String virtualPathWithPathInfo, String physicalPath, HttpResponse response)
   at System.Web.StaticFileHandler.ProcessRequestInternal(HttpContext context, String overrideVirtualPath)
   at System.Web.DefaultHttpHandler.BeginProcessRequest(HttpContext context, AsyncCallback callback, Object state)
   at System.Web.HttpApplication.CallHandlerExecutionStep.System.Web.HttpApplication.IExecutionStep.Execute()
   at System.Web.HttpApplication.ExecuteStep(IExecutionStep step, Boolean& completedSynchronously)
Category: General
Priority: -1
EventId: 0
Severity: Information
Title:
Machine: mshivjiani/IFW9WO-BDBCHA1
Application Domain: b4579cf2-4-130481047509973154
Process Id: 7856
Process Name: C:\Program Files (x86)\Common Files\Microsoft Shared\DevServer\10.0\WebDev.WebServer40.exe
Win32 Thread Id: 36232
Thread Name: 
Extended Properties: 
----------------------------------------
----------------------------------------
Timestamp: 6/24/2014 2:09:01 PM
Message: System.Web.HttpException (0x80004005): The Controls collection cannot be modified because the control contains code blocks (i.e. <% ... %>).
   at System.Web.UI.ControlCollection.AddAt(Int32 index, Control child)
   at Telerik.Web.UI.RadAjaxControl.MoveUpdatePanel(Control initiator, Control updated)
Category: General
Priority: -1
EventId: 0
Severity: Information
Title:
Machine: mshivjiani/IFW9WO-BDBCHA1
Application Domain: b4579cf2-4-130481047509973154
Process Id: 7856
Process Name: C:\Program Files (x86)\Common Files\Microsoft Shared\DevServer\10.0\WebDev.WebServer40.exe
Win32 Thread Id: 6508
Thread Name: 
Extended Properties: 
----------------------------------------
----------------------------------------
Timestamp: 6/24/2014 2:10:09 PM
Message: You must set the primary key before using this business object.
Category: General
Priority: -1
EventId: 80
Severity: Error
Title:
Machine: mshivjiani/IFW9WO-BDBCHA1
Application Domain: b4579cf2-4-130481047509973154
Process Id: 7856
Process Name: C:\Program Files (x86)\Common Files\Microsoft Shared\DevServer\10.0\WebDev.WebServer40.exe
Win32 Thread Id: 18180
Thread Name: 
Extended Properties: 
----------------------------------------
----------------------------------------
Timestamp: 6/24/2014 2:10:09 PM
Message: You must set the primary key before using this business object.
Category: General
Priority: -1
EventId: 80
Severity: Error
Title:
Machine: mshivjiani/IFW9WO-BDBCHA1
Application Domain: b4579cf2-4-130481047509973154
Process Id: 7856
Process Name: C:\Program Files (x86)\Common Files\Microsoft Shared\DevServer\10.0\WebDev.WebServer40.exe
Win32 Thread Id: 18180
Thread Name: 
Extended Properties: 
----------------------------------------
----------------------------------------
Timestamp: 6/24/2014 2:10:21 PM
Message: HCMS.Business.Common.BusinessException: You must set the primary key before using this business object.
   at HCMS.Business.Base.ExceptionBase.HandleException(Exception ex) in C:\HCMS\HCMS.Business\Base\ExceptionBase.cs:line 23
   at HCMS.Business.Security.User.IsPDCreatorSupervisor(Int64 positionDescriptionID) in C:\HCMS\HCMS.Business\Security\User.cs:line 650
   at HCMS.WebFramework.BasePages.PageBase.isPDCreatorSupervisor(Boolean refresh) in C:\HCMS\HCMS.WebFramework\BasePages\PageBase.cs:line 340
   at HCMS.PDExpress.CreatePD.Approvals.OnLoad(EventArgs e) in C:\HCMS\HCMS.PDExpress\CreatePD\Approvals.aspx.cs:line 20
   at System.Web.UI.Control.LoadRecursive()
   at System.Web.UI.Page.ProcessRequestMain(Boolean includeStagesBeforeAsyncPoint, Boolean includeStagesAfterAsyncPoint)
Category: General
Priority: -1
EventId: 0
Severity: Information
Title:
Machine: mshivjiani/IFW9WO-BDBCHA1
Application Domain: b4579cf2-4-130481047509973154
Process Id: 7856
Process Name: C:\Program Files (x86)\Common Files\Microsoft Shared\DevServer\10.0\WebDev.WebServer40.exe
Win32 Thread Id: 18180
Thread Name: 
Extended Properties: 
----------------------------------------
----------------------------------------
Timestamp: 6/24/2014 2:18:56 PM
Message: System.Web.HttpException (0x80004005): File does not exist.
   at System.Web.StaticFileHandler.GetFileInfo(String virtualPathWithPathInfo, String physicalPath, HttpResponse response)
   at System.Web.StaticFileHandler.ProcessRequestInternal(HttpContext context, String overrideVirtualPath)
   at System.Web.DefaultHttpHandler.BeginProcessRequest(HttpContext context, AsyncCallback callback, Object state)
   at System.Web.HttpApplication.CallHandlerExecutionStep.System.Web.HttpApplication.IExecutionStep.Execute()
   at System.Web.HttpApplication.ExecuteStep(IExecutionStep step, Boolean& completedSynchronously)
Category: General
Priority: -1
EventId: 0
Severity: Information
Title:
Machine: mshivjiani/IFW9WO-BDBCHA1
Application Domain: b4579cf2-1-130481075073044091
Process Id: 25988
Process Name: C:\Program Files (x86)\Common Files\Microsoft Shared\DevServer\10.0\WebDev.WebServer40.exe
Win32 Thread Id: 28900
Thread Name: 
Extended Properties: 
----------------------------------------
